[TIME] 17:04:31 [FILE] LoadManager.cpp [FUNC] LoadManager::GetTexture [LINE] 227
[ ERROR ][ Engine ][ GetTexture ] '0'가 없습니다.

[TIME] 17:04:31 [FILE] LoadManager.cpp [FUNC] LoadManager::GetTexture [LINE] 227
[ ERROR ][ Engine ][ GetTexture ] '0'가 없습니다.

[TIME] 17:04:31 [FILE] LoadManager.cpp [FUNC] LoadManager::GetTexture [LINE] 227
[ ERROR ][ Engine ][ GetTexture ] '0'가 없습니다.

[TIME] 17:04:31 [FILE] LoadManager.cpp [FUNC] LoadManager::GetTexture [LINE] 227
[ ERROR ][ Engine ][ GetTexture ] '0'가 없습니다.

[TIME] 17:04:31 [FILE] LoadManager.cpp [FUNC] LoadManager::GetTexture [LINE] 227
[ ERROR ][ Engine ][ GetTexture ] '0'가 없습니다.

[TIME] 17:04:31 [FILE] LoadManager.cpp [FUNC] LoadManager::GetTexture [LINE] 227
[ ERROR ][ Engine ][ GetTexture ] '0'가 없습니다.

[TIME] 17:04:31 [FILE] LoadManager.cpp [FUNC] LoadManager::GetTexture [LINE] 227
[ ERROR ][ Engine ][ GetTexture ] '0'가 없습니다.

[TIME] 17:04:31 [FILE] LoadManager.cpp [FUNC] LoadManager::GetTexture [LINE] 227
[ ERROR ][ Engine ][ GetTexture ] '0'가 없습니다.

[TIME] 17:04:31 [FILE] LoadManager.cpp [FUNC] LoadManager::GetTexture [LINE] 227
[ ERROR ][ Engine ][ GetTexture ] '0'가 없습니다.

[TIME] 17:04:31 [FILE] LoadManager.cpp [FUNC] LoadManager::GetTexture [LINE] 227
[ ERROR ][ Engine ][ GetTexture ] '0'가 없습니다.

[TIME] 17:04:31 [FILE] LoadManager.cpp [FUNC] LoadManager::GetTexture [LINE] 227
[ ERROR ][ Engine ][ GetTexture ] '0'가 없습니다.

[TIME] 17:04:31 [FILE] LoadManager.cpp [FUNC] LoadManager::GetTexture [LINE] 227
[ ERROR ][ Engine ][ GetTexture ] '0'가 없습니다.

[TIME] 17:04:31 [FILE] LoadManager.cpp [FUNC] LoadManager::GetTexture [LINE] 227
[ ERROR ][ Engine ][ GetTexture ] '0'가 없습니다.

[TIME] 17:04:31 [FILE] LoadManager.cpp [FUNC] LoadManager::GetTexture [LINE] 227
[ ERROR ][ Engine ][ GetTexture ] '0'가 없습니다.

[TIME] 17:04:31 [FILE] LoadManager.cpp [FUNC] LoadManager::GetTexture [LINE] 227
[ ERROR ][ Engine ][ GetTexture ] '0'가 없습니다.

[TIME] 17:04:31 [FILE] LoadManager.cpp [FUNC] LoadManager::GetTexture [LINE] 227
[ ERROR ][ Engine ][ GetTexture ] '0'가 없습니다.

[TIME] 17:04:31 [FILE] LoadManager.cpp [FUNC] LoadManager::GetTexture [LINE] 227
[ ERROR ][ Engine ][ GetTexture ] '0'가 없습니다.

[TIME] 17:04:31 [FILE] LoadManager.cpp [FUNC] LoadManager::GetTexture [LINE] 227
[ ERROR ][ Engine ][ GetTexture ] '0'가 없습니다.

[TIME] 17:04:31 [FILE] LoadManager.cpp [FUNC] LoadManager::GetTexture [LINE] 227
[ ERROR ][ Engine ][ GetTexture ] '0'가 없습니다.

[TIME] 17:04:31 [FILE] LoadManager.cpp [FUNC] LoadManager::GetTexture [LINE] 227
[ ERROR ][ Engine ][ GetTexture ] '0'가 없습니다.

[TIME] 17:04:31 [FILE] LoadManager.cpp [FUNC] LoadManager::GetTexture [LINE] 227
[ ERROR ][ Engine ][ GetTexture ] 'organic_manatree_BaseColor'가 없습니다.

[TIME] 17:04:31 [FILE] LoadManager.cpp [FUNC] LoadManager::GetTexture [LINE] 227
[ ERROR ][ Engine ][ GetTexture ] 'organic_manatree_Normal'가 없습니다.

[TIME] 17:04:31 [FILE] LoadManager.cpp [FUNC] LoadManager::GetTexture [LINE] 227
[ ERROR ][ Engine ][ GetTexture ] '0'가 없습니다.

[TIME] 17:04:31 [FILE] LoadManager.cpp [FUNC] LoadManager::GetTexture [LINE] 227
[ ERROR ][ Engine ][ GetTexture ] 'organic_manatree_ORM'가 없습니다.

[TIME] 17:04:31 [FILE] LoadManager.cpp [FUNC] LoadManager::GetTexture [LINE] 227
[ ERROR ][ Engine ][ GetTexture ] '0'가 없습니다.

[TIME] 17:04:31 [FILE] LoadManager.cpp [FUNC] LoadManager::GetTexture [LINE] 227
[ ERROR ][ Engine ][ GetTexture ] '0'가 없습니다.

[TIME] 17:04:31 [FILE] LoadManager.cpp [FUNC] LoadManager::GetTexture [LINE] 227
[ ERROR ][ Engine ][ GetTexture ] '0'가 없습니다.

[TIME] 17:04:31 [FILE] LoadManager.cpp [FUNC] LoadManager::GetTexture [LINE] 227
[ ERROR ][ Engine ][ GetTexture ] '0'가 없습니다.

[TIME] 17:04:31 [FILE] LoadManager.cpp [FUNC] LoadManager::GetTexture [LINE] 227
[ ERROR ][ Engine ][ GetTexture ] '0'가 없습니다.

[TIME] 17:04:31 [FILE] LoadManager.cpp [FUNC] LoadManager::GetTexture [LINE] 227
[ ERROR ][ Engine ][ GetTexture ] '0'가 없습니다.

[TIME] 17:04:31 [FILE] LoadManager.cpp [FUNC] LoadManager::GetTexture [TIME] 22:27:12 [FILE] LoadManager.cpp [FUNC] LoadManager::GetTexture [LINE] 227
[ ERROR ][ Engine ][ GetTexture ] '0'가 없습니다.

[TIME] 22:27:12 [FILE] LoadManager.cpp [FUNC] LoadManager::GetTexture [LINE] 227
[ ERROR ][ Engine ][ GetTexture ] '0'가 없습니다.

[TIME] 22:27:12 [FILE] LoadManager.cpp [FUNC] LoadManager::GetTexture [LINE] 227
[ ERROR ][ Engine ][ GetTexture ] '0'가 없습니다.

[TIME] 22:27:12 [FILE] LoadManager.cpp [FUNC] LoadManager::GetTexture [LINE] 227
[ ERROR ][ Engine ][ GetTexture ] '0'가 없습니다.

[TIME] 22:27:12 [FILE] LoadManager.cpp [FUNC] LoadManager::GetTexture [LINE] 227
[ ERROR ][ Engine ][ GetTexture ] '0'가 없습니다.

[TIME] 22:27:12 [FILE] LoadManager.cpp [FUNC] LoadManager::GetTexture [LINE] 227
[ ERROR ][ Engine ][ GetTexture ] '0'가 없습니다.

[TIME] 22:27:12 [FILE] LoadManager.cpp [FUNC] LoadManager::GetTexture [LINE] 227
[ ERROR ][ Engine ][ GetTexture ] '0'가 없습니다.

[TIME] 22:27:12 [FILE] LoadManager.cpp [FUNC] LoadManager::GetTexture [LINE] 227
[ ERROR ][ Engine ][ GetTexture ] '0'가 없습니다.

[TIME] 22:27:12 [FILE] LoadManager.cpp [FUNC] LoadManager::GetTexture [LINE] 227
[ ERROR ][ Engine ][ GetTexture ] '0'가 없습니다.

[TIME] 22:27:12 [FILE] LoadManager.cpp [FUNC] LoadManager::GetTexture [LINE] 227
[ ERROR ][ Engine ][ GetTexture ] '0'가 없습니다.

[TIME] 22:27:12 [FILE] LoadManager.cpp [FUNC] LoadManager::GetTexture [LINE] 227
[ ERROR ][ Engine ][ GetTexture ] '0'가 없습니다.

[TIME] 22:27:12 [FILE] LoadManager.cpp [FUNC] LoadManager::GetTexture [LINE] 227
[ ERROR ][ Engine ][ GetTexture ] '0'가 없습니다.

[TIME] 22:27:13 [FILE] LoadManager.cpp [FUNC] LoadManager::GetTexture [LINE] 227
[ ERROR ][ Engine ][ GetTexture ] '0'가 없습니다.

[TIME] 22:27:13 [FILE] LoadManager.cpp [FUNC] LoadManager::GetTexture [LINE] 227
[ ERROR ][ Engine ][ GetTexture ] '0'가 없습니다.

[TIME] 22:27:13 [FILE] LoadManager.cpp [FUNC] LoadManager::GetTexture [LINE] 227
[ ERROR ][ Engine ][ GetTexture ] '0'가 없습니다.

[TIME] 22:27:13 [FILE] LoadManager.cpp [FUNC] LoadManager::GetTexture [LINE] 227
[ ERROR ][ Engine ][ GetTexture ] '0'가 없습니다.

[TIME] 22:27:13 [FILE] LoadManager.cpp [FUNC] LoadManager::GetTexture [LINE] 227
[ ERROR ][ Engine ][ GetTexture ] '0'가 없습니다.

[TIME] 22:27:13 [FILE] LoadManager.cpp [FUNC] LoadManager::GetTexture [LINE] 227
[ ERROR ][ Engine ][ GetTexture ] '0'가 없습니다.

[TIME] 22:27:13 [FILE] LoadManager.cpp [FUNC] LoadManager::GetTexture [LINE] 227
[ ERROR ][ Engine ][ GetTexture ] '0'가 없습니다.

[TIME] 22:27:13 [FILE] LoadManager.cpp [FUNC] LoadManager::GetTexture [LINE] 227
[ ERROR ][ Engine ][ GetTexture ] '0'가 없습니다.

[TIME] 22:27:13 [FILE] LoadManager.cpp [FUNC] LoadManager::GetTexture [LINE] 227
[ ERROR ][ Engine ][ GetTexture ] 'organic_manatree_BaseColor'가 없습니다.

[TIME] 22:27:13 [FILE] LoadManager.cpp [FUNC] LoadManager::GetTexture [LINE] 227
[ ERROR ][ Engine ][ GetTexture ] 'organic_manatree_Normal'가 없습니다.

[TIME] 22:27:13 [FILE] LoadManager.cpp [FUNC] LoadManager::GetTexture [LINE] 227
[ ERROR ][ Engine ][ GetTexture ] '0'가 없습니다.

[TIME] 22:27:13 [FILE] LoadManager.cpp [FUNC] LoadManager::GetTexture [LINE] 227
[ ERROR ][ Engine ][ GetTexture ] 'organic_manatree_ORM'가 없습니다.

[TIME] 22:27:13 [FILE] LoadManager.cpp [FUNC] LoadManager::GetTexture [LINE] 227
[ ERROR ][ Engine ][ GetTexture ] '0'가 없습니다.

[TIME] 22:27:13 [FILE] LoadManager.cpp [FUNC] LoadManager::GetTexture [LINE] 227
[ ERROR ][ Engine ][ GetTexture ] '0'가 없습니다.

[TIME] 22:27:13 [FILE] LoadManager.cpp [FUNC] LoadManager::GetTexture [LINE] 227
[ ERROR ][ Engine ][ GetTexture ] '0'가 없습니다.

[TIME] 22:27:13 [FILE] LoadManager.cpp [FUNC] LoadManager::GetTexture [LINE] 227
[ ERROR ][ Engine ][ GetTexture ] '0'가 없습니다.

[TIME] 22:27:13 [FILE] LoadManager.cpp [FUNC] LoadManager::GetTexture [LINE] 227
[ ERROR ][ Engine ][ GetTexture ] '0'가 없습니다.

[TIME] 22:27:13 [FILE] LoadManager.cpp [FUNC] LoadManager::GetTexture [LINE] 227
[ ERROR ][ Engine ][ GetTexture ] '0'가 없습니다.

[TIME] 22:27:13 [FILE] LoadManager.cpp [FUNC] LoadManager::GetTexture [LINE] 227
[ ERROR ][ Engine ][ GetTexture ] '0'가 없습니다.

[TIME] 22:27:13 [FILE] LoadManager.cpp [FUNC] LoadManager::GetTexture [LINE] 227
[ ERROR ][ Engine ][ GetTexture ] '0'가 없습니다.

[TIME] 22:27:13 [FILE] LoadManager.cpp [FUNC] LoadManager::GetTexture [LINE] 227
[ ERROR ][ Engine ][ GetTexture ] '0'가 없습니다.

[TIME] 22:27:13 [FILE] LoadManager.cpp [FUNC] LoadManager::GetTexture [LINE] 227
[ ERROR ][ Engine ][ GetTexture ] '0'가 없습니다.

[TIME] 22:27:13 [FILE] LoadManager.cpp [FUNC] LoadManager::GetTexture [LINE] 227
[ ERROR ][ Engine ][ GetTexture ] '0'가 없습니다.

[TIME] 22:27:13 [FILE] LoadManager.cpp [FUNC] LoadManager::GetTexture [LINE] 227
[ ERROR ][ Engine ][ GetTexture ] '0'가 없습니다.

[TIME] 22:27:13 [FILE] LoadManager.cpp [FUNC] LoadManager::GetTexture [LINE] 227
[ ERROR ][ Engine ][ GetTexture ] '0'가 없습니다.

[TIME] 22:27:13 [FILE] LoadManager.cpp [FUNC] LoadManager::GetTexture [LINE] 227
[ ERROR ][ Engine ][ GetTexture ] '0'가 없습니다.

[TIME] 22:27:13 [FILE] LoadManager.cpp [FUNC] LoadManager::GetTexture [LINE] 227
[ ERROR ][ Engine ][ GetTexture ] 'organic_mana_BaseColor'가 없습니다.

[TIME] 22:27:13 [FILE] LoadManager.cpp [FUNC] LoadManager::GetTexture [LINE] 227
[ ERROR ][ Engine ][ GetTexture ] 'organic_mana_Normal'가 없습니다.

[TIME] 22:27:13 [FILE] LoadManager.cpp [FUNC] LoadManager::GetTexture [LINE] 227
[ ERROR ][ Engine ][ GetTexture ] '0'가 없습니다.

[TIME] 22:27:13 [FILE] LoadManager.cpp [FUNC] LoadManager::GetTexture [LINE] 227
[ ERROR ][ Engine ][ GetTexture ] 'organic_mana_ORM'가 없습니다.

[TIME] 22:27:13 [FILE] LoadManager.cpp [FUNC] LoadManager::GetTexture [LINE] 227
[ ERROR ][ Engine ][ GetTexture ] '0'가 없습니다.

[TIME] 22:27:13 [FILE] LoadManager.cpp [FUNC] LoadManager::GetTexture [LINE] 227
[ ERROR ][ Engine ][ GetTexture ] '0'가 없습니다.

[TIME] 22:27:13 [FILE] LoadManager.cpp [FUNC] LoadManager::GetTexture [LINE] 227
[ ERROR ][ Engine ][ GetTexture ] '0'가 없습니다.

[TIME] 22:27:13 [FILE] LoadManager.cpp [FUNC] LoadManager::GetTexture [LINE] 227
[ ERROR ][ Engine ][ GetTexture ] '0'가 없습니다.

[TIME] 22:27:13 [FILE] LoadManager.cpp [FUNC] LoadManager::GetTexture [LINE] 227
[ ERROR ][ Engine ][ GetTexture ] '0'가 없습니다.

[TIME] 22:27:13 [FILE] LoadManager.cpp [FUNC] LoadManager::GetTexture [LINE] 227
[ ERROR ][ Engine ][ GetTexture ] 'Player_BaseColor'가 없습니다.

[TIME] 22:27:13 [FILE] LoadManager.cpp [FUNC] LoadManager::GetTexture [LINE] 227
[ ERROR ][ Engine ][ GetTexture ] 'Player_Normal'가 없습니다.

[TIME] 22:27:13 [FILE] LoadManager.cpp [FUNC] LoadManager::GetTexture [LINE] 227
[ ERROR ][ Engine ][ GetTexture ] '0'가 없습니다.

[TIME] 22:27:13 [FILE] LoadManager.cpp [FUNC] LoadManager::GetTexture [LINE] 227
[ ERROR ][ Engine ][ GetTexture ] 'Player_Emissive'가 없습니다.

[TIME] 22:27:13 [FILE] LoadManager.cpp [FUNC] LoadManager::GetTexture [LINE] 227
[ ERROR ][ Engine ][ GetTexture ] '0'가 없습니다.

[TIME] 22:27:13 [FILE] LoadManager.cpp [FUNC] LoadManager::GetTexture [LINE] 227
[ ERROR ][ Engine ][ GetTexture ] '0'가 없습니다.

[TIME] 22:27:13 [FILE] LoadManager.cpp [FUNC] LoadManager::GetTexture [LINE] 227
[ ERROR ][ Engine ][ GetTexture ] '0'가 없습니다.

[TIME] 22:27:13 [FILE] LoadManager.cpp [FUNC] LoadManager::GetTexture [LINE] 227
[ ERROR ][ Engine ][ GetTexture ] '0'가 없습니다.

[TIME] 22:27:47 [FILE] LoadManager.cpp [FUNC] LoadManager::GetMesh [LINE] 306
[ ERROR ][ Engine ][ GetMesh ] '_0'가 없습니다.

[TIME] 22:27:48 [FILE] LoadManager.cpp [FUNC] LoadManager::GetSkyLight [LINE] 243
[ ERROR ][ Engine ][ GetSkyLight ] 'SkyLight_0'가 없습니다.

[TIME] 22:27:48 [FILE] LoadManager.cpp [FUNC] LoadManager::GetSkyLight [LINE] 243
[ ERROR ][ Engine ][ GetSkyLight ] 'SkyLight_1'가 없습니다.

[TIME] 22:27:48 [FILE] LoadManager.cpp [FUNC] LoadManager::GetMaterial [LINE] 259
[ ERROR ][ Engine ][ GetMaterial ] ''가 없습니다.

[TIME] 22:30:25 [FILE] LoadManager.cpp [FUNC] LoadManager::GetTexture [LINE] 227
[ ERROR ][ Engine ][ GetTexture ] '0'가 없습니다.

[TIME] 22:30:25 [FILE] LoadManager.cpp [FUNC] LoadManager::GetTexture [LINE] 227
[ ERROR ][ Engine ][ GetTexture ] '0'가 없습니다.

[TIME] 22:30:25 [FILE] LoadManager.cpp [FUNC] LoadManager::GetTexture [LINE] 227
[ ERROR ][ Engine ][ GetTexture ] '0'가 없습니다.

[TIME] 22:30:25 [FILE] LoadManager.cpp [FUNC] LoadManager::GetTexture [LINE] 227
[ ERROR ][ Engine ][ GetTexture ] '0'가 없습니다.

[TIME] 22:30:25 [FILE] LoadManager.cpp [FUNC] LoadManager::GetTexture [LINE] 227
[ ERROR ][ Engine ][ GetTexture ] '0'가 없습니다.

[TIME] 22:30:25 [FILE] LoadManager.cpp [FUNC] LoadManager::GetTexture [LINE] 227
[ ERROR ][ Engine ][ GetTexture ] '0'가 없습니다.

[TIME] 22:30:25 [FILE] LoadManager.cpp [FUNC] LoadManager::GetTexture [LINE] 227
[ ERROR ][ Engine ][ GetTexture ] '0'가 없습니다.

[TIME] 22:30:25 [FILE] LoadManager.cpp [FUNC] LoadManager::GetTexture [LINE] 227
[ ERROR ][ Engine ][ GetTexture ] '0'가 없습니다.

[TIME] 22:30:25 [FILE] LoadManager.cpp [FUNC] LoadManager::GetTexture [LINE] 227
[ ERROR ][ Engine ][ GetTexture ] '0'가 없습니다.

[TIME] 22:30:25 [FILE] LoadManager.cpp [FUNC] LoadManager::GetTexture [LINE] 227
[ ERROR ][ Engine ][ GetTexture ] '0'가 없습니다.

[TIME] 22:30:25 [FILE] LoadManager.cpp [FUNC] LoadManager::GetTexture [LINE] 227
[ ERROR ][ Engine ][ GetTexture ] '0'가 없습니다.

[TIME] 22:30:25 [FILE] LoadManager.cpp [FUNC] LoadManager::GetTexture [LINE] 227
[ ERROR ][ Engine ][ GetTexture ] '0'가 없습니다.

[TIME] 22:30:25 [FILE] LoadManager.cpp [FUNC] LoadManager::GetTexture [LINE] 227
[ ERROR ][ Engine ][ GetTexture ] '0'가 없습니다.

[TIME] 22:30:25 [FILE] LoadManager.cpp [FUNC] LoadManager::GetTexture [LINE] 227
[ ERROR ][ Engine ][ GetTexture ] '0'가 없습니다.

[TIME] 22:30:25 [FILE] LoadManager.cpp [FUNC] LoadManager::GetTexture [LINE] 227
[ ERROR ][ Engine ][ GetTexture ] '0'가 없습니다.

[TIME] 22:30:25 [FILE] LoadManager.cpp [FUNC] LoadManager::GetTexture [LINE] 227
[ ERROR ][ Engine ][ GetTexture ] '0'가 없습니다.

[TIME] 22:30:25 [FILE] LoadManager.cpp [FUNC] LoadManager::GetTexture [LINE] 227
[ ERROR ][ Engine ][ GetTexture ] '0'가 없습니다.

[TIME] 22:30:25 [FILE] LoadManager.cpp [FUNC] LoadManager::GetTexture [LINE] 227
[ ERROR ][ Engine ][ GetTexture ] '0'가 없습니다.

[TIME] 22:30:25 [FILE] LoadManager.cpp [FUNC] LoadManager::GetTexture [LINE] 227
[ ERROR ][ Engine ][ GetTexture ] '0'가 없습니다.

[TIME] 22:30:25 [FILE] LoadManager.cpp [FUNC] LoadManager::GetTexture [LINE] 227
[ ERROR ][ Engine ][ GetTexture ] '0'가 없습니다.

[TIME] 22:30:25 [FILE] LoadManager.cpp [FUNC] LoadManager::GetTexture [LINE] 227
[ ERROR ][ Engine ][ GetTexture ] 'organic_manatree_BaseColor'가 없습니다.

[TIME] 22:30:25 [FILE] LoadManager.cpp [FUNC] LoadManager::GetTexture [LINE] 227
[ ERROR ][ Engine ][ GetTexture ] 'organic_manatree_Normal'가 없습니다.

[TIME] 22:30:25 [FILE] LoadManager.cpp [FUNC] LoadManager::GetTexture [LINE] 227
[ ERROR ][ Engine ][ GetTexture ] '0'가 없습니다.

[TIME] 22:30:25 [FILE] LoadManager.cpp [FUNC] LoadManager::GetTexture [LINE] 227
[ ERROR ][ Engine ][ GetTexture ] 'organic_manatree_ORM'가 없습니다.

[TIME] 22:30:25 [FILE] LoadManager.cpp [FUNC] LoadManager::GetTexture [LINE] 227
[ ERROR ][ Engine ][ GetTexture ] '0'가 없습니다.

[TIME] 22:30:25 [FILE] LoadManager.cpp [FUNC] LoadManager::GetTexture [LINE] 227
[ ERROR ][ Engine ][ GetTexture ] '0'가 없습니다.

[TIME] 22:30:25 [FILE] LoadManager.cpp [FUNC] LoadManager::GetTexture [LINE] 227
[ ERROR ][ Engine ][ GetTexture ] '0'가 없습니다.

[TIME] 22:30:25 [FILE] LoadManager.cpp [FUNC] LoadManager::GetTexture [LINE] 227
[ ERROR ][ Engine ][ GetTexture ] '0'가 없습니다.

[TIME] 22:30:25 [FILE] LoadManager.cpp [FUNC] LoadManager::GetTexture [LINE] 227
[ ERROR ][ Engine ][ GetTexture ] '0'가 없습니다.

[TIME] 22:30:25 [FILE] LoadManager.cpp [FUNC] LoadManager::GetTexture [LINE] 227
[ ERROR ][ Engine ][ GetTexture ] '0'가 없습니다.

[TIME] 22:30:25 [FILE] LoadManager.cpp [FUNC] LoadManager::GetTexture [TIME] 22:32:42 [FILE] LoadManager.cpp [FUNC] LoadManager::GetTexture [LINE] 227
[ ERROR ][ Engine ][ GetTexture ] '0'가 없습니다.

[TIME] 22:32:42 [FILE] LoadManager.cpp [FUNC] LoadManager::GetTexture [LINE] 227
[ ERROR ][ Engine ][ GetTexture ] '0'가 없습니다.

[TIME] 22:32:42 [FILE] LoadManager.cpp [FUNC] LoadManager::GetTexture [LINE] 227
[ ERROR ][ Engine ][ GetTexture ] '0'가 없습니다.

[TIME] 22:32:42 [FILE] LoadManager.cpp [FUNC] LoadManager::GetTexture [LINE] 227
[ ERROR ][ Engine ][ GetTexture ] '0'가 없습니다.

[TIME] 22:32:42 [FILE] LoadManager.cpp [FUNC] LoadManager::GetTexture [LINE] 227
[ ERROR ][ Engine ][ GetTexture ] '0'가 없습니다.

[TIME] 22:32:42 [FILE] LoadManager.cpp [FUNC] LoadManager::GetTexture [LINE] 227
[ ERROR ][ Engine ][ GetTexture ] '0'가 없습니다.

[TIME] 22:32:42 [FILE] LoadManager.cpp [FUNC] LoadManager::GetTexture [LINE] 227
[ ERROR ][ Engine ][ GetTexture ] '0'가 없습니다.

[TIME] 22:32:42 [FILE] LoadManager.cpp [FUNC] LoadManager::GetTexture [LINE] 227
[ ERROR ][ Engine ][ GetTexture ] '0'가 없습니다.

[TIME] 22:32:42 [FILE] LoadManager.cpp [FUNC] LoadManager::GetTexture [LINE] 227
[ ERROR ][ Engine ][ GetTexture ] '0'가 없습니다.

[TIME] 22:32:42 [FILE] LoadManager.cpp [FUNC] LoadManager::GetTexture [LINE] 227
[ ERROR ][ Engine ][ GetTexture ] '0'가 없습니다.

[TIME] 22:32:42 [FILE] LoadManager.cpp [FUNC] LoadManager::GetTexture [LINE] 227
[ ERROR ][ Engine ][ GetTexture ] '0'가 없습니다.

[TIME] 22:32:42 [FILE] LoadManager.cpp [FUNC] LoadManager::GetTexture [LINE] 227
[ ERROR ][ Engine ][ GetTexture ] '0'가 없습니다.

[TIME] 22:32:42 [FILE] LoadManager.cpp [FUNC] LoadManager::GetTexture [LINE] 227
[ ERROR ][ Engine ][ GetTexture ] '0'가 없습니다.

[TIME] 22:32:42 [FILE] LoadManager.cpp [FUNC] LoadManager::GetTexture [LINE] 227
[ ERROR ][ Engine ][ GetTexture ] '0'가 없습니다.

[TIME] 22:32:42 [FILE] LoadManager.cpp [FUNC] LoadManager::GetTexture [LINE] 227
[ ERROR ][ Engine ][ GetTexture ] '0'가 없습니다.

[TIME] 22:32:42 [FILE] LoadManager.cpp [FUNC] LoadManager::GetTexture [LINE] 227
[ ERROR ][ Engine ][ GetTexture ] '0'가 없습니다.

[TIME] 22:32:42 [FILE] LoadManager.cpp [FUNC] LoadManager::GetTexture [LINE] 227
[ ERROR ][ Engine ][ GetTexture ] '0'가 없습니다.

[TIME] 22:32:42 [FILE] LoadManager.cpp [FUNC] LoadManager::GetTexture [LINE] 227
[ ERROR ][ Engine ][ GetTexture ] '0'가 없습니다.

[TIME] 22:32:42 [FILE] LoadManager.cpp [FUNC] LoadManager::GetTexture [LINE] 227
[ ERROR ][ Engine ][ GetTexture ] '0'가 없습니다.

[TIME] 22:32:42 [FILE] LoadManager.cpp [FUNC] LoadManager::GetTexture [LINE] 227
[ ERROR ][ Engine ][ GetTexture ] '0'가 없습니다.

[TIME] 22:32:42 [FILE] LoadManager.cpp [FUNC] LoadManager::GetTexture [LINE] 227
[ ERROR ][ Engine ][ GetTexture ] 'organic_manatree_BaseColor'가 없습니다.

[TIME] 22:32:42 [FILE] LoadManager.cpp [FUNC] LoadManager::GetTexture [LINE] 227
[ ERROR ][ Engine ][ GetTexture ] 'organic_manatree_Normal'가 없습니다.

[TIME] 22:32:42 [FILE] LoadManager.cpp [FUNC] LoadManager::GetTexture [LINE] 227
[ ERROR ][ Engine ][ GetTexture ] '0'가 없습니다.

[TIME] 22:32:42 [FILE] LoadManager.cpp [FUNC] LoadManager::GetTexture [LINE] 227
[ ERROR ][ Engine ][ GetTexture ] 'organic_manatree_ORM'가 없습니다.

[TIME] 22:32:42 [FILE] LoadManager.cpp [FUNC] LoadManager::GetTexture [LINE] 227
[ ERROR ][ Engine ][ GetTexture ] '0'가 없습니다.

[TIME] 22:32:42 [FILE] LoadManager.cpp [FUNC] LoadManager::GetTexture [LINE] 227
[ ERROR ][ Engine ][ GetTexture ] '0'가 없습니다.

[TIME] 22:32:42 [FILE] LoadManager.cpp [FUNC] LoadManager::GetTexture [LINE] 227
[ ERROR ][ Engine ][ GetTexture ] '0'가 없습니다.

[TIME] 22:32:42 [FILE] LoadManager.cpp [FUNC] LoadManager::GetTexture [LINE] 227
[ ERROR ][ Engine ][ GetTexture ] '0'가 없습니다.

[TIME] 22:32:42 [FILE] LoadManager.cpp [FUNC] LoadManager::GetTexture [LINE] 227
[ ERROR ][ Engine ][ GetTexture ] '0'가 없습니다.

[TIME] 22:32:42 [FILE] LoadManager.cpp [FUNC] LoadManager::GetTexture [LINE] 227
[ ERROR ][ Engine ][ GetTexture ] '0'가 없습니다.

[TIME] 22:32:42 [FILE] LoadManager.cpp [FUNC] LoadManager::GetTexture [LINE] 227
[ ERROR ][ Engine ][ GetTexture ] '0'가 없습니다.

[TIME] 22:32:42 [FILE] LoadManager.cpp [FUNC] LoadManager::GetTexture [LINE] 227
[ ERROR ][ Engine ][ GetTexture ] '0'가 없습니다.

[TIME] 22:32:42 [FILE] LoadManager.cpp [FUNC] LoadManager::GetTexture [LINE] 227
[ ERROR ][ Engine ][ GetTexture ] '0'가 없습니다.

[TIME] 22:32:42 [FILE] LoadManager.cpp [FUNC] LoadManager::GetTexture [LINE] 227
[ ERROR ][ Engine ][ GetTexture ] '0'가 없습니다.

[TIME] 22:32:42 [FILE] LoadManager.cpp [FUNC] LoadManager::GetTexture [LINE] 227
[ ERROR ][ Engine ][ GetTexture ] '0'가 없습니다.

[TIME] 22:32:42 [FILE] LoadManager.cpp [FUNC] LoadManager::GetTexture [LINE] 227
[ ERROR ][ Engine ][ GetTexture ] '0'가 없습니다.

[TIME] 22:32:42 [FILE] LoadManager.cpp [FUNC] LoadManager::GetTexture [LINE] 227
[ ERROR ][ Engine ][ GetTexture ] '0'가 없습니다.

[TIME] 22:32:42 [FILE] LoadManager.cpp [FUNC] LoadManager::GetTexture [LINE] 227
[ ERROR ][ Engine ][ GetTexture ] '0'가 없습니다.

[TIME] 22:32:42 [FILE] LoadManager.cpp [FUNC] LoadManager::GetTexture [LINE] 227
[ ERROR ][ Engine ][ GetTexture ] 'organic_mana_BaseColor'가 없습니다.

[TIME] 22:32:42 [FILE] LoadManager.cpp [FUNC] LoadManager::GetTexture [LINE] 227
[ ERROR ][ Engine ][ GetTexture ] 'organic_mana_Normal'가 없습니다.

[TIME] 22:32:42 [FILE] LoadManager.cpp [FUNC] LoadManager::GetTexture [LINE] 227
[ ERROR ][ Engine ][ GetTexture ] '0'가 없습니다.

[TIME] 22:32:42 [FILE] LoadManager.cpp [FUNC] LoadManager::GetTexture [LINE] 227
[ ERROR ][ Engine ][ GetTexture ] 'organic_mana_ORM'가 없습니다.

[TIME] 22:32:42 [FILE] LoadManager.cpp [FUNC] LoadManager::GetTexture [LINE] 227
[ ERROR ][ Engine ][ GetTexture ] '0'가 없습니다.

[TIME] 22:32:42 [FILE] LoadManager.cpp [FUNC] LoadManager::GetTexture [LINE] 227
[ ERROR ][ Engine ][ GetTexture ] '0'가 없습니다.

[TIME] 22:32:42 [FILE] LoadManager.cpp [FUNC] LoadManager::GetTexture [LINE] 227
[ ERROR ][ Engine ][ GetTexture ] '0'가 없습니다.

[TIME] 22:32:42 [FILE] LoadManager.cpp [FUNC] LoadManager::GetTexture [LINE] 227
[ ERROR ][ Engine ][ GetTexture ] '0'가 없습니다.

[TIME] 22:32:42 [FILE] LoadManager.cpp [FUNC] LoadManager::GetTexture [LINE] 227
[ ERROR ][ Engine ][ GetTexture ] '0'가 없습니다.

[TIME] 22:32:42 [FILE] LoadManager.cpp [FUNC] LoadManager::GetTexture [LINE] 227
[ ERROR ][ Engine ][ GetTexture ] 'Player_BaseColor'가 없습니다.

[TIME] 22:32:42 [FILE] LoadManager.cpp [FUNC] LoadManager::GetTexture [LINE] 227
[ ERROR ][ Engine ][ GetTexture ] 'Player_Normal'가 없습니다.

[TIME] 22:32:42 [FILE] LoadManager.cpp [FUNC] LoadManager::GetTexture [LINE] 227
[ ERROR ][ Engine ][ GetTexture ] '0'가 없습니다.

[TIME] 22:32:42 [FILE] LoadManager.cpp [FUNC] LoadManager::GetTexture [LINE] 227
[ ERROR ][ Engine ][ GetTexture ] 'Player_Emissive'가 없습니다.

[TIME] 22:32:42 [FILE] LoadManager.cpp [FUNC] LoadManager::GetTexture [LINE] 227
[ ERROR ][ Engine ][ GetTexture ] '0'가 없습니다.

[TIME] 22:32:42 [FILE] LoadManager.cpp [FUNC] LoadManager::GetTexture [LINE] 227
[ ERROR ][ Engine ][ GetTexture ] '0'가 없습니다.

[TIME] 22:32:42 [FILE] LoadManager.cpp [FUNC] LoadManager::GetTexture [LINE] 227
[ ERROR ][ Engine ][ GetTexture ] '0'가 없습니다.

[TIME] 22:32:42 [FILE] LoadManager.cpp [FUNC] LoadManager::GetTexture [LINE] 227
[ ERROR ][ Engine ][ GetTexture ] '0'가 없습니다.

[TIME] 22:33:16 [FILE] LoadManager.cpp [FUNC] LoadManager::GetMesh [LINE] 306
[ ERROR ][ Engine ][ GetMesh ] '_0'가 없습니다.

[TIME] 22:33:16 [FILE] LoadManager.cpp [FUNC] LoadManager::GetSkyLight [LINE] 243
[ ERROR ][ Engine ][ GetSkyLight ] 'SkyLight_0'가 없습니다.

[TIME] 22:33:16 [FILE] LoadManager.cpp [FUNC] LoadManager::GetSkyLight [LINE] 243
[ ERROR ][ Engine ][ GetSkyLight ] 'SkyLight_1'가 없습니다.

[TIME] 22:33:16 [FILE] LoadManager.cpp [FUNC] LoadManager::GetMaterial [LINE] 259
[ ERROR ][ Engine ][ GetMaterial ] ''가 없습니다.

[TIME] 22:34:24 [FILE] LoadManager.cpp [FUNC] LoadManager::GetTexture [LINE] 227
[ ERROR ][ Engine ][ GetTexture ] '0'가 없습니다.

[TIME] 22:34:24 [FILE] LoadManager.cpp [FUNC] LoadManager::GetTexture [LINE] 227
[ ERROR ][ Engine ][ GetTexture ] '0'가 없습니다.

[TIME] 22:34:24 [FILE] LoadManager.cpp [FUNC] LoadManager::GetTexture [LINE] 227
[ ERROR ][ Engine ][ GetTexture ] '0'가 없습니다.

[TIME] 22:34:24 [FILE] LoadManager.cpp [FUNC] LoadManager::GetTexture [LINE] 227
[ ERROR ][ Engine ][ GetTexture ] '0'가 없습니다.

[TIME] 22:34:24 [FILE] LoadManager.cpp [FUNC] LoadManager::GetTexture [LINE] 227
[ ERROR ][ Engine ][ GetTexture ] '0'가 없습니다.

[TIME] 22:34:24 [FILE] LoadManager.cpp [FUNC] LoadManager::GetTexture [LINE] 227
[ ERROR ][ Engine ][ GetTexture ] '0'가 없습니다.

[TIME] 22:34:24 [FILE] LoadManager.cpp [FUNC] LoadManager::GetTexture [LINE] 227
[ ERROR ][ Engine ][ GetTexture ] '0'가 없습니다.

[TIME] 22:34:24 [FILE] LoadManager.cpp [FUNC] LoadManager::GetTexture [LINE] 227
[ ERROR ][ Engine ][ GetTexture ] '0'가 없습니다.

[TIME] 22:34:24 [FILE] LoadManager.cpp [FUNC] LoadManager::GetTexture [LINE] 227
[ ERROR ][ Engine ][ GetTexture ] '0'가 없습니다.

[TIME] 22:34:24 [FILE] LoadManager.cpp [FUNC] LoadManager::GetTexture [LINE] 227
[ ERROR ][ Engine ][ GetTexture ] '0'가 없습니다.

[TIME] 22:34:24 [FILE] LoadManager.cpp [FUNC] LoadManager::GetTexture [LINE] 227
[ ERROR ][ Engine ][ GetTexture ] '0'가 없습니다.

[TIME] 22:34:24 [FILE] LoadManager.cpp [FUNC] LoadManager::GetTexture [LINE] 227
[ ERROR ][ Engine ][ GetTexture ] '0'가 없습니다.

[TIME] 22:34:24 [FILE] LoadManager.cpp [FUNC] LoadManager::GetTexture [LINE] 227
[ ERROR ][ Engine ][ GetTexture ] '0'가 없습니다.

[TIME] 22:34:24 [FILE] LoadManager.cpp [FUNC] LoadManager::GetTexture [LINE] 227
[ ERROR ][ Engine ][ GetTexture ] '0'가 없습니다.

[TIME] 22:34:24 [FILE] LoadManager.cpp [FUNC] LoadManager::GetTexture [LINE] 227
[ ERROR ][ Engine ][ GetTexture ] '0'가 없습니다.

[TIME] 22:34:24 [FILE] LoadManager.cpp [FUNC] LoadManager::GetTexture [LINE] 227
[ ERROR ][ Engine ][ GetTexture ] '0'가 없습니다.

[TIME] 22:34:24 [FILE] LoadManager.cpp [FUNC] LoadManager::GetTexture [LINE] 227
[ ERROR ][ Engine ][ GetTexture ] '0'가 없습니다.

[TIME] 22:34:24 [FILE] LoadManager.cpp [FUNC] LoadManager::GetTexture [LINE] 227
[ ERROR ][ Engine ][ GetTexture ] '0'가 없습니다.

[TIME] 22:34:24 [FILE] LoadManager.cpp [FUNC] LoadManager::GetTexture [LINE] 227
[ ERROR ][ Engine ][ GetTexture ] '0'가 없습니다.

[TIME] 22:34:24 [FILE] LoadManager.cpp [FUNC] LoadManager::GetTexture [LINE] 227
[ ERROR ][ Engine ][ GetTexture ] '0'가 없습니다.

[TIME] 22:34:24 [FILE] LoadManager.cpp [FUNC] LoadManager::GetTexture [LINE] 227
[ ERROR ][ Engine ][ GetTexture ] 'organic_manatree_BaseColor'가 없습니다.

[TIME] 22:34:24 [FILE] LoadManager.cpp [FUNC] LoadManager::GetTexture [LINE] 227
[ ERROR ][ Engine ][ GetTexture ] 'organic_manatree_Normal'가 없습니다.

[TIME] 22:34:24 [FILE] LoadManager.cpp [FUNC] LoadManager::GetTexture [LINE] 227
[ ERROR ][ Engine ][ GetTexture ] '0'가 없습니다.

[TIME] 22:34:24 [FILE] LoadManager.cpp [FUNC] LoadManager::GetTexture [LINE] 227
[ ERROR ][ Engine ][ GetTexture ] 'organic_manatree_ORM'가 없습니다.

[TIME] 22:34:24 [FILE] LoadManager.cpp [FUNC] LoadManager::GetTexture [LINE] 227
[ ERROR ][ Engine ][ GetTexture ] '0'가 없습니다.

[TIME] 22:34:24 [FILE] LoadManager.cpp [FUNC] LoadManager::GetTexture [LINE] 227
[ ERROR ][ Engine ][ GetTexture ] '0'가 없습니다.

[TIME] 22:34:24 [FILE] LoadManager.cpp [FUNC] LoadManager::GetTexture [LINE] 227
[ ERROR ][ Engine ][ GetTexture ] '0'가 없습니다.

[TIME] 22:34:24 [FILE] LoadManager.cpp [FUNC] LoadManager::GetTexture [LINE] 227
[ ERROR ][ Engine ][ GetTexture ] '0'가 없습니다.

[TIME] 22:34:24 [FILE] LoadManager.cpp [FUNC] LoadManager::GetTexture [LINE] 227
[ ERROR ][ Engine ][ GetTexture ] '0'가 없습니다.

[TIME] 22:34:24 [FILE] LoadManager.cpp [FUNC] LoadManager::GetTexture [LINE] 227
[ ERROR ][ Engine ][ GetTexture ] '0'가 없습니다.

[TIME] 22:34:24 [FILE] LoadManager.cpp [FUNC] LoadManager::GetTexture [LINE] 227
[ ERROR ][ Engine ][ GetTexture ] '0'가 없습니다.

[TIME] 22:34:24 [FILE] LoadManager.cpp [FUNC] LoadManager::GetTexture [LINE] 227
[ ERROR ][ Engine ][ GetTexture ] '0'가 없습니다.

[TIME] 22:34:24 [FILE] LoadManager.cpp [FUNC] LoadManager::GetTexture [LINE] 227
[ ERROR ][ Engine ][ GetTexture ] '0'가 없습니다.

[TIME] 22:34:24 [FILE] LoadManager.cpp [FUNC] LoadManager::GetTexture [LINE] 227
[ ERROR ][ Engine ][ GetTexture ] '0'가 없습니다.

[TIME] 22:34:24 [FILE] LoadManager.cpp [FUNC] LoadManager::GetTexture [LINE] 227
[ ERROR ][ Engine ][ GetTexture ] '0'가 없습니다.

[TIME] 22:34:24 [FILE] LoadManager.cpp [FUNC] LoadManager::GetTexture [LINE] 227
[ ERROR ][ Engine ][ GetTexture ] '0'가 없습니다.

[TIME] 22:34:24 [FILE] LoadManager.cpp [FUNC] LoadManager::GetTexture [LINE] 227
[ ERROR ][ Engine ][ GetTexture ] '0'가 없습니다.

[TIME] 22:34:24 [FILE] LoadManager.cpp [FUNC] LoadManager::GetTexture [LINE] 227
[ ERROR ][ Engine ][ GetTexture ] '0'가 없습니다.

[TIME] 22:34:24 [FILE] LoadManager.cpp [FUNC] LoadManager::GetTexture [LINE] 227
[ ERROR ][ Engine ][ GetTexture ] 'organic_mana_BaseColor'가 없습니다.

[TIME] 22:34:24 [FILE] LoadManager.cpp [FUNC] LoadManager::GetTexture [LINE] 227
[ ERROR ][ Engine ][ GetTexture ] 'organic_mana_Normal'가 없습니다.

[TIME] 22:34:24 [FILE] LoadManager.cpp [FUNC] LoadManager::GetTexture [LINE] 227
[ ERROR ][ Engine ][ GetTexture ] '0'가 없습니다.

[TIME] 22:34:24 [FILE] LoadManager.cpp [FUNC] LoadManager::GetTexture [LINE] 227
[ ERROR ][ Engine ][ GetTexture ] 'organic_mana_ORM'가 없습니다.

[TIME] 22:34:24 [FILE] LoadManager.cpp [FUNC] LoadManager::GetTexture [LINE] 227
[ ERROR ][ Engine ][ GetTexture ] '0'가 없습니다.

[TIME] 22:34:24 [FILE] LoadManager.cpp [FUNC] LoadManager::GetTexture [LINE] 227
[ ERROR ][ Engine ][ GetTexture ] '0'가 없습니다.

[TIME] 22:34:24 [FILE] LoadManager.cpp [FUNC] LoadManager::GetTexture [LINE] 227
[ ERROR ][ Engine ][ GetTexture ] '0'가 없습니다.

[TIME] 22:34:24 [FILE] LoadManager.cpp [FUNC] LoadManager::GetTexture [LINE] 227
[ ERROR ][ Engine ][ GetTexture ] '0'가 없습니다.

[TIME] 22:34:24 [FILE] LoadManager.cpp [FUNC] LoadManager::GetTexture [LINE] 227
[ ERROR ][ Engine ][ GetTexture ] '0'가 없습니다.

[TIME] 22:34:24 [FILE] LoadManager.cpp [FUNC] LoadManager::GetTexture [LINE] 227
[ ERROR ][ Engine ][ GetTexture ] 'Player_BaseColor'가 없습니다.

[TIME] 22:34:24 [FILE] LoadManager.cpp [FUNC] LoadManager::GetTexture [LINE] 227
[ ERROR ][ Engine ][ GetTexture ] 'Player_Normal'가 없습니다.

[TIME] 22:34:24 [FILE] LoadManager.cpp [FUNC] LoadManager::GetTexture [LINE] 227
[ ERROR ][ Engine ][ GetTexture ] '0'가 없습니다.

[TIME] 22:34:24 [FILE] LoadManager.cpp [FUNC] LoadManager::GetTexture [LINE] 227
[ ERROR ][ Engine ][ GetTexture ] 'Player_Emissive'가 없습니다.

[TIME] 22:34:24 [FILE] LoadManager.cpp [FUNC] LoadManager::GetTexture [LINE] 227
[ ERROR ][ Engine ][ GetTexture ] '0'가 없습니다.

[TIME] 22:34:24 [FILE] LoadManager.cpp [FUNC] LoadManager::GetTexture [LINE] 227
[ ERROR ][ Engine ][ GetTexture ] '0'가 없습니다.

[TIME] 22:34:24 [FILE] LoadManager.cpp [FUNC] LoadManager::GetTexture [LINE] 227
[ ERROR ][ Engine ][ GetTexture ] '0'가 없습니다.

[TIME] 22:34:24 [FILE] LoadManager.cpp [FUNC] LoadManager::GetTexture [LINE] 227
[ ERROR ][ Engine ][ GetTexture ] '0'가 없습니다.

[TIME] 22:34:58 [FILE] LoadManager.cpp [FUNC] LoadManager::GetMesh [LINE] 306
[ ERROR ][ Engine ][ GetMesh ] '_0'가 없습니다.

[TIME] 22:34:58 [FILE] LoadManager.cpp [FUNC] LoadManager::GetSkyLight [LINE] 243
[ ERROR ][ Engine ][ GetSkyLight ] 'SkyLight_0'가 없습니다.

[TIME] 22:34:58 [FILE] LoadManager.cpp [FUNC] LoadManager::GetSkyLight [LINE] 243
[ ERROR ][ Engine ][ GetSkyLight ] 'SkyLight_1'가 없습니다.

[TIME] 22:34:58 [FILE] LoadManager.cpp [FUNC] LoadManager::GetMaterial [LINE] 259
[ ERROR ][ Engine ][ GetMaterial ] ''가 없습니다.

[TIME] 22:52:28 [FILE] LoadManager.cpp [FUNC] LoadManager::GetTexture [LINE] 227
[ ERROR ][ Engine ][ GetTexture ] '0'가 없습니다.

[TIME] 22:52:28 [FILE] LoadManager.cpp [FUNC] LoadManager::GetTexture [LINE] 227
[ ERROR ][ Engine ][ GetTexture ] '0'가 없습니다.

[TIME] 22:52:28 [FILE] LoadManager.cpp [FUNC] LoadManager::GetTexture [LINE] 227
[ ERROR ][ Engine ][ GetTexture ] '0'가 없습니다.

[TIME] 22:52:28 [FILE] LoadManager.cpp [FUNC] LoadManager::GetTexture [LINE] 227
[ ERROR ][ Engine ][ GetTexture ] '0'가 없습니다.

[TIME] 22:52:28 [FILE] LoadManager.cpp [FUNC] LoadManager::GetTexture [LINE] 227
[ ERROR ][ Engine ][ GetTexture ] '0'가 없습니다.

[TIME] 22:52:28 [FILE] LoadManager.cpp [FUNC] LoadManager::GetTexture [LINE] 227
[ ERROR ][ Engine ][ GetTexture ] '0'가 없습니다.

[TIME] 22:52:28 [FILE] LoadManager.cpp [FUNC] LoadManager::GetTexture [LINE] 227
[ ERROR ][ Engine ][ GetTexture ] '0'가 없습니다.

[TIME] 22:52:28 [FILE] LoadManager.cpp [FUNC] LoadManager::GetTexture [LINE] 227
[ ERROR ][ Engine ][ GetTexture ] '0'가 없습니다.

[TIME] 22:52:28 [FILE] LoadManager.cpp [FUNC] LoadManager::GetTexture [LINE] 227
[ ERROR ][ Engine ][ GetTexture ] '0'가 없습니다.

[TIME] 22:52:28 [FILE] LoadManager.cpp [FUNC] LoadManager::GetTexture [LINE] 227
[ ERROR ][ Engine ][ GetTexture ] '0'가 없습니다.

[TIME] 22:52:28 [FILE] LoadManager.cpp [FUNC] LoadManager::GetTexture [LINE] 227
[ ERROR ][ Engine ][ GetTexture ] '0'가 없습니다.

[TIME] 22:52:28 [FILE] LoadManager.cpp [FUNC] LoadManager::GetTexture [LINE] 227
[ ERROR ][ Engine ][ GetTexture ] '0'가 없습니다.

[TIME] 22:52:28 [FILE] LoadManager.cpp [FUNC] LoadManager::GetTexture [LINE] 227
[ ERROR ][ Engine ][ GetTexture ] '0'가 없습니다.

[TIME] 22:52:28 [FILE] LoadManager.cpp [FUNC] LoadManager::GetTexture [LINE] 227
[ ERROR ][ Engine ][ GetTexture ] '0'가 없습니다.

[TIME] 22:52:28 [FILE] LoadManager.cpp [FUNC] LoadManager::GetTexture [LINE] 227
[ ERROR ][ Engine ][ GetTexture ] '0'가 없습니다.

[TIME] 22:52:28 [FILE] LoadManager.cpp [FUNC] LoadManager::GetTexture [LINE] 227
[ ERROR ][ Engine ][ GetTexture ] '0'가 없습니다.

[TIME] 22:52:28 [FILE] LoadManager.cpp [FUNC] LoadManager::GetTexture [LINE] 227
[ ERROR ][ Engine ][ GetTexture ] '0'가 없습니다.

[TIME] 22:52:28 [FILE] LoadManager.cpp [FUNC] LoadManager::GetTexture [LINE] 227
[ ERROR ][ Engine ][ GetTexture ] '0'가 없습니다.

[TIME] 22:52:28 [FILE] LoadManager.cpp [FUNC] LoadManager::GetTexture [LINE] 227
[ ERROR ][ Engine ][ GetTexture ] '0'가 없습니다.

[TIME] 22:52:28 [FILE] LoadManager.cpp [FUNC] LoadManager::GetTexture [LINE] 227
[ ERROR ][ Engine ][ GetTexture ] '0'가 없습니다.

[TIME] 22:52:28 [FILE] LoadManager.cpp [FUNC] LoadManager::GetTexture [LINE] 227
[ ERROR ][ Engine ][ GetTexture ] 'organic_manatree_BaseColor'가 없습니다.

[TIME] 22:52:28 [FILE] LoadManager.cpp [FUNC] LoadManager::GetTexture [LINE] 227
[ ERROR ][ Engine ][ GetTexture ] 'organic_manatree_Normal'가 없습니다.

[TIME] 22:52:28 [FILE] LoadManager.cpp [FUNC] LoadManager::GetTexture [LINE] 227
[ ERROR ][ Engine ][ GetTexture ] '0'가 없습니다.

[TIME] 22:52:28 [FILE] LoadManager.cpp [FUNC] LoadManager::GetTexture [LINE] 227
[ ERROR ][ Engine ][ GetTexture ] 'organic_manatree_ORM'가 없습니다.

[TIME] 22:52:28 [FILE] LoadManager.cpp [FUNC] LoadManager::GetTexture [LINE] 227
[ ERROR ][ Engine ][ GetTexture ] '0'가 없습니다.

[TIME] 22:52:28 [FILE] LoadManager.cpp [FUNC] LoadManager::GetTexture [LINE] 227
[ ERROR ][ Engine ][ GetTexture ] '0'가 없습니다.

[TIME] 22:52:28 [FILE] LoadManager.cpp [FUNC] LoadManager::GetTexture [LINE] 227
[ ERROR ][ Engine ][ GetTexture ] '0'가 없습니다.

[TIME] 22:52:28 [FILE] LoadManager.cpp [FUNC] LoadManager::GetTexture [LINE] 227
[ ERROR ][ Engine ][ GetTexture ] '0'가 없습니다.

[TIME] 22:52:28 [FILE] LoadManager.cpp [FUNC] LoadManager::GetTexture [LINE] 227
[ ERROR ][ Engine ][ GetTexture ] '0'가 없습니다.

[TIME] 22:52:28 [FILE] LoadManager.cpp [FUNC] LoadManager::GetTexture [LINE] 227
[ ERROR ][ Engine ][ GetTexture ] '0'가 없습니다.

[TIME] 22:52:28 [FILE] LoadManager.cpp [FUNC] LoadManager::GetTexture [TIME] 22:54:16 [FILE] LoadManager.cpp [FUNC] LoadManager::GetTexture [LINE] 227
[ ERROR ][ Engine ][ GetTexture ] '0'가 없습니다.

[TIME] 22:54:16 [FILE] LoadManager.cpp [FUNC] LoadManager::GetTexture [LINE] 227
[ ERROR ][ Engine ][ GetTexture ] '0'가 없습니다.

[TIME] 22:54:16 [FILE] LoadManager.cpp [FUNC] LoadManager::GetTexture [LINE] 227
[ ERROR ][ Engine ][ GetTexture ] '0'가 없습니다.

[TIME] 22:54:16 [FILE] LoadManager.cpp [FUNC] LoadManager::GetTexture [LINE] 227
[ ERROR ][ Engine ][ GetTexture ] '0'가 없습니다.

[TIME] 22:54:17 [FILE] LoadManager.cpp [FUNC] LoadManager::GetTexture [LINE] 227
[ ERROR ][ Engine ][ GetTexture ] '0'가 없습니다.

[TIME] 22:54:17 [FILE] LoadManager.cpp [FUNC] LoadManager::GetTexture [LINE] 227
[ ERROR ][ Engine ][ GetTexture ] '0'가 없습니다.

[TIME] 22:54:17 [FILE] LoadManager.cpp [FUNC] LoadManager::GetTexture [LINE] 227
[ ERROR ][ Engine ][ GetTexture ] '0'가 없습니다.

[TIME] 22:54:17 [FILE] LoadManager.cpp [FUNC] LoadManager::GetTexture [LINE] 227
[ ERROR ][ Engine ][ GetTexture ] '0'가 없습니다.

[TIME] 22:54:17 [FILE] LoadManager.cpp [FUNC] LoadManager::GetTexture [LINE] 227
[ ERROR ][ Engine ][ GetTexture ] '0'가 없습니다.

[TIME] 22:54:17 [FILE] LoadManager.cpp [FUNC] LoadManager::GetTexture [LINE] 227
[ ERROR ][ Engine ][ GetTexture ] '0'가 없습니다.

[TIME] 22:54:17 [FILE] LoadManager.cpp [FUNC] LoadManager::GetTexture [LINE] 227
[ ERROR ][ Engine ][ GetTexture ] '0'가 없습니다.

[TIME] 22:54:17 [FILE] LoadManager.cpp [FUNC] LoadManager::GetTexture [LINE] 227
[ ERROR ][ Engine ][ GetTexture ] '0'가 없습니다.

[TIME] 22:54:17 [FILE] LoadManager.cpp [FUNC] LoadManager::GetTexture [LINE] 227
[ ERROR ][ Engine ][ GetTexture ] '0'가 없습니다.

[TIME] 22:54:17 [FILE] LoadManager.cpp [FUNC] LoadManager::GetTexture [LINE] 227
[ ERROR ][ Engine ][ GetTexture ] '0'가 없습니다.

[TIME] 22:54:17 [FILE] LoadManager.cpp [FUNC] LoadManager::GetTexture [LINE] 227
[ ERROR ][ Engine ][ GetTexture ] '0'가 없습니다.

[TIME] 22:54:17 [FILE] LoadManager.cpp [FUNC] LoadManager::GetTexture [LINE] 227
[ ERROR ][ Engine ][ GetTexture ] '0'가 없습니다.

[TIME] 22:54:17 [FILE] LoadManager.cpp [FUNC] LoadManager::GetTexture [LINE] 227
[ ERROR ][ Engine ][ GetTexture ] '0'가 없습니다.

[TIME] 22:54:17 [FILE] LoadManager.cpp [FUNC] LoadManager::GetTexture [LINE] 227
[ ERROR ][ Engine ][ GetTexture ] '0'가 없습니다.

[TIME] 22:54:17 [FILE] LoadManager.cpp [FUNC] LoadManager::GetTexture [LINE] 227
[ ERROR ][ Engine ][ GetTexture ] '0'가 없습니다.

[TIME] 22:54:17 [FILE] LoadManager.cpp [FUNC] LoadManager::GetTexture [LINE] 227
[ ERROR ][ Engine ][ GetTexture ] '0'가 없습니다.

[TIME] 22:54:17 [FILE] LoadManager.cpp [FUNC] LoadManager::GetTexture [LINE] 227
[ ERROR ][ Engine ][ GetTexture ] 'organic_manatree_BaseColor'가 없습니다.

[TIME] 22:54:17 [FILE] LoadManager.cpp [FUNC] LoadManager::GetTexture [LINE] 227
[ ERROR ][ Engine ][ GetTexture ] 'organic_manatree_Normal'가 없습니다.

[TIME] 22:54:17 [FILE] LoadManager.cpp [FUNC] LoadManager::GetTexture [LINE] 227
[ ERROR ][ Engine ][ GetTexture ] '0'가 없습니다.

[TIME] 22:54:17 [FILE] LoadManager.cpp [FUNC] LoadManager::GetTexture [LINE] 227
[ ERROR ][ Engine ][ GetTexture ] 'organic_manatree_ORM'가 없습니다.

[TIME] 22:54:17 [FILE] LoadManager.cpp [FUNC] LoadManager::GetTexture [LINE] 227
[ ERROR ][ Engine ][ GetTexture ] '0'가 없습니다.

[TIME] 22:54:17 [FILE] LoadManager.cpp [FUNC] LoadManager::GetTexture [LINE] 227
[ ERROR ][ Engine ][ GetTexture ] '0'가 없습니다.

[TIME] 22:54:17 [FILE] LoadManager.cpp [FUNC] LoadManager::GetTexture [LINE] 227
[ ERROR ][ Engine ][ GetTexture ] '0'가 없습니다.

[TIME] 22:54:17 [FILE] LoadManager.cpp [FUNC] LoadManager::GetTexture [LINE] 227
[ ERROR ][ Engine ][ GetTexture ] '0'가 없습니다.

[TIME] 22:54:17 [FILE] LoadManager.cpp [FUNC] LoadManager::GetTexture [LINE] 227
[ ERROR ][ Engine ][ GetTexture ] '0'가 없습니다.

[TIME] 22:54:17 [FILE] LoadManager.cpp [FUNC] LoadManager::GetTexture [LINE] 227
[ ERROR ][ Engine ][ GetTexture ] '0'가 없습니다.

[TIME] 22:54:17 [FILE] LoadManager.cpp [FUNC] LoadManager::GetTexture [TIME] 22:56:53 [FILE] LoadManager.cpp [FUNC] LoadManager::GetTexture [LINE] 227
[ ERROR ][ Engine ][ GetTexture ] '0'가 없습니다.

[TIME] 22:56:53 [FILE] LoadManager.cpp [FUNC] LoadManager::GetTexture [LINE] 227
[ ERROR ][ Engine ][ GetTexture ] '0'가 없습니다.

[TIME] 22:56:53 [FILE] LoadManager.cpp [FUNC] LoadManager::GetTexture [LINE] 227
[ ERROR ][ Engine ][ GetTexture ] '0'가 없습니다.

[TIME] 22:56:53 [FILE] LoadManager.cpp [FUNC] LoadManager::GetTexture [LINE] 227
[ ERROR ][ Engine ][ GetTexture ] '0'가 없습니다.

[TIME] 22:56:53 [FILE] LoadManager.cpp [FUNC] LoadManager::GetTexture [LINE] 227
[ ERROR ][ Engine ][ GetTexture ] '0'가 없습니다.

[TIME] 22:56:53 [FILE] LoadManager.cpp [FUNC] LoadManager::GetTexture [LINE] 227
[ ERROR ][ Engine ][ GetTexture ] '0'가 없습니다.

[TIME] 22:56:53 [FILE] LoadManager.cpp [FUNC] LoadManager::GetTexture [LINE] 227
[ ERROR ][ Engine ][ GetTexture ] '0'가 없습니다.

[TIME] 22:56:53 [FILE] LoadManager.cpp [FUNC] LoadManager::GetTexture [LINE] 227
[ ERROR ][ Engine ][ GetTexture ] '0'가 없습니다.

[TIME] 22:56:53 [FILE] LoadManager.cpp [FUNC] LoadManager::GetTexture [LINE] 227
[ ERROR ][ Engine ][ GetTexture ] '0'가 없습니다.

[TIME] 22:56:53 [FILE] LoadManager.cpp [FUNC] LoadManager::GetTexture [LINE] 227
[ ERROR ][ Engine ][ GetTexture ] '0'가 없습니다.

[TIME] 22:56:53 [FILE] LoadManager.cpp [FUNC] LoadManager::GetTexture [LINE] 227
[ ERROR ][ Engine ][ GetTexture ] '0'가 없습니다.

[TIME] 22:56:53 [FILE] LoadManager.cpp [FUNC] LoadManager::GetTexture [LINE] 227
[ ERROR ][ Engine ][ GetTexture ] '0'가 없습니다.

[TIME] 22:56:53 [FILE] LoadManager.cpp [FUNC] LoadManager::GetTexture [LINE] 227
[ ERROR ][ Engine ][ GetTexture ] '0'가 없습니다.

[TIME] 22:56:53 [FILE] LoadManager.cpp [FUNC] LoadManager::GetTexture [LINE] 227
[ ERROR ][ Engine ][ GetTexture ] '0'가 없습니다.

[TIME] 22:56:53 [FILE] LoadManager.cpp [FUNC] LoadManager::GetTexture [LINE] 227
[ ERROR ][ Engine ][ GetTexture ] '0'가 없습니다.

[TIME] 22:56:53 [FILE] LoadManager.cpp [FUNC] LoadManager::GetTexture [LINE] 227
[ ERROR ][ Engine ][ GetTexture ] '0'가 없습니다.

[TIME] 22:56:53 [FILE] LoadManager.cpp [FUNC] LoadManager::GetTexture [LINE] 227
[ ERROR ][ Engine ][ GetTexture ] '0'가 없습니다.

[TIME] 22:56:53 [FILE] LoadManager.cpp [FUNC] LoadManager::GetTexture [LINE] 227
[ ERROR ][ Engine ][ GetTexture ] '0'가 없습니다.

[TIME] 22:56:53 [FILE] LoadManager.cpp [FUNC] LoadManager::GetTexture [LINE] 227
[ ERROR ][ Engine ][ GetTexture ] '0'가 없습니다.

[TIME] 22:56:53 [FILE] LoadManager.cpp [FUNC] LoadManager::GetTexture [LINE] 227
[ ERROR ][ Engine ][ GetTexture ] '0'가 없습니다.

[TIME] 22:56:53 [FILE] LoadManager.cpp [FUNC] LoadManager::GetTexture [LINE] 227
[ ERROR ][ Engine ][ GetTexture ] 'organic_manatree_BaseColor'가 없습니다.

[TIME] 22:56:53 [FILE] LoadManager.cpp [FUNC] LoadManager::GetTexture [LINE] 227
[ ERROR ][ Engine ][ GetTexture ] 'organic_manatree_Normal'가 없습니다.

[TIME] 22:56:53 [FILE] LoadManager.cpp [FUNC] LoadManager::GetTexture [LINE] 227
[ ERROR ][ Engine ][ GetTexture ] '0'가 없습니다.

[TIME] 22:56:53 [FILE] LoadManager.cpp [FUNC] LoadManager::GetTexture [LINE] 227
[ ERROR ][ Engine ][ GetTexture ] 'organic_manatree_ORM'가 없습니다.

[TIME] 22:56:53 [FILE] LoadManager.cpp [FUNC] LoadManager::GetTexture [LINE] 227
[ ERROR ][ Engine ][ GetTexture ] '0'가 없습니다.

[TIME] 22:56:53 [FILE] LoadManager.cpp [FUNC] LoadManager::GetTexture [LINE] 227
[ ERROR ][ Engine ][ GetTexture ] '0'가 없습니다.

[TIME] 22:56:53 [FILE] LoadManager.cpp [FUNC] LoadManager::GetTexture [LINE] 227
[ ERROR ][ Engine ][ GetTexture ] '0'가 없습니다.

[TIME] 22:56:53 [FILE] LoadManager.cpp [FUNC] LoadManager::GetTexture [LINE] 227
[ ERROR ][ Engine ][ GetTexture ] '0'가 없습니다.

[TIME] 22:56:53 [FILE] LoadManager.cpp [FUNC] LoadManager::GetTexture [LINE] 227
[ ERROR ][ Engine ][ GetTexture ] '0'가 없습니다.

[TIME] 22:56:53 [FILE] LoadManager.cpp [FUNC] LoadManager::GetTexture [LINE] 227
[ ERROR ][ Engine ][ GetTexture ] '0'가 없습니다.

[TIME] 22:56:53 [FILE] LoadManager.cpp [FUNC] LoadManager::GetTexture [LINE] 227
[ ERROR ][ Engine ][ GetTexture ] '0'가 없습니다.

[TIME] 22:56:53 [FILE] LoadManager.cpp [FUNC] LoadManager::GetTexture [LINE] 227
[ ERROR ][ Engine ][ GetTexture ] '0'가 없습니다.

[TIME] 22:56:53 [FILE] LoadManager.cpp [FUNC] LoadManager::GetTexture [LINE] 227
[ ERROR ][ Engine ][ GetTexture ] '0'가 없습니다.

[TIME] 22:56:53 [FILE] LoadManager.cpp [FUNC] LoadManager::GetTexture [LINE] 227
[ ERROR ][ Engine ][ GetTexture ] '0'가 없습니다.

[TIME] 22:56:53 [FILE] LoadManager.cpp [FUNC] LoadManager::GetTexture [LINE] 227
[ ERROR ][ Engine ][ GetTexture ] '0'가 없습니다.

[TIME] 22:56:53 [FILE] LoadManager.cpp [FUNC] LoadManager::GetTexture [LINE] 227
[ ERROR ][ Engine ][ GetTexture ] '0'가 없습니다.

[TIME] 22:56:53 [FILE] LoadManager.cpp [FUNC] LoadManager::GetTexture [LINE] 227
[ ERROR ][ Engine ][ GetTexture ] '0'가 없습니다.

[TIME] 22:56:53 [FILE] LoadManager.cpp [FUNC] LoadManager::GetTexture [LINE] 227
[ ERROR ][ Engine ][ GetTexture ] '0'가 없습니다.

[TIME] 22:56:53 [FILE] LoadManager.cpp [FUNC] LoadManager::GetTexture [LINE] 227
[ ERROR ][ Engine ][ GetTexture ] 'organic_mana_BaseColor'가 없습니다.

[TIME] 22:56:53 [FILE] LoadManager.cpp [FUNC] LoadManager::GetTexture [LINE] 227
[ ERROR ][ Engine ][ GetTexture ] 'organic_mana_Normal'가 없습니다.

[TIME] 22:56:53 [FILE] LoadManager.cpp [FUNC] LoadManager::GetTexture [LINE] 227
[ ERROR ][ Engine ][ GetTexture ] '0'가 없습니다.

[TIME] 22:56:53 [FILE] LoadManager.cpp [FUNC] LoadManager::GetTexture [LINE] 227
[ ERROR ][ Engine ][ GetTexture ] 'organic_mana_ORM'가 없습니다.

[TIME] 22:56:53 [FILE] LoadManager.cpp [FUNC] LoadManager::GetTexture [LINE] 227
[ ERROR ][ Engine ][ GetTexture ] '0'가 없습니다.

[TIME] 22:56:53 [FILE] LoadManager.cpp [FUNC] LoadManager::GetTexture [LINE] 227
[ ERROR ][ Engine ][ GetTexture ] '0'가 없습니다.

[TIME] 22:56:53 [FILE] LoadManager.cpp [FUNC] LoadManager::GetTexture [LINE] 227
[ ERROR ][ Engine ][ GetTexture ] '0'가 없습니다.

[TIME] 22:56:53 [FILE] LoadManager.cpp [FUNC] LoadManager::GetTexture [LINE] 227
[ ERROR ][ Engine ][ GetTexture ] '0'가 없습니다.

[TIME] 22:56:53 [FILE] LoadManager.cpp [FUNC] LoadManager::GetTexture [LINE] 227
[ ERROR ][ Engine ][ GetTexture ] '0'가 없습니다.

[TIME] 22:56:53 [FILE] LoadManager.cpp [FUNC] LoadManager::GetTexture [LINE] 227
[ ERROR ][ Engine ][ GetTexture ] 'Player_BaseColor'가 없습니다.

[TIME] 22:56:53 [FILE] LoadManager.cpp [FUNC] LoadManager::GetTexture [LINE] 227
[ ERROR ][ Engine ][ GetTexture ] 'Player_Normal'가 없습니다.

[TIME] 22:56:53 [FILE] LoadManager.cpp [FUNC] LoadManager::GetTexture [LINE] 227
[ ERROR ][ Engine ][ GetTexture ] '0'가 없습니다.

[TIME] 22:56:53 [FILE] LoadManager.cpp [FUNC] LoadManager::GetTexture [LINE] 227
[ ERROR ][ Engine ][ GetTexture ] 'Player_Emissive'가 없습니다.

[TIME] 22:56:53 [FILE] LoadManager.cpp [FUNC] LoadManager::GetTexture [LINE] 227
[ ERROR ][ Engine ][ GetTexture ] '0'가 없습니다.

[TIME] 22:56:53 [FILE] LoadManager.cpp [FUNC] LoadManager::GetTexture [LINE] 227
[ ERROR ][ Engine ][ GetTexture ] '0'가 없습니다.

[TIME] 22:56:53 [FILE] LoadManager.cpp [FUNC] LoadManager::GetTexture [LINE] 227
[ ERROR ][ Engine ][ GetTexture ] '0'가 없습니다.

[TIME] 22:56:53 [FILE] LoadManager.cpp [FUNC] LoadManager::GetTexture [LINE] 227
[ ERROR ][ Engine ][ GetTexture ] '0'가 없습니다.

[TIME] 22:57:28 [FILE] LoadManager.cpp [FUNC] LoadManager::GetMesh [LINE] 306
[ ERROR ][ Engine ][ GetMesh ] '_0'가 없습니다.

[TIME] 22:57:28 [FILE] LoadManager.cpp [FUNC] LoadManager::GetSkyLight [LINE] 243
[ ERROR ][ Engine ][ GetSkyLight ] 'SkyLight_0'가 없습니다.

[TIME] 22:57:28 [FILE] LoadManager.cpp [FUNC] LoadManager::GetSkyLight [LINE] 243
[ ERROR ][ Engine ][ GetSkyLight ] 'SkyLight_1'가 없습니다.

[TIME] 22:57:28 [FILE] LoadManager.cpp [FUNC] LoadManager::GetMaterial [LINE] 259
[ ERROR ][ Engine ][ GetMaterial ] ''가 없습니다.

