[TIME] 00:52:32 [FILE] D3D11Graphic.cpp [FUNC] D3D11Graphic::CreateTextureBuffer [LINE] 210
[ Graphic ][ Create ][ ShaderResourceView ] '../Assets/Texture/Particle/Glow_Particle.png' FAILED!!
[ERROR] 구성 요소를 찾을 수 없습니다.

[TIME] 00:52:32 [FILE] TextureManager.cpp [FUNC] TextureManager::LoadTexture [LINE] 34
[ Engine ][ Create ][ Texture Buffer ] '../Assets/Texture/Particle/Glow_Particle.png' FAILED!!

[TIME] 00:53:07 [FILE] TextureManager.cpp [FUNC] TextureManager::BakeSkyLightMap [LINE] 56
[ Engine ][ Bake ][ SkyLight Buffer ] 'SkyLight_HDRI' Texture가 로드되지 않았습니다!!

[TIME] 00:56:41 [FILE] D3D11Graphic.cpp [FUNC] D3D11Graphic::CreateTextureBuffer [LINE] 210
[ Graphic ][ Create ][ ShaderResourceView ] '../Assets/Texture/Particle/Glow_Particle.png' FAILED!!
[ERROR] 구성 요소를 찾을 수 없습니다.

[TIME] 00:56:41 [FILE] TextureManager.cpp [FUNC] TextureManager::LoadTexture [LINE] 34
[ Engine ][ Create ][ Texture Buffer ] '../Assets/Texture/Particle/Glow_Particle.png' FAILED!!

[TIME] 00:57:12 [FILE] TextureManager.cpp [FUNC] TextureManager::BakeSkyLightMap [LINE] 56
[ Engine ][ Bake ][ SkyLight Buffer ] 'SkyLight_HDRI' Texture가 로드되지 않았습니다!!

[TIME] 00:58:50 [FILE] D3D11Graphic.cpp [FUNC] D3D11Graphic::CreateTextureBuffer [LINE] 210
[ Graphic ][ Create ][ ShaderResourceView ] '../Assets/Texture/Particle/Glow_Particle.png' FAILED!!
[ERROR] 구성 요소를 찾을 수 없습니다.

[TIME] 00:58:50 [FILE] TextureManager.cpp [FUNC] TextureManager::LoadTexture [LINE] 34
[ Engine ][ Create ][ Texture Buffer ] '../Assets/Texture/Particle/Glow_Particle.png' FAILED!!

[TIME] 00:59:22 [FILE] TextureManager.cpp [FUNC] TextureManager::BakeSkyLightMap [LINE] 56
[ Engine ][ Bake ][ SkyLight Buffer ] 'SkyLight_HDRI' Texture가 로드되지 않았습니다!!

[TIME] 01:02:05 [FILE] D3D11Graphic.cpp [FUNC] D3D11Graphic::CreateTextureBuffer [LINE] 210
[ Graphic ][ Create ][ ShaderResourceView ] '../Assets/Texture/Particle/Glow_Particle.png' FAILED!!
[ERROR] 구성 요소를 찾을 수 없습니다.

[TIME] 01:02:05 [FILE] TextureManager.cpp [FUNC] TextureManager::LoadTexture [LINE] 34
[ Engine ][ Create ][ Texture Buffer ] '../Assets/Texture/Particle/Glow_Particle.png' FAILED!!

[TIME] 01:02:36 [FILE] TextureManager.cpp [FUNC] TextureManager::BakeSkyLightMap [LINE] 56
[ Engine ][ Bake ][ SkyLight Buffer ] 'SkyLight_HDRI' Texture가 로드되지 않았습니다!!

[TIME] 01:07:23 [FILE] D3D11Graphic.cpp [FUNC] D3D11Graphic::CreateTextureBuffer [LINE] 210
[ Graphic ][ Create ][ ShaderResourceView ] '../Assets/Texture/Particle/Glow_Particle.png' FAILED!!
[ERROR] 구성 요소를 찾을 수 없습니다.

[TIME] 01:07:23 [FILE] TextureManager.cpp [FUNC] TextureManager::LoadTexture [LINE] 34
[ Engine ][ Create ][ Texture Buffer ] '../Assets/Texture/Particle/Glow_Particle.png' FAILED!!

[TIME] 01:07:55 [FILE] TextureManager.cpp [FUNC] TextureManager::BakeSkyLightMap [LINE] 56
[ Engine ][ Bake ][ SkyLight Buffer ] 'SkyLight_HDRI' Texture가 로드되지 않았습니다!!

[TIME] 01:10:22 [FILE] D3D11Graphic.cpp [FUNC] D3D11Graphic::CreateTextureBuffer [LINE] 210
[ Graphic ][ Create ][ ShaderResourceView ] '../Assets/Texture/Particle/Glow_Particle.png' FAILED!!
[ERROR] 구성 요소를 찾을 수 없습니다.

[TIME] 01:10:22 [FILE] TextureManager.cpp [FUNC] TextureManager::LoadTexture [LINE] 34
[ Engine ][ Create ][ Texture Buffer ] '../Assets/Texture/Particle/Glow_Particle.png' FAILED!!

[TIME] 01:10:54 [FILE] TextureManager.cpp [FUNC] TextureManager::BakeSkyLightMap [LINE] 56
[ Engine ][ Bake ][ SkyLight Buffer ] 'SkyLight_HDRI' Texture가 로드되지 않았습니다!!

[TIME] 02:09:24 [FILE] D3D11Graphic.cpp [FUNC] D3D11Graphic::CreateTextureBuffer [LINE] 210
[ Graphic ][ Create ][ ShaderResourceView ] '../Assets/Texture/Particle/Glow_Particle.png' FAILED!!
[ERROR] 구성 요소를 찾을 수 없습니다.

[TIME] 02:09:24 [FILE] TextureManager.cpp [FUNC] TextureManager::LoadTexture [LINE] 34
[ Engine ][ Create ][ Texture Buffer ] '../Assets/Texture/Particle/Glow_Particle.png' FAILED!!

[TIME] 02:09:54 [FILE] TextureManager.cpp [FUNC] TextureManager::BakeSkyLightMap [LINE] 56
[ Engine ][ Bake ][ SkyLight Buffer ] 'SkyLight_HDRI' Texture가 로드되지 않았습니다!!

[TIME] 02:19:30 [FILE] D3D11Graphic.cpp [FUNC] D3D11Graphic::CreateTextureBuffer [LINE] 210
[ Graphic ][ Create ][ ShaderResourceView ] '../Assets/Texture/Particle/Glow_Particle.png' FAILED!!
[ERROR] 구성 요소를 찾을 수 없습니다.

[TIME] 02:19:30 [FILE] TextureManager.cpp [FUNC] TextureManager::LoadTexture [LINE] 34
[ Engine ][ Create ][ Texture Buffer ] '../Assets/Texture/Particle/Glow_Particle.png' FAILED!!

[TIME] 02:20:00 [FILE] TextureManager.cpp [FUNC] TextureManager::BakeSkyLightMap [LINE] 56
[ Engine ][ Bake ][ SkyLight Buffer ] 'SkyLight_HDRI' Texture가 로드되지 않았습니다!!

[TIME] 02:33:58 [FILE] D3D11Graphic.cpp [FUNC] D3D11Graphic::CreateTextureBuffer [LINE] 210
[ Graphic ][ Create ][ ShaderResourceView ] '../Assets/Texture/Particle/Glow_Particle.png' FAILED!!
[ERROR] 구성 요소를 찾을 수 없습니다.

[TIME] 02:33:58 [FILE] TextureManager.cpp [FUNC] TextureManager::LoadTexture [LINE] 34
[ Engine ][ Create ][ Texture Buffer ] '../Assets/Texture/Particle/Glow_Particle.png' FAILED!!

[TIME] 02:34:28 [FILE] TextureManager.cpp [FUNC] TextureManager::BakeSkyLightMap [LINE] 56
[ Engine ][ Bake ][ SkyLight Buffer ] 'SkyLight_HDRI' Texture가 로드되지 않았습니다!!

[TIME] 02:43:53 [FILE] D3D11Graphic.cpp [FUNC] D3D11Graphic::CreateTextureBuffer [LINE] 210
[ Graphic ][ Create ][ ShaderResourceView ] '../Assets/Texture/Particle/Glow_Particle.png' FAILED!!
[ERROR] 구성 요소를 찾을 수 없습니다.

[TIME] 02:43:53 [FILE] TextureManager.cpp [FUNC] TextureManager::LoadTexture [LINE] 34
[ Engine ][ Create ][ Texture Buffer ] '../Assets/Texture/Particle/Glow_Particle.png' FAILED!!

[TIME] 02:44:23 [FILE] TextureManager.cpp [FUNC] TextureManager::BakeSkyLightMap [LINE] 56
[ Engine ][ Bake ][ SkyLight Buffer ] 'SkyLight_HDRI' Texture가 로드되지 않았습니다!!

[TIME] 02:45:48 [FILE] D3D11Graphic.cpp [FUNC] D3D11Graphic::CreateTextureBuffer [LINE] 210
[ Graphic ][ Create ][ ShaderResourceView ] '../Assets/Texture/Particle/Glow_Particle.png' FAILED!!
[ERROR] 구성 요소를 찾을 수 없습니다.

[TIME] 02:45:48 [FILE] TextureManager.cpp [FUNC] TextureManager::LoadTexture [LINE] 34
[ Engine ][ Create ][ Texture Buffer ] '../Assets/Texture/Particle/Glow_Particle.png' FAILED!!

[TIME] 02:46:18 [FILE] TextureManager.cpp [FUNC] TextureManager::BakeSkyLightMap [LINE] 56
[ Engine ][ Bake ][ SkyLight Buffer ] 'SkyLight_HDRI' Texture가 로드되지 않았습니다!!

[TIME] 02:49:07 [FILE] D3D11Graphic.cpp [FUNC] D3D11Graphic::CreateTextureBuffer [LINE] 210
[ Graphic ][ Create ][ ShaderResourceView ] '../Assets/Texture/Particle/Glow_Particle.png' FAILED!!
[ERROR] 구성 요소를 찾을 수 없습니다.

[TIME] 02:49:07 [FILE] TextureManager.cpp [FUNC] TextureManager::LoadTexture [LINE] 34
[ Engine ][ Create ][ Texture Buffer ] '../Assets/Texture/Particle/Glow_Particle.png' FAILED!!

[TIME] 02:49:36 [FILE] TextureManager.cpp [FUNC] TextureManager::BakeSkyLightMap [LINE] 56
[ Engine ][ Bake ][ SkyLight Buffer ] 'SkyLight_HDRI' Texture가 로드되지 않았습니다!!

[TIME] 03:16:39 [FILE] D3D11Graphic.cpp [FUNC] D3D11Graphic::CreateTextureBuffer [LINE] 210
[ Graphic ][ Create ][ ShaderResourceView ] '../Assets/Texture/Particle/Glow_Particle.png' FAILED!!
[ERROR] 구성 요소를 찾을 수 없습니다.

[TIME] 03:16:39 [FILE] TextureManager.cpp [FUNC] TextureManager::LoadTexture [LINE] 34
[ Engine ][ Create ][ Texture Buffer ] '../Assets/Texture/Particle/Glow_Particle.png' FAILED!!

[TIME] 03:17:10 [FILE] TextureManager.cpp [FUNC] TextureManager::BakeSkyLightMap [LINE] 56
[ Engine ][ Bake ][ SkyLight Buffer ] 'SkyLight_HDRI' Texture가 로드되지 않았습니다!!

[TIME] 03:26:08 [FILE] D3D11Graphic.cpp [FUNC] D3D11Graphic::CreateTextureBuffer [LINE] 210
[ Graphic ][ Create ][ ShaderResourceView ] '../Assets/Texture/Particle/Glow_Particle.png' FAILED!!
[ERROR] 구성 요소를 찾을 수 없습니다.

[TIME] 03:26:08 [FILE] TextureManager.cpp [FUNC] TextureManager::LoadTexture [LINE] 34
[ Engine ][ Create ][ Texture Buffer ] '../Assets/Texture/Particle/Glow_Particle.png' FAILED!!

[TIME] 03:26:39 [FILE] TextureManager.cpp [FUNC] TextureManager::BakeSkyLightMap [LINE] 56
[ Engine ][ Bake ][ SkyLight Buffer ] 'SkyLight_HDRI' Texture가 로드되지 않았습니다!!

[TIME] 03:28:56 [FILE] D3D11Graphic.cpp [FUNC] D3D11Graphic::CreateTextureBuffer [LINE] 210
[ Graphic ][ Create ][ ShaderResourceView ] '../Assets/Texture/Particle/Glow_Particle.png' FAILED!!
[ERROR] 구성 요소를 찾을 수 없습니다.

[TIME] 03:28:56 [FILE] TextureManager.cpp [FUNC] TextureManager::LoadTexture [LINE] 34
[ Engine ][ Create ][ Texture Buffer ] '../Assets/Texture/Particle/Glow_Particle.png' FAILED!!

[TIME] 03:29:28 [FILE] TextureManager.cpp [FUNC] TextureManager::BakeSkyLightMap [LINE] 56
[ Engine ][ Bake ][ SkyLight Buffer ] 'SkyLight_HDRI' Texture가 로드되지 않았습니다!!

[TIME] 03:35:27 [FILE] D3D11Graphic.cpp [FUNC] D3D11Graphic::CreateTextureBuffer [LINE] 210
[ Graphic ][ Create ][ ShaderResourceView ] '../Assets/Texture/Particle/Glow_Particle.png' FAILED!!
[ERROR] 구성 요소를 찾을 수 없습니다.

[TIME] 03:35:27 [FILE] TextureManager.cpp [FUNC] TextureManager::LoadTexture [LINE] 34
[ Engine ][ Create ][ Texture Buffer ] '../Assets/Texture/Particle/Glow_Particle.png' FAILED!!

[TIME] 03:35:58 [FILE] TextureManager.cpp [FUNC] TextureManager::BakeSkyLightMap [LINE] 56
[ Engine ][ Bake ][ SkyLight Buffer ] 'SkyLight_HDRI' Texture가 로드되지 않았습니다!!

[TIME] 10:53:32 [FILE] D3D11Graphic.cpp [FUNC] D3D11Graphic::CreateTextureBuffer [LINE] 210
[ Graphic ][ Create ][ ShaderResourceView ] '../Assets/Texture/Particle/Glow_Particle.png' FAILED!!
[ERROR] 구성 요소를 찾을 수 없습니다.

[TIME] 10:53:32 [FILE] TextureManager.cpp [FUNC] TextureManager::LoadTexture [LINE] 34
[ Engine ][ Create ][ Texture Buffer ] '../Assets/Texture/Particle/Glow_Particle.png' FAILED!!

[TIME] 10:53:52 [FILE] TextureManager.cpp [FUNC] TextureManager::BakeSkyLightMap [LINE] 56
[ Engine ][ Bake ][ SkyLight Buffer ] 'SkyLight_HDRI' Texture가 로드되지 않았습니다!!

[TIME] 11:02:17 [FILE] D3D11Graphic.cpp [FUNC] D3D11Graphic::CreateTextureBuffer [LINE] 210
[ Graphic ][ Create ][ ShaderResourceView ] '../Assets/Texture/Particle/Glow_Particle.png' FAILED!!
[ERROR] 구성 요소를 찾을 수 없습니다.

[TIME] 11:02:17 [FILE] TextureManager.cpp [FUNC] TextureManager::LoadTexture [LINE] 34
[ Engine ][ Create ][ Texture Buffer ] '../Assets/Texture/Particle/Glow_Particle.png' FAILED!!

[TIME] 11:02:37 [FILE] TextureManager.cpp [FUNC] TextureManager::BakeSkyLightMap [LINE] 56
[ Engine ][ Bake ][ SkyLight Buffer ] 'SkyLight_HDRI' Texture가 로드되지 않았습니다!!

[TIME] 11:05:11 [FILE] D3D11Graphic.cpp [FUNC] D3D11Graphic::CreateTextureBuffer [LINE] 210
[ Graphic ][ Create ][ ShaderResourceView ] '../Assets/Texture/Particle/Glow_Particle.png' FAILED!!
[ERROR] 구성 요소를 찾을 수 없습니다.

[TIME] 11:05:11 [FILE] TextureManager.cpp [FUNC] TextureManager::LoadTexture [LINE] 34
[ Engine ][ Create ][ Texture Buffer ] '../Assets/Texture/Particle/Glow_Particle.png' FAILED!!

[TIME] 11:05:30 [FILE] TextureManager.cpp [FUNC] TextureManager::BakeSkyLightMap [LINE] 56
[ Engine ][ Bake ][ SkyLight Buffer ] 'SkyLight_HDRI' Texture가 로드되지 않았습니다!!

[TIME] 11:06:19 [FILE] D3D11Graphic.cpp [FUNC] D3D11Graphic::CreateTextureBuffer [LINE] 210
[ Graphic ][ Create ][ ShaderResourceView ] '../Assets/Texture/Particle/Glow_Particle.png' FAILED!!
[ERROR] 구성 요소를 찾을 수 없습니다.

[TIME] 11:06:19 [FILE] TextureManager.cpp [FUNC] TextureManager::LoadTexture [LINE] 34
[ Engine ][ Create ][ Texture Buffer ] '../Assets/Texture/Particle/Glow_Particle.png' FAILED!!

[TIME] 11:06:39 [FILE] TextureManager.cpp [FUNC] TextureManager::BakeSkyLightMap [LINE] 56
[ Engine ][ Bake ][ SkyLight Buffer ] 'SkyLight_HDRI' Texture가 로드되지 않았습니다!!

[TIME] 11:07:33 [FILE] D3D11Graphic.cpp [FUNC] D3D11Graphic::CreateTextureBuffer [LINE] 210
[ Graphic ][ Create ][ ShaderResourceView ] '../Assets/Texture/Particle/Glow_Particle.png' FAILED!!
[ERROR] 구성 요소를 찾을 수 없습니다.

[TIME] 11:07:33 [FILE] TextureManager.cpp [FUNC] TextureManager::LoadTexture [LINE] 34
[ Engine ][ Create ][ Texture Buffer ] '../Assets/Texture/Particle/Glow_Particle.png' FAILED!!

[TIME] 11:07:53 [FILE] TextureManager.cpp [FUNC] TextureManager::BakeSkyLightMap [LINE] 56
[ Engine ][ Bake ][ SkyLight Buffer ] 'SkyLight_HDRI' Texture가 로드되지 않았습니다!!

[TIME] 11:09:49 [FILE] D3D11Graphic.cpp [FUNC] D3D11Graphic::CreateTextureBuffer [LINE] 210
[ Graphic ][ Create ][ ShaderResourceView ] '../Assets/Texture/Particle/Glow_Particle.png' FAILED!!
[ERROR] 구성 요소를 찾을 수 없습니다.

[TIME] 11:09:49 [FILE] TextureManager.cpp [FUNC] TextureManager::LoadTexture [LINE] 34
[ Engine ][ Create ][ Texture Buffer ] '../Assets/Texture/Particle/Glow_Particle.png' FAILED!!

[TIME] 11:10:08 [FILE] TextureManager.cpp [FUNC] TextureManager::BakeSkyLightMap [LINE] 56
[ Engine ][ Bake ][ SkyLight Buffer ] 'SkyLight_HDRI' Texture가 로드되지 않았습니다!!

[TIME] 11:10:58 [FILE] D3D11Graphic.cpp [FUNC] D3D11Graphic::CreateTextureBuffer [LINE] 210
[ Graphic ][ Create ][ ShaderResourceView ] '../Assets/Texture/Particle/Glow_Particle.png' FAILED!!
[ERROR] 구성 요소를 찾을 수 없습니다.

[TIME] 11:10:58 [FILE] TextureManager.cpp [FUNC] TextureManager::LoadTexture [LINE] 34
[ Engine ][ Create ][ Texture Buffer ] '../Assets/Texture/Particle/Glow_Particle.png' FAILED!!

[TIME] 11:11:17 [FILE] TextureManager.cpp [FUNC] TextureManager::BakeSkyLightMap [LINE] 56
[ Engine ][ Bake ][ SkyLight Buffer ] 'SkyLight_HDRI' Texture가 로드되지 않았습니다!!

[TIME] 11:12:39 [FILE] D3D11Graphic.cpp [FUNC] D3D11Graphic::CreateTextureBuffer [LINE] 210
[ Graphic ][ Create ][ ShaderResourceView ] '../Assets/Texture/Particle/Glow_Particle.png' FAILED!!
[ERROR] 구성 요소를 찾을 수 없습니다.

[TIME] 11:12:39 [FILE] TextureManager.cpp [FUNC] TextureManager::LoadTexture [LINE] 34
[ Engine ][ Create ][ Texture Buffer ] '../Assets/Texture/Particle/Glow_Particle.png' FAILED!!

[TIME] 11:12:59 [FILE] TextureManager.cpp [FUNC] TextureManager::BakeSkyLightMap [LINE] 56
[ Engine ][ Bake ][ SkyLight Buffer ] 'SkyLight_HDRI' Texture가 로드되지 않았습니다!!

[TIME] 11:13:56 [FILE] D3D11Graphic.cpp [FUNC] D3D11Graphic::CreateTextureBuffer [LINE] 210
[ Graphic ][ Create ][ ShaderResourceView ] '../Assets/Texture/Particle/Glow_Particle.png' FAILED!!
[ERROR] 구성 요소를 찾을 수 없습니다.

[TIME] 11:13:56 [FILE] TextureManager.cpp [FUNC] TextureManager::LoadTexture [LINE] 34
[ Engine ][ Create ][ Texture Buffer ] '../Assets/Texture/Particle/Glow_Particle.png' FAILED!!

[TIME] 11:14:16 [FILE] TextureManager.cpp [FUNC] TextureManager::BakeSkyLightMap [LINE] 56
[ Engine ][ Bake ][ SkyLight Buffer ] 'SkyLight_HDRI' Texture가 로드되지 않았습니다!!

[TIME] 11:15:06 [FILE] D3D11Graphic.cpp [FUNC] D3D11Graphic::CreateTextureBuffer [LINE] 210
[ Graphic ][ Create ][ ShaderResourceView ] '../Assets/Texture/Particle/Glow_Particle.png' FAILED!!
[ERROR] 구성 요소를 찾을 수 없습니다.

[TIME] 11:15:06 [FILE] TextureManager.cpp [FUNC] TextureManager::LoadTexture [LINE] 34
[ Engine ][ Create ][ Texture Buffer ] '../Assets/Texture/Particle/Glow_Particle.png' FAILED!!

[TIME] 11:15:25 [FILE] TextureManager.cpp [FUNC] TextureManager::BakeSkyLightMap [LINE] 56
[ Engine ][ Bake ][ SkyLight Buffer ] 'SkyLight_HDRI' Texture가 로드되지 않았습니다!!

[TIME] 11:16:18 [FILE] D3D11Graphic.cpp [FUNC] D3D11Graphic::CreateTextureBuffer [LINE] 210
[ Graphic ][ Create ][ ShaderResourceView ] '../Assets/Texture/Particle/Glow_Particle.png' FAILED!!
[ERROR] 구성 요소를 찾을 수 없습니다.

[TIME] 11:16:18 [FILE] TextureManager.cpp [FUNC] TextureManager::LoadTexture [LINE] 34
[ Engine ][ Create ][ Texture Buffer ] '../Assets/Texture/Particle/Glow_Particle.png' FAILED!!

[TIME] 11:16:38 [FILE] TextureManager.cpp [FUNC] TextureManager::BakeSkyLightMap [LINE] 56
[ Engine ][ Bake ][ SkyLight Buffer ] 'SkyLight_HDRI' Texture가 로드되지 않았습니다!!

[TIME] 11:18:37 [FILE] D3D11Graphic.cpp [FUNC] D3D11Graphic::CreateTextureBuffer [LINE] 210
[ Graphic ][ Create ][ ShaderResourceView ] '../Assets/Texture/Particle/Glow_Particle.png' FAILED!!
[ERROR] 구성 요소를 찾을 수 없습니다.

[TIME] 11:18:37 [FILE] TextureManager.cpp [FUNC] TextureManager::LoadTexture [LINE] 34
[ Engine ][ Create ][ Texture Buffer ] '../Assets/Texture/Particle/Glow_Particle.png' FAILED!!

[TIME] 11:18:56 [FILE] TextureManager.cpp [FUNC] TextureManager::BakeSkyLightMap [LINE] 56
[ Engine ][ Bake ][ SkyLight Buffer ] 'SkyLight_HDRI' Texture가 로드되지 않았습니다!!

[TIME] 11:20:06 [FILE] D3D11Graphic.cpp [FUNC] D3D11Graphic::CreateTextureBuffer [LINE] 210
[ Graphic ][ Create ][ ShaderResourceView ] '../Assets/Texture/Particle/Glow_Particle.png' FAILED!!
[ERROR] 구성 요소를 찾을 수 없습니다.

[TIME] 11:20:06 [FILE] TextureManager.cpp [FUNC] TextureManager::LoadTexture [LINE] 34
[ Engine ][ Create ][ Texture Buffer ] '../Assets/Texture/Particle/Glow_Particle.png' FAILED!!

[TIME] 11:20:25 [FILE] TextureManager.cpp [FUNC] TextureManager::BakeSkyLightMap [LINE] 56
[ Engine ][ Bake ][ SkyLight Buffer ] 'SkyLight_HDRI' Texture가 로드되지 않았습니다!!

[TIME] 11:23:30 [FILE] D3D11Graphic.cpp [FUNC] D3D11Graphic::CreateTextureBuffer [LINE] 210
[ Graphic ][ Create ][ ShaderResourceView ] '../Assets/Texture/Particle/Glow_Particle.png' FAILED!!
[ERROR] 구성 요소를 찾을 수 없습니다.

[TIME] 11:23:30 [FILE] TextureManager.cpp [FUNC] TextureManager::LoadTexture [LINE] 34
[ Engine ][ Create ][ Texture Buffer ] '../Assets/Texture/Particle/Glow_Particle.png' FAILED!!

[TIME] 11:23:50 [FILE] TextureManager.cpp [FUNC] TextureManager::BakeSkyLightMap [LINE] 56
[ Engine ][ Bake ][ SkyLight Buffer ] 'SkyLight_HDRI' Texture가 로드되지 않았습니다!!

[TIME] 11:24:39 [FILE] D3D11Graphic.cpp [FUNC] D3D11Graphic::CreateTextureBuffer [LINE] 210
[ Graphic ][ Create ][ ShaderResourceView ] '../Assets/Texture/Particle/Glow_Particle.png' FAILED!!
[ERROR] 구성 요소를 찾을 수 없습니다.

[TIME] 11:24:39 [FILE] TextureManager.cpp [FUNC] TextureManager::LoadTexture [LINE] 34
[ Engine ][ Create ][ Texture Buffer ] '../Assets/Texture/Particle/Glow_Particle.png' FAILED!!

[TIME] 11:24:58 [FILE] TextureManager.cpp [FUNC] TextureManager::BakeSkyLightMap [LINE] 56
[ Engine ][ Bake ][ SkyLight Buffer ] 'SkyLight_HDRI' Texture가 로드되지 않았습니다!!

[TIME] 11:30:34 [FILE] D3D11Graphic.cpp [FUNC] D3D11Graphic::CreateTextureBuffer [LINE] 210
[ Graphic ][ Create ][ ShaderResourceView ] '../Assets/Texture/Particle/Glow_Particle.png' FAILED!!
[ERROR] 구성 요소를 찾을 수 없습니다.

[TIME] 11:30:34 [FILE] TextureManager.cpp [FUNC] TextureManager::LoadTexture [LINE] 34
[ Engine ][ Create ][ Texture Buffer ] '../Assets/Texture/Particle/Glow_Particle.png' FAILED!!

[TIME] 11:30:54 [FILE] TextureManager.cpp [FUNC] TextureManager::BakeSkyLightMap [LINE] 56
[ Engine ][ Bake ][ SkyLight Buffer ] 'SkyLight_HDRI' Texture가 로드되지 않았습니다!!

[TIME] 11:34:18 [FILE] D3D11Graphic.cpp [FUNC] D3D11Graphic::CreateTextureBuffer [LINE] 210
[ Graphic ][ Create ][ ShaderResourceView ] '../Assets/Texture/Particle/Glow_Particle.png' FAILED!!
[ERROR] 구성 요소를 찾을 수 없습니다.

[TIME] 11:34:18 [FILE] TextureManager.cpp [FUNC] TextureManager::LoadTexture [LINE] 34
[ Engine ][ Create ][ Texture Buffer ] '../Assets/Texture/Particle/Glow_Particle.png' FAILED!!

[TIME] 11:34:38 [FILE] TextureManager.cpp [FUNC] TextureManager::BakeSkyLightMap [LINE] 56
[ Engine ][ Bake ][ SkyLight Buffer ] 'SkyLight_HDRI' Texture가 로드되지 않았습니다!!

[TIME] 11:42:25 [FILE] D3D11Graphic.cpp [FUNC] D3D11Graphic::CreateTextureBuffer [LINE] 210
[ Graphic ][ Create ][ ShaderResourceView ] '../Assets/Texture/Particle/Glow_Particle.png' FAILED!!
[ERROR] 구성 요소를 찾을 수 없습니다.

[TIME] 11:42:25 [FILE] TextureManager.cpp [FUNC] TextureManager::LoadTexture [LINE] 34
[ Engine ][ Create ][ Texture Buffer ] '../Assets/Texture/Particle/Glow_Particle.png' FAILED!!

[TIME] 11:42:44 [FILE] TextureManager.cpp [FUNC] TextureManager::BakeSkyLightMap [LINE] 56
[ Engine ][ Bake ][ SkyLight Buffer ] 'SkyLight_HDRI' Texture가 로드되지 않았습니다!!

[TIME] 11:43:41 [FILE] D3D11Graphic.cpp [FUNC] D3D11Graphic::CreateTextureBuffer [LINE] 210
[ Graphic ][ Create ][ ShaderResourceView ] '../Assets/Texture/Particle/Glow_Particle.png' FAILED!!
[ERROR] 구성 요소를 찾을 수 없습니다.

[TIME] 11:43:41 [FILE] TextureManager.cpp [FUNC] TextureManager::LoadTexture [LINE] 34
[ Engine ][ Create ][ Texture Buffer ] '../Assets/Texture/Particle/Glow_Particle.png' FAILED!!

[TIME] 11:44:01 [FILE] TextureManager.cpp [FUNC] TextureManager::BakeSkyLightMap [LINE] 56
[ Engine ][ Bake ][ SkyLight Buffer ] 'SkyLight_HDRI' Texture가 로드되지 않았습니다!!

[TIME] 12:07:00 [FILE] D3D11Graphic.cpp [FUNC] D3D11Graphic::CreateTextureBuffer [LINE] 210
[ Graphic ][ Create ][ ShaderResourceView ] '../Assets/Texture/Particle/Glow_Particle.png' FAILED!!
[ERROR] 구성 요소를 찾을 수 없습니다.

[TIME] 12:07:00 [FILE] TextureManager.cpp [FUNC] TextureManager::LoadTexture [LINE] 34
[ Engine ][ Create ][ Texture Buffer ] '../Assets/Texture/Particle/Glow_Particle.png' FAILED!!

[TIME] 12:07:19 [FILE] TextureManager.cpp [FUNC] TextureManager::BakeSkyLightMap [LINE] 56
[ Engine ][ Bake ][ SkyLight Buffer ] 'SkyLight_HDRI' Texture가 로드되지 않았습니다!!

[TIME] 12:11:19 [FILE] D3D11Graphic.cpp [FUNC] D3D11Graphic::CreateTextureBuffer [LINE] 210
[ Graphic ][ Create ][ ShaderResourceView ] '../Assets/Texture/Particle/Glow_Particle.png' FAILED!!
[ERROR] 구성 요소를 찾을 수 없습니다.

[TIME] 12:11:19 [FILE] TextureManager.cpp [FUNC] TextureManager::LoadTexture [LINE] 34
[ Engine ][ Create ][ Texture Buffer ] '../Assets/Texture/Particle/Glow_Particle.png' FAILED!!

[TIME] 12:11:38 [FILE] TextureManager.cpp [FUNC] TextureManager::BakeSkyLightMap [LINE] 56
[ Engine ][ Bake ][ SkyLight Buffer ] 'SkyLight_HDRI' Texture가 로드되지 않았습니다!!

[TIME] 12:12:57 [FILE] D3D11Graphic.cpp [FUNC] D3D11Graphic::CreateTextureBuffer [LINE] 210
[ Graphic ][ Create ][ ShaderResourceView ] '../Assets/Texture/Particle/Glow_Particle.png' FAILED!!
[ERROR] 구성 요소를 찾을 수 없습니다.

[TIME] 12:12:57 [FILE] TextureManager.cpp [FUNC] TextureManager::LoadTexture [LINE] 34
[ Engine ][ Create ][ Texture Buffer ] '../Assets/Texture/Particle/Glow_Particle.png' FAILED!!

[TIME] 12:13:17 [FILE] TextureManager.cpp [FUNC] TextureManager::BakeSkyLightMap [LINE] 56
[ Engine ][ Bake ][ SkyLight Buffer ] 'SkyLight_HDRI' Texture가 로드되지 않았습니다!!

[TIME] 12:14:02 [FILE] D3D11Graphic.cpp [FUNC] D3D11Graphic::CreateTextureBuffer [LINE] 210
[ Graphic ][ Create ][ ShaderResourceView ] '../Assets/Texture/Particle/Glow_Particle.png' FAILED!!
[ERROR] 구성 요소를 찾을 수 없습니다.

[TIME] 12:14:02 [FILE] TextureManager.cpp [FUNC] TextureManager::LoadTexture [LINE] 34
[ Engine ][ Create ][ Texture Buffer ] '../Assets/Texture/Particle/Glow_Particle.png' FAILED!!

[TIME] 12:14:22 [FILE] TextureManager.cpp [FUNC] TextureManager::BakeSkyLightMap [LINE] 56
[ Engine ][ Bake ][ SkyLight Buffer ] 'SkyLight_HDRI' Texture가 로드되지 않았습니다!!

[TIME] 12:14:51 [FILE] D3D11Graphic.cpp [FUNC] D3D11Graphic::CreateTextureBuffer [LINE] 210
[ Graphic ][ Create ][ ShaderResourceView ] '../Assets/Texture/Particle/Glow_Particle.png' FAILED!!
[ERROR] 구성 요소를 찾을 수 없습니다.

[TIME] 12:14:51 [FILE] TextureManager.cpp [FUNC] TextureManager::LoadTexture [LINE] 34
[ Engine ][ Create ][ Texture Buffer ] '../Assets/Texture/Particle/Glow_Particle.png' FAILED!!

[TIME] 12:15:11 [FILE] TextureManager.cpp [FUNC] TextureManager::BakeSkyLightMap [LINE] 56
[ Engine ][ Bake ][ SkyLight Buffer ] 'SkyLight_HDRI' Texture가 로드되지 않았습니다!!

[TIME] 12:15:44 [FILE] D3D11Graphic.cpp [FUNC] D3D11Graphic::CreateTextureBuffer [LINE] 210
[ Graphic ][ Create ][ ShaderResourceView ] '../Assets/Texture/Particle/Glow_Particle.png' FAILED!!
[ERROR] 구성 요소를 찾을 수 없습니다.

[TIME] 12:15:44 [FILE] TextureManager.cpp [FUNC] TextureManager::LoadTexture [LINE] 34
[ Engine ][ Create ][ Texture Buffer ] '../Assets/Texture/Particle/Glow_Particle.png' FAILED!!

[TIME] 12:16:04 [FILE] TextureManager.cpp [FUNC] TextureManager::BakeSkyLightMap [LINE] 56
[ Engine ][ Bake ][ SkyLight Buffer ] 'SkyLight_HDRI' Texture가 로드되지 않았습니다!!

[TIME] 12:22:33 [FILE] D3D11Graphic.cpp [FUNC] D3D11Graphic::CreateTextureBuffer [LINE] 210
[ Graphic ][ Create ][ ShaderResourceView ] '../Assets/Texture/Particle/Glow_Particle.png' FAILED!!
[ERROR] 구성 요소를 찾을 수 없습니다.

[TIME] 12:22:33 [FILE] TextureManager.cpp [FUNC] TextureManager::LoadTexture [LINE] 34
[ Engine ][ Create ][ Texture Buffer ] '../Assets/Texture/Particle/Glow_Particle.png' FAILED!!

[TIME] 12:22:52 [FILE] TextureManager.cpp [FUNC] TextureManager::BakeSkyLightMap [LINE] 56
[ Engine ][ Bake ][ SkyLight Buffer ] 'SkyLight_HDRI' Texture가 로드되지 않았습니다!!

[TIME] 12:27:35 [FILE] D3D11Graphic.cpp [FUNC] D3D11Graphic::CreateTextureBuffer [LINE] 210
[ Graphic ][ Create ][ ShaderResourceView ] '../Assets/Texture/Particle/Glow_Particle.png' FAILED!!
[ERROR] 구성 요소를 찾을 수 없습니다.

[TIME] 12:27:35 [FILE] TextureManager.cpp [FUNC] TextureManager::LoadTexture [LINE] 34
[ Engine ][ Create ][ Texture Buffer ] '../Assets/Texture/Particle/Glow_Particle.png' FAILED!!

[TIME] 12:27:55 [FILE] TextureManager.cpp [FUNC] TextureManager::BakeSkyLightMap [LINE] 56
[ Engine ][ Bake ][ SkyLight Buffer ] 'SkyLight_HDRI' Texture가 로드되지 않았습니다!!

[TIME] 12:28:46 [FILE] D3D11Graphic.cpp [FUNC] D3D11Graphic::CreateTextureBuffer [LINE] 210
[ Graphic ][ Create ][ ShaderResourceView ] '../Assets/Texture/Particle/Glow_Particle.png' FAILED!!
[ERROR] 구성 요소를 찾을 수 없습니다.

[TIME] 12:28:46 [FILE] TextureManager.cpp [FUNC] TextureManager::LoadTexture [LINE] 34
[ Engine ][ Create ][ Texture Buffer ] '../Assets/Texture/Particle/Glow_Particle.png' FAILED!!

[TIME] 12:29:06 [FILE] TextureManager.cpp [FUNC] TextureManager::BakeSkyLightMap [LINE] 56
[ Engine ][ Bake ][ SkyLight Buffer ] 'SkyLight_HDRI' Texture가 로드되지 않았습니다!!

[TIME] 12:31:08 [FILE] D3D11Graphic.cpp [FUNC] D3D11Graphic::CreateTextureBuffer [LINE] 210
[ Graphic ][ Create ][ ShaderResourceView ] '../Assets/Texture/Particle/Glow_Particle.png' FAILED!!
[ERROR] 구성 요소를 찾을 수 없습니다.

[TIME] 12:31:08 [FILE] TextureManager.cpp [FUNC] TextureManager::LoadTexture [LINE] 34
[ Engine ][ Create ][ Texture Buffer ] '../Assets/Texture/Particle/Glow_Particle.png' FAILED!!

[TIME] 12:31:27 [FILE] TextureManager.cpp [FUNC] TextureManager::BakeSkyLightMap [LINE] 56
[ Engine ][ Bake ][ SkyLight Buffer ] 'SkyLight_HDRI' Texture가 로드되지 않았습니다!!

[TIME] 12:32:17 [FILE] D3D11Graphic.cpp [FUNC] D3D11Graphic::CreateTextureBuffer [LINE] 210
[ Graphic ][ Create ][ ShaderResourceView ] '../Assets/Texture/Particle/Glow_Particle.png' FAILED!!
[ERROR] 구성 요소를 찾을 수 없습니다.

[TIME] 12:32:17 [FILE] TextureManager.cpp [FUNC] TextureManager::LoadTexture [LINE] 34
[ Engine ][ Create ][ Texture Buffer ] '../Assets/Texture/Particle/Glow_Particle.png' FAILED!!

[TIME] 12:32:37 [FILE] TextureManager.cpp [FUNC] TextureManager::BakeSkyLightMap [LINE] 56
[ Engine ][ Bake ][ SkyLight Buffer ] 'SkyLight_HDRI' Texture가 로드되지 않았습니다!!

[TIME] 12:35:40 [FILE] D3D11Graphic.cpp [FUNC] D3D11Graphic::CreateTextureBuffer [LINE] 210
[ Graphic ][ Create ][ ShaderResourceView ] '../Assets/Texture/Particle/Glow_Particle.png' FAILED!!
[ERROR] 구성 요소를 찾을 수 없습니다.

[TIME] 12:35:40 [FILE] TextureManager.cpp [FUNC] TextureManager::LoadTexture [LINE] 34
[ Engine ][ Create ][ Texture Buffer ] '../Assets/Texture/Particle/Glow_Particle.png' FAILED!!

[TIME] 12:36:00 [FILE] TextureManager.cpp [FUNC] TextureManager::BakeSkyLightMap [LINE] 56
[ Engine ][ Bake ][ SkyLight Buffer ] 'SkyLight_HDRI' Texture가 로드되지 않았습니다!!

[TIME] 12:57:34 [FILE] D3D11Graphic.cpp [FUNC] D3D11Graphic::CreateTextureBuffer [LINE] 210
[ Graphic ][ Create ][ ShaderResourceView ] '../Assets/Texture/Particle/Glow_Particle.png' FAILED!!
[ERROR] 구성 요소를 찾을 수 없습니다.

[TIME] 12:57:34 [FILE] TextureManager.cpp [FUNC] TextureManager::LoadTexture [LINE] 34
[ Engine ][ Create ][ Texture Buffer ] '../Assets/Texture/Particle/Glow_Particle.png' FAILED!!

[TIME] 12:57:54 [FILE] TextureManager.cpp [FUNC] TextureManager::BakeSkyLightMap [LINE] 56
[ Engine ][ Bake ][ SkyLight Buffer ] 'SkyLight_HDRI' Texture가 로드되지 않았습니다!!

[TIME] 13:09:09 [FILE] D3D11Graphic.cpp [FUNC] D3D11Graphic::CreateTextureBuffer [LINE] 210
[ Graphic ][ Create ][ ShaderResourceView ] '../Assets/Texture/Particle/Glow_Particle.png' FAILED!!
[ERROR] 구성 요소를 찾을 수 없습니다.

[TIME] 13:09:09 [FILE] TextureManager.cpp [FUNC] TextureManager::LoadTexture [LINE] 34
[ Engine ][ Create ][ Texture Buffer ] '../Assets/Texture/Particle/Glow_Particle.png' FAILED!!

[TIME] 13:09:28 [FILE] TextureManager.cpp [FUNC] TextureManager::BakeSkyLightMap [LINE] 56
[ Engine ][ Bake ][ SkyLight Buffer ] 'SkyLight_HDRI' Texture가 로드되지 않았습니다!!

[TIME] 13:13:44 [FILE] D3D11Graphic.cpp [FUNC] D3D11Graphic::CreateTextureBuffer [LINE] 210
[ Graphic ][ Create ][ ShaderResourceView ] '../Assets/Texture/Particle/Glow_Particle.png' FAILED!!
[ERROR] 구성 요소를 찾을 수 없습니다.

[TIME] 13:13:44 [FILE] TextureManager.cpp [FUNC] TextureManager::LoadTexture [LINE] 34
[ Engine ][ Create ][ Texture Buffer ] '../Assets/Texture/Particle/Glow_Particle.png' FAILED!!

[TIME] 13:14:04 [FILE] TextureManager.cpp [FUNC] TextureManager::BakeSkyLightMap [LINE] 56
[ Engine ][ Bake ][ SkyLight Buffer ] 'SkyLight_HDRI' Texture가 로드되지 않았습니다!!

[TIME] 13:16:07 [FILE] D3D11Graphic.cpp [FUNC] D3D11Graphic::CreateTextureBuffer [LINE] 210
[ Graphic ][ Create ][ ShaderResourceView ] '../Assets/Texture/Particle/Glow_Particle.png' FAILED!!
[ERROR] 구성 요소를 찾을 수 없습니다.

[TIME] 13:16:07 [FILE] TextureManager.cpp [FUNC] TextureManager::LoadTexture [LINE] 34
[ Engine ][ Create ][ Texture Buffer ] '../Assets/Texture/Particle/Glow_Particle.png' FAILED!!

[TIME] 13:16:26 [FILE] TextureManager.cpp [FUNC] TextureManager::BakeSkyLightMap [LINE] 56
[ Engine ][ Bake ][ SkyLight Buffer ] 'SkyLight_HDRI' Texture가 로드되지 않았습니다!!

[TIME] 13:19:34 [FILE] D3D11Graphic.cpp [FUNC] D3D11Graphic::CreateTextureBuffer [LINE] 210
[ Graphic ][ Create ][ ShaderResourceView ] '../Assets/Texture/Particle/Glow_Particle.png' FAILED!!
[ERROR] 구성 요소를 찾을 수 없습니다.

[TIME] 13:19:34 [FILE] TextureManager.cpp [FUNC] TextureManager::LoadTexture [LINE] 34
[ Engine ][ Create ][ Texture Buffer ] '../Assets/Texture/Particle/Glow_Particle.png' FAILED!!

[TIME] 13:19:53 [FILE] TextureManager.cpp [FUNC] TextureManager::BakeSkyLightMap [LINE] 56
[ Engine ][ Bake ][ SkyLight Buffer ] 'SkyLight_HDRI' Texture가 로드되지 않았습니다!!

[TIME] 13:23:35 [FILE] D3D11Graphic.cpp [FUNC] D3D11Graphic::CreateTextureBuffer [LINE] 210
[ Graphic ][ Create ][ ShaderResourceView ] '../Assets/Texture/Particle/Glow_Particle.png' FAILED!!
[ERROR] 구성 요소를 찾을 수 없습니다.

[TIME] 13:23:35 [FILE] TextureManager.cpp [FUNC] TextureManager::LoadTexture [LINE] 34
[ Engine ][ Create ][ Texture Buffer ] '../Assets/Texture/Particle/Glow_Particle.png' FAILED!!

[TIME] 13:23:54 [FILE] TextureManager.cpp [FUNC] TextureManager::BakeSkyLightMap [LINE] 56
[ Engine ][ Bake ][ SkyLight Buffer ] 'SkyLight_HDRI' Texture가 로드되지 않았습니다!!

[TIME] 13:24:44 [FILE] D3D11Graphic.cpp [FUNC] D3D11Graphic::CreateTextureBuffer [LINE] 210
[ Graphic ][ Create ][ ShaderResourceView ] '../Assets/Texture/Particle/Glow_Particle.png' FAILED!!
[ERROR] 구성 요소를 찾을 수 없습니다.

[TIME] 13:24:44 [FILE] TextureManager.cpp [FUNC] TextureManager::LoadTexture [LINE] 34
[ Engine ][ Create ][ Texture Buffer ] '../Assets/Texture/Particle/Glow_Particle.png' FAILED!!

[TIME] 13:25:04 [FILE] TextureManager.cpp [FUNC] TextureManager::BakeSkyLightMap [LINE] 56
[ Engine ][ Bake ][ SkyLight Buffer ] 'SkyLight_HDRI' Texture가 로드되지 않았습니다!!

[TIME] 13:26:11 [FILE] D3D11Graphic.cpp [FUNC] D3D11Graphic::CreateTextureBuffer [LINE] 210
[ Graphic ][ Create ][ ShaderResourceView ] '../Assets/Texture/Particle/Glow_Particle.png' FAILED!!
[ERROR] 구성 요소를 찾을 수 없습니다.

[TIME] 13:26:11 [FILE] TextureManager.cpp [FUNC] TextureManager::LoadTexture [LINE] 34
[ Engine ][ Create ][ Texture Buffer ] '../Assets/Texture/Particle/Glow_Particle.png' FAILED!!

[TIME] 13:26:31 [FILE] TextureManager.cpp [FUNC] TextureManager::BakeSkyLightMap [LINE] 56
[ Engine ][ Bake ][ SkyLight Buffer ] 'SkyLight_HDRI' Texture가 로드되지 않았습니다!!

[TIME] 13:27:52 [FILE] D3D11Graphic.cpp [FUNC] D3D11Graphic::CreateTextureBuffer [LINE] 210
[ Graphic ][ Create ][ ShaderResourceView ] '../Assets/Texture/Particle/Glow_Particle.png' FAILED!!
[ERROR] 구성 요소를 찾을 수 없습니다.

[TIME] 13:27:52 [FILE] TextureManager.cpp [FUNC] TextureManager::LoadTexture [LINE] 34
[ Engine ][ Create ][ Texture Buffer ] '../Assets/Texture/Particle/Glow_Particle.png' FAILED!!

[TIME] 13:28:12 [FILE] TextureManager.cpp [FUNC] TextureManager::BakeSkyLightMap [LINE] 56
[ Engine ][ Bake ][ SkyLight Buffer ] 'SkyLight_HDRI' Texture가 로드되지 않았습니다!!

[TIME] 13:29:11 [FILE] D3D11Graphic.cpp [FUNC] D3D11Graphic::CreateTextureBuffer [LINE] 210
[ Graphic ][ Create ][ ShaderResourceView ] '../Assets/Texture/Particle/Glow_Particle.png' FAILED!!
[ERROR] 구성 요소를 찾을 수 없습니다.

[TIME] 13:29:11 [FILE] TextureManager.cpp [FUNC] TextureManager::LoadTexture [LINE] 34
[ Engine ][ Create ][ Texture Buffer ] '../Assets/Texture/Particle/Glow_Particle.png' FAILED!!

[TIME] 13:29:31 [FILE] TextureManager.cpp [FUNC] TextureManager::BakeSkyLightMap [LINE] 56
[ Engine ][ Bake ][ SkyLight Buffer ] 'SkyLight_HDRI' Texture가 로드되지 않았습니다!!

[TIME] 13:31:05 [FILE] D3D11Graphic.cpp [FUNC] D3D11Graphic::CreateTextureBuffer [LINE] 210
[ Graphic ][ Create ][ ShaderResourceView ] '../Assets/Texture/Particle/Glow_Particle.png' FAILED!!
[ERROR] 구성 요소를 찾을 수 없습니다.

[TIME] 13:31:05 [FILE] TextureManager.cpp [FUNC] TextureManager::LoadTexture [LINE] 34
[ Engine ][ Create ][ Texture Buffer ] '../Assets/Texture/Particle/Glow_Particle.png' FAILED!!

[TIME] 13:31:25 [FILE] TextureManager.cpp [FUNC] TextureManager::BakeSkyLightMap [LINE] 56
[ Engine ][ Bake ][ SkyLight Buffer ] 'SkyLight_HDRI' Texture가 로드되지 않았습니다!!

[TIME] 13:33:19 [FILE] D3D11Graphic.cpp [FUNC] D3D11Graphic::CreateTextureBuffer [LINE] 210
[ Graphic ][ Create ][ ShaderResourceView ] '../Assets/Texture/Particle/Glow_Particle.png' FAILED!!
[ERROR] 구성 요소를 찾을 수 없습니다.

[TIME] 13:33:19 [FILE] TextureManager.cpp [FUNC] TextureManager::LoadTexture [LINE] 34
[ Engine ][ Create ][ Texture Buffer ] '../Assets/Texture/Particle/Glow_Particle.png' FAILED!!

[TIME] 13:33:38 [FILE] TextureManager.cpp [FUNC] TextureManager::BakeSkyLightMap [LINE] 56
[ Engine ][ Bake ][ SkyLight Buffer ] 'SkyLight_HDRI' Texture가 로드되지 않았습니다!!

[TIME] 13:35:49 [FILE] D3D11Graphic.cpp [FUNC] D3D11Graphic::CreateTextureBuffer [LINE] 210
[ Graphic ][ Create ][ ShaderResourceView ] '../Assets/Texture/Particle/Glow_Particle.png' FAILED!!
[ERROR] 구성 요소를 찾을 수 없습니다.

[TIME] 13:35:49 [FILE] TextureManager.cpp [FUNC] TextureManager::LoadTexture [LINE] 34
[ Engine ][ Create ][ Texture Buffer ] '../Assets/Texture/Particle/Glow_Particle.png' FAILED!!

[TIME] 13:36:08 [FILE] TextureManager.cpp [FUNC] TextureManager::BakeSkyLightMap [LINE] 56
[ Engine ][ Bake ][ SkyLight Buffer ] 'SkyLight_HDRI' Texture가 로드되지 않았습니다!!

[TIME] 13:36:47 [FILE] D3D11Graphic.cpp [FUNC] D3D11Graphic::CreateTextureBuffer [LINE] 210
[ Graphic ][ Create ][ ShaderResourceView ] '../Assets/Texture/Particle/Glow_Particle.png' FAILED!!
[ERROR] 구성 요소를 찾을 수 없습니다.

[TIME] 13:36:47 [FILE] TextureManager.cpp [FUNC] TextureManager::LoadTexture [LINE] 34
[ Engine ][ Create ][ Texture Buffer ] '../Assets/Texture/Particle/Glow_Particle.png' FAILED!!

[TIME] 13:37:07 [FILE] TextureManager.cpp [FUNC] TextureManager::BakeSkyLightMap [LINE] 56
[ Engine ][ Bake ][ SkyLight Buffer ] 'SkyLight_HDRI' Texture가 로드되지 않았습니다!!

[TIME] 13:37:51 [FILE] D3D11Graphic.cpp [FUNC] D3D11Graphic::CreateTextureBuffer [LINE] 210
[ Graphic ][ Create ][ ShaderResourceView ] '../Assets/Texture/Particle/Glow_Particle.png' FAILED!!
[ERROR] 구성 요소를 찾을 수 없습니다.

[TIME] 13:37:51 [FILE] TextureManager.cpp [FUNC] TextureManager::LoadTexture [LINE] 34
[ Engine ][ Create ][ Texture Buffer ] '../Assets/Texture/Particle/Glow_Particle.png' FAILED!!

[TIME] 13:38:10 [FILE] TextureManager.cpp [FUNC] TextureManager::BakeSkyLightMap [LINE] 56
[ Engine ][ Bake ][ SkyLight Buffer ] 'SkyLight_HDRI' Texture가 로드되지 않았습니다!!

[TIME] 13:39:43 [FILE] D3D11Graphic.cpp [FUNC] D3D11Graphic::CreateTextureBuffer [LINE] 210
[ Graphic ][ Create ][ ShaderResourceView ] '../Assets/Texture/Particle/Glow_Particle.png' FAILED!!
[ERROR] 구성 요소를 찾을 수 없습니다.

[TIME] 13:39:43 [FILE] TextureManager.cpp [FUNC] TextureManager::LoadTexture [LINE] 34
[ Engine ][ Create ][ Texture Buffer ] '../Assets/Texture/Particle/Glow_Particle.png' FAILED!!

[TIME] 13:40:02 [FILE] TextureManager.cpp [FUNC] TextureManager::BakeSkyLightMap [LINE] 56
[ Engine ][ Bake ][ SkyLight Buffer ] 'SkyLight_HDRI' Texture가 로드되지 않았습니다!!

[TIME] 13:40:39 [FILE] D3D11Graphic.cpp [FUNC] D3D11Graphic::CreateTextureBuffer [LINE] 210
[ Graphic ][ Create ][ ShaderResourceView ] '../Assets/Texture/Particle/Glow_Particle.png' FAILED!!
[ERROR] 구성 요소를 찾을 수 없습니다.

[TIME] 13:40:39 [FILE] TextureManager.cpp [FUNC] TextureManager::LoadTexture [LINE] 34
[ Engine ][ Create ][ Texture Buffer ] '../Assets/Texture/Particle/Glow_Particle.png' FAILED!!

[TIME] 13:40:58 [FILE] TextureManager.cpp [FUNC] TextureManager::BakeSkyLightMap [LINE] 56
[ Engine ][ Bake ][ SkyLight Buffer ] 'SkyLight_HDRI' Texture가 로드되지 않았습니다!!

[TIME] 13:41:47 [FILE] D3D11Graphic.cpp [FUNC] D3D11Graphic::CreateTextureBuffer [LINE] 210
[ Graphic ][ Create ][ ShaderResourceView ] '../Assets/Texture/Particle/Glow_Particle.png' FAILED!!
[ERROR] 구성 요소를 찾을 수 없습니다.

[TIME] 13:41:47 [FILE] TextureManager.cpp [FUNC] TextureManager::LoadTexture [LINE] 34
[ Engine ][ Create ][ Texture Buffer ] '../Assets/Texture/Particle/Glow_Particle.png' FAILED!!

[TIME] 13:42:07 [FILE] TextureManager.cpp [FUNC] TextureManager::BakeSkyLightMap [LINE] 56
[ Engine ][ Bake ][ SkyLight Buffer ] 'SkyLight_HDRI' Texture가 로드되지 않았습니다!!

[TIME] 13:42:44 [FILE] D3D11Graphic.cpp [FUNC] D3D11Graphic::CreateTextureBuffer [LINE] 210
[ Graphic ][ Create ][ ShaderResourceView ] '../Assets/Texture/Particle/Glow_Particle.png' FAILED!!
[ERROR] 구성 요소를 찾을 수 없습니다.

[TIME] 13:42:44 [FILE] TextureManager.cpp [FUNC] TextureManager::LoadTexture [LINE] 34
[ Engine ][ Create ][ Texture Buffer ] '../Assets/Texture/Particle/Glow_Particle.png' FAILED!!

[TIME] 13:43:04 [FILE] TextureManager.cpp [FUNC] TextureManager::BakeSkyLightMap [LINE] 56
[ Engine ][ Bake ][ SkyLight Buffer ] 'SkyLight_HDRI' Texture가 로드되지 않았습니다!!

[TIME] 14:03:00 [FILE] D3D11Graphic.cpp [FUNC] D3D11Graphic::CreateTextureBuffer [LINE] 210
[ Graphic ][ Create ][ ShaderResourceView ] '../Assets/Texture/Particle/Glow_Particle.png' FAILED!!
[ERROR] 구성 요소를 찾을 수 없습니다.

[TIME] 14:03:00 [FILE] TextureManager.cpp [FUNC] TextureManager::LoadTexture [LINE] 34
[ Engine ][ Create ][ Texture Buffer ] '../Assets/Texture/Particle/Glow_Particle.png' FAILED!!

[TIME] 14:03:19 [FILE] TextureManager.cpp [FUNC] TextureManager::BakeSkyLightMap [LINE] 56
[ Engine ][ Bake ][ SkyLight Buffer ] 'SkyLight_HDRI' Texture가 로드되지 않았습니다!!

[TIME] 14:04:18 [FILE] D3D11Graphic.cpp [FUNC] D3D11Graphic::CreateTextureBuffer [LINE] 210
[ Graphic ][ Create ][ ShaderResourceView ] '../Assets/Texture/Particle/Glow_Particle.png' FAILED!!
[ERROR] 구성 요소를 찾을 수 없습니다.

[TIME] 14:04:18 [FILE] TextureManager.cpp [FUNC] TextureManager::LoadTexture [LINE] 34
[ Engine ][ Create ][ Texture Buffer ] '../Assets/Texture/Particle/Glow_Particle.png' FAILED!!

[TIME] 14:04:38 [FILE] TextureManager.cpp [FUNC] TextureManager::BakeSkyLightMap [LINE] 56
[ Engine ][ Bake ][ SkyLight Buffer ] 'SkyLight_HDRI' Texture가 로드되지 않았습니다!!

[TIME] 14:07:04 [FILE] D3D11Graphic.cpp [FUNC] D3D11Graphic::CreateTextureBuffer [LINE] 210
[ Graphic ][ Create ][ ShaderResourceView ] '../Assets/Texture/Particle/Glow_Particle.png' FAILED!!
[ERROR] 구성 요소를 찾을 수 없습니다.

[TIME] 14:07:04 [FILE] TextureManager.cpp [FUNC] TextureManager::LoadTexture [LINE] 34
[ Engine ][ Create ][ Texture Buffer ] '../Assets/Texture/Particle/Glow_Particle.png' FAILED!!

[TIME] 14:07:23 [FILE] TextureManager.cpp [FUNC] TextureManager::BakeSkyLightMap [LINE] 56
[ Engine ][ Bake ][ SkyLight Buffer ] 'SkyLight_HDRI' Texture가 로드되지 않았습니다!!

[TIME] 14:08:00 [FILE] D3D11Graphic.cpp [FUNC] D3D11Graphic::CreateTextureBuffer [LINE] 210
[ Graphic ][ Create ][ ShaderResourceView ] '../Assets/Texture/Particle/Glow_Particle.png' FAILED!!
[ERROR] 구성 요소를 찾을 수 없습니다.

[TIME] 14:08:00 [FILE] TextureManager.cpp [FUNC] TextureManager::LoadTexture [LINE] 34
[ Engine ][ Create ][ Texture Buffer ] '../Assets/Texture/Particle/Glow_Particle.png' FAILED!!

[TIME] 14:08:19 [FILE] TextureManager.cpp [FUNC] TextureManager::BakeSkyLightMap [LINE] 56
[ Engine ][ Bake ][ SkyLight Buffer ] 'SkyLight_HDRI' Texture가 로드되지 않았습니다!!

[TIME] 15:14:48 [FILE] D3D11Graphic.cpp [FUNC] D3D11Graphic::CreateTextureBuffer [LINE] 210
[ Graphic ][ Create ][ ShaderResourceView ] '../Assets/Texture/Particle/Glow_Particle.png' FAILED!!
[ERROR] 구성 요소를 찾을 수 없습니다.

[TIME] 15:14:48 [FILE] TextureManager.cpp [FUNC] TextureManager::LoadTexture [LINE] 34
[ Engine ][ Create ][ Texture Buffer ] '../Assets/Texture/Particle/Glow_Particle.png' FAILED!!

[TIME] 15:15:06 [FILE] TextureManager.cpp [FUNC] TextureManager::BakeSkyLightMap [LINE] 56
[ Engine ][ Bake ][ SkyLight Buffer ] 'SkyLight_HDRI' Texture가 로드되지 않았습니다!!

[TIME] 15:18:29 [FILE] D3D11Graphic.cpp [FUNC] D3D11Graphic::CreateTextureBuffer [LINE] 210
[ Graphic ][ Create ][ ShaderResourceView ] '../Assets/Texture/Particle/Glow_Particle.png' FAILED!!
[ERROR] 구성 요소를 찾을 수 없습니다.

[TIME] 15:18:29 [FILE] TextureManager.cpp [FUNC] TextureManager::LoadTexture [LINE] 34
[ Engine ][ Create ][ Texture Buffer ] '../Assets/Texture/Particle/Glow_Particle.png' FAILED!!

[TIME] 15:18:47 [FILE] TextureManager.cpp [FUNC] TextureManager::BakeSkyLightMap [LINE] 56
[ Engine ][ Bake ][ SkyLight Buffer ] 'SkyLight_HDRI' Texture가 로드되지 않았습니다!!

[TIME] 15:22:56 [FILE] D3D11Graphic.cpp [FUNC] D3D11Graphic::CreateTextureBuffer [LINE] 210
[ Graphic ][ Create ][ ShaderResourceView ] '../Assets/Texture/Particle/Glow_Particle.png' FAILED!!
[ERROR] 구성 요소를 찾을 수 없습니다.

[TIME] 15:22:56 [FILE] TextureManager.cpp [FUNC] TextureManager::LoadTexture [LINE] 34
[ Engine ][ Create ][ Texture Buffer ] '../Assets/Texture/Particle/Glow_Particle.png' FAILED!!

[TIME] 15:23:15 [FILE] TextureManager.cpp [FUNC] TextureManager::BakeSkyLightMap [LINE] 56
[ Engine ][ Bake ][ SkyLight Buffer ] 'SkyLight_HDRI' Texture가 로드되지 않았습니다!!

[TIME] 15:26:38 [FILE] D3D11Graphic.cpp [FUNC] D3D11Graphic::CreateTextureBuffer [LINE] 210
[ Graphic ][ Create ][ ShaderResourceView ] '../Assets/Texture/Particle/Glow_Particle.png' FAILED!!
[ERROR] 구성 요소를 찾을 수 없습니다.

[TIME] 15:26:38 [FILE] TextureManager.cpp [FUNC] TextureManager::LoadTexture [LINE] 34
[ Engine ][ Create ][ Texture Buffer ] '../Assets/Texture/Particle/Glow_Particle.png' FAILED!!

[TIME] 15:26:56 [FILE] TextureManager.cpp [FUNC] TextureManager::BakeSkyLightMap [LINE] 56
[ Engine ][ Bake ][ SkyLight Buffer ] 'SkyLight_HDRI' Texture가 로드되지 않았습니다!!

[TIME] 15:29:37 [FILE] D3D11Graphic.cpp [FUNC] D3D11Graphic::CreateTextureBuffer [LINE] 210
[ Graphic ][ Create ][ ShaderResourceView ] '../Assets/Texture/Particle/Glow_Particle.png' FAILED!!
[ERROR] 구성 요소를 찾을 수 없습니다.

[TIME] 15:29:37 [FILE] TextureManager.cpp [FUNC] TextureManager::LoadTexture [LINE] 34
[ Engine ][ Create ][ Texture Buffer ] '../Assets/Texture/Particle/Glow_Particle.png' FAILED!!

[TIME] 15:29:55 [FILE] TextureManager.cpp [FUNC] TextureManager::BakeSkyLightMap [LINE] 56
[ Engine ][ Bake ][ SkyLight Buffer ] 'SkyLight_HDRI' Texture가 로드되지 않았습니다!!

[TIME] 15:31:39 [FILE] D3D11Graphic.cpp [FUNC] D3D11Graphic::CreateTextureBuffer [LINE] 210
[ Graphic ][ Create ][ ShaderResourceView ] '../Assets/Texture/Particle/Glow_Particle.png' FAILED!!
[ERROR] 구성 요소를 찾을 수 없습니다.

[TIME] 15:31:39 [FILE] TextureManager.cpp [FUNC] TextureManager::LoadTexture [LINE] 34
[ Engine ][ Create ][ Texture Buffer ] '../Assets/Texture/Particle/Glow_Particle.png' FAILED!!

[TIME] 15:31:58 [FILE] TextureManager.cpp [FUNC] TextureManager::BakeSkyLightMap [LINE] 56
[ Engine ][ Bake ][ SkyLight Buffer ] 'SkyLight_HDRI' Texture가 로드되지 않았습니다!!

[TIME] 15:35:06 [FILE] D3D11Graphic.cpp [FUNC] D3D11Graphic::CreateTextureBuffer [LINE] 210
[ Graphic ][ Create ][ ShaderResourceView ] '../Assets/Texture/Particle/Glow_Particle.png' FAILED!!
[ERROR] 구성 요소를 찾을 수 없습니다.

[TIME] 15:35:06 [FILE] TextureManager.cpp [FUNC] TextureManager::LoadTexture [LINE] 34
[ Engine ][ Create ][ Texture Buffer ] '../Assets/Texture/Particle/Glow_Particle.png' FAILED!!

[TIME] 15:35:25 [FILE] TextureManager.cpp [FUNC] TextureManager::BakeSkyLightMap [LINE] 56
[ Engine ][ Bake ][ SkyLight Buffer ] 'SkyLight_HDRI' Texture가 로드되지 않았습니다!!

[TIME] 15:45:28 [FILE] D3D11Graphic.cpp [FUNC] D3D11Graphic::CreateTextureBuffer [LINE] 210
[ Graphic ][ Create ][ ShaderResourceView ] '../Assets/Texture/Particle/Glow_Particle.png' FAILED!!
[ERROR] 구성 요소를 찾을 수 없습니다.

[TIME] 15:45:28 [FILE] TextureManager.cpp [FUNC] TextureManager::LoadTexture [LINE] 34
[ Engine ][ Create ][ Texture Buffer ] '../Assets/Texture/Particle/Glow_Particle.png' FAILED!!

[TIME] 15:45:47 [FILE] TextureManager.cpp [FUNC] TextureManager::BakeSkyLightMap [LINE] 56
[ Engine ][ Bake ][ SkyLight Buffer ] 'SkyLight_HDRI' Texture가 로드되지 않았습니다!!

[TIME] 15:47:05 [FILE] D3D11Graphic.cpp [FUNC] D3D11Graphic::CreateTextureBuffer [LINE] 210
[ Graphic ][ Create ][ ShaderResourceView ] '../Assets/Texture/Particle/Glow_Particle.png' FAILED!!
[ERROR] 구성 요소를 찾을 수 없습니다.

[TIME] 15:47:05 [FILE] TextureManager.cpp [FUNC] TextureManager::LoadTexture [LINE] 34
[ Engine ][ Create ][ Texture Buffer ] '../Assets/Texture/Particle/Glow_Particle.png' FAILED!!

[TIME] 15:47:23 [FILE] TextureManager.cpp [FUNC] TextureManager::BakeSkyLightMap [LINE] 56
[ Engine ][ Bake ][ SkyLight Buffer ] 'SkyLight_HDRI' Texture가 로드되지 않았습니다!!

[TIME] 15:49:43 [FILE] D3D11Graphic.cpp [FUNC] D3D11Graphic::CreateTextureBuffer [LINE] 210
[ Graphic ][ Create ][ ShaderResourceView ] '../Assets/Texture/Particle/Glow_Particle.png' FAILED!!
[ERROR] 구성 요소를 찾을 수 없습니다.

[TIME] 15:49:43 [FILE] TextureManager.cpp [FUNC] TextureManager::LoadTexture [LINE] 34
[ Engine ][ Create ][ Texture Buffer ] '../Assets/Texture/Particle/Glow_Particle.png' FAILED!!

[TIME] 15:50:02 [FILE] TextureManager.cpp [FUNC] TextureManager::BakeSkyLightMap [LINE] 56
[ Engine ][ Bake ][ SkyLight Buffer ] 'SkyLight_HDRI' Texture가 로드되지 않았습니다!!

[TIME] 15:52:20 [FILE] D3D11Graphic.cpp [FUNC] D3D11Graphic::CreateTextureBuffer [LINE] 210
[ Graphic ][ Create ][ ShaderResourceView ] '../Assets/Texture/Particle/Glow_Particle.png' FAILED!!
[ERROR] 구성 요소를 찾을 수 없습니다.

[TIME] 15:52:20 [FILE] TextureManager.cpp [FUNC] TextureManager::LoadTexture [LINE] 34
[ Engine ][ Create ][ Texture Buffer ] '../Assets/Texture/Particle/Glow_Particle.png' FAILED!!

[TIME] 15:52:38 [FILE] TextureManager.cpp [FUNC] TextureManager::BakeSkyLightMap [LINE] 56
[ Engine ][ Bake ][ SkyLight Buffer ] 'SkyLight_HDRI' Texture가 로드되지 않았습니다!!

[TIME] 15:54:21 [FILE] D3D11Graphic.cpp [FUNC] D3D11Graphic::CreateTextureBuffer [LINE] 210
[ Graphic ][ Create ][ ShaderResourceView ] '../Assets/Texture/Particle/Glow_Particle.png' FAILED!!
[ERROR] 구성 요소를 찾을 수 없습니다.

[TIME] 15:54:21 [FILE] TextureManager.cpp [FUNC] TextureManager::LoadTexture [LINE] 34
[ Engine ][ Create ][ Texture Buffer ] '../Assets/Texture/Particle/Glow_Particle.png' FAILED!!

[TIME] 15:54:40 [FILE] TextureManager.cpp [FUNC] TextureManager::BakeSkyLightMap [LINE] 56
[ Engine ][ Bake ][ SkyLight Buffer ] 'SkyLight_HDRI' Texture가 로드되지 않았습니다!!

[TIME] 16:03:09 [FILE] D3D11Graphic.cpp [FUNC] D3D11Graphic::CreateTextureBuffer [LINE] 210
[ Graphic ][ Create ][ ShaderResourceView ] '../Assets/Texture/Particle/Glow_Particle.png' FAILED!!
[ERROR] 구성 요소를 찾을 수 없습니다.

[TIME] 16:03:09 [FILE] TextureManager.cpp [FUNC] TextureManager::LoadTexture [LINE] 34
[ Engine ][ Create ][ Texture Buffer ] '../Assets/Texture/Particle/Glow_Particle.png' FAILED!!

[TIME] 16:03:28 [FILE] TextureManager.cpp [FUNC] TextureManager::BakeSkyLightMap [LINE] 56
[ Engine ][ Bake ][ SkyLight Buffer ] 'SkyLight_HDRI' Texture가 로드되지 않았습니다!!

[TIME] 20:15:30 [FILE] D3D11Graphic.cpp [FUNC] D3D11Graphic::CreateTextureBuffer [LINE] 210
[ Graphic ][ Create ][ ShaderResourceView ] '../Assets/Texture/Particle/Glow_Particle.png' FAILED!!
[ERROR] 구성 요소를 찾을 수 없습니다.

[TIME] 20:15:30 [FILE] TextureManager.cpp [FUNC] TextureManager::LoadTexture [LINE] 34
[ Engine ][ Create ][ Texture Buffer ] '../Assets/Texture/Particle/Glow_Particle.png' FAILED!!

[TIME] 20:15:48 [FILE] TextureManager.cpp [FUNC] TextureManager::BakeSkyLightMap [LINE] 56
[ Engine ][ Bake ][ SkyLight Buffer ] 'SkyLight_HDRI' Texture가 로드되지 않았습니다!!

[TIME] 20:31:25 [FILE] D3D11Graphic.cpp [FUNC] D3D11Graphic::CreateTextureBuffer [LINE] 210
[ Graphic ][ Create ][ ShaderResourceView ] '../Assets/Texture/Particle/Glow_Particle.png' FAILED!!
[ERROR] 구성 요소를 찾을 수 없습니다.

[TIME] 20:31:25 [FILE] TextureManager.cpp [FUNC] TextureManager::LoadTexture [LINE] 34
[ Engine ][ Create ][ Texture Buffer ] '../Assets/Texture/Particle/Glow_Particle.png' FAILED!!

[TIME] 20:31:43 [FILE] TextureManager.cpp [FUNC] TextureManager::BakeSkyLightMap [LINE] 56
[ Engine ][ Bake ][ SkyLight Buffer ] 'SkyLight_HDRI' Texture가 로드되지 않았습니다!!

