[TIME] 10:54:38 [FILE] D3D11Graphic.cpp [FUNC] D3D11Graphic::CreateTextureBuffer [LINE] 210
[ Graphic ][ Create ][ ShaderResourceView ] '../Assets/Texture/Particle/Glow_Particle.png' FAILED!!
[ERROR] 구성 요소를 찾을 수 없습니다.

[TIME] 10:54:38 [FILE] TextureManager.cpp [FUNC] TextureManager::LoadTexture [LINE] 34
[ Engine ][ Create ][ Texture Buffer ] '../Assets/Texture/Particle/Glow_Particle.png' FAILED!!

[TIME] 10:54:56 [FILE] TextureManager.cpp [FUNC] TextureManager::BakeSkyLightMap [LINE] 56
[ Engine ][ Bake ][ SkyLight Buffer ] 'SkyLight_HDRI' Texture가 로드되지 않았습니다!!

[TIME] 11:01:06 [FILE] D3D11Graphic.cpp [FUNC] D3D11Graphic::CreateTextureBuffer [LINE] 210
[ Graphic ][ Create ][ ShaderResourceView ] '../Assets/Texture/Particle/Glow_Particle.png' FAILED!!
[ERROR] 구성 요소를 찾을 수 없습니다.

[TIME] 11:01:06 [FILE] TextureManager.cpp [FUNC] TextureManager::LoadTexture [LINE] 34
[ Engine ][ Create ][ Texture Buffer ] '../Assets/Texture/Particle/Glow_Particle.png' FAILED!!

[TIME] 11:01:25 [FILE] TextureManager.cpp [FUNC] TextureManager::BakeSkyLightMap [LINE] 56
[ Engine ][ Bake ][ SkyLight Buffer ] 'SkyLight_HDRI' Texture가 로드되지 않았습니다!!

[TIME] 11:11:55 [FILE] D3D11Graphic.cpp [FUNC] D3D11Graphic::CreateTextureBuffer [LINE] 210
[ Graphic ][ Create ][ ShaderResourceView ] '../Assets/Texture/Particle/Glow_Particle.png' FAILED!!
[ERROR] 구성 요소를 찾을 수 없습니다.

[TIME] 11:11:55 [FILE] TextureManager.cpp [FUNC] TextureManager::LoadTexture [LINE] 34
[ Engine ][ Create ][ Texture Buffer ] '../Assets/Texture/Particle/Glow_Particle.png' FAILED!!

[TIME] 11:12:14 [FILE] TextureManager.cpp [FUNC] TextureManager::BakeSkyLightMap [LINE] 56
[ Engine ][ Bake ][ SkyLight Buffer ] 'SkyLight_HDRI' Texture가 로드되지 않았습니다!!

[TIME] 11:13:03 [FILE] D3D11Graphic.cpp [FUNC] D3D11Graphic::CreateTextureBuffer [LINE] 210
[ Graphic ][ Create ][ ShaderResourceView ] '../Assets/Texture/Particle/Glow_Particle.png' FAILED!!
[ERROR] 구성 요소를 찾을 수 없습니다.

[TIME] 11:13:03 [FILE] TextureManager.cpp [FUNC] TextureManager::LoadTexture [LINE] 34
[ Engine ][ Create ][ Texture Buffer ] '../Assets/Texture/Particle/Glow_Particle.png' FAILED!!

[TIME] 11:13:21 [FILE] TextureManager.cpp [FUNC] TextureManager::BakeSkyLightMap [LINE] 56
[ Engine ][ Bake ][ SkyLight Buffer ] 'SkyLight_HDRI' Texture가 로드되지 않았습니다!!

[TIME] 11:17:46 [FILE] D3D11Graphic.cpp [FUNC] D3D11Graphic::CreateTextureBuffer [LINE] 210
[ Graphic ][ Create ][ ShaderResourceView ] '../Assets/Texture/Particle/Glow_Particle.png' FAILED!!
[ERROR] 구성 요소를 찾을 수 없습니다.

[TIME] 11:17:46 [FILE] TextureManager.cpp [FUNC] TextureManager::LoadTexture [LINE] 34
[ Engine ][ Create ][ Texture Buffer ] '../Assets/Texture/Particle/Glow_Particle.png' FAILED!!

[TIME] 11:18:05 [FILE] TextureManager.cpp [FUNC] TextureManager::BakeSkyLightMap [LINE] 56
[ Engine ][ Bake ][ SkyLight Buffer ] 'SkyLight_HDRI' Texture가 로드되지 않았습니다!!

[TIME] 11:21:41 [FILE] D3D11Graphic.cpp [FUNC] D3D11Graphic::CreateTextureBuffer [LINE] 210
[ Graphic ][ Create ][ ShaderResourceView ] '../Assets/Texture/Particle/Glow_Particle.png' FAILED!!
[ERROR] 구성 요소를 찾을 수 없습니다.

[TIME] 11:21:41 [FILE] TextureManager.cpp [FUNC] TextureManager::LoadTexture [LINE] 34
[ Engine ][ Create ][ Texture Buffer ] '../Assets/Texture/Particle/Glow_Particle.png' FAILED!!

[TIME] 11:21:59 [FILE] TextureManager.cpp [FUNC] TextureManager::BakeSkyLightMap [LINE] 56
[ Engine ][ Bake ][ SkyLight Buffer ] 'SkyLight_HDRI' Texture가 로드되지 않았습니다!!

[TIME] 11:23:52 [FILE] D3D11Graphic.cpp [FUNC] D3D11Graphic::CreateTextureBuffer [LINE] 210
[ Graphic ][ Create ][ ShaderResourceView ] '../Assets/Texture/Particle/Glow_Particle.png' FAILED!!
[ERROR] 구성 요소를 찾을 수 없습니다.

[TIME] 11:23:52 [FILE] TextureManager.cpp [FUNC] TextureManager::LoadTexture [LINE] 34
[ Engine ][ Create ][ Texture Buffer ] '../Assets/Texture/Particle/Glow_Particle.png' FAILED!!

[TIME] 11:24:11 [FILE] TextureManager.cpp [FUNC] TextureManager::BakeSkyLightMap [LINE] 56
[ Engine ][ Bake ][ SkyLight Buffer ] 'SkyLight_HDRI' Texture가 로드되지 않았습니다!!

[TIME] 11:25:41 [FILE] D3D11Graphic.cpp [FUNC] D3D11Graphic::CreateTextureBuffer [LINE] 210
[ Graphic ][ Create ][ ShaderResourceView ] '../Assets/Texture/Particle/Glow_Particle.png' FAILED!!
[ERROR] 구성 요소를 찾을 수 없습니다.

[TIME] 11:25:41 [FILE] TextureManager.cpp [FUNC] TextureManager::LoadTexture [LINE] 34
[ Engine ][ Create ][ Texture Buffer ] '../Assets/Texture/Particle/Glow_Particle.png' FAILED!!

[TIME] 11:25:59 [FILE] TextureManager.cpp [FUNC] TextureManager::BakeSkyLightMap [LINE] 56
[ Engine ][ Bake ][ SkyLight Buffer ] 'SkyLight_HDRI' Texture가 로드되지 않았습니다!!

[TIME] 11:27:59 [FILE] D3D11Graphic.cpp [FUNC] D3D11Graphic::CreateTextureBuffer [LINE] 210
[ Graphic ][ Create ][ ShaderResourceView ] '../Assets/Texture/Particle/Glow_Particle.png' FAILED!!
[ERROR] 구성 요소를 찾을 수 없습니다.

[TIME] 11:27:59 [FILE] TextureManager.cpp [FUNC] TextureManager::LoadTexture [LINE] 34
[ Engine ][ Create ][ Texture Buffer ] '../Assets/Texture/Particle/Glow_Particle.png' FAILED!!

[TIME] 11:28:17 [FILE] TextureManager.cpp [FUNC] TextureManager::BakeSkyLightMap [LINE] 56
[ Engine ][ Bake ][ SkyLight Buffer ] 'SkyLight_HDRI' Texture가 로드되지 않았습니다!!

[TIME] 11:41:31 [FILE] D3D11Graphic.cpp [FUNC] D3D11Graphic::CreateTextureBuffer [LINE] 210
[ Graphic ][ Create ][ ShaderResourceView ] '../Assets/Texture/Particle/Glow_Particle.png' FAILED!!
[ERROR] 구성 요소를 찾을 수 없습니다.

[TIME] 11:41:31 [FILE] TextureManager.cpp [FUNC] TextureManager::LoadTexture [LINE] 34
[ Engine ][ Create ][ Texture Buffer ] '../Assets/Texture/Particle/Glow_Particle.png' FAILED!!

[TIME] 11:41:50 [FILE] TextureManager.cpp [FUNC] TextureManager::BakeSkyLightMap [LINE] 56
[ Engine ][ Bake ][ SkyLight Buffer ] 'SkyLight_HDRI' Texture가 로드되지 않았습니다!!

[TIME] 11:51:17 [FILE] D3D11Graphic.cpp [FUNC] D3D11Graphic::CreateTextureBuffer [LINE] 210
[ Graphic ][ Create ][ ShaderResourceView ] '../Assets/Texture/Particle/Glow_Particle.png' FAILED!!
[ERROR] 구성 요소를 찾을 수 없습니다.

[TIME] 11:51:17 [FILE] TextureManager.cpp [FUNC] TextureManager::LoadTexture [LINE] 34
[ Engine ][ Create ][ Texture Buffer ] '../Assets/Texture/Particle/Glow_Particle.png' FAILED!!

[TIME] 11:51:35 [FILE] TextureManager.cpp [FUNC] TextureManager::BakeSkyLightMap [LINE] 56
[ Engine ][ Bake ][ SkyLight Buffer ] 'SkyLight_HDRI' Texture가 로드되지 않았습니다!!

[TIME] 11:59:56 [FILE] D3D11Graphic.cpp [FUNC] D3D11Graphic::CreateTextureBuffer [LINE] 210
[ Graphic ][ Create ][ ShaderResourceView ] '../Assets/Texture/Particle/Glow_Particle.png' FAILED!!
[ERROR] 구성 요소를 찾을 수 없습니다.

[TIME] 11:59:56 [FILE] TextureManager.cpp [FUNC] TextureManager::LoadTexture [LINE] 34
[ Engine ][ Create ][ Texture Buffer ] '../Assets/Texture/Particle/Glow_Particle.png' FAILED!!

[TIME] 12:00:15 [FILE] TextureManager.cpp [FUNC] TextureManager::BakeSkyLightMap [LINE] 56
[ Engine ][ Bake ][ SkyLight Buffer ] 'SkyLight_HDRI' Texture가 로드되지 않았습니다!!

[TIME] 12:01:40 [FILE] D3D11Graphic.cpp [FUNC] D3D11Graphic::CreateTextureBuffer [LINE] 210
[ Graphic ][ Create ][ ShaderResourceView ] '../Assets/Texture/Particle/Glow_Particle.png' FAILED!!
[ERROR] 구성 요소를 찾을 수 없습니다.

[TIME] 12:01:40 [FILE] TextureManager.cpp [FUNC] TextureManager::LoadTexture [LINE] 34
[ Engine ][ Create ][ Texture Buffer ] '../Assets/Texture/Particle/Glow_Particle.png' FAILED!!

[TIME] 12:01:59 [FILE] TextureManager.cpp [FUNC] TextureManager::BakeSkyLightMap [LINE] 56
[ Engine ][ Bake ][ SkyLight Buffer ] 'SkyLight_HDRI' Texture가 로드되지 않았습니다!!

[TIME] 12:03:04 [FILE] D3D11Graphic.cpp [FUNC] D3D11Graphic::CreateTextureBuffer [LINE] 210
[ Graphic ][ Create ][ ShaderResourceView ] '../Assets/Texture/Particle/Glow_Particle.png' FAILED!!
[ERROR] 구성 요소를 찾을 수 없습니다.

[TIME] 12:03:04 [FILE] TextureManager.cpp [FUNC] TextureManager::LoadTexture [LINE] 34
[ Engine ][ Create ][ Texture Buffer ] '../Assets/Texture/Particle/Glow_Particle.png' FAILED!!

[TIME] 12:03:22 [FILE] TextureManager.cpp [FUNC] TextureManager::BakeSkyLightMap [LINE] 56
[ Engine ][ Bake ][ SkyLight Buffer ] 'SkyLight_HDRI' Texture가 로드되지 않았습니다!!

[TIME] 12:10:34 [FILE] D3D11Graphic.cpp [FUNC] D3D11Graphic::CreateTextureBuffer [LINE] 210
[ Graphic ][ Create ][ ShaderResourceView ] '../Assets/Texture/Particle/Glow_Particle.png' FAILED!!
[ERROR] 구성 요소를 찾을 수 없습니다.

[TIME] 12:10:34 [FILE] TextureManager.cpp [FUNC] TextureManager::LoadTexture [LINE] 34
[ Engine ][ Create ][ Texture Buffer ] '../Assets/Texture/Particle/Glow_Particle.png' FAILED!!

[TIME] 12:10:52 [FILE] TextureManager.cpp [FUNC] TextureManager::BakeSkyLightMap [LINE] 56
[ Engine ][ Bake ][ SkyLight Buffer ] 'SkyLight_HDRI' Texture가 로드되지 않았습니다!!

[TIME] 12:14:16 [FILE] D3D11Graphic.cpp [FUNC] D3D11Graphic::CreateTextureBuffer [LINE] 210
[ Graphic ][ Create ][ ShaderResourceView ] '../Assets/Texture/Particle/Glow_Particle.png' FAILED!!
[ERROR] 구성 요소를 찾을 수 없습니다.

[TIME] 12:14:16 [FILE] TextureManager.cpp [FUNC] TextureManager::LoadTexture [LINE] 34
[ Engine ][ Create ][ Texture Buffer ] '../Assets/Texture/Particle/Glow_Particle.png' FAILED!!

[TIME] 12:14:34 [FILE] TextureManager.cpp [FUNC] TextureManager::BakeSkyLightMap [LINE] 56
[ Engine ][ Bake ][ SkyLight Buffer ] 'SkyLight_HDRI' Texture가 로드되지 않았습니다!!

[TIME] 12:21:47 [FILE] D3D11Graphic.cpp [FUNC] D3D11Graphic::CreateTextureBuffer [LINE] 210
[ Graphic ][ Create ][ ShaderResourceView ] '../Assets/Texture/Particle/Glow_Particle.png' FAILED!!
[ERROR] 구성 요소를 찾을 수 없습니다.

[TIME] 12:21:47 [FILE] TextureManager.cpp [FUNC] TextureManager::LoadTexture [LINE] 34
[ Engine ][ Create ][ Texture Buffer ] '../Assets/Texture/Particle/Glow_Particle.png' FAILED!!

[TIME] 12:22:06 [FILE] TextureManager.cpp [FUNC] TextureManager::BakeSkyLightMap [LINE] 56
[ Engine ][ Bake ][ SkyLight Buffer ] 'SkyLight_HDRI' Texture가 로드되지 않았습니다!!

[TIME] 12:24:27 [FILE] D3D11Graphic.cpp [FUNC] D3D11Graphic::CreateTextureBuffer [LINE] 210
[ Graphic ][ Create ][ ShaderResourceView ] '../Assets/Texture/Particle/Glow_Particle.png' FAILED!!
[ERROR] 구성 요소를 찾을 수 없습니다.

[TIME] 12:24:27 [FILE] TextureManager.cpp [FUNC] TextureManager::LoadTexture [LINE] 34
[ Engine ][ Create ][ Texture Buffer ] '../Assets/Texture/Particle/Glow_Particle.png' FAILED!!

[TIME] 12:24:46 [FILE] TextureManager.cpp [FUNC] TextureManager::BakeSkyLightMap [LINE] 56
[ Engine ][ Bake ][ SkyLight Buffer ] 'SkyLight_HDRI' Texture가 로드되지 않았습니다!!

[TIME] 12:26:29 [FILE] D3D11Graphic.cpp [FUNC] D3D11Graphic::CreateTextureBuffer [LINE] 210
[ Graphic ][ Create ][ ShaderResourceView ] '../Assets/Texture/Particle/Glow_Particle.png' FAILED!!
[ERROR] 구성 요소를 찾을 수 없습니다.

[TIME] 12:26:29 [FILE] TextureManager.cpp [FUNC] TextureManager::LoadTexture [LINE] 34
[ Engine ][ Create ][ Texture Buffer ] '../Assets/Texture/Particle/Glow_Particle.png' FAILED!!

[TIME] 12:26:48 [FILE] TextureManager.cpp [FUNC] TextureManager::BakeSkyLightMap [LINE] 56
[ Engine ][ Bake ][ SkyLight Buffer ] 'SkyLight_HDRI' Texture가 로드되지 않았습니다!!

[TIME] 12:27:49 [FILE] D3D11Graphic.cpp [FUNC] D3D11Graphic::CreateTextureBuffer [LINE] 210
[ Graphic ][ Create ][ ShaderResourceView ] '../Assets/Texture/Particle/Glow_Particle.png' FAILED!!
[ERROR] 구성 요소를 찾을 수 없습니다.

[TIME] 12:27:49 [FILE] TextureManager.cpp [FUNC] TextureManager::LoadTexture [LINE] 34
[ Engine ][ Create ][ Texture Buffer ] '../Assets/Texture/Particle/Glow_Particle.png' FAILED!!

[TIME] 12:28:08 [FILE] TextureManager.cpp [FUNC] TextureManager::BakeSkyLightMap [LINE] 56
[ Engine ][ Bake ][ SkyLight Buffer ] 'SkyLight_HDRI' Texture가 로드되지 않았습니다!!

[TIME] 12:37:00 [FILE] D3D11Graphic.cpp [FUNC] D3D11Graphic::CreateTextureBuffer [LINE] 210
[ Graphic ][ Create ][ ShaderResourceView ] '../Assets/Texture/Particle/Glow_Particle.png' FAILED!!
[ERROR] 구성 요소를 찾을 수 없습니다.

[TIME] 12:37:00 [FILE] TextureManager.cpp [FUNC] TextureManager::LoadTexture [LINE] 34
[ Engine ][ Create ][ Texture Buffer ] '../Assets/Texture/Particle/Glow_Particle.png' FAILED!!

[TIME] 12:37:18 [FILE] TextureManager.cpp [FUNC] TextureManager::BakeSkyLightMap [LINE] 56
[ Engine ][ Bake ][ SkyLight Buffer ] 'SkyLight_HDRI' Texture가 로드되지 않았습니다!!

[TIME] 12:38:17 [FILE] D3D11Graphic.cpp [FUNC] D3D11Graphic::CreateTextureBuffer [LINE] 210
[ Graphic ][ Create ][ ShaderResourceView ] '../Assets/Texture/Particle/Glow_Particle.png' FAILED!!
[ERROR] 구성 요소를 찾을 수 없습니다.

[TIME] 12:38:17 [FILE] TextureManager.cpp [FUNC] TextureManager::LoadTexture [LINE] 34
[ Engine ][ Create ][ Texture Buffer ] '../Assets/Texture/Particle/Glow_Particle.png' FAILED!!

[TIME] 12:38:35 [FILE] TextureManager.cpp [FUNC] TextureManager::BakeSkyLightMap [LINE] 56
[ Engine ][ Bake ][ SkyLight Buffer ] 'SkyLight_HDRI' Texture가 로드되지 않았습니다!!

[TIME] 13:05:16 [FILE] D3D11Graphic.cpp [FUNC] D3D11Graphic::CreateTextureBuffer [LINE] 210
[ Graphic ][ Create ][ ShaderResourceView ] '../Assets/Texture/Particle/Glow_Particle.png' FAILED!!
[ERROR] 구성 요소를 찾을 수 없습니다.

[TIME] 13:05:16 [FILE] TextureManager.cpp [FUNC] TextureManager::LoadTexture [LINE] 34
[ Engine ][ Create ][ Texture Buffer ] '../Assets/Texture/Particle/Glow_Particle.png' FAILED!!

[TIME] 13:05:35 [FILE] TextureManager.cpp [FUNC] TextureManager::BakeSkyLightMap [LINE] 56
[ Engine ][ Bake ][ SkyLight Buffer ] 'SkyLight_HDRI' Texture가 로드되지 않았습니다!!

[TIME] 13:23:39 [FILE] D3D11Graphic.cpp [FUNC] D3D11Graphic::CreateTextureBuffer [LINE] 210
[ Graphic ][ Create ][ ShaderResourceView ] '../Assets/Texture/Particle/Glow_Particle.png' FAILED!!
[ERROR] 구성 요소를 찾을 수 없습니다.

[TIME] 13:23:39 [FILE] TextureManager.cpp [FUNC] TextureManager::LoadTexture [LINE] 34
[ Engine ][ Create ][ Texture Buffer ] '../Assets/Texture/Particle/Glow_Particle.png' FAILED!!

[TIME] 13:23:58 [FILE] TextureManager.cpp [FUNC] TextureManager::BakeSkyLightMap [LINE] 56
[ Engine ][ Bake ][ SkyLight Buffer ] 'SkyLight_HDRI' Texture가 로드되지 않았습니다!!

[TIME] 13:39:11 [FILE] D3D11Graphic.cpp [FUNC] D3D11Graphic::CreateTextureBuffer [LINE] 210
[ Graphic ][ Create ][ ShaderResourceView ] '../Assets/Texture/Particle/Glow_Particle.png' FAILED!!
[ERROR] 구성 요소를 찾을 수 없습니다.

[TIME] 13:39:11 [FILE] TextureManager.cpp [FUNC] TextureManager::LoadTexture [LINE] 34
[ Engine ][ Create ][ Texture Buffer ] '../Assets/Texture/Particle/Glow_Particle.png' FAILED!!

[TIME] 13:39:30 [FILE] TextureManager.cpp [FUNC] TextureManager::BakeSkyLightMap [LINE] 56
[ Engine ][ Bake ][ SkyLight Buffer ] 'SkyLight_HDRI' Texture가 로드되지 않았습니다!!

[TIME] 13:40:28 [FILE] D3D11Graphic.cpp [FUNC] D3D11Graphic::CreateTextureBuffer [LINE] 210
[ Graphic ][ Create ][ ShaderResourceView ] '../Assets/Texture/Particle/Glow_Particle.png' FAILED!!
[ERROR] 구성 요소를 찾을 수 없습니다.

[TIME] 13:40:28 [FILE] TextureManager.cpp [FUNC] TextureManager::LoadTexture [LINE] 34
[ Engine ][ Create ][ Texture Buffer ] '../Assets/Texture/Particle/Glow_Particle.png' FAILED!!

[TIME] 13:40:47 [FILE] TextureManager.cpp [FUNC] TextureManager::BakeSkyLightMap [LINE] 56
[ Engine ][ Bake ][ SkyLight Buffer ] 'SkyLight_HDRI' Texture가 로드되지 않았습니다!!

[TIME] 13:43:53 [FILE] D3D11Graphic.cpp [FUNC] D3D11Graphic::CreateTextureBuffer [LINE] 210
[ Graphic ][ Create ][ ShaderResourceView ] '../Assets/Texture/Particle/Glow_Particle.png' FAILED!!
[ERROR] 구성 요소를 찾을 수 없습니다.

[TIME] 13:43:53 [FILE] TextureManager.cpp [FUNC] TextureManager::LoadTexture [LINE] 34
[ Engine ][ Create ][ Texture Buffer ] '../Assets/Texture/Particle/Glow_Particle.png' FAILED!!

[TIME] 13:44:12 [FILE] TextureManager.cpp [FUNC] TextureManager::BakeSkyLightMap [LINE] 56
[ Engine ][ Bake ][ SkyLight Buffer ] 'SkyLight_HDRI' Texture가 로드되지 않았습니다!!

[TIME] 13:46:03 [FILE] D3D11Graphic.cpp [FUNC] D3D11Graphic::CreateTextureBuffer [LINE] 210
[ Graphic ][ Create ][ ShaderResourceView ] '../Assets/Texture/Particle/Glow_Particle.png' FAILED!!
[ERROR] 구성 요소를 찾을 수 없습니다.

[TIME] 13:46:03 [FILE] TextureManager.cpp [FUNC] TextureManager::LoadTexture [LINE] 34
[ Engine ][ Create ][ Texture Buffer ] '../Assets/Texture/Particle/Glow_Particle.png' FAILED!!

[TIME] 13:46:22 [FILE] TextureManager.cpp [FUNC] TextureManager::BakeSkyLightMap [LINE] 56
[ Engine ][ Bake ][ SkyLight Buffer ] 'SkyLight_HDRI' Texture가 로드되지 않았습니다!!

[TIME] 13:48:26 [FILE] D3D11Graphic.cpp [FUNC] D3D11Graphic::CreateTextureBuffer [LINE] 210
[ Graphic ][ Create ][ ShaderResourceView ] '../Assets/Texture/Particle/Glow_Particle.png' FAILED!!
[ERROR] 구성 요소를 찾을 수 없습니다.

[TIME] 13:48:26 [FILE] TextureManager.cpp [FUNC] TextureManager::LoadTexture [LINE] 34
[ Engine ][ Create ][ Texture Buffer ] '../Assets/Texture/Particle/Glow_Particle.png' FAILED!!

[TIME] 13:48:45 [FILE] TextureManager.cpp [FUNC] TextureManager::BakeSkyLightMap [LINE] 56
[ Engine ][ Bake ][ SkyLight Buffer ] 'SkyLight_HDRI' Texture가 로드되지 않았습니다!!

[TIME] 13:56:12 [FILE] D3D11Graphic.cpp [FUNC] D3D11Graphic::CreateTextureBuffer [LINE] 210
[ Graphic ][ Create ][ ShaderResourceView ] '../Assets/Texture/Particle/Glow_Particle.png' FAILED!!
[ERROR] 구성 요소를 찾을 수 없습니다.

[TIME] 13:56:12 [FILE] TextureManager.cpp [FUNC] TextureManager::LoadTexture [LINE] 34
[ Engine ][ Create ][ Texture Buffer ] '../Assets/Texture/Particle/Glow_Particle.png' FAILED!!

[TIME] 13:56:33 [FILE] TextureManager.cpp [FUNC] TextureManager::BakeSkyLightMap [LINE] 56
[ Engine ][ Bake ][ SkyLight Buffer ] 'SkyLight_HDRI' Texture가 로드되지 않았습니다!!

[TIME] 14:01:08 [FILE] D3D11Graphic.cpp [FUNC] D3D11Graphic::CreateTextureBuffer [LINE] 210
[ Graphic ][ Create ][ ShaderResourceView ] '../Assets/Texture/Particle/Glow_Particle.png' FAILED!!
[ERROR] 구성 요소를 찾을 수 없습니다.

[TIME] 14:01:08 [FILE] TextureManager.cpp [FUNC] TextureManager::LoadTexture [LINE] 34
[ Engine ][ Create ][ Texture Buffer ] '../Assets/Texture/Particle/Glow_Particle.png' FAILED!!

[TIME] 14:01:29 [FILE] TextureManager.cpp [FUNC] TextureManager::BakeSkyLightMap [LINE] 56
[ Engine ][ Bake ][ SkyLight Buffer ] 'SkyLight_HDRI' Texture가 로드되지 않았습니다!!

[TIME] 14:04:38 [FILE] D3D11Graphic.cpp [FUNC] D3D11Graphic::CreateTextureBuffer [LINE] 210
[ Graphic ][ Create ][ ShaderResourceView ] '../Assets/Texture/Particle/Glow_Particle.png' FAILED!!
[ERROR] 구성 요소를 찾을 수 없습니다.

[TIME] 14:04:38 [FILE] TextureManager.cpp [FUNC] TextureManager::LoadTexture [LINE] 34
[ Engine ][ Create ][ Texture Buffer ] '../Assets/Texture/Particle/Glow_Particle.png' FAILED!!

[TIME] 14:05:00 [FILE] TextureManager.cpp [FUNC] TextureManager::BakeSkyLightMap [LINE] 56
[ Engine ][ Bake ][ SkyLight Buffer ] 'SkyLight_HDRI' Texture가 로드되지 않았습니다!!

[TIME] 14:13:02 [FILE] D3D11Graphic.cpp [FUNC] D3D11Graphic::CreateTextureBuffer [LINE] 210
[ Graphic ][ Create ][ ShaderResourceView ] '../Assets/Texture/Particle/Glow_Particle.png' FAILED!!
[ERROR] 구성 요소를 찾을 수 없습니다.

[TIME] 14:13:02 [FILE] TextureManager.cpp [FUNC] TextureManager::LoadTexture [LINE] 34
[ Engine ][ Create ][ Texture Buffer ] '../Assets/Texture/Particle/Glow_Particle.png' FAILED!!

[TIME] 14:13:24 [FILE] TextureManager.cpp [FUNC] TextureManager::BakeSkyLightMap [LINE] 56
[ Engine ][ Bake ][ SkyLight Buffer ] 'SkyLight_HDRI' Texture가 로드되지 않았습니다!!

[TIME] 14:27:28 [FILE] D3D11Graphic.cpp [FUNC] D3D11Graphic::CreateTextureBuffer [LINE] 210
[ Graphic ][ Create ][ ShaderResourceView ] '../Assets/Texture/Particle/Glow_Particle.png' FAILED!!
[ERROR] 구성 요소를 찾을 수 없습니다.

[TIME] 14:27:28 [FILE] TextureManager.cpp [FUNC] TextureManager::LoadTexture [LINE] 34
[ Engine ][ Create ][ Texture Buffer ] '../Assets/Texture/Particle/Glow_Particle.png' FAILED!!

[TIME] 14:27:49 [FILE] TextureManager.cpp [FUNC] TextureManager::BakeSkyLightMap [LINE] 56
[ Engine ][ Bake ][ SkyLight Buffer ] 'SkyLight_HDRI' Texture가 로드되지 않았습니다!!

[TIME] 14:29:55 [FILE] D3D11Graphic.cpp [FUNC] D3D11Graphic::CreateTextureBuffer [LINE] 210
[ Graphic ][ Create ][ ShaderResourceView ] '../Assets/Texture/Particle/Glow_Particle.png' FAILED!!
[ERROR] 구성 요소를 찾을 수 없습니다.

[TIME] 14:29:55 [FILE] TextureManager.cpp [FUNC] TextureManager::LoadTexture [LINE] 34
[ Engine ][ Create ][ Texture Buffer ] '../Assets/Texture/Particle/Glow_Particle.png' FAILED!!

[TIME] 14:30:17 [FILE] TextureManager.cpp [FUNC] TextureManager::BakeSkyLightMap [LINE] 56
[ Engine ][ Bake ][ SkyLight Buffer ] 'SkyLight_HDRI' Texture가 로드되지 않았습니다!!

[TIME] 14:31:37 [FILE] D3D11Graphic.cpp [FUNC] D3D11Graphic::CreateTextureBuffer [LINE] 210
[ Graphic ][ Create ][ ShaderResourceView ] '../Assets/Texture/Particle/Glow_Particle.png' FAILED!!
[ERROR] 구성 요소를 찾을 수 없습니다.

[TIME] 14:31:37 [FILE] TextureManager.cpp [FUNC] TextureManager::LoadTexture [LINE] 34
[ Engine ][ Create ][ Texture Buffer ] '../Assets/Texture/Particle/Glow_Particle.png' FAILED!!

[TIME] 14:31:59 [FILE] TextureManager.cpp [FUNC] TextureManager::BakeSkyLightMap [LINE] 56
[ Engine ][ Bake ][ SkyLight Buffer ] 'SkyLight_HDRI' Texture가 로드되지 않았습니다!!

[TIME] 14:33:46 [FILE] D3D11Graphic.cpp [FUNC] D3D11Graphic::CreateTextureBuffer [LINE] 210
[ Graphic ][ Create ][ ShaderResourceView ] '../Assets/Texture/Particle/Glow_Particle.png' FAILED!!
[ERROR] 구성 요소를 찾을 수 없습니다.

[TIME] 14:33:46 [FILE] TextureManager.cpp [FUNC] TextureManager::LoadTexture [LINE] 34
[ Engine ][ Create ][ Texture Buffer ] '../Assets/Texture/Particle/Glow_Particle.png' FAILED!!

[TIME] 14:34:08 [FILE] TextureManager.cpp [FUNC] TextureManager::BakeSkyLightMap [LINE] 56
[ Engine ][ Bake ][ SkyLight Buffer ] 'SkyLight_HDRI' Texture가 로드되지 않았습니다!!

[TIME] 14:35:39 [FILE] D3D11Graphic.cpp [FUNC] D3D11Graphic::CreateTextureBuffer [LINE] 210
[ Graphic ][ Create ][ ShaderResourceView ] '../Assets/Texture/Particle/Glow_Particle.png' FAILED!!
[ERROR] 구성 요소를 찾을 수 없습니다.

[TIME] 14:35:39 [FILE] TextureManager.cpp [FUNC] TextureManager::LoadTexture [LINE] 34
[ Engine ][ Create ][ Texture Buffer ] '../Assets/Texture/Particle/Glow_Particle.png' FAILED!!

[TIME] 14:36:00 [FILE] TextureManager.cpp [FUNC] TextureManager::BakeSkyLightMap [LINE] 56
[ Engine ][ Bake ][ SkyLight Buffer ] 'SkyLight_HDRI' Texture가 로드되지 않았습니다!!

[TIME] 14:39:20 [FILE] D3D11Graphic.cpp [FUNC] D3D11Graphic::CreateTextureBuffer [LINE] 210
[ Graphic ][ Create ][ ShaderResourceView ] '../Assets/Texture/Particle/Glow_Particle.png' FAILED!!
[ERROR] 구성 요소를 찾을 수 없습니다.

[TIME] 14:39:20 [FILE] TextureManager.cpp [FUNC] TextureManager::LoadTexture [LINE] 34
[ Engine ][ Create ][ Texture Buffer ] '../Assets/Texture/Particle/Glow_Particle.png' FAILED!!

[TIME] 14:39:41 [FILE] TextureManager.cpp [FUNC] TextureManager::BakeSkyLightMap [LINE] 56
[ Engine ][ Bake ][ SkyLight Buffer ] 'SkyLight_HDRI' Texture가 로드되지 않았습니다!!

[TIME] 14:41:28 [FILE] D3D11Graphic.cpp [FUNC] D3D11Graphic::CreateTextureBuffer [LINE] 210
[ Graphic ][ Create ][ ShaderResourceView ] '../Assets/Texture/Particle/Glow_Particle.png' FAILED!!
[ERROR] 구성 요소를 찾을 수 없습니다.

[TIME] 14:41:28 [FILE] TextureManager.cpp [FUNC] TextureManager::LoadTexture [LINE] 34
[ Engine ][ Create ][ Texture Buffer ] '../Assets/Texture/Particle/Glow_Particle.png' FAILED!!

[TIME] 14:41:49 [FILE] TextureManager.cpp [FUNC] TextureManager::BakeSkyLightMap [LINE] 56
[ Engine ][ Bake ][ SkyLight Buffer ] 'SkyLight_HDRI' Texture가 로드되지 않았습니다!!

[TIME] 14:44:07 [FILE] D3D11Graphic.cpp [FUNC] D3D11Graphic::CreateTextureBuffer [LINE] 210
[ Graphic ][ Create ][ ShaderResourceView ] '../Assets/Texture/Particle/Glow_Particle.png' FAILED!!
[ERROR] 구성 요소를 찾을 수 없습니다.

[TIME] 14:44:07 [FILE] TextureManager.cpp [FUNC] TextureManager::LoadTexture [LINE] 34
[ Engine ][ Create ][ Texture Buffer ] '../Assets/Texture/Particle/Glow_Particle.png' FAILED!!

[TIME] 14:44:28 [FILE] TextureManager.cpp [FUNC] TextureManager::BakeSkyLightMap [LINE] 56
[ Engine ][ Bake ][ SkyLight Buffer ] 'SkyLight_HDRI' Texture가 로드되지 않았습니다!!

[TIME] 14:45:28 [FILE] D3D11Graphic.cpp [FUNC] D3D11Graphic::CreateTextureBuffer [LINE] 210
[ Graphic ][ Create ][ ShaderResourceView ] '../Assets/Texture/Particle/Glow_Particle.png' FAILED!!
[ERROR] 구성 요소를 찾을 수 없습니다.

[TIME] 14:45:28 [FILE] TextureManager.cpp [FUNC] TextureManager::LoadTexture [LINE] 34
[ Engine ][ Create ][ Texture Buffer ] '../Assets/Texture/Particle/Glow_Particle.png' FAILED!!

[TIME] 14:45:49 [FILE] TextureManager.cpp [FUNC] TextureManager::BakeSkyLightMap [LINE] 56
[ Engine ][ Bake ][ SkyLight Buffer ] 'SkyLight_HDRI' Texture가 로드되지 않았습니다!!

[TIME] 14:46:46 [FILE] D3D11Graphic.cpp [FUNC] D3D11Graphic::CreateTextureBuffer [LINE] 210
[ Graphic ][ Create ][ ShaderResourceView ] '../Assets/Texture/Particle/Glow_Particle.png' FAILED!!
[ERROR] 구성 요소를 찾을 수 없습니다.

[TIME] 14:46:46 [FILE] TextureManager.cpp [FUNC] TextureManager::LoadTexture [LINE] 34
[ Engine ][ Create ][ Texture Buffer ] '../Assets/Texture/Particle/Glow_Particle.png' FAILED!!

[TIME] 14:47:07 [FILE] TextureManager.cpp [FUNC] TextureManager::BakeSkyLightMap [LINE] 56
[ Engine ][ Bake ][ SkyLight Buffer ] 'SkyLight_HDRI' Texture가 로드되지 않았습니다!!

[TIME] 14:52:17 [FILE] D3D11Graphic.cpp [FUNC] D3D11Graphic::CreateTextureBuffer [LINE] 210
[ Graphic ][ Create ][ ShaderResourceView ] '../Assets/Texture/Particle/Glow_Particle.png' FAILED!!
[ERROR] 구성 요소를 찾을 수 없습니다.

[TIME] 14:52:17 [FILE] TextureManager.cpp [FUNC] TextureManager::LoadTexture [LINE] 34
[ Engine ][ Create ][ Texture Buffer ] '../Assets/Texture/Particle/Glow_Particle.png' FAILED!!

[TIME] 14:52:39 [FILE] TextureManager.cpp [FUNC] TextureManager::BakeSkyLightMap [LINE] 56
[ Engine ][ Bake ][ SkyLight Buffer ] 'SkyLight_HDRI' Texture가 로드되지 않았습니다!!

[TIME] 14:53:50 [FILE] D3D11Graphic.cpp [FUNC] D3D11Graphic::CreateTextureBuffer [LINE] 210
[ Graphic ][ Create ][ ShaderResourceView ] '../Assets/Texture/Particle/Glow_Particle.png' FAILED!!
[ERROR] 구성 요소를 찾을 수 없습니다.

[TIME] 14:53:50 [FILE] TextureManager.cpp [FUNC] TextureManager::LoadTexture [LINE] 34
[ Engine ][ Create ][ Texture Buffer ] '../Assets/Texture/Particle/Glow_Particle.png' FAILED!!

[TIME] 14:54:11 [FILE] TextureManager.cpp [FUNC] TextureManager::BakeSkyLightMap [LINE] 56
[ Engine ][ Bake ][ SkyLight Buffer ] 'SkyLight_HDRI' Texture가 로드되지 않았습니다!!

[TIME] 14:55:55 [FILE] D3D11Graphic.cpp [FUNC] D3D11Graphic::CreateTextureBuffer [LINE] 210
[ Graphic ][ Create ][ ShaderResourceView ] '../Assets/Texture/Particle/Glow_Particle.png' FAILED!!
[ERROR] 구성 요소를 찾을 수 없습니다.

[TIME] 14:55:55 [FILE] TextureManager.cpp [FUNC] TextureManager::LoadTexture [LINE] 34
[ Engine ][ Create ][ Texture Buffer ] '../Assets/Texture/Particle/Glow_Particle.png' FAILED!!

[TIME] 14:56:17 [FILE] TextureManager.cpp [FUNC] TextureManager::BakeSkyLightMap [LINE] 56
[ Engine ][ Bake ][ SkyLight Buffer ] 'SkyLight_HDRI' Texture가 로드되지 않았습니다!!

[TIME] 14:56:55 [FILE] D3D11Graphic.cpp [FUNC] D3D11Graphic::CreateTextureBuffer [LINE] 210
[ Graphic ][ Create ][ ShaderResourceView ] '../Assets/Texture/Particle/Glow_Particle.png' FAILED!!
[ERROR] 구성 요소를 찾을 수 없습니다.

[TIME] 14:56:55 [FILE] TextureManager.cpp [FUNC] TextureManager::LoadTexture [LINE] 34
[ Engine ][ Create ][ Texture Buffer ] '../Assets/Texture/Particle/Glow_Particle.png' FAILED!!

[TIME] 14:57:16 [FILE] TextureManager.cpp [FUNC] TextureManager::BakeSkyLightMap [LINE] 56
[ Engine ][ Bake ][ SkyLight Buffer ] 'SkyLight_HDRI' Texture가 로드되지 않았습니다!!

[TIME] 14:59:13 [FILE] D3D11Graphic.cpp [FUNC] D3D11Graphic::CreateTextureBuffer [LINE] 210
[ Graphic ][ Create ][ ShaderResourceView ] '../Assets/Texture/Particle/Glow_Particle.png' FAILED!!
[ERROR] 구성 요소를 찾을 수 없습니다.

[TIME] 14:59:13 [FILE] TextureManager.cpp [FUNC] TextureManager::LoadTexture [LINE] 34
[ Engine ][ Create ][ Texture Buffer ] '../Assets/Texture/Particle/Glow_Particle.png' FAILED!!

[TIME] 14:59:35 [FILE] TextureManager.cpp [FUNC] TextureManager::BakeSkyLightMap [LINE] 56
[ Engine ][ Bake ][ SkyLight Buffer ] 'SkyLight_HDRI' Texture가 로드되지 않았습니다!!

[TIME] 15:01:21 [FILE] D3D11Graphic.cpp [FUNC] D3D11Graphic::CreateTextureBuffer [LINE] 210
[ Graphic ][ Create ][ ShaderResourceView ] '../Assets/Texture/Particle/Glow_Particle.png' FAILED!!
[ERROR] 구성 요소를 찾을 수 없습니다.

[TIME] 15:01:21 [FILE] TextureManager.cpp [FUNC] TextureManager::LoadTexture [LINE] 34
[ Engine ][ Create ][ Texture Buffer ] '../Assets/Texture/Particle/Glow_Particle.png' FAILED!!

[TIME] 15:01:42 [FILE] TextureManager.cpp [FUNC] TextureManager::BakeSkyLightMap [LINE] 56
[ Engine ][ Bake ][ SkyLight Buffer ] 'SkyLight_HDRI' Texture가 로드되지 않았습니다!!

[TIME] 15:26:53 [FILE] D3D11Graphic.cpp [FUNC] D3D11Graphic::CreateTextureBuffer [LINE] 210
[ Graphic ][ Create ][ ShaderResourceView ] '../Assets/Texture/Particle/Glow_Particle.png' FAILED!!
[ERROR] 구성 요소를 찾을 수 없습니다.

[TIME] 15:26:53 [FILE] TextureManager.cpp [FUNC] TextureManager::LoadTexture [LINE] 34
[ Engine ][ Create ][ Texture Buffer ] '../Assets/Texture/Particle/Glow_Particle.png' FAILED!!

[TIME] 15:27:15 [FILE] TextureManager.cpp [FUNC] TextureManager::BakeSkyLightMap [LINE] 56
[ Engine ][ Bake ][ SkyLight Buffer ] 'SkyLight_HDRI' Texture가 로드되지 않았습니다!!

[TIME] 15:32:53 [FILE] D3D11Graphic.cpp [FUNC] D3D11Graphic::CreateTextureBuffer [LINE] 210
[ Graphic ][ Create ][ ShaderResourceView ] '../Assets/Texture/Particle/Glow_Particle.png' FAILED!!
[ERROR] 구성 요소를 찾을 수 없습니다.

[TIME] 15:32:53 [FILE] TextureManager.cpp [FUNC] TextureManager::LoadTexture [LINE] 34
[ Engine ][ Create ][ Texture Buffer ] '../Assets/Texture/Particle/Glow_Particle.png' FAILED!!

[TIME] 15:33:15 [FILE] TextureManager.cpp [FUNC] TextureManager::BakeSkyLightMap [LINE] 56
[ Engine ][ Bake ][ SkyLight Buffer ] 'SkyLight_HDRI' Texture가 로드되지 않았습니다!!

[TIME] 15:43:26 [FILE] D3D11Graphic.cpp [FUNC] D3D11Graphic::CreateTextureBuffer [LINE] 210
[ Graphic ][ Create ][ ShaderResourceView ] '../Assets/Texture/Particle/Glow_Particle.png' FAILED!!
[ERROR] 구성 요소를 찾을 수 없습니다.

[TIME] 15:43:26 [FILE] TextureManager.cpp [FUNC] TextureManager::LoadTexture [LINE] 34
[ Engine ][ Create ][ Texture Buffer ] '../Assets/Texture/Particle/Glow_Particle.png' FAILED!!

[TIME] 15:43:47 [FILE] TextureManager.cpp [FUNC] TextureManager::BakeSkyLightMap [LINE] 56
[ Engine ][ Bake ][ SkyLight Buffer ] 'SkyLight_HDRI' Texture가 로드되지 않았습니다!!

[TIME] 15:45:33 [FILE] D3D11Graphic.cpp [FUNC] D3D11Graphic::CreateTextureBuffer [LINE] 210
[ Graphic ][ Create ][ ShaderResourceView ] '../Assets/Texture/Particle/Glow_Particle.png' FAILED!!
[ERROR] 구성 요소를 찾을 수 없습니다.

[TIME] 15:45:33 [FILE] TextureManager.cpp [FUNC] TextureManager::LoadTexture [LINE] 34
[ Engine ][ Create ][ Texture Buffer ] '../Assets/Texture/Particle/Glow_Particle.png' FAILED!!

[TIME] 15:45:54 [FILE] TextureManager.cpp [FUNC] TextureManager::BakeSkyLightMap [LINE] 56
[ Engine ][ Bake ][ SkyLight Buffer ] 'SkyLight_HDRI' Texture가 로드되지 않았습니다!!

[TIME] 15:48:11 [FILE] D3D11Graphic.cpp [FUNC] D3D11Graphic::CreateTextureBuffer [LINE] 210
[ Graphic ][ Create ][ ShaderResourceView ] '../Assets/Texture/Particle/Glow_Particle.png' FAILED!!
[ERROR] 구성 요소를 찾을 수 없습니다.

[TIME] 15:48:11 [FILE] TextureManager.cpp [FUNC] TextureManager::LoadTexture [LINE] 34
[ Engine ][ Create ][ Texture Buffer ] '../Assets/Texture/Particle/Glow_Particle.png' FAILED!!

[TIME] 15:48:32 [FILE] TextureManager.cpp [FUNC] TextureManager::BakeSkyLightMap [LINE] 56
[ Engine ][ Bake ][ SkyLight Buffer ] 'SkyLight_HDRI' Texture가 로드되지 않았습니다!!

[TIME] 15:51:56 [FILE] D3D11Graphic.cpp [FUNC] D3D11Graphic::CreateTextureBuffer [LINE] 210
[ Graphic ][ Create ][ ShaderResourceView ] '../Assets/Texture/Particle/Glow_Particle.png' FAILED!!
[ERROR] 구성 요소를 찾을 수 없습니다.

[TIME] 15:51:56 [FILE] TextureManager.cpp [FUNC] TextureManager::LoadTexture [LINE] 34
[ Engine ][ Create ][ Texture Buffer ] '../Assets/Texture/Particle/Glow_Particle.png' FAILED!!

[TIME] 15:52:18 [FILE] TextureManager.cpp [FUNC] TextureManager::BakeSkyLightMap [LINE] 56
[ Engine ][ Bake ][ SkyLight Buffer ] 'SkyLight_HDRI' Texture가 로드되지 않았습니다!!

[TIME] 16:05:01 [FILE] D3D11Graphic.cpp [FUNC] D3D11Graphic::CreateTextureBuffer [LINE] 210
[ Graphic ][ Create ][ ShaderResourceView ] '../Assets/Texture/Particle/Glow_Particle.png' FAILED!!
[ERROR] 구성 요소를 찾을 수 없습니다.

[TIME] 16:05:01 [FILE] TextureManager.cpp [FUNC] TextureManager::LoadTexture [LINE] 34
[ Engine ][ Create ][ Texture Buffer ] '../Assets/Texture/Particle/Glow_Particle.png' FAILED!!

[TIME] 16:05:22 [FILE] TextureManager.cpp [FUNC] TextureManager::BakeSkyLightMap [LINE] 56
[ Engine ][ Bake ][ SkyLight Buffer ] 'SkyLight_HDRI' Texture가 로드되지 않았습니다!!

[TIME] 16:06:10 [FILE] D3D11Graphic.cpp [FUNC] D3D11Graphic::CreateTextureBuffer [LINE] 210
[ Graphic ][ Create ][ ShaderResourceView ] '../Assets/Texture/Particle/Glow_Particle.png' FAILED!!
[ERROR] 구성 요소를 찾을 수 없습니다.

[TIME] 16:06:10 [FILE] TextureManager.cpp [FUNC] TextureManager::LoadTexture [LINE] 34
[ Engine ][ Create ][ Texture Buffer ] '../Assets/Texture/Particle/Glow_Particle.png' FAILED!!

[TIME] 16:06:31 [FILE] TextureManager.cpp [FUNC] TextureManager::BakeSkyLightMap [LINE] 56
[ Engine ][ Bake ][ SkyLight Buffer ] 'SkyLight_HDRI' Texture가 로드되지 않았습니다!!

[TIME] 16:07:17 [FILE] D3D11Graphic.cpp [FUNC] D3D11Graphic::CreateTextureBuffer [LINE] 210
[ Graphic ][ Create ][ ShaderResourceView ] '../Assets/Texture/Particle/Glow_Particle.png' FAILED!!
[ERROR] 구성 요소를 찾을 수 없습니다.

[TIME] 16:07:17 [FILE] TextureManager.cpp [FUNC] TextureManager::LoadTexture [LINE] 34
[ Engine ][ Create ][ Texture Buffer ] '../Assets/Texture/Particle/Glow_Particle.png' FAILED!!

[TIME] 16:07:38 [FILE] TextureManager.cpp [FUNC] TextureManager::BakeSkyLightMap [LINE] 56
[ Engine ][ Bake ][ SkyLight Buffer ] 'SkyLight_HDRI' Texture가 로드되지 않았습니다!!

