[TIME] 03:48:12 [FILE] LoadManager.cpp [FUNC] LoadManager::GetTexture [LINE] 227
[ ERROR ][ Engine ][ GetTexture ] '0'가 없습니다.

[TIME] 03:48:12 [FILE] LoadManager.cpp [FUNC] LoadManager::GetTexture [LINE] 227
[ ERROR ][ Engine ][ GetTexture ] '0'가 없습니다.

[TIME] 03:48:12 [FILE] LoadManager.cpp [FUNC] LoadManager::GetTexture [LINE] 227
[ ERROR ][ Engine ][ GetTexture ] '0'가 없습니다.

[TIME] 03:48:12 [FILE] LoadManager.cpp [FUNC] LoadManager::GetTexture [LINE] 227
[ ERROR ][ Engine ][ GetTexture ] '0'가 없습니다.

[TIME] 03:48:12 [FILE] LoadManager.cpp [FUNC] LoadManager::GetTexture [LINE] 227
[ ERROR ][ Engine ][ GetTexture ] '0'가 없습니다.

[TIME] 03:48:12 [FILE] LoadManager.cpp [FUNC] LoadManager::GetTexture [LINE] 227
[ ERROR ][ Engine ][ GetTexture ] '0'가 없습니다.

[TIME] 03:48:12 [FILE] LoadManager.cpp [FUNC] LoadManager::GetTexture [LINE] 227
[ ERROR ][ Engine ][ GetTexture ] '0'가 없습니다.

[TIME] 03:48:12 [FILE] LoadManager.cpp [FUNC] LoadManager::GetTexture [LINE] 227
[ ERROR ][ Engine ][ GetTexture ] '0'가 없습니다.

[TIME] 03:48:12 [FILE] LoadManager.cpp [FUNC] LoadManager::GetTexture [LINE] 227
[ ERROR ][ Engine ][ GetTexture ] '0'가 없습니다.

[TIME] 03:48:12 [FILE] LoadManager.cpp [FUNC] LoadManager::GetTexture [LINE] 227
[ ERROR ][ Engine ][ GetTexture ] '0'가 없습니다.

[TIME] 03:48:12 [FILE] LoadManager.cpp [FUNC] LoadManager::GetTexture [LINE] 227
[ ERROR ][ Engine ][ GetTexture ] '0'가 없습니다.

[TIME] 03:48:12 [FILE] LoadManager.cpp [FUNC] LoadManager::GetTexture [LINE] 227
[ ERROR ][ Engine ][ GetTexture ] '0'가 없습니다.

[TIME] 03:48:12 [FILE] LoadManager.cpp [FUNC] LoadManager::GetTexture [LINE] 227
[ ERROR ][ Engine ][ GetTexture ] '0'가 없습니다.

[TIME] 03:48:12 [FILE] LoadManager.cpp [FUNC] LoadManager::GetTexture [LINE] 227
[ ERROR ][ Engine ][ GetTexture ] '0'가 없습니다.

[TIME] 03:48:12 [FILE] LoadManager.cpp [FUNC] LoadManager::GetTexture [LINE] 227
[ ERROR ][ Engine ][ GetTexture ] '0'가 없습니다.

[TIME] 03:48:12 [FILE] LoadManager.cpp [FUNC] LoadManager::GetTexture [LINE] 227
[ ERROR ][ Engine ][ GetTexture ] '0'가 없습니다.

[TIME] 03:48:12 [FILE] LoadManager.cpp [FUNC] LoadManager::GetTexture [LINE] 227
[ ERROR ][ Engine ][ GetTexture ] '0'가 없습니다.

[TIME] 03:48:13 [FILE] LoadManager.cpp [FUNC] LoadManager::GetTexture [LINE] 227
[ ERROR ][ Engine ][ GetTexture ] '0'가 없습니다.

[TIME] 03:48:13 [FILE] LoadManager.cpp [FUNC] LoadManager::GetTexture [LINE] 227
[ ERROR ][ Engine ][ GetTexture ] '0'가 없습니다.

[TIME] 03:48:13 [FILE] LoadManager.cpp [FUNC] LoadManager::GetTexture [LINE] 227
[ ERROR ][ Engine ][ GetTexture ] '0'가 없습니다.

[TIME] 03:48:13 [FILE] LoadManager.cpp [FUNC] LoadManager::GetTexture [LINE] 227
[ ERROR ][ Engine ][ GetTexture ] 'organic_manatree_BaseColor'가 없습니다.

[TIME] 03:48:13 [FILE] LoadManager.cpp [FUNC] LoadManager::GetTexture [LINE] 227
[ ERROR ][ Engine ][ GetTexture ] 'organic_manatree_Normal'가 없습니다.

[TIME] 03:48:13 [FILE] LoadManager.cpp [FUNC] LoadManager::GetTexture [LINE] 227
[ ERROR ][ Engine ][ GetTexture ] '0'가 없습니다.

[TIME] 03:48:13 [FILE] LoadManager.cpp [FUNC] LoadManager::GetTexture [LINE] 227
[ ERROR ][ Engine ][ GetTexture ] 'organic_manatree_ORM'가 없습니다.

[TIME] 03:48:13 [FILE] LoadManager.cpp [FUNC] LoadManager::GetTexture [LINE] 227
[ ERROR ][ Engine ][ GetTexture ] '0'가 없습니다.

[TIME] 03:48:13 [FILE] LoadManager.cpp [FUNC] LoadManager::GetTexture [LINE] 227
[ ERROR ][ Engine ][ GetTexture ] '0'가 없습니다.

[TIME] 03:48:13 [FILE] LoadManager.cpp [FUNC] LoadManager::GetTexture [LINE] 227
[ ERROR ][ Engine ][ GetTexture ] '0'가 없습니다.

[TIME] 03:48:13 [FILE] LoadManager.cpp [FUNC] LoadManager::GetTexture [LINE] 227
[ ERROR ][ Engine ][ GetTexture ] '0'가 없습니다.

[TIME] 03:48:13 [FILE] LoadManager.cpp [FUNC] LoadManager::GetTexture [LINE] 227
[ ERROR ][ Engine ][ GetTexture ] '0'가 없습니다.

[TIME] 03:48:13 [FILE] LoadManager.cpp [FUNC] LoadManager::GetTexture [LINE] 227
[ ERROR ][ Engine ][ GetTexture ] '0'가 없습니다.

[TIME] 03:48:13 [FILE] LoadManager.cpp [FUNC] LoadManager::GetTexture [LINE] 227
[ ERROR ][ Engine ][ GetTexture ] '0'가 없습니다.

[TIME] 03:48:13 [FILE] LoadManager.cpp [FUNC] LoadManager::GetTexture [LINE] 227
[ ERROR ][ Engine ][ GetTexture ] '0'가 없습니다.

[TIME] 03:48:13 [FILE] LoadManager.cpp [FUNC] LoadManager::GetTexture [LINE] 227
[ ERROR ][ Engine ][ GetTexture ] '0'가 없습니다.

[TIME] 03:48:13 [FILE] LoadManager.cpp [FUNC] LoadManager::GetTexture [LINE] 227
[ ERROR ][ Engine ][ GetTexture ] '0'가 없습니다.

[TIME] 03:48:13 [FILE] LoadManager.cpp [FUNC] LoadManager::GetTexture [LINE] 227
[ ERROR ][ Engine ][ GetTexture ] '0'가 없습니다.

[TIME] 03:48:13 [FILE] LoadManager.cpp [FUNC] LoadManager::GetTexture [LINE] 227
[ ERROR ][ Engine ][ GetTexture ] '0'가 없습니다.

[TIME] 03:48:13 [FILE] LoadManager.cpp [FUNC] LoadManager::GetTexture [LINE] 227
[ ERROR ][ Engine ][ GetTexture ] '0'가 없습니다.

[TIME] 03:48:13 [FILE] LoadManager.cpp [FUNC] LoadManager::GetTexture [LINE] 227
[ ERROR ][ Engine ][ GetTexture ] '0'가 없습니다.

[TIME] 03:48:13 [FILE] LoadManager.cpp [FUNC] LoadManager::GetTexture [LINE] 227
[ ERROR ][ Engine ][ GetTexture ] 'organic_mana_BaseColor'가 없습니다.

[TIME] 03:48:13 [FILE] LoadManager.cpp [FUNC] LoadManager::GetTexture [LINE] 227
[ ERROR ][ Engine ][ GetTexture ] 'organic_mana_Normal'가 없습니다.

[TIME] 03:48:13 [FILE] LoadManager.cpp [FUNC] LoadManager::GetTexture [LINE] 227
[ ERROR ][ Engine ][ GetTexture ] '0'가 없습니다.

[TIME] 03:48:13 [FILE] LoadManager.cpp [FUNC] LoadManager::GetTexture [LINE] 227
[ ERROR ][ Engine ][ GetTexture ] 'organic_mana_ORM'가 없습니다.

[TIME] 03:48:13 [FILE] LoadManager.cpp [FUNC] LoadManager::GetTexture [LINE] 227
[ ERROR ][ Engine ][ GetTexture ] '0'가 없습니다.

[TIME] 03:48:13 [FILE] LoadManager.cpp [FUNC] LoadManager::GetTexture [LINE] 227
[ ERROR ][ Engine ][ GetTexture ] '0'가 없습니다.

[TIME] 03:48:13 [FILE] LoadManager.cpp [FUNC] LoadManager::GetTexture [LINE] 227
[ ERROR ][ Engine ][ GetTexture ] '0'가 없습니다.

[TIME] 03:48:13 [FILE] LoadManager.cpp [FUNC] LoadManager::GetTexture [LINE] 227
[ ERROR ][ Engine ][ GetTexture ] '0'가 없습니다.

[TIME] 03:48:13 [FILE] LoadManager.cpp [FUNC] LoadManager::GetTexture [LINE] 227
[ ERROR ][ Engine ][ GetTexture ] '0'가 없습니다.

[TIME] 03:48:13 [FILE] LoadManager.cpp [FUNC] LoadManager::GetTexture [LINE] 227
[ ERROR ][ Engine ][ GetTexture ] 'Player_BaseColor'가 없습니다.

[TIME] 03:48:13 [FILE] LoadManager.cpp [FUNC] LoadManager::GetTexture [LINE] 227
[ ERROR ][ Engine ][ GetTexture ] 'Player_Normal'가 없습니다.

[TIME] 03:48:13 [FILE] LoadManager.cpp [FUNC] LoadManager::GetTexture [LINE] 227
[ ERROR ][ Engine ][ GetTexture ] '0'가 없습니다.

[TIME] 03:48:13 [FILE] LoadManager.cpp [FUNC] LoadManager::GetTexture [LINE] 227
[ ERROR ][ Engine ][ GetTexture ] 'Player_Emissive'가 없습니다.

[TIME] 03:48:13 [FILE] LoadManager.cpp [FUNC] LoadManager::GetTexture [LINE] 227
[ ERROR ][ Engine ][ GetTexture ] '0'가 없습니다.

[TIME] 03:48:13 [FILE] LoadManager.cpp [FUNC] LoadManager::GetTexture [LINE] 227
[ ERROR ][ Engine ][ GetTexture ] '0'가 없습니다.

[TIME] 03:48:13 [FILE] LoadManager.cpp [FUNC] LoadManager::GetTexture [LINE] 227
[ ERROR ][ Engine ][ GetTexture ] '0'가 없습니다.

[TIME] 03:48:13 [FILE] LoadManager.cpp [FUNC] LoadManager::GetTexture [LINE] 227
[ ERROR ][ Engine ][ GetTexture ] '0'가 없습니다.

[TIME] 03:48:54 [FILE] LoadManager.cpp [FUNC] LoadManager::GetMesh [LINE] 306
[ ERROR ][ Engine ][ GetMesh ] '_0'가 없습니다.

[TIME] 03:48:54 [FILE] LoadManager.cpp [FUNC] LoadManager::GetSkyLight [LINE] 243
[ ERROR ][ Engine ][ GetSkyLight ] 'SkyLight_0'가 없습니다.

[TIME] 03:48:54 [FILE] LoadManager.cpp [FUNC] LoadManager::GetSkyLight [LINE] 243
[ ERROR ][ Engine ][ GetSkyLight ] 'SkyLight_1'가 없습니다.

[TIME] 03:48:54 [FILE] LoadManager.cpp [FUNC] LoadManager::GetMaterial [LINE] 259
[ ERROR ][ Engine ][ GetMaterial ] ''가 없습니다.

[TIME] 03:48:54 [FILE] LoadManager.cpp [FUNC] LoadManager::GetMaterial [LINE] 259
[ ERROR ][ Engine ][ GetMaterial ] 'Player_Weapon_weapon'가 없습니다.

[TIME] 04:00:40 [FILE] LoadManager.cpp [FUNC] LoadManager::GetTexture [LINE] 227
[ ERROR ][ Engine ][ GetTexture ] '0'가 없습니다.

[TIME] 04:00:40 [FILE] LoadManager.cpp [FUNC] LoadManager::GetTexture [LINE] 227
[ ERROR ][ Engine ][ GetTexture ] '0'가 없습니다.

[TIME] 04:00:40 [FILE] LoadManager.cpp [FUNC] LoadManager::GetTexture [LINE] 227
[ ERROR ][ Engine ][ GetTexture ] '0'가 없습니다.

[TIME] 04:00:40 [FILE] LoadManager.cpp [FUNC] LoadManager::GetTexture [LINE] 227
[ ERROR ][ Engine ][ GetTexture ] '0'가 없습니다.

[TIME] 04:00:40 [FILE] LoadManager.cpp [FUNC] LoadManager::GetTexture [LINE] 227
[ ERROR ][ Engine ][ GetTexture ] '0'가 없습니다.

[TIME] 04:00:40 [FILE] LoadManager.cpp [FUNC] LoadManager::GetTexture [LINE] 227
[ ERROR ][ Engine ][ GetTexture ] '0'가 없습니다.

[TIME] 04:00:40 [FILE] LoadManager.cpp [FUNC] LoadManager::GetTexture [LINE] 227
[ ERROR ][ Engine ][ GetTexture ] '0'가 없습니다.

[TIME] 04:00:40 [FILE] LoadManager.cpp [FUNC] LoadManager::GetTexture [LINE] 227
[ ERROR ][ Engine ][ GetTexture ] '0'가 없습니다.

[TIME] 04:00:40 [FILE] LoadManager.cpp [FUNC] LoadManager::GetTexture [LINE] 227
[ ERROR ][ Engine ][ GetTexture ] '0'가 없습니다.

[TIME] 04:00:40 [FILE] LoadManager.cpp [FUNC] LoadManager::GetTexture [LINE] 227
[ ERROR ][ Engine ][ GetTexture ] '0'가 없습니다.

[TIME] 04:00:40 [FILE] LoadManager.cpp [FUNC] LoadManager::GetTexture [LINE] 227
[ ERROR ][ Engine ][ GetTexture ] '0'가 없습니다.

[TIME] 04:00:40 [FILE] LoadManager.cpp [FUNC] LoadManager::GetTexture [LINE] 227
[ ERROR ][ Engine ][ GetTexture ] '0'가 없습니다.

[TIME] 04:00:40 [FILE] LoadManager.cpp [FUNC] LoadManager::GetTexture [LINE] 227
[ ERROR ][ Engine ][ GetTexture ] '0'가 없습니다.

[TIME] 04:00:40 [FILE] LoadManager.cpp [FUNC] LoadManager::GetTexture [LINE] 227
[ ERROR ][ Engine ][ GetTexture ] '0'가 없습니다.

[TIME] 04:00:40 [FILE] LoadManager.cpp [FUNC] LoadManager::GetTexture [LINE] 227
[ ERROR ][ Engine ][ GetTexture ] '0'가 없습니다.

[TIME] 04:00:40 [FILE] LoadManager.cpp [FUNC] LoadManager::GetTexture [LINE] 227
[ ERROR ][ Engine ][ GetTexture ] '0'가 없습니다.

[TIME] 04:00:40 [FILE] LoadManager.cpp [FUNC] LoadManager::GetTexture [LINE] 227
[ ERROR ][ Engine ][ GetTexture ] '0'가 없습니다.

[TIME] 04:00:40 [FILE] LoadManager.cpp [FUNC] LoadManager::GetTexture [LINE] 227
[ ERROR ][ Engine ][ GetTexture ] '0'가 없습니다.

[TIME] 04:00:40 [FILE] LoadManager.cpp [FUNC] LoadManager::GetTexture [LINE] 227
[ ERROR ][ Engine ][ GetTexture ] '0'가 없습니다.

[TIME] 04:00:40 [FILE] LoadManager.cpp [FUNC] LoadManager::GetTexture [LINE] 227
[ ERROR ][ Engine ][ GetTexture ] '0'가 없습니다.

[TIME] 04:00:40 [FILE] LoadManager.cpp [FUNC] LoadManager::GetTexture [LINE] 227
[ ERROR ][ Engine ][ GetTexture ] 'organic_manatree_BaseColor'가 없습니다.

[TIME] 04:00:40 [FILE] LoadManager.cpp [FUNC] LoadManager::GetTexture [LINE] 227
[ ERROR ][ Engine ][ GetTexture ] 'organic_manatree_Normal'가 없습니다.

[TIME] 04:00:40 [FILE] LoadManager.cpp [FUNC] LoadManager::GetTexture [LINE] 227
[ ERROR ][ Engine ][ GetTexture ] '0'가 없습니다.

[TIME] 04:00:40 [FILE] LoadManager.cpp [FUNC] LoadManager::GetTexture [LINE] 227
[ ERROR ][ Engine ][ GetTexture ] 'organic_manatree_ORM'가 없습니다.

[TIME] 04:00:40 [FILE] LoadManager.cpp [FUNC] LoadManager::GetTexture [LINE] 227
[ ERROR ][ Engine ][ GetTexture ] '0'가 없습니다.

[TIME] 04:00:40 [FILE] LoadManager.cpp [FUNC] LoadManager::GetTexture [LINE] 227
[ ERROR ][ Engine ][ GetTexture ] '0'가 없습니다.

[TIME] 04:00:40 [FILE] LoadManager.cpp [FUNC] LoadManager::GetTexture [LINE] 227
[ ERROR ][ Engine ][ GetTexture ] '0'가 없습니다.

[TIME] 04:00:40 [FILE] LoadManager.cpp [FUNC] LoadManager::GetTexture [LINE] 227
[ ERROR ][ Engine ][ GetTexture ] '0'가 없습니다.

[TIME] 04:00:40 [FILE] LoadManager.cpp [FUNC] LoadManager::GetTexture [LINE] 227
[ ERROR ][ Engine ][ GetTexture ] '0'가 없습니다.

[TIME] 04:00:40 [FILE] LoadManager.cpp [FUNC] LoadManager::GetTexture [LINE] 227
[ ERROR ][ Engine ][ GetTexture ] '0'가 없습니다.

[TIME] 04:00:40 [FILE] LoadManager.cpp [FUNC] LoadManager::GetTexture [TIME] 04:10:31 [FILE] LoadManager.cpp [FUNC] LoadManager::GetTexture [LINE] 227
[ ERROR ][ Engine ][ GetTexture ] '0'가 없습니다.

[TIME] 04:10:31 [FILE] LoadManager.cpp [FUNC] LoadManager::GetTexture [LINE] 227
[ ERROR ][ Engine ][ GetTexture ] '0'가 없습니다.

[TIME] 04:10:31 [FILE] LoadManager.cpp [FUNC] LoadManager::GetTexture [LINE] 227
[ ERROR ][ Engine ][ GetTexture ] '0'가 없습니다.

[TIME] 04:10:31 [FILE] LoadManager.cpp [FUNC] LoadManager::GetTexture [LINE] 227
[ ERROR ][ Engine ][ GetTexture ] '0'가 없습니다.

[TIME] 04:10:31 [FILE] LoadManager.cpp [FUNC] LoadManager::GetTexture [LINE] 227
[ ERROR ][ Engine ][ GetTexture ] '0'가 없습니다.

[TIME] 04:10:31 [FILE] LoadManager.cpp [FUNC] LoadManager::GetTexture [LINE] 227
[ ERROR ][ Engine ][ GetTexture ] '0'가 없습니다.

[TIME] 04:10:31 [FILE] LoadManager.cpp [FUNC] LoadManager::GetTexture [LINE] 227
[ ERROR ][ Engine ][ GetTexture ] '0'가 없습니다.

[TIME] 04:10:31 [FILE] LoadManager.cpp [FUNC] LoadManager::GetTexture [LINE] 227
[ ERROR ][ Engine ][ GetTexture ] '0'가 없습니다.

[TIME] 04:10:31 [FILE] LoadManager.cpp [FUNC] LoadManager::GetTexture [LINE] 227
[ ERROR ][ Engine ][ GetTexture ] '0'가 없습니다.

[TIME] 04:10:31 [FILE] LoadManager.cpp [FUNC] LoadManager::GetTexture [LINE] 227
[ ERROR ][ Engine ][ GetTexture ] '0'가 없습니다.

[TIME] 04:10:31 [FILE] LoadManager.cpp [FUNC] LoadManager::GetTexture [LINE] 227
[ ERROR ][ Engine ][ GetTexture ] '0'가 없습니다.

[TIME] 04:10:31 [FILE] LoadManager.cpp [FUNC] LoadManager::GetTexture [LINE] 227
[ ERROR ][ Engine ][ GetTexture ] '0'가 없습니다.

[TIME] 04:10:31 [FILE] LoadManager.cpp [FUNC] LoadManager::GetTexture [LINE] 227
[ ERROR ][ Engine ][ GetTexture ] '0'가 없습니다.

[TIME] 04:10:31 [FILE] LoadManager.cpp [FUNC] LoadManager::GetTexture [LINE] 227
[ ERROR ][ Engine ][ GetTexture ] '0'가 없습니다.

[TIME] 04:10:31 [FILE] LoadManager.cpp [FUNC] LoadManager::GetTexture [LINE] 227
[ ERROR ][ Engine ][ GetTexture ] '0'가 없습니다.

[TIME] 04:10:31 [FILE] LoadManager.cpp [FUNC] LoadManager::GetTexture [LINE] 227
[ ERROR ][ Engine ][ GetTexture ] '0'가 없습니다.

[TIME] 04:10:31 [FILE] LoadManager.cpp [FUNC] LoadManager::GetTexture [LINE] 227
[ ERROR ][ Engine ][ GetTexture ] '0'가 없습니다.

[TIME] 04:10:31 [FILE] LoadManager.cpp [FUNC] LoadManager::GetTexture [LINE] 227
[ ERROR ][ Engine ][ GetTexture ] '0'가 없습니다.

[TIME] 04:10:31 [FILE] LoadManager.cpp [FUNC] LoadManager::GetTexture [LINE] 227
[ ERROR ][ Engine ][ GetTexture ] '0'가 없습니다.

[TIME] 04:10:31 [FILE] LoadManager.cpp [FUNC] LoadManager::GetTexture [LINE] 227
[ ERROR ][ Engine ][ GetTexture ] '0'가 없습니다.

[TIME] 04:10:31 [FILE] LoadManager.cpp [FUNC] LoadManager::GetTexture [LINE] 227
[ ERROR ][ Engine ][ GetTexture ] 'organic_manatree_BaseColor'가 없습니다.

[TIME] 04:10:31 [FILE] LoadManager.cpp [FUNC] LoadManager::GetTexture [LINE] 227
[ ERROR ][ Engine ][ GetTexture ] 'organic_manatree_Normal'가 없습니다.

[TIME] 04:10:31 [FILE] LoadManager.cpp [FUNC] LoadManager::GetTexture [LINE] 227
[ ERROR ][ Engine ][ GetTexture ] '0'가 없습니다.

[TIME] 04:10:31 [FILE] LoadManager.cpp [FUNC] LoadManager::GetTexture [LINE] 227
[ ERROR ][ Engine ][ GetTexture ] 'organic_manatree_ORM'가 없습니다.

[TIME] 04:10:31 [FILE] LoadManager.cpp [FUNC] LoadManager::GetTexture [LINE] 227
[ ERROR ][ Engine ][ GetTexture ] '0'가 없습니다.

[TIME] 04:10:31 [FILE] LoadManager.cpp [FUNC] LoadManager::GetTexture [LINE] 227
[ ERROR ][ Engine ][ GetTexture ] '0'가 없습니다.

[TIME] 04:10:31 [FILE] LoadManager.cpp [FUNC] LoadManager::GetTexture [LINE] 227
[ ERROR ][ Engine ][ GetTexture ] '0'가 없습니다.

[TIME] 04:10:31 [FILE] LoadManager.cpp [FUNC] LoadManager::GetTexture [LINE] 227
[ ERROR ][ Engine ][ GetTexture ] '0'가 없습니다.

[TIME] 04:10:32 [FILE] LoadManager.cpp [FUNC] LoadManager::GetTexture [LINE] 227
[ ERROR ][ Engine ][ GetTexture ] '0'가 없습니다.

[TIME] 04:10:32 [FILE] LoadManager.cpp [FUNC] LoadManager::GetTexture [LINE] 227
[ ERROR ][ Engine ][ GetTexture ] '0'가 없습니다.

[TIME] 04:10:32 [FILE] LoadManager.cpp [FUNC] LoadManager::GetTexture [TIME] 04:14:41 [FILE] LoadManager.cpp [FUNC] LoadManager::GetTexture [LINE] 227
[ ERROR ][ Engine ][ GetTexture ] '0'가 없습니다.

[TIME] 04:14:41 [FILE] LoadManager.cpp [FUNC] LoadManager::GetTexture [LINE] 227
[ ERROR ][ Engine ][ GetTexture ] '0'가 없습니다.

[TIME] 04:14:41 [FILE] LoadManager.cpp [FUNC] LoadManager::GetTexture [LINE] 227
[ ERROR ][ Engine ][ GetTexture ] '0'가 없습니다.

[TIME] 04:14:41 [FILE] LoadManager.cpp [FUNC] LoadManager::GetTexture [LINE] 227
[ ERROR ][ Engine ][ GetTexture ] '0'가 없습니다.

[TIME] 04:14:42 [FILE] LoadManager.cpp [FUNC] LoadManager::GetTexture [LINE] 227
[ ERROR ][ Engine ][ GetTexture ] '0'가 없습니다.

[TIME] 04:14:42 [FILE] LoadManager.cpp [FUNC] LoadManager::GetTexture [LINE] 227
[ ERROR ][ Engine ][ GetTexture ] '0'가 없습니다.

[TIME] 04:14:42 [FILE] LoadManager.cpp [FUNC] LoadManager::GetTexture [LINE] 227
[ ERROR ][ Engine ][ GetTexture ] '0'가 없습니다.

[TIME] 04:14:42 [FILE] LoadManager.cpp [FUNC] LoadManager::GetTexture [LINE] 227
[ ERROR ][ Engine ][ GetTexture ] '0'가 없습니다.

[TIME] 04:14:42 [FILE] LoadManager.cpp [FUNC] LoadManager::GetTexture [LINE] 227
[ ERROR ][ Engine ][ GetTexture ] '0'가 없습니다.

[TIME] 04:14:42 [FILE] LoadManager.cpp [FUNC] LoadManager::GetTexture [LINE] 227
[ ERROR ][ Engine ][ GetTexture ] '0'가 없습니다.

[TIME] 04:14:42 [FILE] LoadManager.cpp [FUNC] LoadManager::GetTexture [LINE] 227
[ ERROR ][ Engine ][ GetTexture ] '0'가 없습니다.

[TIME] 04:14:42 [FILE] LoadManager.cpp [FUNC] LoadManager::GetTexture [LINE] 227
[ ERROR ][ Engine ][ GetTexture ] '0'가 없습니다.

[TIME] 04:14:42 [FILE] LoadManager.cpp [FUNC] LoadManager::GetTexture [LINE] 227
[ ERROR ][ Engine ][ GetTexture ] '0'가 없습니다.

[TIME] 04:14:42 [FILE] LoadManager.cpp [FUNC] LoadManager::GetTexture [LINE] 227
[ ERROR ][ Engine ][ GetTexture ] '0'가 없습니다.

[TIME] 04:14:42 [FILE] LoadManager.cpp [FUNC] LoadManager::GetTexture [LINE] 227
[ ERROR ][ Engine ][ GetTexture ] '0'가 없습니다.

[TIME] 04:14:42 [FILE] LoadManager.cpp [FUNC] LoadManager::GetTexture [LINE] 227
[ ERROR ][ Engine ][ GetTexture ] '0'가 없습니다.

[TIME] 04:14:42 [FILE] LoadManager.cpp [FUNC] LoadManager::GetTexture [LINE] 227
[ ERROR ][ Engine ][ GetTexture ] '0'가 없습니다.

[TIME] 04:14:42 [FILE] LoadManager.cpp [FUNC] LoadManager::GetTexture [LINE] 227
[ ERROR ][ Engine ][ GetTexture ] '0'가 없습니다.

[TIME] 04:14:42 [FILE] LoadManager.cpp [FUNC] LoadManager::GetTexture [LINE] 227
[ ERROR ][ Engine ][ GetTexture ] '0'가 없습니다.

[TIME] 04:14:42 [FILE] LoadManager.cpp [FUNC] LoadManager::GetTexture [LINE] 227
[ ERROR ][ Engine ][ GetTexture ] '0'가 없습니다.

[TIME] 04:14:42 [FILE] LoadManager.cpp [FUNC] LoadManager::GetTexture [LINE] 227
[ ERROR ][ Engine ][ GetTexture ] 'organic_manatree_BaseColor'가 없습니다.

[TIME] 04:14:42 [FILE] LoadManager.cpp [FUNC] LoadManager::GetTexture [LINE] 227
[ ERROR ][ Engine ][ GetTexture ] 'organic_manatree_Normal'가 없습니다.

[TIME] 04:14:42 [FILE] LoadManager.cpp [FUNC] LoadManager::GetTexture [LINE] 227
[ ERROR ][ Engine ][ GetTexture ] '0'가 없습니다.

[TIME] 04:14:42 [FILE] LoadManager.cpp [FUNC] LoadManager::GetTexture [LINE] 227
[ ERROR ][ Engine ][ GetTexture ] 'organic_manatree_ORM'가 없습니다.

[TIME] 04:14:42 [FILE] LoadManager.cpp [FUNC] LoadManager::GetTexture [LINE] 227
[ ERROR ][ Engine ][ GetTexture ] '0'가 없습니다.

[TIME] 04:14:42 [FILE] LoadManager.cpp [FUNC] LoadManager::GetTexture [LINE] 227
[ ERROR ][ Engine ][ GetTexture ] '0'가 없습니다.

[TIME] 04:14:42 [FILE] LoadManager.cpp [FUNC] LoadManager::GetTexture [LINE] 227
[ ERROR ][ Engine ][ GetTexture ] '0'가 없습니다.

[TIME] 04:14:42 [FILE] LoadManager.cpp [FUNC] LoadManager::GetTexture [LINE] 227
[ ERROR ][ Engine ][ GetTexture ] '0'가 없습니다.

[TIME] 04:14:42 [FILE] LoadManager.cpp [FUNC] LoadManager::GetTexture [LINE] 227
[ ERROR ][ Engine ][ GetTexture ] '0'가 없습니다.

[TIME] 04:14:42 [FILE] LoadManager.cpp [FUNC] LoadManager::GetTexture [LINE] 227
[ ERROR ][ Engine ][ GetTexture ] '0'가 없습니다.

[TIME] 04:14:42 [FILE] LoadManager.cpp [FUNC] LoadManager::GetTexture [TIME] 04:20:16 [FILE] LoadManager.cpp [FUNC] LoadManager::GetTexture [LINE] 227
[ ERROR ][ Engine ][ GetTexture ] '0'가 없습니다.

[TIME] 04:20:16 [FILE] LoadManager.cpp [FUNC] LoadManager::GetTexture [LINE] 227
[ ERROR ][ Engine ][ GetTexture ] '0'가 없습니다.

[TIME] 04:20:16 [FILE] LoadManager.cpp [FUNC] LoadManager::GetTexture [LINE] 227
[ ERROR ][ Engine ][ GetTexture ] '0'가 없습니다.

[TIME] 04:20:16 [FILE] LoadManager.cpp [FUNC] LoadManager::GetTexture [LINE] 227
[ ERROR ][ Engine ][ GetTexture ] '0'가 없습니다.

[TIME] 04:20:16 [FILE] LoadManager.cpp [FUNC] LoadManager::GetTexture [LINE] 227
[ ERROR ][ Engine ][ GetTexture ] '0'가 없습니다.

[TIME] 04:20:16 [FILE] LoadManager.cpp [FUNC] LoadManager::GetTexture [LINE] 227
[ ERROR ][ Engine ][ GetTexture ] '0'가 없습니다.

[TIME] 04:20:16 [FILE] LoadManager.cpp [FUNC] LoadManager::GetTexture [LINE] 227
[ ERROR ][ Engine ][ GetTexture ] '0'가 없습니다.

[TIME] 04:20:16 [FILE] LoadManager.cpp [FUNC] LoadManager::GetTexture [LINE] 227
[ ERROR ][ Engine ][ GetTexture ] '0'가 없습니다.

[TIME] 04:20:16 [FILE] LoadManager.cpp [FUNC] LoadManager::GetTexture [LINE] 227
[ ERROR ][ Engine ][ GetTexture ] '0'가 없습니다.

[TIME] 04:20:16 [FILE] LoadManager.cpp [FUNC] LoadManager::GetTexture [LINE] 227
[ ERROR ][ Engine ][ GetTexture ] '0'가 없습니다.

[TIME] 04:20:16 [FILE] LoadManager.cpp [FUNC] LoadManager::GetTexture [LINE] 227
[ ERROR ][ Engine ][ GetTexture ] '0'가 없습니다.

[TIME] 04:20:16 [FILE] LoadManager.cpp [FUNC] LoadManager::GetTexture [LINE] 227
[ ERROR ][ Engine ][ GetTexture ] '0'가 없습니다.

[TIME] 04:20:16 [FILE] LoadManager.cpp [FUNC] LoadManager::GetTexture [LINE] 227
[ ERROR ][ Engine ][ GetTexture ] '0'가 없습니다.

[TIME] 04:20:16 [FILE] LoadManager.cpp [FUNC] LoadManager::GetTexture [LINE] 227
[ ERROR ][ Engine ][ GetTexture ] '0'가 없습니다.

[TIME] 04:20:16 [FILE] LoadManager.cpp [FUNC] LoadManager::GetTexture [LINE] 227
[ ERROR ][ Engine ][ GetTexture ] '0'가 없습니다.

[TIME] 04:20:16 [FILE] LoadManager.cpp [FUNC] LoadManager::GetTexture [LINE] 227
[ ERROR ][ Engine ][ GetTexture ] '0'가 없습니다.

[TIME] 04:20:16 [FILE] LoadManager.cpp [FUNC] LoadManager::GetTexture [LINE] 227
[ ERROR ][ Engine ][ GetTexture ] '0'가 없습니다.

[TIME] 04:20:16 [FILE] LoadManager.cpp [FUNC] LoadManager::GetTexture [LINE] 227
[ ERROR ][ Engine ][ GetTexture ] '0'가 없습니다.

[TIME] 04:20:16 [FILE] LoadManager.cpp [FUNC] LoadManager::GetTexture [LINE] 227
[ ERROR ][ Engine ][ GetTexture ] '0'가 없습니다.

[TIME] 04:20:16 [FILE] LoadManager.cpp [FUNC] LoadManager::GetTexture [LINE] 227
[ ERROR ][ Engine ][ GetTexture ] '0'가 없습니다.

[TIME] 04:20:16 [FILE] LoadManager.cpp [FUNC] LoadManager::GetTexture [LINE] 227
[ ERROR ][ Engine ][ GetTexture ] 'organic_manatree_BaseColor'가 없습니다.

[TIME] 04:20:16 [FILE] LoadManager.cpp [FUNC] LoadManager::GetTexture [LINE] 227
[ ERROR ][ Engine ][ GetTexture ] 'organic_manatree_Normal'가 없습니다.

[TIME] 04:20:16 [FILE] LoadManager.cpp [FUNC] LoadManager::GetTexture [LINE] 227
[ ERROR ][ Engine ][ GetTexture ] '0'가 없습니다.

[TIME] 04:20:16 [FILE] LoadManager.cpp [FUNC] LoadManager::GetTexture [LINE] 227
[ ERROR ][ Engine ][ GetTexture ] 'organic_manatree_ORM'가 없습니다.

[TIME] 04:20:16 [FILE] LoadManager.cpp [FUNC] LoadManager::GetTexture [LINE] 227
[ ERROR ][ Engine ][ GetTexture ] '0'가 없습니다.

[TIME] 04:20:16 [FILE] LoadManager.cpp [FUNC] LoadManager::GetTexture [LINE] 227
[ ERROR ][ Engine ][ GetTexture ] '0'가 없습니다.

[TIME] 04:20:16 [FILE] LoadManager.cpp [FUNC] LoadManager::GetTexture [LINE] 227
[ ERROR ][ Engine ][ GetTexture ] '0'가 없습니다.

[TIME] 04:20:16 [FILE] LoadManager.cpp [FUNC] LoadManager::GetTexture [LINE] 227
[ ERROR ][ Engine ][ GetTexture ] '0'가 없습니다.

[TIME] 04:20:16 [FILE] LoadManager.cpp [FUNC] LoadManager::GetTexture [LINE] 227
[ ERROR ][ Engine ][ GetTexture ] '0'가 없습니다.

[TIME] 04:20:16 [FILE] LoadManager.cpp [FUNC] LoadManager::GetTexture [LINE] 227
[ ERROR ][ Engine ][ GetTexture ] '0'가 없습니다.

[TIME] 04:20:16 [FILE] LoadManager.cpp [FUNC] LoadManager::GetTexture [TIME] 04:25:54 [FILE] LoadManager.cpp [FUNC] LoadManager::GetTexture [LINE] 227
[ ERROR ][ Engine ][ GetTexture ] '0'가 없습니다.

[TIME] 04:25:54 [FILE] LoadManager.cpp [FUNC] LoadManager::GetTexture [LINE] 227
[ ERROR ][ Engine ][ GetTexture ] '0'가 없습니다.

[TIME] 04:25:54 [FILE] LoadManager.cpp [FUNC] LoadManager::GetTexture [LINE] 227
[ ERROR ][ Engine ][ GetTexture ] '0'가 없습니다.

[TIME] 04:25:54 [FILE] LoadManager.cpp [FUNC] LoadManager::GetTexture [LINE] 227
[ ERROR ][ Engine ][ GetTexture ] '0'가 없습니다.

[TIME] 04:25:54 [FILE] LoadManager.cpp [FUNC] LoadManager::GetTexture [LINE] 227
[ ERROR ][ Engine ][ GetTexture ] '0'가 없습니다.

[TIME] 04:25:54 [FILE] LoadManager.cpp [FUNC] LoadManager::GetTexture [LINE] 227
[ ERROR ][ Engine ][ GetTexture ] '0'가 없습니다.

[TIME] 04:25:54 [FILE] LoadManager.cpp [FUNC] LoadManager::GetTexture [LINE] 227
[ ERROR ][ Engine ][ GetTexture ] '0'가 없습니다.

[TIME] 04:25:54 [FILE] LoadManager.cpp [FUNC] LoadManager::GetTexture [LINE] 227
[ ERROR ][ Engine ][ GetTexture ] '0'가 없습니다.

[TIME] 04:25:54 [FILE] LoadManager.cpp [FUNC] LoadManager::GetTexture [LINE] 227
[ ERROR ][ Engine ][ GetTexture ] '0'가 없습니다.

[TIME] 04:25:54 [FILE] LoadManager.cpp [FUNC] LoadManager::GetTexture [LINE] 227
[ ERROR ][ Engine ][ GetTexture ] '0'가 없습니다.

[TIME] 04:25:54 [FILE] LoadManager.cpp [FUNC] LoadManager::GetTexture [LINE] 227
[ ERROR ][ Engine ][ GetTexture ] '0'가 없습니다.

[TIME] 04:25:54 [FILE] LoadManager.cpp [FUNC] LoadManager::GetTexture [LINE] 227
[ ERROR ][ Engine ][ GetTexture ] '0'가 없습니다.

[TIME] 04:25:54 [FILE] LoadManager.cpp [FUNC] LoadManager::GetTexture [LINE] 227
[ ERROR ][ Engine ][ GetTexture ] '0'가 없습니다.

[TIME] 04:25:54 [FILE] LoadManager.cpp [FUNC] LoadManager::GetTexture [LINE] 227
[ ERROR ][ Engine ][ GetTexture ] '0'가 없습니다.

[TIME] 04:25:54 [FILE] LoadManager.cpp [FUNC] LoadManager::GetTexture [LINE] 227
[ ERROR ][ Engine ][ GetTexture ] '0'가 없습니다.

[TIME] 04:25:54 [FILE] LoadManager.cpp [FUNC] LoadManager::GetTexture [LINE] 227
[ ERROR ][ Engine ][ GetTexture ] '0'가 없습니다.

[TIME] 04:25:54 [FILE] LoadManager.cpp [FUNC] LoadManager::GetTexture [LINE] 227
[ ERROR ][ Engine ][ GetTexture ] '0'가 없습니다.

[TIME] 04:25:54 [FILE] LoadManager.cpp [FUNC] LoadManager::GetTexture [LINE] 227
[ ERROR ][ Engine ][ GetTexture ] '0'가 없습니다.

[TIME] 04:25:54 [FILE] LoadManager.cpp [FUNC] LoadManager::GetTexture [LINE] 227
[ ERROR ][ Engine ][ GetTexture ] '0'가 없습니다.

[TIME] 04:25:54 [FILE] LoadManager.cpp [FUNC] LoadManager::GetTexture [LINE] 227
[ ERROR ][ Engine ][ GetTexture ] '0'가 없습니다.

[TIME] 04:25:54 [FILE] LoadManager.cpp [FUNC] LoadManager::GetTexture [LINE] 227
[ ERROR ][ Engine ][ GetTexture ] 'organic_manatree_BaseColor'가 없습니다.

[TIME] 04:25:54 [FILE] LoadManager.cpp [FUNC] LoadManager::GetTexture [LINE] 227
[ ERROR ][ Engine ][ GetTexture ] 'organic_manatree_Normal'가 없습니다.

[TIME] 04:25:54 [FILE] LoadManager.cpp [FUNC] LoadManager::GetTexture [LINE] 227
[ ERROR ][ Engine ][ GetTexture ] '0'가 없습니다.

[TIME] 04:25:54 [FILE] LoadManager.cpp [FUNC] LoadManager::GetTexture [LINE] 227
[ ERROR ][ Engine ][ GetTexture ] 'organic_manatree_ORM'가 없습니다.

[TIME] 04:25:54 [FILE] LoadManager.cpp [FUNC] LoadManager::GetTexture [LINE] 227
[ ERROR ][ Engine ][ GetTexture ] '0'가 없습니다.

[TIME] 04:25:54 [FILE] LoadManager.cpp [FUNC] LoadManager::GetTexture [LINE] 227
[ ERROR ][ Engine ][ GetTexture ] '0'가 없습니다.

[TIME] 04:25:54 [FILE] LoadManager.cpp [FUNC] LoadManager::GetTexture [LINE] 227
[ ERROR ][ Engine ][ GetTexture ] '0'가 없습니다.

[TIME] 04:25:54 [FILE] LoadManager.cpp [FUNC] LoadManager::GetTexture [LINE] 227
[ ERROR ][ Engine ][ GetTexture ] '0'가 없습니다.

[TIME] 04:25:54 [FILE] LoadManager.cpp [FUNC] LoadManager::GetTexture [LINE] 227
[ ERROR ][ Engine ][ GetTexture ] '0'가 없습니다.

[TIME] 04:25:54 [FILE] LoadManager.cpp [FUNC] LoadManager::GetTexture [LINE] 227
[ ERROR ][ Engine ][ GetTexture ] '0'가 없습니다.

[TIME] 04:25:54 [FILE] LoadManager.cpp [FUNC] LoadManager::GetTexture [TIME] 04:28:12 [FILE] LoadManager.cpp [FUNC] LoadManager::GetTexture [LINE] 227
[ ERROR ][ Engine ][ GetTexture ] '0'가 없습니다.

[TIME] 04:28:12 [FILE] LoadManager.cpp [FUNC] LoadManager::GetTexture [LINE] 227
[ ERROR ][ Engine ][ GetTexture ] '0'가 없습니다.

[TIME] 04:28:12 [FILE] LoadManager.cpp [FUNC] LoadManager::GetTexture [LINE] 227
[ ERROR ][ Engine ][ GetTexture ] '0'가 없습니다.

[TIME] 04:28:12 [FILE] LoadManager.cpp [FUNC] LoadManager::GetTexture [LINE] 227
[ ERROR ][ Engine ][ GetTexture ] '0'가 없습니다.

[TIME] 04:28:12 [FILE] LoadManager.cpp [FUNC] LoadManager::GetTexture [LINE] 227
[ ERROR ][ Engine ][ GetTexture ] '0'가 없습니다.

[TIME] 04:28:12 [FILE] LoadManager.cpp [FUNC] LoadManager::GetTexture [LINE] 227
[ ERROR ][ Engine ][ GetTexture ] '0'가 없습니다.

[TIME] 04:28:12 [FILE] LoadManager.cpp [FUNC] LoadManager::GetTexture [LINE] 227
[ ERROR ][ Engine ][ GetTexture ] '0'가 없습니다.

[TIME] 04:28:12 [FILE] LoadManager.cpp [FUNC] LoadManager::GetTexture [LINE] 227
[ ERROR ][ Engine ][ GetTexture ] '0'가 없습니다.

[TIME] 04:28:12 [FILE] LoadManager.cpp [FUNC] LoadManager::GetTexture [LINE] 227
[ ERROR ][ Engine ][ GetTexture ] '0'가 없습니다.

[TIME] 04:28:12 [FILE] LoadManager.cpp [FUNC] LoadManager::GetTexture [LINE] 227
[ ERROR ][ Engine ][ GetTexture ] '0'가 없습니다.

[TIME] 04:28:12 [FILE] LoadManager.cpp [FUNC] LoadManager::GetTexture [LINE] 227
[ ERROR ][ Engine ][ GetTexture ] '0'가 없습니다.

[TIME] 04:28:12 [FILE] LoadManager.cpp [FUNC] LoadManager::GetTexture [LINE] 227
[ ERROR ][ Engine ][ GetTexture ] '0'가 없습니다.

[TIME] 04:28:12 [FILE] LoadManager.cpp [FUNC] LoadManager::GetTexture [LINE] 227
[ ERROR ][ Engine ][ GetTexture ] '0'가 없습니다.

[TIME] 04:28:12 [FILE] LoadManager.cpp [FUNC] LoadManager::GetTexture [LINE] 227
[ ERROR ][ Engine ][ GetTexture ] '0'가 없습니다.

[TIME] 04:28:12 [FILE] LoadManager.cpp [FUNC] LoadManager::GetTexture [LINE] 227
[ ERROR ][ Engine ][ GetTexture ] '0'가 없습니다.

[TIME] 04:28:12 [FILE] LoadManager.cpp [FUNC] LoadManager::GetTexture [LINE] 227
[ ERROR ][ Engine ][ GetTexture ] '0'가 없습니다.

[TIME] 04:28:12 [FILE] LoadManager.cpp [FUNC] LoadManager::GetTexture [LINE] 227
[ ERROR ][ Engine ][ GetTexture ] '0'가 없습니다.

[TIME] 04:28:12 [FILE] LoadManager.cpp [FUNC] LoadManager::GetTexture [LINE] 227
[ ERROR ][ Engine ][ GetTexture ] '0'가 없습니다.

[TIME] 04:28:12 [FILE] LoadManager.cpp [FUNC] LoadManager::GetTexture [LINE] 227
[ ERROR ][ Engine ][ GetTexture ] '0'가 없습니다.

[TIME] 04:28:12 [FILE] LoadManager.cpp [FUNC] LoadManager::GetTexture [LINE] 227
[ ERROR ][ Engine ][ GetTexture ] '0'가 없습니다.

[TIME] 04:28:12 [FILE] LoadManager.cpp [FUNC] LoadManager::GetTexture [LINE] 227
[ ERROR ][ Engine ][ GetTexture ] 'organic_manatree_BaseColor'가 없습니다.

[TIME] 04:28:12 [FILE] LoadManager.cpp [FUNC] LoadManager::GetTexture [LINE] 227
[ ERROR ][ Engine ][ GetTexture ] 'organic_manatree_Normal'가 없습니다.

[TIME] 04:28:12 [FILE] LoadManager.cpp [FUNC] LoadManager::GetTexture [LINE] 227
[ ERROR ][ Engine ][ GetTexture ] '0'가 없습니다.

[TIME] 04:28:12 [FILE] LoadManager.cpp [FUNC] LoadManager::GetTexture [LINE] 227
[ ERROR ][ Engine ][ GetTexture ] 'organic_manatree_ORM'가 없습니다.

[TIME] 04:28:12 [FILE] LoadManager.cpp [FUNC] LoadManager::GetTexture [LINE] 227
[ ERROR ][ Engine ][ GetTexture ] '0'가 없습니다.

[TIME] 04:28:12 [FILE] LoadManager.cpp [FUNC] LoadManager::GetTexture [LINE] 227
[ ERROR ][ Engine ][ GetTexture ] '0'가 없습니다.

[TIME] 04:28:12 [FILE] LoadManager.cpp [FUNC] LoadManager::GetTexture [LINE] 227
[ ERROR ][ Engine ][ GetTexture ] '0'가 없습니다.

[TIME] 04:28:12 [FILE] LoadManager.cpp [FUNC] LoadManager::GetTexture [LINE] 227
[ ERROR ][ Engine ][ GetTexture ] '0'가 없습니다.

[TIME] 04:28:12 [FILE] LoadManager.cpp [FUNC] LoadManager::GetTexture [LINE] 227
[ ERROR ][ Engine ][ GetTexture ] '0'가 없습니다.

[TIME] 04:28:12 [FILE] LoadManager.cpp [FUNC] LoadManager::GetTexture [LINE] 227
[ ERROR ][ Engine ][ GetTexture ] '0'가 없습니다.

[TIME] 04:28:12 [FILE] LoadManager.cpp [FUNC] LoadManager::GetTexture [TIME] 04:30:46 [FILE] LoadManager.cpp [FUNC] LoadManager::GetTexture [LINE] 227
[ ERROR ][ Engine ][ GetTexture ] '0'가 없습니다.

[TIME] 04:30:46 [FILE] LoadManager.cpp [FUNC] LoadManager::GetTexture [LINE] 227
[ ERROR ][ Engine ][ GetTexture ] '0'가 없습니다.

[TIME] 04:30:46 [FILE] LoadManager.cpp [FUNC] LoadManager::GetTexture [LINE] 227
[ ERROR ][ Engine ][ GetTexture ] '0'가 없습니다.

[TIME] 04:30:46 [FILE] LoadManager.cpp [FUNC] LoadManager::GetTexture [LINE] 227
[ ERROR ][ Engine ][ GetTexture ] '0'가 없습니다.

[TIME] 04:30:46 [FILE] LoadManager.cpp [FUNC] LoadManager::GetTexture [LINE] 227
[ ERROR ][ Engine ][ GetTexture ] '0'가 없습니다.

[TIME] 04:30:46 [FILE] LoadManager.cpp [FUNC] LoadManager::GetTexture [LINE] 227
[ ERROR ][ Engine ][ GetTexture ] '0'가 없습니다.

[TIME] 04:30:46 [FILE] LoadManager.cpp [FUNC] LoadManager::GetTexture [LINE] 227
[ ERROR ][ Engine ][ GetTexture ] '0'가 없습니다.

[TIME] 04:30:46 [FILE] LoadManager.cpp [FUNC] LoadManager::GetTexture [LINE] 227
[ ERROR ][ Engine ][ GetTexture ] '0'가 없습니다.

[TIME] 04:30:46 [FILE] LoadManager.cpp [FUNC] LoadManager::GetTexture [LINE] 227
[ ERROR ][ Engine ][ GetTexture ] '0'가 없습니다.

[TIME] 04:30:46 [FILE] LoadManager.cpp [FUNC] LoadManager::GetTexture [LINE] 227
[ ERROR ][ Engine ][ GetTexture ] '0'가 없습니다.

[TIME] 04:30:46 [FILE] LoadManager.cpp [FUNC] LoadManager::GetTexture [LINE] 227
[ ERROR ][ Engine ][ GetTexture ] '0'가 없습니다.

[TIME] 04:30:46 [FILE] LoadManager.cpp [FUNC] LoadManager::GetTexture [LINE] 227
[ ERROR ][ Engine ][ GetTexture ] '0'가 없습니다.

[TIME] 04:30:46 [FILE] LoadManager.cpp [FUNC] LoadManager::GetTexture [LINE] 227
[ ERROR ][ Engine ][ GetTexture ] '0'가 없습니다.

[TIME] 04:30:46 [FILE] LoadManager.cpp [FUNC] LoadManager::GetTexture [LINE] 227
[ ERROR ][ Engine ][ GetTexture ] '0'가 없습니다.

[TIME] 04:30:46 [FILE] LoadManager.cpp [FUNC] LoadManager::GetTexture [LINE] 227
[ ERROR ][ Engine ][ GetTexture ] '0'가 없습니다.

[TIME] 04:30:46 [FILE] LoadManager.cpp [FUNC] LoadManager::GetTexture [LINE] 227
[ ERROR ][ Engine ][ GetTexture ] '0'가 없습니다.

[TIME] 04:30:46 [FILE] LoadManager.cpp [FUNC] LoadManager::GetTexture [LINE] 227
[ ERROR ][ Engine ][ GetTexture ] '0'가 없습니다.

[TIME] 04:30:46 [FILE] LoadManager.cpp [FUNC] LoadManager::GetTexture [LINE] 227
[ ERROR ][ Engine ][ GetTexture ] '0'가 없습니다.

[TIME] 04:30:46 [FILE] LoadManager.cpp [FUNC] LoadManager::GetTexture [LINE] 227
[ ERROR ][ Engine ][ GetTexture ] '0'가 없습니다.

[TIME] 04:30:46 [FILE] LoadManager.cpp [FUNC] LoadManager::GetTexture [LINE] 227
[ ERROR ][ Engine ][ GetTexture ] '0'가 없습니다.

[TIME] 04:30:46 [FILE] LoadManager.cpp [FUNC] LoadManager::GetTexture [LINE] 227
[ ERROR ][ Engine ][ GetTexture ] 'organic_manatree_BaseColor'가 없습니다.

[TIME] 04:30:46 [FILE] LoadManager.cpp [FUNC] LoadManager::GetTexture [LINE] 227
[ ERROR ][ Engine ][ GetTexture ] 'organic_manatree_Normal'가 없습니다.

[TIME] 04:30:46 [FILE] LoadManager.cpp [FUNC] LoadManager::GetTexture [LINE] 227
[ ERROR ][ Engine ][ GetTexture ] '0'가 없습니다.

[TIME] 04:30:46 [FILE] LoadManager.cpp [FUNC] LoadManager::GetTexture [LINE] 227
[ ERROR ][ Engine ][ GetTexture ] 'organic_manatree_ORM'가 없습니다.

[TIME] 04:30:46 [FILE] LoadManager.cpp [FUNC] LoadManager::GetTexture [LINE] 227
[ ERROR ][ Engine ][ GetTexture ] '0'가 없습니다.

[TIME] 04:30:46 [FILE] LoadManager.cpp [FUNC] LoadManager::GetTexture [LINE] 227
[ ERROR ][ Engine ][ GetTexture ] '0'가 없습니다.

[TIME] 04:30:46 [FILE] LoadManager.cpp [FUNC] LoadManager::GetTexture [LINE] 227
[ ERROR ][ Engine ][ GetTexture ] '0'가 없습니다.

[TIME] 04:30:46 [FILE] LoadManager.cpp [FUNC] LoadManager::GetTexture [LINE] 227
[ ERROR ][ Engine ][ GetTexture ] '0'가 없습니다.

[TIME] 04:30:46 [FILE] LoadManager.cpp [FUNC] LoadManager::GetTexture [LINE] 227
[ ERROR ][ Engine ][ GetTexture ] '0'가 없습니다.

[TIME] 04:30:46 [FILE] LoadManager.cpp [FUNC] LoadManager::GetTexture [LINE] 227
[ ERROR ][ Engine ][ GetTexture ] '0'가 없습니다.

[TIME] 04:30:46 [FILE] LoadManager.cpp [FUNC] LoadManager::GetTexture [TIME] 04:36:28 [FILE] LoadManager.cpp [FUNC] LoadManager::GetTexture [LINE] 227
[ ERROR ][ Engine ][ GetTexture ] '0'가 없습니다.

[TIME] 04:36:28 [FILE] LoadManager.cpp [FUNC] LoadManager::GetTexture [LINE] 227
[ ERROR ][ Engine ][ GetTexture ] '0'가 없습니다.

[TIME] 04:36:28 [FILE] LoadManager.cpp [FUNC] LoadManager::GetTexture [LINE] 227
[ ERROR ][ Engine ][ GetTexture ] '0'가 없습니다.

[TIME] 04:36:28 [FILE] LoadManager.cpp [FUNC] LoadManager::GetTexture [LINE] 227
[ ERROR ][ Engine ][ GetTexture ] '0'가 없습니다.

[TIME] 04:36:28 [FILE] LoadManager.cpp [FUNC] LoadManager::GetTexture [LINE] 227
[ ERROR ][ Engine ][ GetTexture ] '0'가 없습니다.

[TIME] 04:36:28 [FILE] LoadManager.cpp [FUNC] LoadManager::GetTexture [LINE] 227
[ ERROR ][ Engine ][ GetTexture ] '0'가 없습니다.

[TIME] 04:36:28 [FILE] LoadManager.cpp [FUNC] LoadManager::GetTexture [LINE] 227
[ ERROR ][ Engine ][ GetTexture ] '0'가 없습니다.

[TIME] 04:36:28 [FILE] LoadManager.cpp [FUNC] LoadManager::GetTexture [LINE] 227
[ ERROR ][ Engine ][ GetTexture ] '0'가 없습니다.

[TIME] 04:36:28 [FILE] LoadManager.cpp [FUNC] LoadManager::GetTexture [LINE] 227
[ ERROR ][ Engine ][ GetTexture ] '0'가 없습니다.

[TIME] 04:36:28 [FILE] LoadManager.cpp [FUNC] LoadManager::GetTexture [LINE] 227
[ ERROR ][ Engine ][ GetTexture ] '0'가 없습니다.

[TIME] 04:36:28 [FILE] LoadManager.cpp [FUNC] LoadManager::GetTexture [LINE] 227
[ ERROR ][ Engine ][ GetTexture ] '0'가 없습니다.

[TIME] 04:36:28 [FILE] LoadManager.cpp [FUNC] LoadManager::GetTexture [LINE] 227
[ ERROR ][ Engine ][ GetTexture ] '0'가 없습니다.

[TIME] 04:36:28 [FILE] LoadManager.cpp [FUNC] LoadManager::GetTexture [LINE] 227
[ ERROR ][ Engine ][ GetTexture ] '0'가 없습니다.

[TIME] 04:36:28 [FILE] LoadManager.cpp [FUNC] LoadManager::GetTexture [LINE] 227
[ ERROR ][ Engine ][ GetTexture ] '0'가 없습니다.

[TIME] 04:36:28 [FILE] LoadManager.cpp [FUNC] LoadManager::GetTexture [LINE] 227
[ ERROR ][ Engine ][ GetTexture ] '0'가 없습니다.

[TIME] 04:36:28 [FILE] LoadManager.cpp [FUNC] LoadManager::GetTexture [LINE] 227
[ ERROR ][ Engine ][ GetTexture ] '0'가 없습니다.

[TIME] 04:36:28 [FILE] LoadManager.cpp [FUNC] LoadManager::GetTexture [LINE] 227
[ ERROR ][ Engine ][ GetTexture ] '0'가 없습니다.

[TIME] 04:36:29 [FILE] LoadManager.cpp [FUNC] LoadManager::GetTexture [LINE] 227
[ ERROR ][ Engine ][ GetTexture ] '0'가 없습니다.

[TIME] 04:36:29 [FILE] LoadManager.cpp [FUNC] LoadManager::GetTexture [LINE] 227
[ ERROR ][ Engine ][ GetTexture ] '0'가 없습니다.

[TIME] 04:36:29 [FILE] LoadManager.cpp [FUNC] LoadManager::GetTexture [LINE] 227
[ ERROR ][ Engine ][ GetTexture ] '0'가 없습니다.

[TIME] 04:36:29 [FILE] LoadManager.cpp [FUNC] LoadManager::GetTexture [LINE] 227
[ ERROR ][ Engine ][ GetTexture ] 'organic_manatree_BaseColor'가 없습니다.

[TIME] 04:36:29 [FILE] LoadManager.cpp [FUNC] LoadManager::GetTexture [LINE] 227
[ ERROR ][ Engine ][ GetTexture ] 'organic_manatree_Normal'가 없습니다.

[TIME] 04:36:29 [FILE] LoadManager.cpp [FUNC] LoadManager::GetTexture [LINE] 227
[ ERROR ][ Engine ][ GetTexture ] '0'가 없습니다.

[TIME] 04:36:29 [FILE] LoadManager.cpp [FUNC] LoadManager::GetTexture [LINE] 227
[ ERROR ][ Engine ][ GetTexture ] 'organic_manatree_ORM'가 없습니다.

[TIME] 04:36:29 [FILE] LoadManager.cpp [FUNC] LoadManager::GetTexture [LINE] 227
[ ERROR ][ Engine ][ GetTexture ] '0'가 없습니다.

[TIME] 04:36:29 [FILE] LoadManager.cpp [FUNC] LoadManager::GetTexture [LINE] 227
[ ERROR ][ Engine ][ GetTexture ] '0'가 없습니다.

[TIME] 04:36:29 [FILE] LoadManager.cpp [FUNC] LoadManager::GetTexture [LINE] 227
[ ERROR ][ Engine ][ GetTexture ] '0'가 없습니다.

[TIME] 04:36:29 [FILE] LoadManager.cpp [FUNC] LoadManager::GetTexture [LINE] 227
[ ERROR ][ Engine ][ GetTexture ] '0'가 없습니다.

[TIME] 04:36:29 [FILE] LoadManager.cpp [FUNC] LoadManager::GetTexture [LINE] 227
[ ERROR ][ Engine ][ GetTexture ] '0'가 없습니다.

[TIME] 04:36:29 [FILE] LoadManager.cpp [FUNC] LoadManager::GetTexture [LINE] 227
[ ERROR ][ Engine ][ GetTexture ] '0'가 없습니다.

[TIME] 04:36:29 [FILE] LoadManager.cpp [FUNC] LoadManager::GetTexture [TIME] 04:38:52 [FILE] LoadManager.cpp [FUNC] LoadManager::GetTexture [LINE] 227
[ ERROR ][ Engine ][ GetTexture ] '0'가 없습니다.

[TIME] 04:38:52 [FILE] LoadManager.cpp [FUNC] LoadManager::GetTexture [LINE] 227
[ ERROR ][ Engine ][ GetTexture ] '0'가 없습니다.

[TIME] 04:38:52 [FILE] LoadManager.cpp [FUNC] LoadManager::GetTexture [LINE] 227
[ ERROR ][ Engine ][ GetTexture ] '0'가 없습니다.

[TIME] 04:38:52 [FILE] LoadManager.cpp [FUNC] LoadManager::GetTexture [LINE] 227
[ ERROR ][ Engine ][ GetTexture ] '0'가 없습니다.

[TIME] 04:38:52 [FILE] LoadManager.cpp [FUNC] LoadManager::GetTexture [LINE] 227
[ ERROR ][ Engine ][ GetTexture ] '0'가 없습니다.

[TIME] 04:38:52 [FILE] LoadManager.cpp [FUNC] LoadManager::GetTexture [LINE] 227
[ ERROR ][ Engine ][ GetTexture ] '0'가 없습니다.

[TIME] 04:38:52 [FILE] LoadManager.cpp [FUNC] LoadManager::GetTexture [LINE] 227
[ ERROR ][ Engine ][ GetTexture ] '0'가 없습니다.

[TIME] 04:38:52 [FILE] LoadManager.cpp [FUNC] LoadManager::GetTexture [LINE] 227
[ ERROR ][ Engine ][ GetTexture ] '0'가 없습니다.

[TIME] 04:38:52 [FILE] LoadManager.cpp [FUNC] LoadManager::GetTexture [LINE] 227
[ ERROR ][ Engine ][ GetTexture ] '0'가 없습니다.

[TIME] 04:38:52 [FILE] LoadManager.cpp [FUNC] LoadManager::GetTexture [LINE] 227
[ ERROR ][ Engine ][ GetTexture ] '0'가 없습니다.

[TIME] 04:38:52 [FILE] LoadManager.cpp [FUNC] LoadManager::GetTexture [LINE] 227
[ ERROR ][ Engine ][ GetTexture ] '0'가 없습니다.

[TIME] 04:38:52 [FILE] LoadManager.cpp [FUNC] LoadManager::GetTexture [LINE] 227
[ ERROR ][ Engine ][ GetTexture ] '0'가 없습니다.

[TIME] 04:38:52 [FILE] LoadManager.cpp [FUNC] LoadManager::GetTexture [LINE] 227
[ ERROR ][ Engine ][ GetTexture ] '0'가 없습니다.

[TIME] 04:38:52 [FILE] LoadManager.cpp [FUNC] LoadManager::GetTexture [LINE] 227
[ ERROR ][ Engine ][ GetTexture ] '0'가 없습니다.

[TIME] 04:38:52 [FILE] LoadManager.cpp [FUNC] LoadManager::GetTexture [LINE] 227
[ ERROR ][ Engine ][ GetTexture ] '0'가 없습니다.

[TIME] 04:38:53 [FILE] LoadManager.cpp [FUNC] LoadManager::GetTexture [LINE] 227
[ ERROR ][ Engine ][ GetTexture ] '0'가 없습니다.

[TIME] 04:38:53 [FILE] LoadManager.cpp [FUNC] LoadManager::GetTexture [LINE] 227
[ ERROR ][ Engine ][ GetTexture ] '0'가 없습니다.

[TIME] 04:38:53 [FILE] LoadManager.cpp [FUNC] LoadManager::GetTexture [LINE] 227
[ ERROR ][ Engine ][ GetTexture ] '0'가 없습니다.

[TIME] 04:38:53 [FILE] LoadManager.cpp [FUNC] LoadManager::GetTexture [LINE] 227
[ ERROR ][ Engine ][ GetTexture ] '0'가 없습니다.

[TIME] 04:38:53 [FILE] LoadManager.cpp [FUNC] LoadManager::GetTexture [LINE] 227
[ ERROR ][ Engine ][ GetTexture ] '0'가 없습니다.

[TIME] 04:38:53 [FILE] LoadManager.cpp [FUNC] LoadManager::GetTexture [LINE] 227
[ ERROR ][ Engine ][ GetTexture ] 'organic_manatree_BaseColor'가 없습니다.

[TIME] 04:38:53 [FILE] LoadManager.cpp [FUNC] LoadManager::GetTexture [LINE] 227
[ ERROR ][ Engine ][ GetTexture ] 'organic_manatree_Normal'가 없습니다.

[TIME] 04:38:53 [FILE] LoadManager.cpp [FUNC] LoadManager::GetTexture [LINE] 227
[ ERROR ][ Engine ][ GetTexture ] '0'가 없습니다.

[TIME] 04:38:53 [FILE] LoadManager.cpp [FUNC] LoadManager::GetTexture [LINE] 227
[ ERROR ][ Engine ][ GetTexture ] 'organic_manatree_ORM'가 없습니다.

[TIME] 04:38:53 [FILE] LoadManager.cpp [FUNC] LoadManager::GetTexture [LINE] 227
[ ERROR ][ Engine ][ GetTexture ] '0'가 없습니다.

[TIME] 04:38:53 [FILE] LoadManager.cpp [FUNC] LoadManager::GetTexture [LINE] 227
[ ERROR ][ Engine ][ GetTexture ] '0'가 없습니다.

[TIME] 04:38:53 [FILE] LoadManager.cpp [FUNC] LoadManager::GetTexture [LINE] 227
[ ERROR ][ Engine ][ GetTexture ] '0'가 없습니다.

[TIME] 04:38:53 [FILE] LoadManager.cpp [FUNC] LoadManager::GetTexture [LINE] 227
[ ERROR ][ Engine ][ GetTexture ] '0'가 없습니다.

[TIME] 04:38:53 [FILE] LoadManager.cpp [FUNC] LoadManager::GetTexture [LINE] 227
[ ERROR ][ Engine ][ GetTexture ] '0'가 없습니다.

[TIME] 04:38:53 [FILE] LoadManager.cpp [FUNC] LoadManager::GetTexture [LINE] 227
[ ERROR ][ Engine ][ GetTexture ] '0'가 없습니다.

[TIME] 04:38:53 [FILE] LoadManager.cpp [FUNC] LoadManager::GetTexture [TIME] 04:41:39 [FILE] LoadManager.cpp [FUNC] LoadManager::GetTexture [LINE] 227
[ ERROR ][ Engine ][ GetTexture ] '0'가 없습니다.

[TIME] 04:41:39 [FILE] LoadManager.cpp [FUNC] LoadManager::GetTexture [LINE] 227
[ ERROR ][ Engine ][ GetTexture ] '0'가 없습니다.

[TIME] 04:41:39 [FILE] LoadManager.cpp [FUNC] LoadManager::GetTexture [LINE] 227
[ ERROR ][ Engine ][ GetTexture ] '0'가 없습니다.

[TIME] 04:41:39 [FILE] LoadManager.cpp [FUNC] LoadManager::GetTexture [LINE] 227
[ ERROR ][ Engine ][ GetTexture ] '0'가 없습니다.

[TIME] 04:41:39 [FILE] LoadManager.cpp [FUNC] LoadManager::GetTexture [LINE] 227
[ ERROR ][ Engine ][ GetTexture ] '0'가 없습니다.

[TIME] 04:41:39 [FILE] LoadManager.cpp [FUNC] LoadManager::GetTexture [LINE] 227
[ ERROR ][ Engine ][ GetTexture ] '0'가 없습니다.

[TIME] 04:41:39 [FILE] LoadManager.cpp [FUNC] LoadManager::GetTexture [LINE] 227
[ ERROR ][ Engine ][ GetTexture ] '0'가 없습니다.

[TIME] 04:41:39 [FILE] LoadManager.cpp [FUNC] LoadManager::GetTexture [LINE] 227
[ ERROR ][ Engine ][ GetTexture ] '0'가 없습니다.

[TIME] 04:41:39 [FILE] LoadManager.cpp [FUNC] LoadManager::GetTexture [LINE] 227
[ ERROR ][ Engine ][ GetTexture ] '0'가 없습니다.

[TIME] 04:41:39 [FILE] LoadManager.cpp [FUNC] LoadManager::GetTexture [LINE] 227
[ ERROR ][ Engine ][ GetTexture ] '0'가 없습니다.

[TIME] 04:41:39 [FILE] LoadManager.cpp [FUNC] LoadManager::GetTexture [LINE] 227
[ ERROR ][ Engine ][ GetTexture ] '0'가 없습니다.

[TIME] 04:41:39 [FILE] LoadManager.cpp [FUNC] LoadManager::GetTexture [LINE] 227
[ ERROR ][ Engine ][ GetTexture ] '0'가 없습니다.

[TIME] 04:41:39 [FILE] LoadManager.cpp [FUNC] LoadManager::GetTexture [LINE] 227
[ ERROR ][ Engine ][ GetTexture ] '0'가 없습니다.

[TIME] 04:41:39 [FILE] LoadManager.cpp [FUNC] LoadManager::GetTexture [LINE] 227
[ ERROR ][ Engine ][ GetTexture ] '0'가 없습니다.

[TIME] 04:41:39 [FILE] LoadManager.cpp [FUNC] LoadManager::GetTexture [LINE] 227
[ ERROR ][ Engine ][ GetTexture ] '0'가 없습니다.

[TIME] 04:41:39 [FILE] LoadManager.cpp [FUNC] LoadManager::GetTexture [LINE] 227
[ ERROR ][ Engine ][ GetTexture ] '0'가 없습니다.

[TIME] 04:41:39 [FILE] LoadManager.cpp [FUNC] LoadManager::GetTexture [LINE] 227
[ ERROR ][ Engine ][ GetTexture ] '0'가 없습니다.

[TIME] 04:41:39 [FILE] LoadManager.cpp [FUNC] LoadManager::GetTexture [LINE] 227
[ ERROR ][ Engine ][ GetTexture ] '0'가 없습니다.

[TIME] 04:41:39 [FILE] LoadManager.cpp [FUNC] LoadManager::GetTexture [LINE] 227
[ ERROR ][ Engine ][ GetTexture ] '0'가 없습니다.

[TIME] 04:41:39 [FILE] LoadManager.cpp [FUNC] LoadManager::GetTexture [LINE] 227
[ ERROR ][ Engine ][ GetTexture ] '0'가 없습니다.

[TIME] 04:41:39 [FILE] LoadManager.cpp [FUNC] LoadManager::GetTexture [LINE] 227
[ ERROR ][ Engine ][ GetTexture ] 'organic_manatree_BaseColor'가 없습니다.

[TIME] 04:41:39 [FILE] LoadManager.cpp [FUNC] LoadManager::GetTexture [LINE] 227
[ ERROR ][ Engine ][ GetTexture ] 'organic_manatree_Normal'가 없습니다.

[TIME] 04:41:39 [FILE] LoadManager.cpp [FUNC] LoadManager::GetTexture [LINE] 227
[ ERROR ][ Engine ][ GetTexture ] '0'가 없습니다.

[TIME] 04:41:39 [FILE] LoadManager.cpp [FUNC] LoadManager::GetTexture [LINE] 227
[ ERROR ][ Engine ][ GetTexture ] 'organic_manatree_ORM'가 없습니다.

[TIME] 04:41:39 [FILE] LoadManager.cpp [FUNC] LoadManager::GetTexture [LINE] 227
[ ERROR ][ Engine ][ GetTexture ] '0'가 없습니다.

[TIME] 04:41:39 [FILE] LoadManager.cpp [FUNC] LoadManager::GetTexture [LINE] 227
[ ERROR ][ Engine ][ GetTexture ] '0'가 없습니다.

[TIME] 04:41:39 [FILE] LoadManager.cpp [FUNC] LoadManager::GetTexture [LINE] 227
[ ERROR ][ Engine ][ GetTexture ] '0'가 없습니다.

[TIME] 04:41:39 [FILE] LoadManager.cpp [FUNC] LoadManager::GetTexture [LINE] 227
[ ERROR ][ Engine ][ GetTexture ] '0'가 없습니다.

[TIME] 04:41:39 [FILE] LoadManager.cpp [FUNC] LoadManager::GetTexture [LINE] 227
[ ERROR ][ Engine ][ GetTexture ] '0'가 없습니다.

[TIME] 04:41:39 [FILE] LoadManager.cpp [FUNC] LoadManager::GetTexture [LINE] 227
[ ERROR ][ Engine ][ GetTexture ] '0'가 없습니다.

[TIME] 04:41:39 [FILE] LoadManager.cpp [FUNC] LoadManager::GetTexture [LINE] 227
[ ERROR ][ Engine ][ GetTexture ] '0'가 없습니다.

[TIME] 04:41:39 [FILE] LoadManager.cpp [FUNC] LoadManager::GetTexture [LINE] 227
[ ERROR ][ Engine ][ GetTexture ] '0'가 없습니다.

[TIME] 04:41:39 [FILE] LoadManager.cpp [FUNC] LoadManager::GetTexture [LINE] 227
[ ERROR ][ Engine ][ GetTexture ] '0'가 없습니다.

[TIME] 04:41:39 [FILE] LoadManager.cpp [FUNC] LoadManager::GetTexture [LINE] 227
[ ERROR ][ Engine ][ GetTexture ] '0'가 없습니다.

[TIME] 04:41:40 [FILE] LoadManager.cpp [FUNC] LoadManager::GetTexture [LINE] 227
[ ERROR ][ Engine ][ GetTexture ] '0'가 없습니다.

[TIME] 04:41:40 [FILE] LoadManager.cpp [FUNC] LoadManager::GetTexture [LINE] 227
[ ERROR ][ Engine ][ GetTexture ] '0'가 없습니다.

[TIME] 04:41:40 [FILE] LoadManager.cpp [FUNC] LoadManager::GetTexture [LINE] 227
[ ERROR ][ Engine ][ GetTexture ] '0'가 없습니다.

[TIME] 04:41:40 [FILE] LoadManager.cpp [FUNC] LoadManager::GetTexture [LINE] 227
[ ERROR ][ Engine ][ GetTexture ] '0'가 없습니다.

[TIME] 04:41:40 [FILE] LoadManager.cpp [FUNC] LoadManager::GetTexture [LINE] 227
[ ERROR ][ Engine ][ GetTexture ] 'organic_mana_BaseColor'가 없습니다.

[TIME] 04:41:40 [FILE] LoadManager.cpp [FUNC] LoadManager::GetTexture [LINE] 227
[ ERROR ][ Engine ][ GetTexture ] 'organic_mana_Normal'가 없습니다.

[TIME] 04:41:40 [FILE] LoadManager.cpp [FUNC] LoadManager::GetTexture [LINE] 227
[ ERROR ][ Engine ][ GetTexture ] '0'가 없습니다.

[TIME] 04:41:40 [FILE] LoadManager.cpp [FUNC] LoadManager::GetTexture [LINE] 227
[ ERROR ][ Engine ][ GetTexture ] 'organic_mana_ORM'가 없습니다.

[TIME] 04:41:40 [FILE] LoadManager.cpp [FUNC] LoadManager::GetTexture [LINE] 227
[ ERROR ][ Engine ][ GetTexture ] '0'가 없습니다.

[TIME] 04:41:40 [FILE] LoadManager.cpp [FUNC] LoadManager::GetTexture [LINE] 227
[ ERROR ][ Engine ][ GetTexture ] '0'가 없습니다.

[TIME] 04:41:40 [FILE] LoadManager.cpp [FUNC] LoadManager::GetTexture [LINE] 227
[ ERROR ][ Engine ][ GetTexture ] '0'가 없습니다.

[TIME] 04:41:40 [FILE] LoadManager.cpp [FUNC] LoadManager::GetTexture [LINE] 227
[ ERROR ][ Engine ][ GetTexture ] '0'가 없습니다.

[TIME] 04:41:40 [FILE] LoadManager.cpp [FUNC] LoadManager::GetTexture [LINE] 227
[ ERROR ][ Engine ][ GetTexture ] '0'가 없습니다.

[TIME] 04:41:40 [FILE] LoadManager.cpp [FUNC] LoadManager::GetTexture [LINE] 227
[ ERROR ][ Engine ][ GetTexture ] 'Player_BaseColor'가 없습니다.

[TIME] 04:41:40 [FILE] LoadManager.cpp [FUNC] LoadManager::GetTexture [LINE] 227
[ ERROR ][ Engine ][ GetTexture ] 'Player_Normal'가 없습니다.

[TIME] 04:41:40 [FILE] LoadManager.cpp [FUNC] LoadManager::GetTexture [LINE] 227
[ ERROR ][ Engine ][ GetTexture ] '0'가 없습니다.

[TIME] 04:41:40 [FILE] LoadManager.cpp [FUNC] LoadManager::GetTexture [LINE] 227
[ ERROR ][ Engine ][ GetTexture ] 'Player_Emissive'가 없습니다.

[TIME] 04:41:40 [FILE] LoadManager.cpp [FUNC] LoadManager::GetTexture [LINE] 227
[ ERROR ][ Engine ][ GetTexture ] '0'가 없습니다.

[TIME] 04:41:40 [FILE] LoadManager.cpp [FUNC] LoadManager::GetTexture [LINE] 227
[ ERROR ][ Engine ][ GetTexture ] '0'가 없습니다.

[TIME] 04:41:40 [FILE] LoadManager.cpp [FUNC] LoadManager::GetTexture [LINE] 227
[ ERROR ][ Engine ][ GetTexture ] '0'가 없습니다.

[TIME] 04:41:40 [FILE] LoadManager.cpp [FUNC] LoadManager::GetTexture [LINE] 227
[ ERROR ][ Engine ][ GetTexture ] '0'가 없습니다.

[TIME] 04:42:18 [FILE] LoadManager.cpp [FUNC] LoadManager::GetMesh [LINE] 306
[ ERROR ][ Engine ][ GetMesh ] '_0'가 없습니다.

[TIME] 04:42:18 [FILE] LoadManager.cpp [FUNC] LoadManager::GetSkyLight [LINE] 243
[ ERROR ][ Engine ][ GetSkyLight ] 'SkyLight_0'가 없습니다.

[TIME] 04:42:18 [FILE] LoadManager.cpp [FUNC] LoadManager::GetSkyLight [LINE] 243
[ ERROR ][ Engine ][ GetSkyLight ] 'SkyLight_1'가 없습니다.

[TIME] 04:42:18 [FILE] LoadManager.cpp [FUNC] LoadManager::GetMaterial [LINE] 259
[ ERROR ][ Engine ][ GetMaterial ] ''가 없습니다.

[TIME] 04:42:18 [FILE] LoadManager.cpp [FUNC] LoadManager::GetMaterial [LINE] 259
[ ERROR ][ Engine ][ GetMaterial ] 'Player_Weapon_weapon'가 없습니다.

[TIME] 04:48:01 [FILE] LoadManager.cpp [FUNC] LoadManager::GetTexture [LINE] 227
[ ERROR ][ Engine ][ GetTexture ] '0'가 없습니다.

[TIME] 04:48:01 [FILE] LoadManager.cpp [FUNC] LoadManager::GetTexture [LINE] 227
[ ERROR ][ Engine ][ GetTexture ] '0'가 없습니다.

[TIME] 04:48:01 [FILE] LoadManager.cpp [FUNC] LoadManager::GetTexture [LINE] 227
[ ERROR ][ Engine ][ GetTexture ] '0'가 없습니다.

[TIME] 04:48:01 [FILE] LoadManager.cpp [FUNC] LoadManager::GetTexture [LINE] 227
[ ERROR ][ Engine ][ GetTexture ] '0'가 없습니다.

[TIME] 04:48:01 [FILE] LoadManager.cpp [FUNC] LoadManager::GetTexture [LINE] 227
[ ERROR ][ Engine ][ GetTexture ] '0'가 없습니다.

[TIME] 04:48:01 [FILE] LoadManager.cpp [FUNC] LoadManager::GetTexture [LINE] 227
[ ERROR ][ Engine ][ GetTexture ] '0'가 없습니다.

[TIME] 04:48:01 [FILE] LoadManager.cpp [FUNC] LoadManager::GetTexture [LINE] 227
[ ERROR ][ Engine ][ GetTexture ] '0'가 없습니다.

[TIME] 04:48:01 [FILE] LoadManager.cpp [FUNC] LoadManager::GetTexture [LINE] 227
[ ERROR ][ Engine ][ GetTexture ] '0'가 없습니다.

[TIME] 04:48:01 [FILE] LoadManager.cpp [FUNC] LoadManager::GetTexture [LINE] 227
[ ERROR ][ Engine ][ GetTexture ] '0'가 없습니다.

[TIME] 04:48:01 [FILE] LoadManager.cpp [FUNC] LoadManager::GetTexture [LINE] 227
[ ERROR ][ Engine ][ GetTexture ] '0'가 없습니다.

[TIME] 04:48:01 [FILE] LoadManager.cpp [FUNC] LoadManager::GetTexture [LINE] 227
[ ERROR ][ Engine ][ GetTexture ] '0'가 없습니다.

[TIME] 04:48:01 [FILE] LoadManager.cpp [FUNC] LoadManager::GetTexture [LINE] 227
[ ERROR ][ Engine ][ GetTexture ] '0'가 없습니다.

[TIME] 04:48:01 [FILE] LoadManager.cpp [FUNC] LoadManager::GetTexture [LINE] 227
[ ERROR ][ Engine ][ GetTexture ] '0'가 없습니다.

[TIME] 04:48:01 [FILE] LoadManager.cpp [FUNC] LoadManager::GetTexture [LINE] 227
[ ERROR ][ Engine ][ GetTexture ] '0'가 없습니다.

[TIME] 04:48:01 [FILE] LoadManager.cpp [FUNC] LoadManager::GetTexture [LINE] 227
[ ERROR ][ Engine ][ GetTexture ] '0'가 없습니다.

[TIME] 04:48:02 [FILE] LoadManager.cpp [FUNC] LoadManager::GetTexture [LINE] 227
[ ERROR ][ Engine ][ GetTexture ] '0'가 없습니다.

[TIME] 04:48:02 [FILE] LoadManager.cpp [FUNC] LoadManager::GetTexture [LINE] 227
[ ERROR ][ Engine ][ GetTexture ] '0'가 없습니다.

[TIME] 04:48:02 [FILE] LoadManager.cpp [FUNC] LoadManager::GetTexture [LINE] 227
[ ERROR ][ Engine ][ GetTexture ] '0'가 없습니다.

[TIME] 04:48:02 [FILE] LoadManager.cpp [FUNC] LoadManager::GetTexture [LINE] 227
[ ERROR ][ Engine ][ GetTexture ] '0'가 없습니다.

[TIME] 04:48:02 [FILE] LoadManager.cpp [FUNC] LoadManager::GetTexture [LINE] 227
[ ERROR ][ Engine ][ GetTexture ] '0'가 없습니다.

[TIME] 04:48:02 [FILE] LoadManager.cpp [FUNC] LoadManager::GetTexture [LINE] 227
[ ERROR ][ Engine ][ GetTexture ] 'organic_manatree_BaseColor'가 없습니다.

[TIME] 04:48:02 [FILE] LoadManager.cpp [FUNC] LoadManager::GetTexture [LINE] 227
[ ERROR ][ Engine ][ GetTexture ] 'organic_manatree_Normal'가 없습니다.

[TIME] 04:48:02 [FILE] LoadManager.cpp [FUNC] LoadManager::GetTexture [LINE] 227
[ ERROR ][ Engine ][ GetTexture ] '0'가 없습니다.

[TIME] 04:48:02 [FILE] LoadManager.cpp [FUNC] LoadManager::GetTexture [LINE] 227
[ ERROR ][ Engine ][ GetTexture ] 'organic_manatree_ORM'가 없습니다.

[TIME] 04:48:02 [FILE] LoadManager.cpp [FUNC] LoadManager::GetTexture [LINE] 227
[ ERROR ][ Engine ][ GetTexture ] '0'가 없습니다.

[TIME] 04:48:02 [FILE] LoadManager.cpp [FUNC] LoadManager::GetTexture [LINE] 227
[ ERROR ][ Engine ][ GetTexture ] '0'가 없습니다.

[TIME] 04:48:02 [FILE] LoadManager.cpp [FUNC] LoadManager::GetTexture [LINE] 227
[ ERROR ][ Engine ][ GetTexture ] '0'가 없습니다.

[TIME] 04:48:02 [FILE] LoadManager.cpp [FUNC] LoadManager::GetTexture [LINE] 227
[ ERROR ][ Engine ][ GetTexture ] '0'가 없습니다.

[TIME] 04:48:02 [FILE] LoadManager.cpp [FUNC] LoadManager::GetTexture [LINE] 227
[ ERROR ][ Engine ][ GetTexture ] '0'가 없습니다.

[TIME] 04:48:02 [FILE] LoadManager.cpp [FUNC] LoadManager::GetTexture [LINE] 227
[ ERROR ][ Engine ][ GetTexture ] '0'가 없습니다.

[TIME] 04:48:02 [FILE] LoadManager.cpp [FUNC] LoadManager::GetTexture [LINE] 227
[ ERROR ][ Engine ][ GetTexture ] '0'가 없습니다.

[TIME] 04:48:02 [FILE] LoadManager.cpp [FUNC] LoadManager::GetTexture [LINE] 227
[ ERROR ][ Engine ][ GetTexture ] '0'가 없습니다.

[TIME] 04:48:02 [FILE] LoadManager.cpp [FUNC] LoadManager::GetTexture [LINE] 227
[ ERROR ][ Engine ][ GetTexture ] '0'가 없습니다.

[TIME] 04:48:02 [FILE] LoadManager.cpp [FUNC] LoadManager::GetTexture [LINE] 227
[ ERROR ][ Engine ][ GetTexture ] '0'가 없습니다.

[TIME] 04:48:02 [FILE] LoadManager.cpp [FUNC] LoadManager::GetTexture [LINE] 227
[ ERROR ][ Engine ][ GetTexture ] '0'가 없습니다.

[TIME] 04:48:02 [FILE] LoadManager.cpp [FUNC] LoadManager::GetTexture [LINE] 227
[ ERROR ][ Engine ][ GetTexture ] '0'가 없습니다.

[TIME] 04:48:02 [FILE] LoadManager.cpp [FUNC] LoadManager::GetTexture [LINE] 227
[ ERROR ][ Engine ][ GetTexture ] '0'가 없습니다.

[TIME] 04:48:02 [FILE] LoadManager.cpp [FUNC] LoadManager::GetTexture [LINE] 227
[ ERROR ][ Engine ][ GetTexture ] '0'가 없습니다.

[TIME] 04:48:02 [FILE] LoadManager.cpp [FUNC] LoadManager::GetTexture [LINE] 227
[ ERROR ][ Engine ][ GetTexture ] 'organic_mana_BaseColor'가 없습니다.

[TIME] 04:48:02 [FILE] LoadManager.cpp [FUNC] LoadManager::GetTexture [LINE] 227
[ ERROR ][ Engine ][ GetTexture ] 'organic_mana_Normal'가 없습니다.

[TIME] 04:48:02 [FILE] LoadManager.cpp [FUNC] LoadManager::GetTexture [LINE] 227
[ ERROR ][ Engine ][ GetTexture ] '0'가 없습니다.

[TIME] 04:48:02 [FILE] LoadManager.cpp [FUNC] LoadManager::GetTexture [LINE] 227
[ ERROR ][ Engine ][ GetTexture ] 'organic_mana_ORM'가 없습니다.

[TIME] 04:48:02 [FILE] LoadManager.cpp [FUNC] LoadManager::GetTexture [LINE] 227
[ ERROR ][ Engine ][ GetTexture ] '0'가 없습니다.

[TIME] 04:48:02 [FILE] LoadManager.cpp [FUNC] LoadManager::GetTexture [LINE] 227
[ ERROR ][ Engine ][ GetTexture ] '0'가 없습니다.

[TIME] 04:48:02 [FILE] LoadManager.cpp [FUNC] LoadManager::GetTexture [LINE] 227
[ ERROR ][ Engine ][ GetTexture ] '0'가 없습니다.

[TIME] 04:48:02 [FILE] LoadManager.cpp [FUNC] LoadManager::GetTexture [LINE] 227
[ ERROR ][ Engine ][ GetTexture ] '0'가 없습니다.

[TIME] 04:48:02 [FILE] LoadManager.cpp [FUNC] LoadManager::GetTexture [LINE] 227
[ ERROR ][ Engine ][ GetTexture ] '0'가 없습니다.

[TIME] 04:48:02 [FILE] LoadManager.cpp [FUNC] LoadManager::GetTexture [LINE] 227
[ ERROR ][ Engine ][ GetTexture ] 'Player_BaseColor'가 없습니다.

[TIME] 04:48:02 [FILE] LoadManager.cpp [FUNC] LoadManager::GetTexture [LINE] 227
[ ERROR ][ Engine ][ GetTexture ] 'Player_Normal'가 없습니다.

[TIME] 04:48:02 [FILE] LoadManager.cpp [FUNC] LoadManager::GetTexture [LINE] 227
[ ERROR ][ Engine ][ GetTexture ] '0'가 없습니다.

[TIME] 04:48:02 [FILE] LoadManager.cpp [FUNC] LoadManager::GetTexture [LINE] 227
[ ERROR ][ Engine ][ GetTexture ] 'Player_Emissive'가 없습니다.

[TIME] 04:48:02 [FILE] LoadManager.cpp [FUNC] LoadManager::GetTexture [LINE] 227
[ ERROR ][ Engine ][ GetTexture ] '0'가 없습니다.

[TIME] 04:48:02 [FILE] LoadManager.cpp [FUNC] LoadManager::GetTexture [LINE] 227
[ ERROR ][ Engine ][ GetTexture ] '0'가 없습니다.

[TIME] 04:48:02 [FILE] LoadManager.cpp [FUNC] LoadManager::GetTexture [LINE] 227
[ ERROR ][ Engine ][ GetTexture ] '0'가 없습니다.

[TIME] 04:48:02 [FILE] LoadManager.cpp [FUNC] LoadManager::GetTexture [LINE] 227
[ ERROR ][ Engine ][ GetTexture ] '0'가 없습니다.

[TIME] 04:48:39 [FILE] LoadManager.cpp [FUNC] LoadManager::GetMesh [LINE] 306
[ ERROR ][ Engine ][ GetMesh ] '_0'가 없습니다.

[TIME] 04:48:39 [FILE] LoadManager.cpp [FUNC] LoadManager::GetSkyLight [LINE] 243
[ ERROR ][ Engine ][ GetSkyLight ] 'SkyLight_0'가 없습니다.

[TIME] 04:48:39 [FILE] LoadManager.cpp [FUNC] LoadManager::GetSkyLight [LINE] 243
[ ERROR ][ Engine ][ GetSkyLight ] 'SkyLight_1'가 없습니다.

[TIME] 04:48:40 [FILE] LoadManager.cpp [FUNC] LoadManager::GetMaterial [LINE] 259
[ ERROR ][ Engine ][ GetMaterial ] ''가 없습니다.

[TIME] 04:48:40 [FILE] LoadManager.cpp [FUNC] LoadManager::GetMaterial [LINE] 259
[ ERROR ][ Engine ][ GetMaterial ] 'Player_Weapon_weapon'가 없습니다.

[TIME] 04:53:42 [FILE] LoadManager.cpp [FUNC] LoadManager::GetTexture [LINE] 227
[ ERROR ][ Engine ][ GetTexture ] '0'가 없습니다.

[TIME] 04:53:42 [FILE] LoadManager.cpp [FUNC] LoadManager::GetTexture [LINE] 227
[ ERROR ][ Engine ][ GetTexture ] '0'가 없습니다.

[TIME] 04:53:42 [FILE] LoadManager.cpp [FUNC] LoadManager::GetTexture [LINE] 227
[ ERROR ][ Engine ][ GetTexture ] '0'가 없습니다.

[TIME] 04:53:42 [FILE] LoadManager.cpp [FUNC] LoadManager::GetTexture [LINE] 227
[ ERROR ][ Engine ][ GetTexture ] '0'가 없습니다.

[TIME] 04:53:42 [FILE] LoadManager.cpp [FUNC] LoadManager::GetTexture [LINE] 227
[ ERROR ][ Engine ][ GetTexture ] '0'가 없습니다.

[TIME] 04:53:42 [FILE] LoadManager.cpp [FUNC] LoadManager::GetTexture [LINE] 227
[ ERROR ][ Engine ][ GetTexture ] '0'가 없습니다.

[TIME] 04:53:42 [FILE] LoadManager.cpp [FUNC] LoadManager::GetTexture [LINE] 227
[ ERROR ][ Engine ][ GetTexture ] '0'가 없습니다.

[TIME] 04:53:42 [FILE] LoadManager.cpp [FUNC] LoadManager::GetTexture [LINE] 227
[ ERROR ][ Engine ][ GetTexture ] '0'가 없습니다.

[TIME] 04:53:42 [FILE] LoadManager.cpp [FUNC] LoadManager::GetTexture [LINE] 227
[ ERROR ][ Engine ][ GetTexture ] '0'가 없습니다.

[TIME] 04:53:42 [FILE] LoadManager.cpp [FUNC] LoadManager::GetTexture [LINE] 227
[ ERROR ][ Engine ][ GetTexture ] '0'가 없습니다.

[TIME] 04:53:42 [FILE] LoadManager.cpp [FUNC] LoadManager::GetTexture [LINE] 227
[ ERROR ][ Engine ][ GetTexture ] '0'가 없습니다.

[TIME] 04:53:42 [FILE] LoadManager.cpp [FUNC] LoadManager::GetTexture [LINE] 227
[ ERROR ][ Engine ][ GetTexture ] '0'가 없습니다.

[TIME] 04:53:42 [FILE] LoadManager.cpp [FUNC] LoadManager::GetTexture [LINE] 227
[ ERROR ][ Engine ][ GetTexture ] '0'가 없습니다.

[TIME] 04:53:42 [FILE] LoadManager.cpp [FUNC] LoadManager::GetTexture [LINE] 227
[ ERROR ][ Engine ][ GetTexture ] '0'가 없습니다.

[TIME] 04:53:42 [FILE] LoadManager.cpp [FUNC] LoadManager::GetTexture [LINE] 227
[ ERROR ][ Engine ][ GetTexture ] '0'가 없습니다.

[TIME] 04:53:42 [FILE] LoadManager.cpp [FUNC] LoadManager::GetTexture [LINE] 227
[ ERROR ][ Engine ][ GetTexture ] '0'가 없습니다.

[TIME] 04:53:42 [FILE] LoadManager.cpp [FUNC] LoadManager::GetTexture [LINE] 227
[ ERROR ][ Engine ][ GetTexture ] '0'가 없습니다.

[TIME] 04:53:42 [FILE] LoadManager.cpp [FUNC] LoadManager::GetTexture [LINE] 227
[ ERROR ][ Engine ][ GetTexture ] '0'가 없습니다.

[TIME] 04:53:42 [FILE] LoadManager.cpp [FUNC] LoadManager::GetTexture [LINE] 227
[ ERROR ][ Engine ][ GetTexture ] '0'가 없습니다.

[TIME] 04:53:42 [FILE] LoadManager.cpp [FUNC] LoadManager::GetTexture [LINE] 227
[ ERROR ][ Engine ][ GetTexture ] '0'가 없습니다.

[TIME] 04:53:42 [FILE] LoadManager.cpp [FUNC] LoadManager::GetTexture [LINE] 227
[ ERROR ][ Engine ][ GetTexture ] 'organic_manatree_BaseColor'가 없습니다.

[TIME] 04:53:42 [FILE] LoadManager.cpp [FUNC] LoadManager::GetTexture [LINE] 227
[ ERROR ][ Engine ][ GetTexture ] 'organic_manatree_Normal'가 없습니다.

[TIME] 04:53:42 [FILE] LoadManager.cpp [FUNC] LoadManager::GetTexture [LINE] 227
[ ERROR ][ Engine ][ GetTexture ] '0'가 없습니다.

[TIME] 04:53:42 [FILE] LoadManager.cpp [FUNC] LoadManager::GetTexture [LINE] 227
[ ERROR ][ Engine ][ GetTexture ] 'organic_manatree_ORM'가 없습니다.

[TIME] 04:53:42 [FILE] LoadManager.cpp [FUNC] LoadManager::GetTexture [LINE] 227
[ ERROR ][ Engine ][ GetTexture ] '0'가 없습니다.

[TIME] 04:53:42 [FILE] LoadManager.cpp [FUNC] LoadManager::GetTexture [LINE] 227
[ ERROR ][ Engine ][ GetTexture ] '0'가 없습니다.

[TIME] 04:53:42 [FILE] LoadManager.cpp [FUNC] LoadManager::GetTexture [LINE] 227
[ ERROR ][ Engine ][ GetTexture ] '0'가 없습니다.

[TIME] 04:53:42 [FILE] LoadManager.cpp [FUNC] LoadManager::GetTexture [LINE] 227
[ ERROR ][ Engine ][ GetTexture ] '0'가 없습니다.

[TIME] 04:53:42 [FILE] LoadManager.cpp [FUNC] LoadManager::GetTexture [LINE] 227
[ ERROR ][ Engine ][ GetTexture ] '0'가 없습니다.

[TIME] 04:53:42 [FILE] LoadManager.cpp [FUNC] LoadManager::GetTexture [LINE] 227
[ ERROR ][ Engine ][ GetTexture ] '0'가 없습니다.

[TIME] 04:53:42 [FILE] LoadManager.cpp [FUNC] LoadManager::GetTexture [LINE] 227
[ ERROR ][ Engine ][ GetTexture ] '0'가 없습니다.

[TIME] 04:53:42 [FILE] LoadManager.cpp [FUNC] LoadManager::GetTexture [LINE] 227
[ ERROR ][ Engine ][ GetTexture ] '0'가 없습니다.

[TIME] 04:53:42 [FILE] LoadManager.cpp [FUNC] LoadManager::GetTexture [LINE] 227
[ ERROR ][ Engine ][ GetTexture ] '0'가 없습니다.

[TIME] 04:53:42 [FILE] LoadManager.cpp [FUNC] LoadManager::GetTexture [LINE] 227
[ ERROR ][ Engine ][ GetTexture ] '0'가 없습니다.

[TIME] 04:53:42 [FILE] LoadManager.cpp [FUNC] LoadManager::GetTexture [LINE] 227
[ ERROR ][ Engine ][ GetTexture ] '0'가 없습니다.

[TIME] 04:53:42 [FILE] LoadManager.cpp [FUNC] LoadManager::GetTexture [LINE] 227
[ ERROR ][ Engine ][ GetTexture ] '0'가 없습니다.

[TIME] 04:53:42 [FILE] LoadManager.cpp [FUNC] LoadManager::GetTexture [LINE] 227
[ ERROR ][ Engine ][ GetTexture ] '0'가 없습니다.

[TIME] 04:53:42 [FILE] LoadManager.cpp [FUNC] LoadManager::GetTexture [LINE] 227
[ ERROR ][ Engine ][ GetTexture ] '0'가 없습니다.

[TIME] 04:53:42 [FILE] LoadManager.cpp [FUNC] LoadManager::GetTexture [LINE] 227
[ ERROR ][ Engine ][ GetTexture ] 'organic_mana_BaseColor'가 없습니다.

[TIME] 04:53:42 [FILE] LoadManager.cpp [FUNC] LoadManager::GetTexture [LINE] 227
[ ERROR ][ Engine ][ GetTexture ] 'organic_mana_Normal'가 없습니다.

[TIME] 04:53:42 [FILE] LoadManager.cpp [FUNC] LoadManager::GetTexture [LINE] 227
[ ERROR ][ Engine ][ GetTexture ] '0'가 없습니다.

[TIME] 04:53:42 [FILE] LoadManager.cpp [FUNC] LoadManager::GetTexture [LINE] 227
[ ERROR ][ Engine ][ GetTexture ] 'organic_mana_ORM'가 없습니다.

[TIME] 04:53:42 [FILE] LoadManager.cpp [FUNC] LoadManager::GetTexture [LINE] 227
[ ERROR ][ Engine ][ GetTexture ] '0'가 없습니다.

[TIME] 04:53:42 [FILE] LoadManager.cpp [FUNC] LoadManager::GetTexture [LINE] 227
[ ERROR ][ Engine ][ GetTexture ] '0'가 없습니다.

[TIME] 04:53:42 [FILE] LoadManager.cpp [FUNC] LoadManager::GetTexture [LINE] 227
[ ERROR ][ Engine ][ GetTexture ] '0'가 없습니다.

[TIME] 04:53:42 [FILE] LoadManager.cpp [FUNC] LoadManager::GetTexture [LINE] 227
[ ERROR ][ Engine ][ GetTexture ] '0'가 없습니다.

[TIME] 04:53:43 [FILE] LoadManager.cpp [FUNC] LoadManager::GetTexture [LINE] 227
[ ERROR ][ Engine ][ GetTexture ] '0'가 없습니다.

[TIME] 04:53:43 [FILE] LoadManager.cpp [FUNC] LoadManager::GetTexture [LINE] 227
[ ERROR ][ Engine ][ GetTexture ] 'Player_BaseColor'가 없습니다.

[TIME] 04:53:43 [FILE] LoadManager.cpp [FUNC] LoadManager::GetTexture [LINE] 227
[ ERROR ][ Engine ][ GetTexture ] 'Player_Normal'가 없습니다.

[TIME] 04:53:43 [FILE] LoadManager.cpp [FUNC] LoadManager::GetTexture [LINE] 227
[ ERROR ][ Engine ][ GetTexture ] '0'가 없습니다.

[TIME] 04:53:43 [FILE] LoadManager.cpp [FUNC] LoadManager::GetTexture [LINE] 227
[ ERROR ][ Engine ][ GetTexture ] 'Player_Emissive'가 없습니다.

[TIME] 04:53:43 [FILE] LoadManager.cpp [FUNC] LoadManager::GetTexture [LINE] 227
[ ERROR ][ Engine ][ GetTexture ] '0'가 없습니다.

[TIME] 04:53:43 [FILE] LoadManager.cpp [FUNC] LoadManager::GetTexture [LINE] 227
[ ERROR ][ Engine ][ GetTexture ] '0'가 없습니다.

[TIME] 04:53:43 [FILE] LoadManager.cpp [FUNC] LoadManager::GetTexture [LINE] 227
[ ERROR ][ Engine ][ GetTexture ] '0'가 없습니다.

[TIME] 04:53:43 [FILE] LoadManager.cpp [FUNC] LoadManager::GetTexture [LINE] 227
[ ERROR ][ Engine ][ GetTexture ] '0'가 없습니다.

[TIME] 04:54:20 [FILE] LoadManager.cpp [FUNC] LoadManager::GetMesh [LINE] 306
[ ERROR ][ Engine ][ GetMesh ] '_0'가 없습니다.

[TIME] 04:54:20 [FILE] LoadManager.cpp [FUNC] LoadManager::GetSkyLight [LINE] 243
[ ERROR ][ Engine ][ GetSkyLight ] 'SkyLight_0'가 없습니다.

[TIME] 04:54:20 [FILE] LoadManager.cpp [FUNC] LoadManager::GetSkyLight [LINE] 243
[ ERROR ][ Engine ][ GetSkyLight ] 'SkyLight_1'가 없습니다.

[TIME] 04:54:21 [FILE] LoadManager.cpp [FUNC] LoadManager::GetMaterial [LINE] 259
[ ERROR ][ Engine ][ GetMaterial ] ''가 없습니다.

[TIME] 04:54:21 [FILE] LoadManager.cpp [FUNC] LoadManager::GetMaterial [LINE] 259
[ ERROR ][ Engine ][ GetMaterial ] 'Player_Weapon_weapon'가 없습니다.

[TIME] 04:55:59 [FILE] LoadManager.cpp [FUNC] LoadManager::GetTexture [LINE] 227
[ ERROR ][ Engine ][ GetTexture ] '0'가 없습니다.

[TIME] 04:55:59 [FILE] LoadManager.cpp [FUNC] LoadManager::GetTexture [LINE] 227
[ ERROR ][ Engine ][ GetTexture ] '0'가 없습니다.

[TIME] 04:55:59 [FILE] LoadManager.cpp [FUNC] LoadManager::GetTexture [LINE] 227
[ ERROR ][ Engine ][ GetTexture ] '0'가 없습니다.

[TIME] 04:55:59 [FILE] LoadManager.cpp [FUNC] LoadManager::GetTexture [LINE] 227
[ ERROR ][ Engine ][ GetTexture ] '0'가 없습니다.

[TIME] 04:55:59 [FILE] LoadManager.cpp [FUNC] LoadManager::GetTexture [LINE] 227
[ ERROR ][ Engine ][ GetTexture ] '0'가 없습니다.

[TIME] 04:55:59 [FILE] LoadManager.cpp [FUNC] LoadManager::GetTexture [LINE] 227
[ ERROR ][ Engine ][ GetTexture ] '0'가 없습니다.

[TIME] 04:55:59 [FILE] LoadManager.cpp [FUNC] LoadManager::GetTexture [LINE] 227
[ ERROR ][ Engine ][ GetTexture ] '0'가 없습니다.

[TIME] 04:55:59 [FILE] LoadManager.cpp [FUNC] LoadManager::GetTexture [LINE] 227
[ ERROR ][ Engine ][ GetTexture ] '0'가 없습니다.

[TIME] 04:55:59 [FILE] LoadManager.cpp [FUNC] LoadManager::GetTexture [LINE] 227
[ ERROR ][ Engine ][ GetTexture ] '0'가 없습니다.

[TIME] 04:55:59 [FILE] LoadManager.cpp [FUNC] LoadManager::GetTexture [LINE] 227
[ ERROR ][ Engine ][ GetTexture ] '0'가 없습니다.

[TIME] 04:55:59 [FILE] LoadManager.cpp [FUNC] LoadManager::GetTexture [LINE] 227
[ ERROR ][ Engine ][ GetTexture ] '0'가 없습니다.

[TIME] 04:55:59 [FILE] LoadManager.cpp [FUNC] LoadManager::GetTexture [LINE] 227
[ ERROR ][ Engine ][ GetTexture ] '0'가 없습니다.

[TIME] 04:55:59 [FILE] LoadManager.cpp [FUNC] LoadManager::GetTexture [LINE] 227
[ ERROR ][ Engine ][ GetTexture ] '0'가 없습니다.

[TIME] 04:55:59 [FILE] LoadManager.cpp [FUNC] LoadManager::GetTexture [LINE] 227
[ ERROR ][ Engine ][ GetTexture ] '0'가 없습니다.

[TIME] 04:55:59 [FILE] LoadManager.cpp [FUNC] LoadManager::GetTexture [LINE] 227
[ ERROR ][ Engine ][ GetTexture ] '0'가 없습니다.

[TIME] 04:56:00 [FILE] LoadManager.cpp [FUNC] LoadManager::GetTexture [LINE] 227
[ ERROR ][ Engine ][ GetTexture ] '0'가 없습니다.

[TIME] 04:56:00 [FILE] LoadManager.cpp [FUNC] LoadManager::GetTexture [LINE] 227
[ ERROR ][ Engine ][ GetTexture ] '0'가 없습니다.

[TIME] 04:56:00 [FILE] LoadManager.cpp [FUNC] LoadManager::GetTexture [LINE] 227
[ ERROR ][ Engine ][ GetTexture ] '0'가 없습니다.

[TIME] 04:56:00 [FILE] LoadManager.cpp [FUNC] LoadManager::GetTexture [LINE] 227
[ ERROR ][ Engine ][ GetTexture ] '0'가 없습니다.

[TIME] 04:56:00 [FILE] LoadManager.cpp [FUNC] LoadManager::GetTexture [LINE] 227
[ ERROR ][ Engine ][ GetTexture ] '0'가 없습니다.

[TIME] 04:56:00 [FILE] LoadManager.cpp [FUNC] LoadManager::GetTexture [LINE] 227
[ ERROR ][ Engine ][ GetTexture ] 'organic_manatree_BaseColor'가 없습니다.

[TIME] 04:56:00 [FILE] LoadManager.cpp [FUNC] LoadManager::GetTexture [LINE] 227
[ ERROR ][ Engine ][ GetTexture ] 'organic_manatree_Normal'가 없습니다.

[TIME] 04:56:00 [FILE] LoadManager.cpp [FUNC] LoadManager::GetTexture [LINE] 227
[ ERROR ][ Engine ][ GetTexture ] '0'가 없습니다.

[TIME] 04:56:00 [FILE] LoadManager.cpp [FUNC] LoadManager::GetTexture [LINE] 227
[ ERROR ][ Engine ][ GetTexture ] 'organic_manatree_ORM'가 없습니다.

[TIME] 04:56:00 [FILE] LoadManager.cpp [FUNC] LoadManager::GetTexture [LINE] 227
[ ERROR ][ Engine ][ GetTexture ] '0'가 없습니다.

[TIME] 04:56:00 [FILE] LoadManager.cpp [FUNC] LoadManager::GetTexture [LINE] 227
[ ERROR ][ Engine ][ GetTexture ] '0'가 없습니다.

[TIME] 04:56:00 [FILE] LoadManager.cpp [FUNC] LoadManager::GetTexture [LINE] 227
[ ERROR ][ Engine ][ GetTexture ] '0'가 없습니다.

[TIME] 04:56:00 [FILE] LoadManager.cpp [FUNC] LoadManager::GetTexture [LINE] 227
[ ERROR ][ Engine ][ GetTexture ] '0'가 없습니다.

[TIME] 04:56:00 [FILE] LoadManager.cpp [FUNC] LoadManager::GetTexture [LINE] 227
[ ERROR ][ Engine ][ GetTexture ] '0'가 없습니다.

[TIME] 04:56:00 [FILE] LoadManager.cpp [FUNC] LoadManager::GetTexture [LINE] 227
[ ERROR ][ Engine ][ GetTexture ] '0'가 없습니다.

[TIME] 04:56:00 [FILE] LoadManager.cpp [FUNC] LoadManager::GetTexture [LINE] 227
[ ERROR ][ Engine ][ GetTexture ] '0'가 없습니다.

[TIME] 04:56:00 [FILE] LoadManager.cpp [FUNC] LoadManager::GetTexture [LINE] 227
[ ERROR ][ Engine ][ GetTexture ] '0'가 없습니다.

[TIME] 04:56:00 [FILE] LoadManager.cpp [FUNC] LoadManager::GetTexture [LINE] 227
[ ERROR ][ Engine ][ GetTexture ] '0'가 없습니다.

[TIME] 04:56:00 [FILE] LoadManager.cpp [FUNC] LoadManager::GetTexture [LINE] 227
[ ERROR ][ Engine ][ GetTexture ] '0'가 없습니다.

[TIME] 04:56:00 [FILE] LoadManager.cpp [FUNC] LoadManager::GetTexture [LINE] 227
[ ERROR ][ Engine ][ GetTexture ] '0'가 없습니다.

[TIME] 04:56:00 [FILE] LoadManager.cpp [FUNC] LoadManager::GetTexture [LINE] 227
[ ERROR ][ Engine ][ GetTexture ] '0'가 없습니다.

[TIME] 04:56:00 [FILE] LoadManager.cpp [FUNC] LoadManager::GetTexture [LINE] 227
[ ERROR ][ Engine ][ GetTexture ] '0'가 없습니다.

[TIME] 04:56:00 [FILE] LoadManager.cpp [FUNC] LoadManager::GetTexture [LINE] 227
[ ERROR ][ Engine ][ GetTexture ] '0'가 없습니다.

[TIME] 04:56:00 [FILE] LoadManager.cpp [FUNC] LoadManager::GetTexture [LINE] 227
[ ERROR ][ Engine ][ GetTexture ] 'organic_mana_BaseColor'가 없습니다.

[TIME] 04:56:00 [FILE] LoadManager.cpp [FUNC] LoadManager::GetTexture [LINE] 227
[ ERROR ][ Engine ][ GetTexture ] 'organic_mana_Normal'가 없습니다.

[TIME] 04:56:00 [FILE] LoadManager.cpp [FUNC] LoadManager::GetTexture [LINE] 227
[ ERROR ][ Engine ][ GetTexture ] '0'가 없습니다.

[TIME] 04:56:00 [FILE] LoadManager.cpp [FUNC] LoadManager::GetTexture [LINE] 227
[ ERROR ][ Engine ][ GetTexture ] 'organic_mana_ORM'가 없습니다.

[TIME] 04:56:00 [FILE] LoadManager.cpp [FUNC] LoadManager::GetTexture [LINE] 227
[ ERROR ][ Engine ][ GetTexture ] '0'가 없습니다.

[TIME] 04:56:00 [FILE] LoadManager.cpp [FUNC] LoadManager::GetTexture [LINE] 227
[ ERROR ][ Engine ][ GetTexture ] '0'가 없습니다.

[TIME] 04:56:00 [FILE] LoadManager.cpp [FUNC] LoadManager::GetTexture [LINE] 227
[ ERROR ][ Engine ][ GetTexture ] '0'가 없습니다.

[TIME] 04:56:00 [FILE] LoadManager.cpp [FUNC] LoadManager::GetTexture [LINE] 227
[ ERROR ][ Engine ][ GetTexture ] '0'가 없습니다.

[TIME] 04:56:00 [FILE] LoadManager.cpp [FUNC] LoadManager::GetTexture [LINE] 227
[ ERROR ][ Engine ][ GetTexture ] '0'가 없습니다.

[TIME] 04:56:00 [FILE] LoadManager.cpp [FUNC] LoadManager::GetTexture [LINE] 227
[ ERROR ][ Engine ][ GetTexture ] 'Player_BaseColor'가 없습니다.

[TIME] 04:56:00 [FILE] LoadManager.cpp [FUNC] LoadManager::GetTexture [LINE] 227
[ ERROR ][ Engine ][ GetTexture ] 'Player_Normal'가 없습니다.

[TIME] 04:56:00 [FILE] LoadManager.cpp [FUNC] LoadManager::GetTexture [LINE] 227
[ ERROR ][ Engine ][ GetTexture ] '0'가 없습니다.

[TIME] 04:56:00 [FILE] LoadManager.cpp [FUNC] LoadManager::GetTexture [LINE] 227
[ ERROR ][ Engine ][ GetTexture ] 'Player_Emissive'가 없습니다.

[TIME] 04:56:00 [FILE] LoadManager.cpp [FUNC] LoadManager::GetTexture [LINE] 227
[ ERROR ][ Engine ][ GetTexture ] '0'가 없습니다.

[TIME] 04:56:00 [FILE] LoadManager.cpp [FUNC] LoadManager::GetTexture [LINE] 227
[ ERROR ][ Engine ][ GetTexture ] '0'가 없습니다.

[TIME] 04:56:00 [FILE] LoadManager.cpp [FUNC] LoadManager::GetTexture [LINE] 227
[ ERROR ][ Engine ][ GetTexture ] '0'가 없습니다.

[TIME] 04:56:00 [FILE] LoadManager.cpp [FUNC] LoadManager::GetTexture [LINE] 227
[ ERROR ][ Engine ][ GetTexture ] '0'가 없습니다.

[TIME] 04:56:35 [FILE] LoadManager.cpp [FUNC] LoadManager::GetMesh [LINE] 306
[ ERROR ][ Engine ][ GetMesh ] '_0'가 없습니다.

[TIME] 04:56:35 [FILE] LoadManager.cpp [FUNC] LoadManager::GetSkyLight [LINE] 243
[ ERROR ][ Engine ][ GetSkyLight ] 'SkyLight_0'가 없습니다.

[TIME] 04:56:35 [FILE] LoadManager.cpp [FUNC] LoadManager::GetSkyLight [LINE] 243
[ ERROR ][ Engine ][ GetSkyLight ] 'SkyLight_1'가 없습니다.

[TIME] 04:56:35 [FILE] LoadManager.cpp [FUNC] LoadManager::GetMaterial [LINE] 259
[ ERROR ][ Engine ][ GetMaterial ] ''가 없습니다.

[TIME] 04:56:35 [FILE] LoadManager.cpp [FUNC] LoadManager::GetMaterial [LINE] 259
[ ERROR ][ Engine ][ GetMaterial ] 'Player_Weapon_weapon'가 없습니다.

[TIME] 04:58:02 [FILE] LoadManager.cpp [FUNC] LoadManager::GetTexture [LINE] 227
[ ERROR ][ Engine ][ GetTexture ] '0'가 없습니다.

[TIME] 04:58:02 [FILE] LoadManager.cpp [FUNC] LoadManager::GetTexture [LINE] 227
[ ERROR ][ Engine ][ GetTexture ] '0'가 없습니다.

[TIME] 04:58:02 [FILE] LoadManager.cpp [FUNC] LoadManager::GetTexture [LINE] 227
[ ERROR ][ Engine ][ GetTexture ] '0'가 없습니다.

[TIME] 04:58:02 [FILE] LoadManager.cpp [FUNC] LoadManager::GetTexture [LINE] 227
[ ERROR ][ Engine ][ GetTexture ] '0'가 없습니다.

[TIME] 04:58:02 [FILE] LoadManager.cpp [FUNC] LoadManager::GetTexture [LINE] 227
[ ERROR ][ Engine ][ GetTexture ] '0'가 없습니다.

[TIME] 04:58:02 [FILE] LoadManager.cpp [FUNC] LoadManager::GetTexture [LINE] 227
[ ERROR ][ Engine ][ GetTexture ] '0'가 없습니다.

[TIME] 04:58:02 [FILE] LoadManager.cpp [FUNC] LoadManager::GetTexture [LINE] 227
[ ERROR ][ Engine ][ GetTexture ] '0'가 없습니다.

[TIME] 04:58:02 [FILE] LoadManager.cpp [FUNC] LoadManager::GetTexture [LINE] 227
[ ERROR ][ Engine ][ GetTexture ] '0'가 없습니다.

[TIME] 04:58:02 [FILE] LoadManager.cpp [FUNC] LoadManager::GetTexture [LINE] 227
[ ERROR ][ Engine ][ GetTexture ] '0'가 없습니다.

[TIME] 04:58:02 [FILE] LoadManager.cpp [FUNC] LoadManager::GetTexture [LINE] 227
[ ERROR ][ Engine ][ GetTexture ] '0'가 없습니다.

[TIME] 04:58:02 [FILE] LoadManager.cpp [FUNC] LoadManager::GetTexture [LINE] 227
[ ERROR ][ Engine ][ GetTexture ] '0'가 없습니다.

[TIME] 04:58:02 [FILE] LoadManager.cpp [FUNC] LoadManager::GetTexture [LINE] 227
[ ERROR ][ Engine ][ GetTexture ] '0'가 없습니다.

[TIME] 04:58:02 [FILE] LoadManager.cpp [FUNC] LoadManager::GetTexture [LINE] 227
[ ERROR ][ Engine ][ GetTexture ] '0'가 없습니다.

[TIME] 04:58:02 [FILE] LoadManager.cpp [FUNC] LoadManager::GetTexture [LINE] 227
[ ERROR ][ Engine ][ GetTexture ] '0'가 없습니다.

[TIME] 04:58:02 [FILE] LoadManager.cpp [FUNC] LoadManager::GetTexture [LINE] 227
[ ERROR ][ Engine ][ GetTexture ] '0'가 없습니다.

[TIME] 04:58:02 [FILE] LoadManager.cpp [FUNC] LoadManager::GetTexture [LINE] 227
[ ERROR ][ Engine ][ GetTexture ] '0'가 없습니다.

[TIME] 04:58:02 [FILE] LoadManager.cpp [FUNC] LoadManager::GetTexture [LINE] 227
[ ERROR ][ Engine ][ GetTexture ] '0'가 없습니다.

[TIME] 04:58:02 [FILE] LoadManager.cpp [FUNC] LoadManager::GetTexture [LINE] 227
[ ERROR ][ Engine ][ GetTexture ] '0'가 없습니다.

[TIME] 04:58:02 [FILE] LoadManager.cpp [FUNC] LoadManager::GetTexture [LINE] 227
[ ERROR ][ Engine ][ GetTexture ] '0'가 없습니다.

[TIME] 04:58:02 [FILE] LoadManager.cpp [FUNC] LoadManager::GetTexture [LINE] 227
[ ERROR ][ Engine ][ GetTexture ] '0'가 없습니다.

[TIME] 04:58:02 [FILE] LoadManager.cpp [FUNC] LoadManager::GetTexture [LINE] 227
[ ERROR ][ Engine ][ GetTexture ] 'organic_manatree_BaseColor'가 없습니다.

[TIME] 04:58:02 [FILE] LoadManager.cpp [FUNC] LoadManager::GetTexture [LINE] 227
[ ERROR ][ Engine ][ GetTexture ] 'organic_manatree_Normal'가 없습니다.

[TIME] 04:58:02 [FILE] LoadManager.cpp [FUNC] LoadManager::GetTexture [LINE] 227
[ ERROR ][ Engine ][ GetTexture ] '0'가 없습니다.

[TIME] 04:58:02 [FILE] LoadManager.cpp [FUNC] LoadManager::GetTexture [LINE] 227
[ ERROR ][ Engine ][ GetTexture ] 'organic_manatree_ORM'가 없습니다.

[TIME] 04:58:02 [FILE] LoadManager.cpp [FUNC] LoadManager::GetTexture [LINE] 227
[ ERROR ][ Engine ][ GetTexture ] '0'가 없습니다.

[TIME] 04:58:02 [FILE] LoadManager.cpp [FUNC] LoadManager::GetTexture [LINE] 227
[ ERROR ][ Engine ][ GetTexture ] '0'가 없습니다.

[TIME] 04:58:02 [FILE] LoadManager.cpp [FUNC] LoadManager::GetTexture [LINE] 227
[ ERROR ][ Engine ][ GetTexture ] '0'가 없습니다.

[TIME] 04:58:02 [FILE] LoadManager.cpp [FUNC] LoadManager::GetTexture [LINE] 227
[ ERROR ][ Engine ][ GetTexture ] '0'가 없습니다.

[TIME] 04:58:02 [FILE] LoadManager.cpp [FUNC] LoadManager::GetTexture [LINE] 227
[ ERROR ][ Engine ][ GetTexture ] '0'가 없습니다.

[TIME] 04:58:02 [FILE] LoadManager.cpp [FUNC] LoadManager::GetTexture [LINE] 227
[ ERROR ][ Engine ][ GetTexture ] '0'가 없습니다.

[TIME] 04:58:02 [FILE] LoadManager.cpp [FUNC] LoadManager::GetTexture [LINE] 227
[ ERROR ][ Engine ][ GetTexture ] '0'가 없습니다.

[TIME] 04:58:02 [FILE] LoadManager.cpp [FUNC] LoadManager::GetTexture [LINE] 227
[ ERROR ][ Engine ][ GetTexture ] '0'가 없습니다.

[TIME] 04:58:02 [FILE] LoadManager.cpp [FUNC] LoadManager::GetTexture [LINE] 227
[ ERROR ][ Engine ][ GetTexture ] '0'가 없습니다.

[TIME] 04:58:02 [FILE] LoadManager.cpp [FUNC] LoadManager::GetTexture [LINE] 227
[ ERROR ][ Engine ][ GetTexture ] '0'가 없습니다.

[TIME] 04:58:03 [FILE] LoadManager.cpp [FUNC] LoadManager::GetTexture [LINE] 227
[ ERROR ][ Engine ][ GetTexture ] '0'가 없습니다.

[TIME] 04:58:03 [FILE] LoadManager.cpp [FUNC] LoadManager::GetTexture [LINE] 227
[ ERROR ][ Engine ][ GetTexture ] '0'가 없습니다.

[TIME] 04:58:03 [FILE] LoadManager.cpp [FUNC] LoadManager::GetTexture [LINE] 227
[ ERROR ][ Engine ][ GetTexture ] '0'가 없습니다.

[TIME] 04:58:03 [FILE] LoadManager.cpp [FUNC] LoadManager::GetTexture [LINE] 227
[ ERROR ][ Engine ][ GetTexture ] '0'가 없습니다.

[TIME] 04:58:03 [FILE] LoadManager.cpp [FUNC] LoadManager::GetTexture [LINE] 227
[ ERROR ][ Engine ][ GetTexture ] 'organic_mana_BaseColor'가 없습니다.

[TIME] 04:58:03 [FILE] LoadManager.cpp [FUNC] LoadManager::GetTexture [LINE] 227
[ ERROR ][ Engine ][ GetTexture ] 'organic_mana_Normal'가 없습니다.

[TIME] 04:58:03 [FILE] LoadManager.cpp [FUNC] LoadManager::GetTexture [LINE] 227
[ ERROR ][ Engine ][ GetTexture ] '0'가 없습니다.

[TIME] 04:58:03 [FILE] LoadManager.cpp [FUNC] LoadManager::GetTexture [LINE] 227
[ ERROR ][ Engine ][ GetTexture ] 'organic_mana_ORM'가 없습니다.

[TIME] 04:58:03 [FILE] LoadManager.cpp [FUNC] LoadManager::GetTexture [LINE] 227
[ ERROR ][ Engine ][ GetTexture ] '0'가 없습니다.

[TIME] 04:58:03 [FILE] LoadManager.cpp [FUNC] LoadManager::GetTexture [LINE] 227
[ ERROR ][ Engine ][ GetTexture ] '0'가 없습니다.

[TIME] 04:58:03 [FILE] LoadManager.cpp [FUNC] LoadManager::GetTexture [LINE] 227
[ ERROR ][ Engine ][ GetTexture ] '0'가 없습니다.

[TIME] 04:58:03 [FILE] LoadManager.cpp [FUNC] LoadManager::GetTexture [LINE] 227
[ ERROR ][ Engine ][ GetTexture ] '0'가 없습니다.

[TIME] 04:58:03 [FILE] LoadManager.cpp [FUNC] LoadManager::GetTexture [LINE] 227
[ ERROR ][ Engine ][ GetTexture ] '0'가 없습니다.

[TIME] 04:58:03 [FILE] LoadManager.cpp [FUNC] LoadManager::GetTexture [LINE] 227
[ ERROR ][ Engine ][ GetTexture ] 'Player_BaseColor'가 없습니다.

[TIME] 04:58:03 [FILE] LoadManager.cpp [FUNC] LoadManager::GetTexture [LINE] 227
[ ERROR ][ Engine ][ GetTexture ] 'Player_Normal'가 없습니다.

[TIME] 04:58:03 [FILE] LoadManager.cpp [FUNC] LoadManager::GetTexture [LINE] 227
[ ERROR ][ Engine ][ GetTexture ] '0'가 없습니다.

[TIME] 04:58:03 [FILE] LoadManager.cpp [FUNC] LoadManager::GetTexture [LINE] 227
[ ERROR ][ Engine ][ GetTexture ] 'Player_Emissive'가 없습니다.

[TIME] 04:58:03 [FILE] LoadManager.cpp [FUNC] LoadManager::GetTexture [LINE] 227
[ ERROR ][ Engine ][ GetTexture ] '0'가 없습니다.

[TIME] 04:58:03 [FILE] LoadManager.cpp [FUNC] LoadManager::GetTexture [LINE] 227
[ ERROR ][ Engine ][ GetTexture ] '0'가 없습니다.

[TIME] 04:58:03 [FILE] LoadManager.cpp [FUNC] LoadManager::GetTexture [LINE] 227
[ ERROR ][ Engine ][ GetTexture ] '0'가 없습니다.

[TIME] 04:58:03 [FILE] LoadManager.cpp [FUNC] LoadManager::GetTexture [LINE] 227
[ ERROR ][ Engine ][ GetTexture ] '0'가 없습니다.

[TIME] 04:58:38 [FILE] LoadManager.cpp [FUNC] LoadManager::GetMesh [LINE] 306
[ ERROR ][ Engine ][ GetMesh ] '_0'가 없습니다.

[TIME] 04:58:38 [FILE] LoadManager.cpp [FUNC] LoadManager::GetSkyLight [LINE] 243
[ ERROR ][ Engine ][ GetSkyLight ] 'SkyLight_0'가 없습니다.

[TIME] 04:58:38 [FILE] LoadManager.cpp [FUNC] LoadManager::GetSkyLight [LINE] 243
[ ERROR ][ Engine ][ GetSkyLight ] 'SkyLight_1'가 없습니다.

[TIME] 04:58:38 [FILE] LoadManager.cpp [FUNC] LoadManager::GetMaterial [LINE] 259
[ ERROR ][ Engine ][ GetMaterial ] ''가 없습니다.

[TIME] 04:58:38 [FILE] LoadManager.cpp [FUNC] LoadManager::GetMaterial [LINE] 259
[ ERROR ][ Engine ][ GetMaterial ] 'Player_Weapon_weapon'가 없습니다.

