[TIME] 03:53:57 [FILE] D3D11Graphic.cpp [FUNC] D3D11Graphic::CreateTextureBuffer [LINE] 210
[ Graphic ][ Create ][ ShaderResourceView ] '../Assets/Texture/Particle/Glow_Particle.png' FAILED!!
[ERROR] 구성 요소를 찾을 수 없습니다.

[TIME] 03:53:57 [FILE] TextureManager.cpp [FUNC] TextureManager::LoadTexture [LINE] 34
[ Engine ][ Create ][ Texture Buffer ] '../Assets/Texture/Particle/Glow_Particle.png' FAILED!!

[TIME] 03:54:43 [FILE] TextureManager.cpp [FUNC] TextureManager::BakeSkyLightMap [LINE] 56
[ Engine ][ Bake ][ SkyLight Buffer ] 'SkyLight_HDRI' Texture가 로드되지 않았습니다!!

[TIME] 03:57:47 [FILE] D3D11Graphic.cpp [FUNC] D3D11Graphic::CreateTextureBuffer [LINE] 210
[ Graphic ][ Create ][ ShaderResourceView ] '../Assets/Texture/Particle/Glow_Particle.png' FAILED!!
[ERROR] 구성 요소를 찾을 수 없습니다.

[TIME] 03:57:47 [FILE] TextureManager.cpp [FUNC] TextureManager::LoadTexture [LINE] 34
[ Engine ][ Create ][ Texture Buffer ] '../Assets/Texture/Particle/Glow_Particle.png' FAILED!!

[TIME] 03:58:18 [FILE] TextureManager.cpp [FUNC] TextureManager::BakeSkyLightMap [LINE] 56
[ Engine ][ Bake ][ SkyLight Buffer ] 'SkyLight_HDRI' Texture가 로드되지 않았습니다!!

[TIME] 13:52:18 [FILE] D3D11Graphic.cpp [FUNC] D3D11Graphic::CreateTextureBuffer [LINE] 210
[ Graphic ][ Create ][ ShaderResourceView ] '../Assets/Texture/Particle/Glow_Particle.png' FAILED!!
[ERROR] 구성 요소를 찾을 수 없습니다.

[TIME] 13:52:18 [FILE] TextureManager.cpp [FUNC] TextureManager::LoadTexture [LINE] 34
[ Engine ][ Create ][ Texture Buffer ] '../Assets/Texture/Particle/Glow_Particle.png' FAILED!!

[TIME] 13:52:50 [FILE] TextureManager.cpp [FUNC] TextureManager::BakeSkyLightMap [LINE] 56
[ Engine ][ Bake ][ SkyLight Buffer ] 'SkyLight_HDRI' Texture가 로드되지 않았습니다!!

[TIME] 14:28:41 [FILE] D3D11Graphic.cpp [FUNC] D3D11Graphic::CreateTextureBuffer [LINE] 210
[ Graphic ][ Create ][ ShaderResourceView ] '../Assets/Texture/Particle/Glow_Particle.png' FAILED!!
[ERROR] 구성 요소를 찾을 수 없습니다.

[TIME] 14:28:41 [FILE] TextureManager.cpp [FUNC] TextureManager::LoadTexture [LINE] 34
[ Engine ][ Create ][ Texture Buffer ] '../Assets/Texture/Particle/Glow_Particle.png' FAILED!!

[TIME] 14:29:12 [FILE] TextureManager.cpp [FUNC] TextureManager::BakeSkyLightMap [LINE] 56
[ Engine ][ Bake ][ SkyLight Buffer ] 'SkyLight_HDRI' Texture가 로드되지 않았습니다!!

[TIME] 14:47:02 [FILE] D3D11Graphic.cpp [FUNC] D3D11Graphic::CreateTextureBuffer [LINE] 210
[ Graphic ][ Create ][ ShaderResourceView ] '../Assets/Texture/Particle/Glow_Particle.png' FAILED!!
[ERROR] 구성 요소를 찾을 수 없습니다.

[TIME] 14:47:02 [FILE] TextureManager.cpp [FUNC] TextureManager::LoadTexture [LINE] 34
[ Engine ][ Create ][ Texture Buffer ] '../Assets/Texture/Particle/Glow_Particle.png' FAILED!!

[TIME] 14:47:33 [FILE] TextureManager.cpp [FUNC] TextureManager::BakeSkyLightMap [LINE] 56
[ Engine ][ Bake ][ SkyLight Buffer ] 'SkyLight_HDRI' Texture가 로드되지 않았습니다!!

[TIME] 14:48:30 [FILE] D3D11Graphic.cpp [FUNC] D3D11Graphic::CreateTextureBuffer [LINE] 210
[ Graphic ][ Create ][ ShaderResourceView ] '../Assets/Texture/Particle/Glow_Particle.png' FAILED!!
[ERROR] 구성 요소를 찾을 수 없습니다.

[TIME] 14:48:30 [FILE] TextureManager.cpp [FUNC] TextureManager::LoadTexture [LINE] 34
[ Engine ][ Create ][ Texture Buffer ] '../Assets/Texture/Particle/Glow_Particle.png' FAILED!!

[TIME] 14:49:00 [FILE] TextureManager.cpp [FUNC] TextureManager::BakeSkyLightMap [LINE] 56
[ Engine ][ Bake ][ SkyLight Buffer ] 'SkyLight_HDRI' Texture가 로드되지 않았습니다!!

[TIME] 15:00:17 [FILE] D3D11Graphic.cpp [FUNC] D3D11Graphic::CreateTextureBuffer [LINE] 210
[ Graphic ][ Create ][ ShaderResourceView ] '../Assets/Texture/Particle/Glow_Particle.png' FAILED!!
[ERROR] 구성 요소를 찾을 수 없습니다.

[TIME] 15:00:17 [FILE] TextureManager.cpp [FUNC] TextureManager::LoadTexture [LINE] 34
[ Engine ][ Create ][ Texture Buffer ] '../Assets/Texture/Particle/Glow_Particle.png' FAILED!!

[TIME] 15:00:48 [FILE] TextureManager.cpp [FUNC] TextureManager::BakeSkyLightMap [LINE] 56
[ Engine ][ Bake ][ SkyLight Buffer ] 'SkyLight_HDRI' Texture가 로드되지 않았습니다!!

[TIME] 15:02:04 [FILE] D3D11Graphic.cpp [FUNC] D3D11Graphic::CreateTextureBuffer [LINE] 210
[ Graphic ][ Create ][ ShaderResourceView ] '../Assets/Texture/Particle/Glow_Particle.png' FAILED!!
[ERROR] 구성 요소를 찾을 수 없습니다.

[TIME] 15:02:04 [FILE] TextureManager.cpp [FUNC] TextureManager::LoadTexture [LINE] 34
[ Engine ][ Create ][ Texture Buffer ] '../Assets/Texture/Particle/Glow_Particle.png' FAILED!!

[TIME] 15:02:35 [FILE] TextureManager.cpp [FUNC] TextureManager::BakeSkyLightMap [LINE] 56
[ Engine ][ Bake ][ SkyLight Buffer ] 'SkyLight_HDRI' Texture가 로드되지 않았습니다!!

[TIME] 15:09:00 [FILE] D3D11Graphic.cpp [FUNC] D3D11Graphic::CreateTextureBuffer [LINE] 210
[ Graphic ][ Create ][ ShaderResourceView ] '../Assets/Texture/Particle/Glow_Particle.png' FAILED!!
[ERROR] 구성 요소를 찾을 수 없습니다.

[TIME] 15:09:00 [FILE] TextureManager.cpp [FUNC] TextureManager::LoadTexture [LINE] 34
[ Engine ][ Create ][ Texture Buffer ] '../Assets/Texture/Particle/Glow_Particle.png' FAILED!!

[TIME] 15:09:31 [FILE] TextureManager.cpp [FUNC] TextureManager::BakeSkyLightMap [LINE] 56
[ Engine ][ Bake ][ SkyLight Buffer ] 'SkyLight_HDRI' Texture가 로드되지 않았습니다!!

[TIME] 15:11:34 [FILE] D3D11Graphic.cpp [FUNC] D3D11Graphic::CreateTextureBuffer [LINE] 210
[ Graphic ][ Create ][ ShaderResourceView ] '../Assets/Texture/Particle/Glow_Particle.png' FAILED!!
[ERROR] 구성 요소를 찾을 수 없습니다.

[TIME] 15:11:34 [FILE] TextureManager.cpp [FUNC] TextureManager::LoadTexture [LINE] 34
[ Engine ][ Create ][ Texture Buffer ] '../Assets/Texture/Particle/Glow_Particle.png' FAILED!!

[TIME] 15:12:05 [FILE] TextureManager.cpp [FUNC] TextureManager::BakeSkyLightMap [LINE] 56
[ Engine ][ Bake ][ SkyLight Buffer ] 'SkyLight_HDRI' Texture가 로드되지 않았습니다!!

[TIME] 15:28:56 [FILE] D3D11Graphic.cpp [FUNC] D3D11Graphic::CreateTextureBuffer [LINE] 210
[ Graphic ][ Create ][ ShaderResourceView ] '../Assets/Texture/Particle/Glow_Particle.png' FAILED!!
[ERROR] 구성 요소를 찾을 수 없습니다.

[TIME] 15:28:56 [FILE] TextureManager.cpp [FUNC] TextureManager::LoadTexture [LINE] 34
[ Engine ][ Create ][ Texture Buffer ] '../Assets/Texture/Particle/Glow_Particle.png' FAILED!!

[TIME] 15:29:29 [FILE] TextureManager.cpp [FUNC] TextureManager::BakeSkyLightMap [LINE] 56
[ Engine ][ Bake ][ SkyLight Buffer ] 'SkyLight_HDRI' Texture가 로드되지 않았습니다!!

[TIME] 15:34:30 [FILE] D3D11Graphic.cpp [FUNC] D3D11Graphic::CreateTextureBuffer [LINE] 210
[ Graphic ][ Create ][ ShaderResourceView ] '../Assets/Texture/Particle/Glow_Particle.png' FAILED!!
[ERROR] 구성 요소를 찾을 수 없습니다.

[TIME] 15:34:30 [FILE] TextureManager.cpp [FUNC] TextureManager::LoadTexture [LINE] 34
[ Engine ][ Create ][ Texture Buffer ] '../Assets/Texture/Particle/Glow_Particle.png' FAILED!!

[TIME] 15:35:00 [FILE] TextureManager.cpp [FUNC] TextureManager::BakeSkyLightMap [LINE] 56
[ Engine ][ Bake ][ SkyLight Buffer ] 'SkyLight_HDRI' Texture가 로드되지 않았습니다!!

[TIME] 15:47:35 [FILE] D3D11Graphic.cpp [FUNC] D3D11Graphic::CreateTextureBuffer [LINE] 210
[ Graphic ][ Create ][ ShaderResourceView ] '../Assets/Texture/Particle/Glow_Particle.png' FAILED!!
[ERROR] 구성 요소를 찾을 수 없습니다.

[TIME] 15:47:35 [FILE] TextureManager.cpp [FUNC] TextureManager::LoadTexture [LINE] 34
[ Engine ][ Create ][ Texture Buffer ] '../Assets/Texture/Particle/Glow_Particle.png' FAILED!!

[TIME] 15:48:06 [FILE] TextureManager.cpp [FUNC] TextureManager::BakeSkyLightMap [LINE] 56
[ Engine ][ Bake ][ SkyLight Buffer ] 'SkyLight_HDRI' Texture가 로드되지 않았습니다!!

[TIME] 15:59:50 [FILE] D3D11Graphic.cpp [FUNC] D3D11Graphic::CreateTextureBuffer [LINE] 210
[ Graphic ][ Create ][ ShaderResourceView ] '../Assets/Texture/Particle/Glow_Particle.png' FAILED!!
[ERROR] 구성 요소를 찾을 수 없습니다.

[TIME] 15:59:50 [FILE] TextureManager.cpp [FUNC] TextureManager::LoadTexture [LINE] 34
[ Engine ][ Create ][ Texture Buffer ] '../Assets/Texture/Particle/Glow_Particle.png' FAILED!!

[TIME] 16:00:20 [FILE] TextureManager.cpp [FUNC] TextureManager::BakeSkyLightMap [LINE] 56
[ Engine ][ Bake ][ SkyLight Buffer ] 'SkyLight_HDRI' Texture가 로드되지 않았습니다!!

[TIME] 16:05:05 [FILE] D3D11Graphic.cpp [FUNC] D3D11Graphic::CreateTextureBuffer [LINE] 210
[ Graphic ][ Create ][ ShaderResourceView ] '../Assets/Texture/Particle/Glow_Particle.png' FAILED!!
[ERROR] 구성 요소를 찾을 수 없습니다.

[TIME] 16:05:05 [FILE] TextureManager.cpp [FUNC] TextureManager::LoadTexture [LINE] 34
[ Engine ][ Create ][ Texture Buffer ] '../Assets/Texture/Particle/Glow_Particle.png' FAILED!!

[TIME] 16:05:38 [FILE] TextureManager.cpp [FUNC] TextureManager::BakeSkyLightMap [LINE] 56
[ Engine ][ Bake ][ SkyLight Buffer ] 'SkyLight_HDRI' Texture가 로드되지 않았습니다!!

[TIME] 16:07:21 [FILE] D3D11Graphic.cpp [FUNC] D3D11Graphic::CreateTextureBuffer [LINE] 210
[ Graphic ][ Create ][ ShaderResourceView ] '../Assets/Texture/Particle/Glow_Particle.png' FAILED!!
[ERROR] 구성 요소를 찾을 수 없습니다.

[TIME] 16:07:21 [FILE] TextureManager.cpp [FUNC] TextureManager::LoadTexture [LINE] 34
[ Engine ][ Create ][ Texture Buffer ] '../Assets/Texture/Particle/Glow_Particle.png' FAILED!!

[TIME] 16:07:52 [FILE] TextureManager.cpp [FUNC] TextureManager::BakeSkyLightMap [LINE] 56
[ Engine ][ Bake ][ SkyLight Buffer ] 'SkyLight_HDRI' Texture가 로드되지 않았습니다!!

[TIME] 19:10:02 [FILE] D3D11Graphic.cpp [FUNC] D3D11Graphic::CreateTextureBuffer [LINE] 210
[ Graphic ][ Create ][ ShaderResourceView ] '../Assets/Texture/Particle/Glow_Particle.png' FAILED!!
[ERROR] 구성 요소를 찾을 수 없습니다.

[TIME] 19:10:02 [FILE] TextureManager.cpp [FUNC] TextureManager::LoadTexture [LINE] 34
[ Engine ][ Create ][ Texture Buffer ] '../Assets/Texture/Particle/Glow_Particle.png' FAILED!!

[TIME] 19:10:33 [FILE] TextureManager.cpp [FUNC] TextureManager::BakeSkyLightMap [LINE] 56
[ Engine ][ Bake ][ SkyLight Buffer ] 'SkyLight_HDRI' Texture가 로드되지 않았습니다!!

