[TIME] 11:21:56 [FILE] D3D11Graphic.cpp [FUNC] D3D11Graphic::CreateTextureBuffer [LINE] 210
[ Graphic ][ Create ][ ShaderResourceView ] '../Assets/Texture/Particle/Glow_Particle.png' FAILED!!
[ERROR] 구성 요소를 찾을 수 없습니다.

[TIME] 11:21:56 [FILE] TextureManager.cpp [FUNC] TextureManager::LoadTexture [LINE] 34
[ Engine ][ Create ][ Texture Buffer ] '../Assets/Texture/Particle/Glow_Particle.png' FAILED!!

[TIME] 11:22:43 [FILE] TextureManager.cpp [FUNC] TextureManager::BakeSkyLightMap [LINE] 56
[ Engine ][ Bake ][ SkyLight Buffer ] 'SkyLight_HDRI' Texture가 로드되지 않았습니다!!

[TIME] 11:38:54 [FILE] D3D11Graphic.cpp [FUNC] D3D11Graphic::CreateTextureBuffer [LINE] 210
[ Graphic ][ Create ][ ShaderResourceView ] '../Assets/Texture/Particle/Glow_Particle.png' FAILED!!
[ERROR] 구성 요소를 찾을 수 없습니다.

[TIME] 11:38:54 [FILE] TextureManager.cpp [FUNC] TextureManager::LoadTexture [LINE] 34
[ Engine ][ Create ][ Texture Buffer ] '../Assets/Texture/Particle/Glow_Particle.png' FAILED!!

[TIME] 11:39:22 [FILE] TextureManager.cpp [FUNC] TextureManager::BakeSkyLightMap [LINE] 56
[ Engine ][ Bake ][ SkyLight Buffer ] 'SkyLight_HDRI' Texture가 로드되지 않았습니다!!

[TIME] 11:49:39 [FILE] D3D11Graphic.cpp [FUNC] D3D11Graphic::CreateTextureBuffer [LINE] 210
[ Graphic ][ Create ][ ShaderResourceView ] '../Assets/Texture/Particle/Glow_Particle.png' FAILED!!
[ERROR] 구성 요소를 찾을 수 없습니다.

[TIME] 11:49:39 [FILE] TextureManager.cpp [FUNC] TextureManager::LoadTexture [LINE] 34
[ Engine ][ Create ][ Texture Buffer ] '../Assets/Texture/Particle/Glow_Particle.png' FAILED!!

[TIME] 11:50:07 [FILE] TextureManager.cpp [FUNC] TextureManager::BakeSkyLightMap [LINE] 56
[ Engine ][ Bake ][ SkyLight Buffer ] 'SkyLight_HDRI' Texture가 로드되지 않았습니다!!

[TIME] 11:53:12 [FILE] D3D11Graphic.cpp [FUNC] D3D11Graphic::CreateTextureBuffer [LINE] 210
[ Graphic ][ Create ][ ShaderResourceView ] '../Assets/Texture/Particle/Glow_Particle.png' FAILED!!
[ERROR] 구성 요소를 찾을 수 없습니다.

[TIME] 11:53:12 [FILE] TextureManager.cpp [FUNC] TextureManager::LoadTexture [LINE] 34
[ Engine ][ Create ][ Texture Buffer ] '../Assets/Texture/Particle/Glow_Particle.png' FAILED!!

[TIME] 11:53:40 [FILE] TextureManager.cpp [FUNC] TextureManager::BakeSkyLightMap [LINE] 56
[ Engine ][ Bake ][ SkyLight Buffer ] 'SkyLight_HDRI' Texture가 로드되지 않았습니다!!

[TIME] 11:57:59 [FILE] D3D11Graphic.cpp [FUNC] D3D11Graphic::CreateTextureBuffer [LINE] 210
[ Graphic ][ Create ][ ShaderResourceView ] '../Assets/Texture/Particle/Glow_Particle.png' FAILED!!
[ERROR] 구성 요소를 찾을 수 없습니다.

[TIME] 11:57:59 [FILE] TextureManager.cpp [FUNC] TextureManager::LoadTexture [LINE] 34
[ Engine ][ Create ][ Texture Buffer ] '../Assets/Texture/Particle/Glow_Particle.png' FAILED!!

[TIME] 11:58:27 [FILE] TextureManager.cpp [FUNC] TextureManager::BakeSkyLightMap [LINE] 56
[ Engine ][ Bake ][ SkyLight Buffer ] 'SkyLight_HDRI' Texture가 로드되지 않았습니다!!

[TIME] 12:12:06 [FILE] D3D11Graphic.cpp [FUNC] D3D11Graphic::CreateTextureBuffer [LINE] 210
[ Graphic ][ Create ][ ShaderResourceView ] '../Assets/Texture/Particle/Glow_Particle.png' FAILED!!
[ERROR] 구성 요소를 찾을 수 없습니다.

[TIME] 12:12:06 [FILE] TextureManager.cpp [FUNC] TextureManager::LoadTexture [LINE] 34
[ Engine ][ Create ][ Texture Buffer ] '../Assets/Texture/Particle/Glow_Particle.png' FAILED!!

