c:\users\abccc\desktop\editor\editor\debug\editor.pch
c:\users\abccc\desktop\editor\editor\debug\vc142.pdb
c:\users\abccc\desktop\editor\editor\debug\vc142.idb
c:\users\abccc\desktop\editor\editor\debug\pch.obj
c:\users\abccc\desktop\editor\editor\debug\mainfrm.obj
c:\users\abccc\desktop\editor\editor\debug\leftview.obj
c:\users\abccc\desktop\editor\editor\debug\editorview.obj
c:\users\abccc\desktop\editor\editor\debug\editordoc.obj
c:\users\abccc\desktop\editor\editor\debug\editor.obj
c:\users\abccc\desktop\editor\debug\editor.exe
c:\users\abccc\desktop\editor\debug\editor.ilk
c:\users\abccc\desktop\editor\debug\editor.pdb
c:\users\abccc\desktop\editor\editor\debug\editor.res
c:\users\abccc\desktop\editor\editor\debug\editor.tlog\cl.command.1.tlog
c:\users\abccc\desktop\editor\editor\debug\editor.tlog\cl.read.1.tlog
c:\users\abccc\desktop\editor\editor\debug\editor.tlog\cl.write.1.tlog
c:\users\abccc\desktop\editor\editor\debug\editor.tlog\link.command.1.tlog
c:\users\abccc\desktop\editor\editor\debug\editor.tlog\link.read.1.tlog
c:\users\abccc\desktop\editor\editor\debug\editor.tlog\link.write.1.tlog
c:\users\abccc\desktop\editor\editor\debug\editor.tlog\rc.command.1.tlog
c:\users\abccc\desktop\editor\editor\debug\editor.tlog\rc.read.1.tlog
c:\users\abccc\desktop\editor\editor\debug\editor.tlog\rc.write.1.tlog
