[TIME] 18:01:35 [FILE] LoadManager.cpp [FUNC] LoadManager::GetTexture [LINE] 227
[ ERROR ][ Engine ][ GetTexture ] '0'가 없습니다.

[TIME] 18:01:35 [FILE] LoadManager.cpp [FUNC] LoadManager::GetTexture [LINE] 227
[ ERROR ][ Engine ][ GetTexture ] '0'가 없습니다.

[TIME] 18:01:35 [FILE] LoadManager.cpp [FUNC] LoadManager::GetTexture [LINE] 227
[ ERROR ][ Engine ][ GetTexture ] '0'가 없습니다.

[TIME] 18:01:35 [FILE] LoadManager.cpp [FUNC] LoadManager::GetTexture [LINE] 227
[ ERROR ][ Engine ][ GetTexture ] '0'가 없습니다.

[TIME] 18:01:35 [FILE] LoadManager.cpp [FUNC] LoadManager::GetTexture [LINE] 227
[ ERROR ][ Engine ][ GetTexture ] '0'가 없습니다.

[TIME] 18:01:35 [FILE] LoadManager.cpp [FUNC] LoadManager::GetTexture [LINE] 227
[ ERROR ][ Engine ][ GetTexture ] '0'가 없습니다.

[TIME] 18:01:35 [FILE] LoadManager.cpp [FUNC] LoadManager::GetTexture [LINE] 227
[ ERROR ][ Engine ][ GetTexture ] '0'가 없습니다.

[TIME] 18:01:35 [FILE] LoadManager.cpp [FUNC] LoadManager::GetTexture [LINE] 227
[ ERROR ][ Engine ][ GetTexture ] '0'가 없습니다.

[TIME] 18:01:35 [FILE] LoadManager.cpp [FUNC] LoadManager::GetTexture [LINE] 227
[ ERROR ][ Engine ][ GetTexture ] '0'가 없습니다.

[TIME] 18:01:35 [FILE] LoadManager.cpp [FUNC] LoadManager::GetTexture [LINE] 227
[ ERROR ][ Engine ][ GetTexture ] '0'가 없습니다.

[TIME] 18:01:35 [FILE] LoadManager.cpp [FUNC] LoadManager::GetTexture [LINE] 227
[ ERROR ][ Engine ][ GetTexture ] 'Dome_Ceiling_BaseColor'가 없습니다.

[TIME] 18:01:35 [FILE] LoadManager.cpp [FUNC] LoadManager::GetTexture [LINE] 227
[ ERROR ][ Engine ][ GetTexture ] 'Dome_Ceiling_Normal'가 없습니다.

[TIME] 18:01:35 [FILE] LoadManager.cpp [FUNC] LoadManager::GetTexture [LINE] 227
[ ERROR ][ Engine ][ GetTexture ] '0'가 없습니다.

[TIME] 18:01:35 [FILE] LoadManager.cpp [FUNC] LoadManager::GetTexture [LINE] 227
[ ERROR ][ Engine ][ GetTexture ] 'Dome_Ceiling_ORM'가 없습니다.

[TIME] 18:01:35 [FILE] LoadManager.cpp [FUNC] LoadManager::GetTexture [LINE] 227
[ ERROR ][ Engine ][ GetTexture ] 'Dome_CeilingHolder_BaseColor'가 없습니다.

[TIME] 18:01:35 [FILE] LoadManager.cpp [FUNC] LoadManager::GetTexture [LINE] 227
[ ERROR ][ Engine ][ GetTexture ] 'Dome_CeilingHolder_Normal'가 없습니다.

[TIME] 18:01:35 [FILE] LoadManager.cpp [FUNC] LoadManager::GetTexture [LINE] 227
[ ERROR ][ Engine ][ GetTexture ] '0'가 없습니다.

[TIME] 18:01:35 [FILE] LoadManager.cpp [FUNC] LoadManager::GetTexture [LINE] 227
[ ERROR ][ Engine ][ GetTexture ] 'Dome_CeilingHolder_ORM'가 없습니다.

[TIME] 18:01:35 [FILE] LoadManager.cpp [FUNC] LoadManager::GetTexture [LINE] 227
[ ERROR ][ Engine ][ GetTexture ] '0'가 없습니다.

[TIME] 18:01:35 [FILE] LoadManager.cpp [FUNC] LoadManager::GetTexture [LINE] 227
[ ERROR ][ Engine ][ GetTexture ] '0'가 없습니다.

[TIME] 18:01:35 [FILE] LoadManager.cpp [FUNC] LoadManager::GetTexture [LINE] 227
[ ERROR ][ Engine ][ GetTexture ] 'Dome_centerGlass_BaseColor'가 없습니다.

[TIME] 18:01:35 [FILE] LoadManager.cpp [FUNC] LoadManager::GetTexture [LINE] 227
[ ERROR ][ Engine ][ GetTexture ] '0'가 없습니다.

[TIME] 18:01:35 [FILE] LoadManager.cpp [FUNC] LoadManager::GetTexture [LINE] 227
[ ERROR ][ Engine ][ GetTexture ] '0'가 없습니다.

[TIME] 18:01:35 [FILE] LoadManager.cpp [FUNC] LoadManager::GetTexture [LINE] 227
[ ERROR ][ Engine ][ GetTexture ] 'Dome_InsideBridge_BaseColor'가 없습니다.

[TIME] 18:01:35 [FILE] LoadManager.cpp [FUNC] LoadManager::GetTexture [LINE] 227
[ ERROR ][ Engine ][ GetTexture ] 'Dome_InsideBridge_Normal'가 없습니다.

[TIME] 18:01:35 [FILE] LoadManager.cpp [FUNC] LoadManager::GetTexture [LINE] 227
[ ERROR ][ Engine ][ GetTexture ] '0'가 없습니다.

[TIME] 18:01:35 [FILE] LoadManager.cpp [FUNC] LoadManager::GetTexture [LINE] 227
[ ERROR ][ Engine ][ GetTexture ] 'Dome_InsideBridge_ORM'가 없습니다.

[TIME] 18:01:35 [FILE] LoadManager.cpp [FUNC] LoadManager::GetTexture [LINE] 227
[ ERROR ][ Engine ][ GetTexture ] 'Dome_InsideWall_Emissive'가 없습니다.

[TIME] 18:01:35 [FILE] LoadManager.cpp [FUNC] LoadManager::GetTexture [LINE] 227
[ ERROR ][ Engine ][ GetTexture ] '0'가 없습니다.

[TIME] 18:01:35 [FILE] LoadManager.cpp [FUNC] LoadManager::GetTexture [LINE] 227
[ ERROR ][ Engine ][ GetTexture ] 'Dome_SideFloor_A_BaseColor'가 없습니다.

[TIME] 18:01:35 [FILE] LoadManager.cpp [FUNC] LoadManager::GetTexture [LINE] 227
[ ERROR ][ Engine ][ GetTexture ] 'Dome_SideFloor_A_Normal'가 없습니다.

[TIME] 18:01:35 [FILE] LoadManager.cpp [FUNC] LoadManager::GetTexture [LINE] 227
[ ERROR ][ Engine ][ GetTexture ] '0'가 없습니다.

[TIME] 18:01:35 [FILE] LoadManager.cpp [FUNC] LoadManager::GetTexture [LINE] 227
[ ERROR ][ Engine ][ GetTexture ] 'Dome_SideFloor_A_ORM'가 없습니다.

[TIME] 18:01:35 [FILE] LoadManager.cpp [FUNC] LoadManager::GetTexture [LINE] 227
[ ERROR ][ Engine ][ GetTexture ] 'Dome_SideFloor_B_BaseColor'가 없습니다.

[TIME] 18:01:35 [FILE] LoadManager.cpp [FUNC] LoadManager::GetTexture [LINE] 227
[ ERROR ][ Engine ][ GetTexture ] 'Dome_SideFloor_B_Normal'가 없습니다.

[TIME] 18:01:35 [FILE] LoadManager.cpp [FUNC] LoadManager::GetTexture [LINE] 227
[ ERROR ][ Engine ][ GetTexture ] '0'가 없습니다.

[TIME] 18:01:35 [FILE] LoadManager.cpp [FUNC] LoadManager::GetTexture [LINE] 227
[ ERROR ][ Engine ][ GetTexture ] 'Dome_SideFloor_B_ORM'가 없습니다.

[TIME] 18:01:35 [FILE] LoadManager.cpp [FUNC] LoadManager::GetTexture [LINE] 227
[ ERROR ][ Engine ][ GetTexture ] '0'가 없습니다.

[TIME] 18:01:35 [FILE] LoadManager.cpp [FUNC] LoadManager::GetTexture [LINE] 227
[ ERROR ][ Engine ][ GetTexture ] 'Dome_Ceiling_BaseColor'가 없습니다.

[TIME] 18:01:35 [FILE] LoadManager.cpp [FUNC] LoadManager::GetTexture [LINE] 227
[ ERROR ][ Engine ][ GetTexture ] 'Dome_Ceiling_Normal'가 없습니다.

[TIME] 18:01:35 [FILE] LoadManager.cpp [FUNC] LoadManager::GetTexture [LINE] 227
[ ERROR ][ Engine ][ GetTexture ] '0'가 없습니다.

[TIME] 18:01:35 [FILE] LoadManager.cpp [FUNC] LoadManager::GetTexture [LINE] 227
[ ERROR ][ Engine ][ GetTexture ] 'Dome_Ceiling_ORM'가 없습니다.

[TIME] 18:01:35 [FILE] LoadManager.cpp [FUNC] LoadManager::GetTexture [LINE] 227
[ ERROR ][ Engine ][ GetTexture ] 'Dome_Pillar_BaseColor'가 없습니다.

[TIME] 18:01:35 [FILE] LoadManager.cpp [FUNC] LoadManager::GetTexture [LINE] 227
[ ERROR ][ Engine ][ GetTexture ] 'Dome_Pillar_Normal'가 없습니다.

[TIME] 18:01:35 [FILE] LoadManager.cpp [FUNC] LoadManager::GetTexture [LINE] 227
[ ERROR ][ Engine ][ GetTexture ] '0'가 없습니다.

[TIME] 18:01:35 [FILE] LoadManager.cpp [FUNC] LoadManager::GetTexture [LINE] 227
[ ERROR ][ Engine ][ GetTexture ] 'Dome_Pillar_ORM'가 없습니다.

[TIME] 18:01:35 [FILE] LoadManager.cpp [FUNC] LoadManager::GetTexture [LINE] 227
[ ERROR ][ Engine ][ GetTexture ] '0'가 없습니다.

[TIME] 18:01:35 [FILE] LoadManager.cpp [FUNC] LoadManager::GetTexture [LINE] 227
[ ERROR ][ Engine ][ GetTexture ] 'Dome_Wall_BaseColor'가 없습니다.

[TIME] 18:01:35 [FILE] LoadManager.cpp [FUNC] LoadManager::GetTexture [LINE] 227
[ ERROR ][ Engine ][ GetTexture ] 'Dome_Wall_Normal'가 없습니다.

[TIME] 18:01:35 [FILE] LoadManager.cpp [FUNC] LoadManager::GetTexture [LINE] 227
[ ERROR ][ Engine ][ GetTexture ] '0'가 없습니다.

[TIME] 18:01:35 [FILE] LoadManager.cpp [FUNC] LoadManager::GetTexture [LINE] 227
[ ERROR ][ Engine ][ GetTexture ] 'Dome_Wall_ORM'가 없습니다.

[TIME] 18:01:35 [FILE] LoadManager.cpp [FUNC] LoadManager::GetTexture [LINE] 227
[ ERROR ][ Engine ][ GetTexture ] 'Dome_UpperWall_BaseColor'가 없습니다.

[TIME] 18:01:35 [FILE] LoadManager.cpp [FUNC] LoadManager::GetTexture [LINE] 227
[ ERROR ][ Engine ][ GetTexture ] 'Dome_UpperWall_Normal'가 없습니다.

[TIME] 18:01:35 [FILE] LoadManager.cpp [FUNC] LoadManager::GetTexture [LINE] 227
[ ERROR ][ Engine ][ GetTexture ] '0'가 없습니다.

[TIME] 18:01:35 [FILE] LoadManager.cpp [FUNC] LoadManager::GetTexture [LINE] 227
[ ERROR ][ Engine ][ GetTexture ] 'Dome_UpperWall_ORM'가 없습니다.

[TIME] 18:01:35 [FILE] LoadManager.cpp [FUNC] LoadManager::GetTexture [LINE] 227
[ ERROR ][ Engine ][ GetTexture ] '0'가 없습니다.

[TIME] 18:01:35 [FILE] LoadManager.cpp [FUNC] LoadManager::GetTexture [LINE] 227
[ ERROR ][ Engine ][ GetTexture ] '0'가 없습니다.

[TIME] 18:01:35 [FILE] LoadManager.cpp [FUNC] LoadManager::GetTexture [LINE] 227
[ [TIME] 18:07:11 [FILE] LoadManager.cpp [FUNC] LoadManager::GetTexture [LINE] 227
[ ERROR ][ Engine ][ GetTexture ] '0'가 없습니다.

[TIME] 18:07:11 [FILE] LoadManager.cpp [FUNC] LoadManager::GetTexture [LINE] 227
[ ERROR ][ Engine ][ GetTexture ] '0'가 없습니다.

[TIME] 18:07:11 [FILE] LoadManager.cpp [FUNC] LoadManager::GetTexture [LINE] 227
[ ERROR ][ Engine ][ GetTexture ] '0'가 없습니다.

[TIME] 18:07:11 [FILE] LoadManager.cpp [FUNC] LoadManager::GetTexture [LINE] 227
[ ERROR ][ Engine ][ GetTexture ] '0'가 없습니다.

[TIME] 18:07:11 [FILE] LoadManager.cpp [FUNC] LoadManager::GetTexture [LINE] 227
[ ERROR ][ Engine ][ GetTexture ] '0'가 없습니다.

[TIME] 18:07:11 [FILE] LoadManager.cpp [FUNC] LoadManager::GetTexture [LINE] 227
[ ERROR ][ Engine ][ GetTexture ] '0'가 없습니다.

[TIME] 18:07:11 [FILE] LoadManager.cpp [FUNC] LoadManager::GetTexture [LINE] 227
[ ERROR ][ Engine ][ GetTexture ] '0'가 없습니다.

[TIME] 18:07:11 [FILE] LoadManager.cpp [FUNC] LoadManager::GetTexture [LINE] 227
[ ERROR ][ Engine ][ GetTexture ] '0'가 없습니다.

[TIME] 18:07:11 [FILE] LoadManager.cpp [FUNC] LoadManager::GetTexture [LINE] 227
[ ERROR ][ Engine ][ GetTexture ] '0'가 없습니다.

[TIME] 18:07:11 [FILE] LoadManager.cpp [FUNC] LoadManager::GetTexture [LINE] 227
[ ERROR ][ Engine ][ GetTexture ] '0'가 없습니다.

[TIME] 18:07:11 [FILE] LoadManager.cpp [FUNC] LoadManager::GetTexture [LINE] 227
[ ERROR ][ Engine ][ GetTexture ] 'Dome_Ceiling_BaseColor'가 없습니다.

[TIME] 18:07:11 [FILE] LoadManager.cpp [FUNC] LoadManager::GetTexture [LINE] 227
[ ERROR ][ Engine ][ GetTexture ] 'Dome_Ceiling_Normal'가 없습니다.

[TIME] 18:07:11 [FILE] LoadManager.cpp [FUNC] LoadManager::GetTexture [LINE] 227
[ ERROR ][ Engine ][ GetTexture ] '0'가 없습니다.

[TIME] 18:07:11 [FILE] LoadManager.cpp [FUNC] LoadManager::GetTexture [LINE] 227
[ ERROR ][ Engine ][ GetTexture ] 'Dome_Ceiling_ORM'가 없습니다.

[TIME] 18:07:11 [FILE] LoadManager.cpp [FUNC] LoadManager::GetTexture [LINE] 227
[ ERROR ][ Engine ][ GetTexture ] 'Dome_CeilingHolder_BaseColor'가 없습니다.

[TIME] 18:07:11 [FILE] LoadManager.cpp [FUNC] LoadManager::GetTexture [LINE] 227
[ ERROR ][ Engine ][ GetTexture ] 'Dome_CeilingHolder_Normal'가 없습니다.

[TIME] 18:07:11 [FILE] LoadManager.cpp [FUNC] LoadManager::GetTexture [LINE] 227
[ ERROR ][ Engine ][ GetTexture ] '0'가 없습니다.

[TIME] 18:07:11 [FILE] LoadManager.cpp [FUNC] LoadManager::GetTexture [LINE] 227
[ ERROR ][ Engine ][ GetTexture ] 'Dome_CeilingHolder_ORM'가 없습니다.

[TIME] 18:07:11 [FILE] LoadManager.cpp [FUNC] LoadManager::GetTexture [LINE] 227
[ ERROR ][ Engine ][ GetTexture ] '0'가 없습니다.

[TIME] 18:07:11 [FILE] LoadManager.cpp [FUNC] LoadManager::GetTexture [LINE] 227
[ ERROR ][ Engine ][ GetTexture ] '0'가 없습니다.

[TIME] 18:07:11 [FILE] LoadManager.cpp [FUNC] LoadManager::GetTexture [LINE] 227
[ ERROR ][ Engine ][ GetTexture ] 'Dome_centerGlass_BaseColor'가 없습니다.

[TIME] 18:07:11 [FILE] LoadManager.cpp [FUNC] LoadManager::GetTexture [LINE] 227
[ ERROR ][ Engine ][ GetTexture ] '0'가 없습니다.

[TIME] 18:07:11 [FILE] LoadManager.cpp [FUNC] LoadManager::GetTexture [LINE] 227
[ ERROR ][ Engine ][ GetTexture ] '0'가 없습니다.

[TIME] 18:07:11 [FILE] LoadManager.cpp [FUNC] LoadManager::GetTexture [LINE] 227
[ ERROR ][ Engine ][ GetTexture ] 'Dome_InsideBridge_BaseColor'가 없습니다.

[TIME] 18:07:11 [FILE] LoadManager.cpp [FUNC] LoadManager::GetTexture [LINE] 227
[ ERROR ][ Engine ][ GetTexture ] 'Dome_InsideBridge_Normal'가 없습니다.

[TIME] 18:07:11 [FILE] LoadManager.cpp [FUNC] LoadManager::GetTexture [LINE] 227
[ ERROR ][ Engine ][ GetTexture ] '0'가 없습니다.

[TIME] 18:07:11 [FILE] LoadManager.cpp [FUNC] LoadManager::GetTexture [LINE] 227
[ ERROR ][ Engine ][ GetTexture ] 'Dome_InsideBridge_ORM'가 없습니다.

[TIME] 18:07:11 [FILE] LoadManager.cpp [FUNC] LoadManager::GetTexture [LINE] 227
[ ERROR ][ Engine ][ GetTexture ] 'Dome_InsideWall_Emissive'가 없습니다.

[TIME] 18:07:11 [FILE] LoadManager.cpp [FUNC] LoadManager::GetTexture [LINE] 227
[ ERROR ][ Engine ][ GetTexture ] '0'가 없습니다.

[TIME] 18:07:11 [FILE] LoadManager.cpp [FUNC] LoadManager::GetTexture [LINE] 227
[ ERROR ][ Engine ][ GetTexture ] 'Dome_SideFloor_A_BaseColor'가 없습니다.

[TIME] 18:07:11 [FILE] LoadManager.cpp [FUNC] LoadManager::GetTexture [LINE] 227
[ ERROR ][ Engine ][ GetTexture ] 'Dome_SideFloor_A_Normal'가 없습니다.

[TIME] 18:07:11 [FILE] LoadManager.cpp [FUNC] LoadManager::GetTexture [LINE] 227
[ ERROR ][ Engine ][ GetTexture ] '0'가 없습니다.

[TIME] 18:07:11 [FILE] LoadManager.cpp [FUNC] LoadManager::GetTexture [LINE] 227
[ ERROR ][ Engine ][ GetTexture ] 'Dome_SideFloor_A_ORM'가 없습니다.

[TIME] 18:07:11 [FILE] LoadManager.cpp [FUNC] LoadManager::GetTexture [LINE] 227
[ ERROR ][ Engine ][ GetTexture ] 'Dome_SideFloor_B_BaseColor'가 없습니다.

[TIME] 18:07:11 [FILE] LoadManager.cpp [FUNC] LoadManager::GetTexture [LINE] 227
[ ERROR ][ Engine ][ GetTexture ] 'Dome_SideFloor_B_Normal'가 없습니다.

[TIME] 18:07:11 [FILE] LoadManager.cpp [FUNC] LoadManager::GetTexture [LINE] 227
[ ERROR ][ Engine ][ GetTexture ] '0'가 없습니다.

[TIME] 18:07:11 [FILE] LoadManager.cpp [FUNC] LoadManager::GetTexture [LINE] 227
[ ERROR ][ Engine ][ GetTexture ] 'Dome_SideFloor_B_ORM'가 없습니다.

[TIME] 18:07:11 [FILE] LoadManager.cpp [FUNC] LoadManager::GetTexture [LINE] 227
[ ERROR ][ Engine ][ GetTexture ] '0'가 없습니다.

[TIME] 18:07:11 [FILE] LoadManager.cpp [FUNC] LoadManager::GetTexture [LINE] 227
[ ERROR ][ Engine ][ GetTexture ] 'Dome_Ceiling_BaseColor'가 없습니다.

[TIME] 18:07:11 [FILE] LoadManager.cpp [FUNC] LoadManager::GetTexture [LINE] 227
[ ERROR ][ Engine ][ GetTexture ] 'Dome_Ceiling_Normal'가 없습니다.

[TIME] 18:07:11 [FILE] LoadManager.cpp [FUNC] LoadManager::GetTexture [LINE] 227
[ ERROR ][ Engine ][ GetTexture ] '0'가 없습니다.

[TIME] 18:07:11 [FILE] LoadManager.cpp [FUNC] LoadManager::GetTexture [LINE] 227
[ ERROR ][ Engine ][ GetTexture ] 'Dome_Ceiling_ORM'가 없습니다.

[TIME] 18:07:11 [FILE] LoadManager.cpp [FUNC] LoadManager::GetTexture [LINE] 227
[ ERROR ][ Engine ][ GetTexture ] 'Dome_Pillar_BaseColor'가 없습니다.

[TIME] 18:07:11 [FILE] LoadManager.cpp [FUNC] LoadManager::GetTexture [LINE] 227
[ ERROR ][ Engine ][ GetTexture ] 'Dome_Pillar_Normal'가 없습니다.

[TIME] 18:07:11 [FILE] LoadManager.cpp [FUNC] LoadManager::GetTexture [LINE] 227
[ ERROR ][ Engine ][ GetTexture ] '0'가 없습니다.

[TIME] 18:07:11 [FILE] LoadManager.cpp [FUNC] LoadManager::GetTexture [LINE] 227
[ ERROR ][ Engine ][ GetTexture ] 'Dome_Pillar_ORM'가 없습니다.

[TIME] 18:07:11 [FILE] LoadManager.cpp [FUNC] LoadManager::GetTexture [LINE] 227
[ ERROR ][ Engine ][ GetTexture ] '0'가 없습니다.

[TIME] 18:07:11 [FILE] LoadManager.cpp [FUNC] LoadManager::GetTexture [LINE] 227
[ ERROR ][ Engine ][ GetTexture ] 'Dome_Wall_BaseColor'가 없습니다.

[TIME] 18:07:11 [FILE] LoadManager.cpp [FUNC] LoadManager::GetTexture [LINE] 227
[ ERROR ][ Engine ][ GetTexture ] 'Dome_Wall_Normal'가 없습니다.

[TIME] 18:07:11 [FILE] LoadManager.cpp [FUNC] LoadManager::GetTexture [LINE] 227
[ ERROR ][ Engine ][ GetTexture ] '0'가 없습니다.

[TIME] 18:07:11 [FILE] LoadManager.cpp [FUNC] LoadManager::GetTexture [LINE] 227
[ ERROR ][ Engine ][ GetTexture ] 'Dome_Wall_ORM'가 없습니다.

[TIME] 18:07:11 [FILE] LoadManager.cpp [FUNC] LoadManager::GetTexture [LINE] 227
[ ERROR ][ Engine ][ GetTexture ] 'Dome_UpperWall_BaseColor'가 없습니다.

[TIME] 18:07:11 [FILE] LoadManager.cpp [FUNC] LoadManager::GetTexture [LINE] 227
[ ERROR ][ Engine ][ GetTexture ] 'Dome_UpperWall_Normal'가 없습니다.

[TIME] 18:07:11 [FILE] LoadManager.cpp [FUNC] LoadManager::GetTexture [LINE] 227
[ ERROR ][ Engine ][ GetTexture ] '0'가 없습니다.

[TIME] 18:07:11 [FILE] LoadManager.cpp [FUNC] LoadManager::GetTexture [LINE] 227
[ ERROR ][ Engine ][ GetTexture ] 'Dome_UpperWall_ORM'가 없습니다.

[TIME] 18:07:11 [FILE] LoadManager.cpp [FUNC] LoadManager::GetTexture [LINE] 227
[ ERROR ][ Engine ][ GetTexture ] '0'가 없습니다.

[TIME] 18:07:11 [FILE] LoadManager.cpp [FUNC] LoadManager::GetTexture [LINE] 227
[ ERROR ][ Engine ][ GetTexture ] '0'가 없습니다.

[TIME] 18:07:11 [FILE] LoadManager.cpp [FUNC] LoadManager::GetTexture [LINE] 227
[ ERROR ][ Engine ][ GetTexture ] '0'가 없습니다.

[TIME] 18:07:11 [FILE] LoadManager.cpp [FUNC] LoadManager::GetTexture [LINE] 227
[ ERROR ][ Engine ][ GetTexture ] '0'가 없습니다.

[TIME] 18:07:11 [FILE] LoadManager.cpp [FUNC] LoadManager::GetTexture [LINE] 227
[ ERROR ][ Engine ][ GetTexture ] '0'가 없습니다.

[TIME] 18:07:11 [FILE] LoadManager.cpp [FUNC] LoadManager::GetTexture [LINE] 227
[ ERROR ][ Engine ][ GetTexture ] '0'가 없습니다.

[TIME] 18:07:11 [FILE] LoadManager.cpp [FUNC] LoadManager::GetTexture [LINE] 227
[ ERROR ][ Engine ][ GetTexture ] '0'가 없습니다.

[TIME] 18:07:11 [FILE] LoadManager.cpp [FUNC] LoadManager::GetTexture [LINE] 227
[ ERROR ][ Engine ][ GetTexture ] '0'가 없습니다.

[TIME] 18:07:11 [FILE] LoadManager.cpp [FUNC] LoadManager::GetTexture [LINE] 227
[ ERROR ][ Engine ][ GetTexture ] '0'가 없습니다.

[TIME] 18:07:11 [FILE] LoadManager.cpp [FUNC] LoadManager::GetTexture [LINE] 227
[ ERROR ][ Engine ][ GetTexture ] '0'가 없습니다.

[TIME] 18:07:11 [FILE] LoadManager.cpp [FUNC] LoadManager::GetTexture [LINE] 227
[ ERROR ][ Engine ][ GetTexture ] '0'가 없습니다.

[TIME] 18:07:11 [FILE] LoadManager.cpp [FUNC] LoadManager::GetTexture [LINE] 227
[ ERROR ][ Engine ][ GetTexture ] '0'가 없습니다.

[TIME] 18:07:11 [FILE] LoadManager.cpp [FUNC] LoadManager::GetTexture [LINE] 227
[ ERROR ][ Engine ][ GetTexture ] 'Player_BaseColor'가 없습니다.

[TIME] 18:07:11 [FILE] LoadManager.cpp [FUNC] LoadManager::GetTexture [LINE] 227
[ ERROR ][ Engine ][ GetTexture ] 'Player_Normal'가 없습니다.

[TIME] 18:07:11 [FILE] LoadManager.cpp [FUNC] LoadManager::GetTexture [LINE] 227
[ ERROR ][ Engine ][ GetTexture ] '0'가 없습니다.

[TIME] 18:07:11 [FILE] LoadManager.cpp [FUNC] LoadManager::GetTexture [LINE] 227
[ ERROR ][ Engine ][ GetTexture ] 'Player_Emissive'가 없습니다.

[TIME] 18:07:11 [FILE] LoadManager.cpp [FUNC] LoadManager::GetTexture [LINE] 227
[ ERROR ][ Engine ][ GetTexture ] '0'가 없습니다.

[TIME] 18:07:11 [FILE] LoadManager.cpp [FUNC] LoadManager::GetTexture [LINE] 227
[ ERROR ][ Engine ][ GetTexture ] '0'가 없습니다.

[TIME] 18:07:11 [FILE] LoadManager.cpp [FUNC] LoadManager::GetTexture [LINE] 227
[ ERROR ][ Engine ][ GetTexture ] '0'가 없습니다.

[TIME] 18:07:11 [FILE] LoadManager.cpp [FUNC] LoadManager::GetTexture [LINE] 227
[ ERROR ][ Engine ][ GetTexture ] '0'가 없습니다.

[TIME] 18:07:11 [FILE] LoadManager.cpp [FUNC] LoadManager::GetTexture [LINE] 227
[ ERROR ][ Engine ][ GetTexture ] '0'가 없습니다.

[TIME] 18:07:11 [FILE] LoadManager.cpp [FUNC] LoadManager::GetTexture [LINE] 227
[ ERROR ][ Engine ][ GetTexture ] '0'가 없습니다.

[TIME] 18:07:11 [FILE] LoadManager.cpp [FUNC] LoadManager::GetTexture [LINE] 227
[ ERROR ][ Engine ][ GetTexture ] '0'가 없습니다.

[TIME] 18:07:11 [FILE] LoadManager.cpp [FUNC] LoadManager::GetTexture [LINE] 227
[ ERROR ][ Engine ][ GetTexture ] '0'가 없습니다.

[TIME] 18:07:36 [FILE] LoadManager.cpp [FUNC] LoadManager::GetSkyLight [LINE] 243
[ ERROR ][ Engine ][ GetSkyLight ] 'SkyLight_0'가 없습니다.

[TIME] 18:07:36 [FILE] LoadManager.cpp [FUNC] LoadManager::GetSkyLight [LINE] 243
[ ERROR ][ Engine ][ GetSkyLight ] 'SkyLight_1'가 없습니다.

[TIME] 18:08:18 [FILE] LoadManager.cpp [FUNC] LoadManager::GetMaterial [LINE] 259
[ ERROR ][ Engine ][ GetMaterial ] ''가 없습니다.

[TIME] 18:10:33 [FILE] LoadManager.cpp [FUNC] LoadManager::GetTexture [LINE] 227
[ ERROR ][ Engine ][ GetTexture ] '0'가 없습니다.

[TIME] 18:10:33 [FILE] LoadManager.cpp [FUNC] LoadManager::GetTexture [LINE] 227
[ ERROR ][ Engine ][ GetTexture ] '0'가 없습니다.

[TIME] 18:10:33 [FILE] LoadManager.cpp [FUNC] LoadManager::GetTexture [LINE] 227
[ ERROR ][ Engine ][ GetTexture ] '0'가 없습니다.

[TIME] 18:10:33 [FILE] LoadManager.cpp [FUNC] LoadManager::GetTexture [LINE] 227
[ ERROR ][ Engine ][ GetTexture ] '0'가 없습니다.

[TIME] 18:10:33 [FILE] LoadManager.cpp [FUNC] LoadManager::GetTexture [LINE] 227
[ ERROR ][ Engine ][ GetTexture ] '0'가 없습니다.

[TIME] 18:10:33 [FILE] LoadManager.cpp [FUNC] LoadManager::GetTexture [LINE] 227
[ ERROR ][ Engine ][ GetTexture ] '0'가 없습니다.

[TIME] 18:10:33 [FILE] LoadManager.cpp [FUNC] LoadManager::GetTexture [LINE] 227
[ ERROR ][ Engine ][ GetTexture ] '0'가 없습니다.

[TIME] 18:10:33 [FILE] LoadManager.cpp [FUNC] LoadManager::GetTexture [LINE] 227
[ ERROR ][ Engine ][ GetTexture ] '0'가 없습니다.

[TIME] 18:10:33 [FILE] LoadManager.cpp [FUNC] LoadManager::GetTexture [LINE] 227
[ ERROR ][ Engine ][ GetTexture ] '0'가 없습니다.

[TIME] 18:10:33 [FILE] LoadManager.cpp [FUNC] LoadManager::GetTexture [LINE] 227
[ ERROR ][ Engine ][ GetTexture ] '0'가 없습니다.

[TIME] 18:10:33 [FILE] LoadManager.cpp [FUNC] LoadManager::GetTexture [LINE] 227
[ ERROR ][ Engine ][ GetTexture ] 'Dome_Ceiling_BaseColor'가 없습니다.

[TIME] 18:10:33 [FILE] LoadManager.cpp [FUNC] LoadManager::GetTexture [LINE] 227
[ ERROR ][ Engine ][ GetTexture ] 'Dome_Ceiling_Normal'가 없습니다.

[TIME] 18:10:33 [FILE] LoadManager.cpp [FUNC] LoadManager::GetTexture [LINE] 227
[ ERROR ][ Engine ][ GetTexture ] '0'가 없습니다.

[TIME] 18:10:33 [FILE] LoadManager.cpp [FUNC] LoadManager::GetTexture [LINE] 227
[ ERROR ][ Engine ][ GetTexture ] 'Dome_Ceiling_ORM'가 없습니다.

[TIME] 18:10:33 [FILE] LoadManager.cpp [FUNC] LoadManager::GetTexture [LINE] 227
[ ERROR ][ Engine ][ GetTexture ] 'Dome_CeilingHolder_BaseColor'가 없습니다.

[TIME] 18:10:33 [FILE] LoadManager.cpp [FUNC] LoadManager::GetTexture [LINE] 227
[ ERROR ][ Engine ][ GetTexture ] 'Dome_CeilingHolder_Normal'가 없습니다.

[TIME] 18:10:33 [FILE] LoadManager.cpp [FUNC] LoadManager::GetTexture [LINE] 227
[ ERROR ][ Engine ][ GetTexture ] '0'가 없습니다.

[TIME] 18:10:33 [FILE] LoadManager.cpp [FUNC] LoadManager::GetTexture [LINE] 227
[ ERROR ][ Engine ][ GetTexture ] 'Dome_CeilingHolder_ORM'가 없습니다.

[TIME] 18:10:33 [FILE] LoadManager.cpp [FUNC] LoadManager::GetTexture [LINE] 227
[ ERROR ][ Engine ][ GetTexture ] '0'가 없습니다.

[TIME] 18:10:33 [FILE] LoadManager.cpp [FUNC] LoadManager::GetTexture [LINE] 227
[ ERROR ][ Engine ][ GetTexture ] '0'가 없습니다.

[TIME] 18:10:33 [FILE] LoadManager.cpp [FUNC] LoadManager::GetTexture [LINE] 227
[ ERROR ][ Engine ][ GetTexture ] 'Dome_centerGlass_BaseColor'가 없습니다.

[TIME] 18:10:33 [FILE] LoadManager.cpp [FUNC] LoadManager::GetTexture [LINE] 227
[ ERROR ][ Engine ][ GetTexture ] '0'가 없습니다.

[TIME] 18:10:33 [FILE] LoadManager.cpp [FUNC] LoadManager::GetTexture [LINE] 227
[ ERROR ][ Engine ][ GetTexture ] '0'가 없습니다.

[TIME] 18:10:33 [FILE] LoadManager.cpp [FUNC] LoadManager::GetTexture [LINE] 227
[ ERROR ][ Engine ][ GetTexture ] 'Dome_InsideBridge_BaseColor'가 없습니다.

[TIME] 18:10:33 [FILE] LoadManager.cpp [FUNC] LoadManager::GetTexture [LINE] 227
[ ERROR ][ Engine ][ GetTexture ] 'Dome_InsideBridge_Normal'가 없습니다.

[TIME] 18:10:33 [FILE] LoadManager.cpp [FUNC] LoadManager::GetTexture [LINE] 227
[ ERROR ][ Engine ][ GetTexture ] '0'가 없습니다.

[TIME] 18:10:33 [FILE] LoadManager.cpp [FUNC] LoadManager::GetTexture [LINE] 227
[ ERROR ][ Engine ][ GetTexture ] 'Dome_InsideBridge_ORM'가 없습니다.

[TIME] 18:10:33 [FILE] LoadManager.cpp [FUNC] LoadManager::GetTexture [LINE] 227
[ ERROR ][ Engine ][ GetTexture ] 'Dome_InsideWall_Emissive'가 없습니다.

[TIME] 18:10:33 [FILE] LoadManager.cpp [FUNC] LoadManager::GetTexture [LINE] 227
[ ERROR ][ Engine ][ GetTexture ] '0'가 없습니다.

[TIME] 18:10:33 [FILE] LoadManager.cpp [FUNC] LoadManager::GetTexture [LINE] 227
[ ERROR ][ Engine ][ GetTexture ] 'Dome_SideFloor_A_BaseColor'가 없습니다.

[TIME] 18:10:33 [FILE] LoadManager.cpp [FUNC] LoadManager::GetTexture [LINE] 227
[ ERROR ][ Engine ][ GetTexture ] 'Dome_SideFloor_A_Normal'가 없습니다.

[TIME] 18:10:33 [FILE] LoadManager.cpp [FUNC] LoadManager::GetTexture [LINE] 227
[ ERROR ][ Engine ][ GetTexture ] '0'가 없습니다.

[TIME] 18:10:33 [FILE] LoadManager.cpp [FUNC] LoadManager::GetTexture [LINE] 227
[ ERROR ][ Engine ][ GetTexture ] 'Dome_SideFloor_A_ORM'가 없습니다.

[TIME] 18:10:33 [FILE] LoadManager.cpp [FUNC] LoadManager::GetTexture [LINE] 227
[ ERROR ][ Engine ][ GetTexture ] 'Dome_SideFloor_B_BaseColor'가 없습니다.

[TIME] 18:10:33 [FILE] LoadManager.cpp [FUNC] LoadManager::GetTexture [LINE] 227
[ ERROR ][ Engine ][ GetTexture ] 'Dome_SideFloor_B_Normal'가 없습니다.

[TIME] 18:10:33 [FILE] LoadManager.cpp [FUNC] LoadManager::GetTexture [LINE] 227
[ ERROR ][ Engine ][ GetTexture ] '0'가 없습니다.

[TIME] 18:10:33 [FILE] LoadManager.cpp [FUNC] LoadManager::GetTexture [LINE] 227
[ ERROR ][ Engine ][ GetTexture ] 'Dome_SideFloor_B_ORM'가 없습니다.

[TIME] 18:10:33 [FILE] LoadManager.cpp [FUNC] LoadManager::GetTexture [LINE] 227
[ ERROR ][ Engine ][ GetTexture ] '0'가 없습니다.

[TIME] 18:10:33 [FILE] LoadManager.cpp [FUNC] LoadManager::GetTexture [LINE] 227
[ ERROR ][ Engine ][ GetTexture ] 'Dome_Ceiling_BaseColor'가 없습니다.

[TIME] 18:10:33 [FILE] LoadManager.cpp [FUNC] LoadManager::GetTexture [LINE] 227
[ ERROR ][ Engine ][ GetTexture ] 'Dome_Ceiling_Normal'가 없습니다.

[TIME] 18:10:33 [FILE] LoadManager.cpp [FUNC] LoadManager::GetTexture [LINE] 227
[ ERROR ][ Engine ][ GetTexture ] '0'가 없습니다.

[TIME] 18:10:33 [FILE] LoadManager.cpp [FUNC] LoadManager::GetTexture [LINE] 227
[ ERROR ][ Engine ][ GetTexture ] 'Dome_Ceiling_ORM'가 없습니다.

[TIME] 18:10:33 [FILE] LoadManager.cpp [FUNC] LoadManager::GetTexture [LINE] 227
[ ERROR ][ Engine ][ GetTexture ] 'Dome_Pillar_BaseColor'가 없습니다.

[TIME] 18:10:33 [FILE] LoadManager.cpp [FUNC] LoadManager::GetTexture [LINE] 227
[ ERROR ][ Engine ][ GetTexture ] 'Dome_Pillar_Normal'가 없습니다.

[TIME] 18:10:33 [FILE] LoadManager.cpp [FUNC] LoadManager::GetTexture [LINE] 227
[ ERROR ][ Engine ][ GetTexture ] '0'가 없습니다.

[TIME] 18:10:33 [FILE] LoadManager.cpp [FUNC] LoadManager::GetTexture [LINE] 227
[ ERROR ][ Engine ][ GetTexture ] 'Dome_Pillar_ORM'가 없습니다.

[TIME] 18:10:33 [FILE] LoadManager.cpp [FUNC] LoadManager::GetTexture [LINE] 227
[ ERROR ][ Engine ][ GetTexture ] '0'가 없습니다.

[TIME] 18:10:33 [FILE] LoadManager.cpp [FUNC] LoadManager::GetTexture [LINE] 227
[ ERROR ][ Engine ][ GetTexture ] 'Dome_Wall_BaseColor'가 없습니다.

[TIME] 18:10:33 [FILE] LoadManager.cpp [FUNC] LoadManager::GetTexture [LINE] 227
[ ERROR ][ Engine ][ GetTexture ] 'Dome_Wall_Normal'가 없습니다.

[TIME] 18:10:33 [FILE] LoadManager.cpp [FUNC] LoadManager::GetTexture [LINE] 227
[ ERROR ][ Engine ][ GetTexture ] '0'가 없습니다.

[TIME] 18:10:33 [FILE] LoadManager.cpp [FUNC] LoadManager::GetTexture [LINE] 227
[ ERROR ][ Engine ][ GetTexture ] 'Dome_Wall_ORM'가 없습니다.

[TIME] 18:10:33 [FILE] LoadManager.cpp [FUNC] LoadManager::GetTexture [LINE] 227
[ ERROR ][ Engine ][ GetTexture ] 'Dome_UpperWall_BaseColor'가 없습니다.

[TIME] 18:10:33 [FILE] LoadManager.cpp [FUNC] LoadManager::GetTexture [LINE] 227
[ ERROR ][ Engine ][ GetTexture ] 'Dome_UpperWall_Normal'가 없습니다.

[TIME] 18:10:33 [FILE] LoadManager.cpp [FUNC] LoadManager::GetTexture [LINE] 227
[ ERROR ][ Engine ][ GetTexture ] '0'가 없습니다.

[TIME] 18:10:33 [FILE] LoadManager.cpp [FUNC] LoadManager::GetTexture [LINE] 227
[ ERROR ][ Engine ][ GetTexture ] 'Dome_UpperWall_ORM'가 없습니다.

[TIME] 18:10:33 [FILE] LoadManager.cpp [FUNC] LoadManager::GetTexture [LINE] 227
[ ERROR ][ Engine ][ GetTexture ] '0'가 없습니다.

[TIME] 18:10:33 [FILE] LoadManager.cpp [FUNC] LoadManager::GetTexture [LINE] 227
[ ERROR ][ Engine ][ GetTexture ] '0'가 없습니다.

[TIME] 18:10:33 [FILE] LoadManager.cpp [FUNC] LoadManager::GetTexture [LINE] 227
[ ERROR ][ Engine ][ GetTexture ] '0'가 없습니다.

[TIME] 18:10:33 [FILE] LoadManager.cpp [FUNC] LoadManager::GetTexture [LINE] 227
[ ERROR ][ Engine ][ GetTexture ] '0'가 없습니다.

[TIME] 18:10:33 [FILE] LoadManager.cpp [FUNC] LoadManager::GetTexture [LINE] 227
[ ERROR ][ Engine ][ GetTexture ] '0'가 없습니다.

[TIME] 18:10:33 [FILE] LoadManager.cpp [FUNC] LoadManager::GetTexture [LINE] 227
[ ERROR ][ Engine ][ GetTexture ] '0'가 없습니다.

[TIME] 18:10:33 [FILE] LoadManager.cpp [FUNC] LoadManager::GetTexture [LINE] 227
[ ERROR ][ Engine ][ GetTexture ] '0'가 없습니다.

[TIME] 18:10:33 [FILE] LoadManager.cpp [FUNC] LoadManager::GetTexture [LINE] 227
[ ERROR ][ Engine ][ GetTexture ] '0'가 없습니다.

[TIME] 18:10:33 [FILE] LoadManager.cpp [FUNC] LoadManager::GetTexture [LINE] 227
[ ERROR ][ Engine ][ GetTexture ] '0'가 없습니다.

[TIME] 18:10:33 [FILE] LoadManager.cpp [FUNC] LoadManager::GetTexture [LINE] 227
[ ERROR ][ Engine ][ GetTexture ] '0'가 없습니다.

[TIME] 18:10:33 [FILE] LoadManager.cpp [FUNC] LoadManager::GetTexture [LINE] 227
[ ERROR ][ Engine ][ GetTexture ] '0'가 없습니다.

[TIME] 18:10:33 [FILE] LoadManager.cpp [FUNC] LoadManager::GetTexture [LINE] 227
[ ERROR ][ Engine ][ GetTexture ] '0'가 없습니다.

[TIME] 18:10:33 [FILE] LoadManager.cpp [FUNC] LoadManager::GetTexture [LINE] 227
[ ERROR ][ Engine ][ GetTexture ] 'Player_BaseColor'가 없습니다.

[TIME] 18:10:33 [FILE] LoadManager.cpp [FUNC] LoadManager::GetTexture [LINE] 227
[ ERROR ][ Engine ][ GetTexture ] 'Player_Normal'가 없습니다.

[TIME] 18:10:33 [FILE] LoadManager.cpp [FUNC] LoadManager::GetTexture [LINE] 227
[ ERROR ][ Engine ][ GetTexture ] '0'가 없습니다.

[TIME] 18:10:33 [FILE] LoadManager.cpp [FUNC] LoadManager::GetTexture [LINE] 227
[ ERROR ][ Engine ][ GetTexture ] 'Player_Emissive'가 없습니다.

[TIME] 18:10:33 [FILE] LoadManager.cpp [FUNC] LoadManager::GetTexture [LINE] 227
[ ERROR ][ Engine ][ GetTexture ] '0'가 없습니다.

[TIME] 18:10:33 [FILE] LoadManager.cpp [FUNC] LoadManager::GetTexture [LINE] 227
[ ERROR ][ Engine ][ GetTexture ] '0'가 없습니다.

[TIME] 18:10:33 [FILE] LoadManager.cpp [FUNC] LoadManager::GetTexture [LINE] 227
[ ERROR ][ Engine ][ GetTexture ] '0'가 없습니다.

[TIME] 18:10:33 [FILE] LoadManager.cpp [FUNC] LoadManager::GetTexture [LINE] 227
[ ERROR ][ Engine ][ GetTexture ] '0'가 없습니다.

[TIME] 18:10:33 [FILE] LoadManager.cpp [FUNC] LoadManager::GetTexture [LINE] 227
[ ERROR ][ Engine ][ GetTexture ] '0'가 없습니다.

[TIME] 18:10:33 [FILE] LoadManager.cpp [FUNC] LoadManager::GetTexture [LINE] 227
[ ERROR ][ Engine ][ GetTexture ] '0'가 없습니다.

[TIME] 18:10:33 [FILE] LoadManager.cpp [FUNC] LoadManager::GetTexture [LINE] 227
[ ERROR ][ Engine ][ GetTexture ] '0'가 없습니다.

[TIME] 18:10:33 [FILE] LoadManager.cpp [FUNC] LoadManager::GetTexture [LINE] 227
[ ERROR ][ Engine ][ GetTexture ] '0'가 없습니다.

[TIME] 18:10:59 [FILE] LoadManager.cpp [FUNC] LoadManager::GetSkyLight [LINE] 243
[ ERROR ][ Engine ][ GetSkyLight ] 'SkyLight_0'가 없습니다.

[TIME] 18:10:59 [FILE] LoadManager.cpp [FUNC] LoadManager::GetSkyLight [LINE] 243
[ ERROR ][ Engine ][ GetSkyLight ] 'SkyLight_1'가 없습니다.

[TIME] 18:23:35 [FILE] LoadManager.cpp [FUNC] LoadManager::GetMaterial [LINE] 259
[ ERROR ][ Engine ][ GetMaterial ] ''가 없습니다.

[TIME] 18:23:40 [FILE] LoadManager.cpp [FUNC] LoadManager::GetMaterial [LINE] 259
[ ERROR ][ Engine ][ GetMaterial ] ''가 없습니다.

[TIME] 18:23:51 [FILE] LoadManager.cpp [FUNC] LoadManager::GetMaterial [LINE] 259
[ ERROR ][ Engine ][ GetMaterial ] ''가 없습니다.

[TIME] 18:23:55 [FILE] LoadManager.cpp [FUNC] LoadManager::GetMaterial [LINE] 259
[ ERROR ][ Engine ][ GetMaterial ] ''가 없습니다.

[TIME] 18:25:36 [FILE] LoadManager.cpp [FUNC] LoadManager::GetMaterial [LINE] 259
[ ERROR ][ Engine ][ GetMaterial ] ''가 없습니다.

[TIME] 18:25:45 [FILE] LoadManager.cpp [FUNC] LoadManager::GetMaterial [LINE] 259
[ ERROR ][ Engine ][ GetMaterial ] ''가 없습니다.

[TIME] 18:25:48 [FILE] LoadManager.cpp [FUNC] LoadManager::GetMaterial [LINE] 259
[ ERROR ][ Engine ][ GetMaterial ] ''가 없습니다.

[TIME] 18:26:45 [FILE] LoadManager.cpp [FUNC] LoadManager::GetTexture [LINE] 227
[ ERROR ][ Engine ][ GetTexture ] '0'가 없습니다.

[TIME] 18:27:00 [FILE] LoadManager.cpp [FUNC] LoadManager::GetTexture [LINE] 227
[ ERROR ][ Engine ][ GetTexture ] ''가 없습니다.

[TIME] 18:31:35 [FILE] LoadManager.cpp [FUNC] LoadManager::GetMaterial [LINE] 259
[ ERROR ][ Engine ][ GetMaterial ] ''가 없습니다.

[TIME] 18:31:40 [FILE] LoadManager.cpp [FUNC] LoadManager::GetMaterial [LINE] 259
[ ERROR ][ Engine ][ GetMaterial ] ''가 없습니다.

[TIME] 18:32:51 [FILE] LoadManager.cpp [FUNC] LoadManager::GetMaterial [LINE] 259
[ ERROR ][ Engine ][ GetMaterial ] ''가 없습니다.

[TIME] 18:35:13 [FILE] LoadManager.cpp [FUNC] LoadManager::GetMaterial [LINE] 259
[ ERROR ][ Engine ][ GetMaterial ] ''가 없습니다.

[TIME] 18:35:16 [FILE] LoadManager.cpp [FUNC] LoadManager::GetMaterial [LINE] 259
[ ERROR ][ Engine ][ GetMaterial ] ''가 없습니다.

[TIME] 18:37:23 [FILE] LoadManager.cpp [FUNC] LoadManager::GetTexture [LINE] 227
[ ERROR ][ Engine ][ GetTexture ] '0'가 없습니다.

[TIME] 18:37:23 [FILE] LoadManager.cpp [FUNC] LoadManager::GetTexture [LINE] 227
[ ERROR ][ Engine ][ GetTexture ] '0'가 없습니다.

[TIME] 18:37:23 [FILE] LoadManager.cpp [FUNC] LoadManager::GetTexture [LINE] 227
[ ERROR ][ Engine ][ GetTexture ] '0'가 없습니다.

[TIME] 18:37:23 [FILE] LoadManager.cpp [FUNC] LoadManager::GetTexture [LINE] 227
[ ERROR ][ Engine ][ GetTexture ] '0'가 없습니다.

[TIME] 18:37:23 [FILE] LoadManager.cpp [FUNC] LoadManager::GetTexture [LINE] 227
[ ERROR ][ Engine ][ GetTexture ] '0'가 없습니다.

[TIME] 18:37:23 [FILE] LoadManager.cpp [FUNC] LoadManager::GetTexture [LINE] 227
[ ERROR ][ Engine ][ GetTexture ] '0'가 없습니다.

[TIME] 18:37:23 [FILE] LoadManager.cpp [FUNC] LoadManager::GetTexture [LINE] 227
[ ERROR ][ Engine ][ GetTexture ] '0'가 없습니다.

[TIME] 18:37:23 [FILE] LoadManager.cpp [FUNC] LoadManager::GetTexture [LINE] 227
[ ERROR ][ Engine ][ GetTexture ] '0'가 없습니다.

[TIME] 18:37:23 [FILE] LoadManager.cpp [FUNC] LoadManager::GetTexture [LINE] 227
[ ERROR ][ Engine ][ GetTexture ] '0'가 없습니다.

[TIME] 18:37:23 [FILE] LoadManager.cpp [FUNC] LoadManager::GetTexture [LINE] 227
[ ERROR ][ Engine ][ GetTexture ] '0'가 없습니다.

[TIME] 18:37:23 [FILE] LoadManager.cpp [FUNC] LoadManager::GetTexture [LINE] 227
[ ERROR ][ Engine ][ GetTexture ] '0'가 없습니다.

[TIME] 18:37:23 [FILE] LoadManager.cpp [FUNC] LoadManager::GetTexture [LINE] 227
[ ERROR ][ Engine ][ GetTexture ] 'Dome_Ceiling_BaseColor'가 없습니다.

[TIME] 18:37:23 [FILE] LoadManager.cpp [FUNC] LoadManager::GetTexture [LINE] 227
[ ERROR ][ Engine ][ GetTexture ] 'Dome_Ceiling_Normal'가 없습니다.

[TIME] 18:37:23 [FILE] LoadManager.cpp [FUNC] LoadManager::GetTexture [LINE] 227
[ ERROR ][ Engine ][ GetTexture ] '0'가 없습니다.

[TIME] 18:37:23 [FILE] LoadManager.cpp [FUNC] LoadManager::GetTexture [LINE] 227
[ ERROR ][ Engine ][ GetTexture ] 'Dome_Ceiling_ORM'가 없습니다.

[TIME] 18:37:23 [FILE] LoadManager.cpp [FUNC] LoadManager::GetTexture [LINE] 227
[ ERROR ][ Engine ][ GetTexture ] 'Dome_CeilingHolder_BaseColor'가 없습니다.

[TIME] 18:37:23 [FILE] LoadManager.cpp [FUNC] LoadManager::GetTexture [LINE] 227
[ ERROR ][ Engine ][ GetTexture ] 'Dome_CeilingHolder_Normal'가 없습니다.

[TIME] 18:37:23 [FILE] LoadManager.cpp [FUNC] LoadManager::GetTexture [LINE] 227
[ ERROR ][ Engine ][ GetTexture ] '0'가 없습니다.

[TIME] 18:37:23 [FILE] LoadManager.cpp [FUNC] LoadManager::GetTexture [LINE] 227
[ ERROR ][ Engine ][ GetTexture ] 'Dome_CeilingHolder_ORM'가 없습니다.

[TIME] 18:37:23 [FILE] LoadManager.cpp [FUNC] LoadManager::GetTexture [LINE] 227
[ ERROR ][ Engine ][ GetTexture ] '0'가 없습니다.

[TIME] 18:37:23 [FILE] LoadManager.cpp [FUNC] LoadManager::GetTexture [LINE] 227
[ ERROR ][ Engine ][ GetTexture ] '0'가 없습니다.

[TIME] 18:37:23 [FILE] LoadManager.cpp [FUNC] LoadManager::GetTexture [LINE] 227
[ ERROR ][ Engine ][ GetTexture ] 'Dome_centerGlass_BaseColor'가 없습니다.

[TIME] 18:37:23 [FILE] LoadManager.cpp [FUNC] LoadManager::GetTexture [LINE] 227
[ ERROR ][ Engine ][ GetTexture ] '0'가 없습니다.

[TIME] 18:37:23 [FILE] LoadManager.cpp [FUNC] LoadManager::GetTexture [LINE] 227
[ ERROR ][ Engine ][ GetTexture ] '0'가 없습니다.

[TIME] 18:37:23 [FILE] LoadManager.cpp [FUNC] LoadManager::GetTexture [LINE] 227
[ ERROR ][ Engine ][ GetTexture ] 'Dome_InsideBridge_BaseColor'가 없습니다.

[TIME] 18:37:23 [FILE] LoadManager.cpp [FUNC] LoadManager::GetTexture [LINE] 227
[ ERROR ][ Engine ][ GetTexture ] 'Dome_InsideBridge_Normal'가 없습니다.

[TIME] 18:37:23 [FILE] LoadManager.cpp [FUNC] LoadManager::GetTexture [LINE] 227
[ ERROR ][ Engine ][ GetTexture ] '0'가 없습니다.

[TIME] 18:37:23 [FILE] LoadManager.cpp [FUNC] LoadManager::GetTexture [LINE] 227
[ ERROR ][ Engine ][ GetTexture ] 'Dome_InsideBridge_ORM'가 없습니다.

[TIME] 18:37:23 [FILE] LoadManager.cpp [FUNC] LoadManager::GetTexture [LINE] 227
[ ERROR ][ Engine ][ GetTexture ] 'Dome_InsideWall_Emissive'가 없습니다.

[TIME] 18:37:23 [FILE] LoadManager.cpp [FUNC] LoadManager::GetTexture [LINE] 227
[ ERROR ][ Engine ][ GetTexture ] '0'가 없습니다.

[TIME] 18:37:23 [FILE] LoadManager.cpp [FUNC] LoadManager::GetTexture [LINE] 227
[ ERROR ][ Engine ][ GetTexture ] 'Dome_SideFloor_A_BaseColor'가 없습니다.

[TIME] 18:37:23 [FILE] LoadManager.cpp [FUNC] LoadManager::GetTexture [LINE] 227
[ ERROR ][ Engine ][ GetTexture ] 'Dome_SideFloor_A_Normal'가 없습니다.

[TIME] 18:37:23 [FILE] LoadManager.cpp [FUNC] LoadManager::GetTexture [LINE] 227
[ ERROR ][ Engine ][ GetTexture ] '0'가 없습니다.

[TIME] 18:37:23 [FILE] LoadManager.cpp [FUNC] LoadManager::GetTexture [LINE] 227
[ ERROR ][ Engine ][ GetTexture ] 'Dome_SideFloor_A_ORM'가 없습니다.

[TIME] 18:37:23 [FILE] LoadManager.cpp [FUNC] LoadManager::GetTexture [LINE] 227
[ ERROR ][ Engine ][ GetTexture ] 'Dome_SideFloor_B_BaseColor'가 없습니다.

[TIME] 18:37:23 [FILE] LoadManager.cpp [FUNC] LoadManager::GetTexture [LINE] 227
[ ERROR ][ Engine ][ GetTexture ] 'Dome_SideFloor_B_Normal'가 없습니다.

[TIME] 18:37:23 [FILE] LoadManager.cpp [FUNC] LoadManager::GetTexture [LINE] 227
[ ERROR ][ Engine ][ GetTexture ] '0'가 없습니다.

[TIME] 18:37:23 [FILE] LoadManager.cpp [FUNC] LoadManager::GetTexture [LINE] 227
[ ERROR ][ Engine ][ GetTexture ] 'Dome_SideFloor_B_ORM'가 없습니다.

[TIME] 18:37:23 [FILE] LoadManager.cpp [FUNC] LoadManager::GetTexture [LINE] 227
[ ERROR ][ Engine ][ GetTexture ] '0'가 없습니다.

[TIME] 18:37:23 [FILE] LoadManager.cpp [FUNC] LoadManager::GetTexture [LINE] 227
[ ERROR ][ Engine ][ GetTexture ] 'Dome_Ceiling_BaseColor'가 없습니다.

[TIME] 18:37:23 [FILE] LoadManager.cpp [FUNC] LoadManager::GetTexture [LINE] 227
[ ERROR ][ Engine ][ GetTexture ] 'Dome_Ceiling_Normal'가 없습니다.

[TIME] 18:37:23 [FILE] LoadManager.cpp [FUNC] LoadManager::GetTexture [LINE] 227
[ ERROR ][ Engine ][ GetTexture ] '0'가 없습니다.

[TIME] 18:37:23 [FILE] LoadManager.cpp [FUNC] LoadManager::GetTexture [LINE] 227
[ ERROR ][ Engine ][ GetTexture ] 'Dome_Ceiling_ORM'가 없습니다.

[TIME] 18:37:23 [FILE] LoadManager.cpp [FUNC] LoadManager::GetTexture [LINE] 227
[ ERROR ][ Engine ][ GetTexture ] 'Dome_Pillar_BaseColor'가 없습니다.

[TIME] 18:37:23 [FILE] LoadManager.cpp [FUNC] LoadManager::GetTexture [LINE] 227
[ ERROR ][ Engine ][ GetTexture ] 'Dome_Pillar_Normal'가 없습니다.

[TIME] 18:37:23 [FILE] LoadManager.cpp [FUNC] LoadManager::GetTexture [LINE] 227
[ ERROR ][ Engine ][ GetTexture ] '0'가 없습니다.

[TIME] 18:37:23 [FILE] LoadManager.cpp [FUNC] LoadManager::GetTexture [LINE] 227
[ ERROR ][ Engine ][ GetTexture ] 'Dome_Pillar_ORM'가 없습니다.

[TIME] 18:37:23 [FILE] LoadManager.cpp [FUNC] LoadManager::GetTexture [LINE] 227
[ ERROR ][ Engine ][ GetTexture ] '0'가 없습니다.

[TIME] 18:37:23 [FILE] LoadManager.cpp [FUNC] LoadManager::GetTexture [LINE] 227
[ ERROR ][ Engine ][ GetTexture ] 'Dome_Wall_BaseColor'가 없습니다.

[TIME] 18:37:23 [FILE] LoadManager.cpp [FUNC] LoadManager::GetTexture [LINE] 227
[ ERROR ][ Engine ][ GetTexture ] 'Dome_Wall_Normal'가 없습니다.

[TIME] 18:37:23 [FILE] LoadManager.cpp [FUNC] LoadManager::GetTexture [LINE] 227
[ ERROR ][ Engine ][ GetTexture ] '0'가 없습니다.

[TIME] 18:37:23 [FILE] LoadManager.cpp [FUNC] LoadManager::GetTexture [LINE] 227
[ ERROR ][ Engine ][ GetTexture ] 'Dome_Wall_ORM'가 없습니다.

[TIME] 18:37:23 [FILE] LoadManager.cpp [FUNC] LoadManager::GetTexture [LINE] 227
[ ERROR ][ Engine ][ GetTexture ] 'Dome_UpperWall_BaseColor'가 없습니다.

[TIME] 18:37:23 [FILE] LoadManager.cpp [FUNC] LoadManager::GetTexture [LINE] 227
[ ERROR ][ Engine ][ GetTexture ] 'Dome_UpperWall_Normal'가 없습니다.

[TIME] 18:37:23 [FILE] LoadManager.cpp [FUNC] LoadManager::GetTexture [LINE] 227
[ ERROR ][ Engine ][ GetTexture ] '0'가 없습니다.

[TIME] 18:37:23 [FILE] LoadManager.cpp [FUNC] LoadManager::GetTexture [LINE] 227
[ ERROR ][ Engine ][ GetTexture ] 'Dome_UpperWall_ORM'가 없습니다.

[TIME] 18:37:23 [FILE] LoadManager.cpp [FUNC] LoadManager::GetTexture [LINE] 227
[ ERROR ][ Engine ][ GetTexture ] '0'가 없습니다.

[TIME] 18:37:23 [FILE] LoadManager.cpp [FUNC] LoadManager::GetTexture [LINE] 227
[ [TIME] 18:39:09 [FILE] LoadManager.cpp [FUNC] LoadManager::GetTexture [LINE] 227
[ ERROR ][ Engine ][ GetTexture ] '0'가 없습니다.

[TIME] 18:39:09 [FILE] LoadManager.cpp [FUNC] LoadManager::GetTexture [LINE] 227
[ ERROR ][ Engine ][ GetTexture ] '0'가 없습니다.

[TIME] 18:39:09 [FILE] LoadManager.cpp [FUNC] LoadManager::GetTexture [LINE] 227
[ ERROR ][ Engine ][ GetTexture ] '0'가 없습니다.

[TIME] 18:39:09 [FILE] LoadManager.cpp [FUNC] LoadManager::GetTexture [LINE] 227
[ ERROR ][ Engine ][ GetTexture ] '0'가 없습니다.

[TIME] 18:39:09 [FILE] LoadManager.cpp [FUNC] LoadManager::GetTexture [LINE] 227
[ ERROR ][ Engine ][ GetTexture ] '0'가 없습니다.

[TIME] 18:39:09 [FILE] LoadManager.cpp [FUNC] LoadManager::GetTexture [LINE] 227
[ ERROR ][ Engine ][ GetTexture ] '0'가 없습니다.

[TIME] 18:39:09 [FILE] LoadManager.cpp [FUNC] LoadManager::GetTexture [LINE] 227
[ ERROR ][ Engine ][ GetTexture ] '0'가 없습니다.

[TIME] 18:39:09 [FILE] LoadManager.cpp [FUNC] LoadManager::GetTexture [LINE] 227
[ ERROR ][ Engine ][ GetTexture ] '0'가 없습니다.

[TIME] 18:39:09 [FILE] LoadManager.cpp [FUNC] LoadManager::GetTexture [LINE] 227
[ ERROR ][ Engine ][ GetTexture ] '0'가 없습니다.

[TIME] 18:39:09 [FILE] LoadManager.cpp [FUNC] LoadManager::GetTexture [LINE] 227
[ ERROR ][ Engine ][ GetTexture ] '0'가 없습니다.

[TIME] 18:39:09 [FILE] LoadManager.cpp [FUNC] LoadManager::GetTexture [LINE] 227
[ ERROR ][ Engine ][ GetTexture ] '0'가 없습니다.

[TIME] 18:39:09 [FILE] LoadManager.cpp [FUNC] LoadManager::GetTexture [LINE] 227
[ ERROR ][ Engine ][ GetTexture ] 'Dome_Ceiling_BaseColor'가 없습니다.

[TIME] 18:39:09 [FILE] LoadManager.cpp [FUNC] LoadManager::GetTexture [LINE] 227
[ ERROR ][ Engine ][ GetTexture ] 'Dome_Ceiling_Normal'가 없습니다.

[TIME] 18:39:09 [FILE] LoadManager.cpp [FUNC] LoadManager::GetTexture [LINE] 227
[ ERROR ][ Engine ][ GetTexture ] '0'가 없습니다.

[TIME] 18:39:09 [FILE] LoadManager.cpp [FUNC] LoadManager::GetTexture [LINE] 227
[ ERROR ][ Engine ][ GetTexture ] 'Dome_Ceiling_ORM'가 없습니다.

[TIME] 18:39:09 [FILE] LoadManager.cpp [FUNC] LoadManager::GetTexture [LINE] 227
[ ERROR ][ Engine ][ GetTexture ] 'Dome_CeilingHolder_BaseColor'가 없습니다.

[TIME] 18:39:09 [FILE] LoadManager.cpp [FUNC] LoadManager::GetTexture [LINE] 227
[ ERROR ][ Engine ][ GetTexture ] 'Dome_CeilingHolder_Normal'가 없습니다.

[TIME] 18:39:09 [FILE] LoadManager.cpp [FUNC] LoadManager::GetTexture [LINE] 227
[ ERROR ][ Engine ][ GetTexture ] '0'가 없습니다.

[TIME] 18:39:09 [FILE] LoadManager.cpp [FUNC] LoadManager::GetTexture [LINE] 227
[ ERROR ][ Engine ][ GetTexture ] 'Dome_CeilingHolder_ORM'가 없습니다.

[TIME] 18:39:09 [FILE] LoadManager.cpp [FUNC] LoadManager::GetTexture [LINE] 227
[ ERROR ][ Engine ][ GetTexture ] '0'가 없습니다.

[TIME] 18:39:09 [FILE] LoadManager.cpp [FUNC] LoadManager::GetTexture [LINE] 227
[ ERROR ][ Engine ][ GetTexture ] '0'가 없습니다.

[TIME] 18:39:09 [FILE] LoadManager.cpp [FUNC] LoadManager::GetTexture [LINE] 227
[ ERROR ][ Engine ][ GetTexture ] 'Dome_centerGlass_BaseColor'가 없습니다.

[TIME] 18:39:09 [FILE] LoadManager.cpp [FUNC] LoadManager::GetTexture [LINE] 227
[ ERROR ][ Engine ][ GetTexture ] '0'가 없습니다.

[TIME] 18:39:09 [FILE] LoadManager.cpp [FUNC] LoadManager::GetTexture [LINE] 227
[ ERROR ][ Engine ][ GetTexture ] '0'가 없습니다.

[TIME] 18:39:09 [FILE] LoadManager.cpp [FUNC] LoadManager::GetTexture [LINE] 227
[ ERROR ][ Engine ][ GetTexture ] 'Dome_InsideBridge_BaseColor'가 없습니다.

[TIME] 18:39:09 [FILE] LoadManager.cpp [FUNC] LoadManager::GetTexture [LINE] 227
[ ERROR ][ Engine ][ GetTexture ] 'Dome_InsideBridge_Normal'가 없습니다.

[TIME] 18:39:09 [FILE] LoadManager.cpp [FUNC] LoadManager::GetTexture [LINE] 227
[ ERROR ][ Engine ][ GetTexture ] '0'가 없습니다.

[TIME] 18:39:09 [FILE] LoadManager.cpp [FUNC] LoadManager::GetTexture [LINE] 227
[ ERROR ][ Engine ][ GetTexture ] 'Dome_InsideBridge_ORM'가 없습니다.

[TIME] 18:39:09 [FILE] LoadManager.cpp [FUNC] LoadManager::GetTexture [LINE] 227
[ ERROR ][ Engine ][ GetTexture ] 'Dome_InsideWall_Emissive'가 없습니다.

[TIME] 18:39:09 [FILE] LoadManager.cpp [FUNC] LoadManager::GetTexture [LINE] 227
[ ERROR ][ Engine ][ GetTexture ] '0'가 없습니다.

[TIME] 18:39:09 [FILE] LoadManager.cpp [FUNC] LoadManager::GetTexture [LINE] 227
[ ERROR ][ Engine ][ GetTexture ] 'Dome_SideFloor_A_BaseColor'가 없습니다.

[TIME] 18:39:09 [FILE] LoadManager.cpp [FUNC] LoadManager::GetTexture [LINE] 227
[ ERROR ][ Engine ][ GetTexture ] 'Dome_SideFloor_A_Normal'가 없습니다.

[TIME] 18:39:09 [FILE] LoadManager.cpp [FUNC] LoadManager::GetTexture [LINE] 227
[ ERROR ][ Engine ][ GetTexture ] '0'가 없습니다.

[TIME] 18:39:09 [FILE] LoadManager.cpp [FUNC] LoadManager::GetTexture [LINE] 227
[ ERROR ][ Engine ][ GetTexture ] 'Dome_SideFloor_A_ORM'가 없습니다.

[TIME] 18:39:09 [FILE] LoadManager.cpp [FUNC] LoadManager::GetTexture [LINE] 227
[ ERROR ][ Engine ][ GetTexture ] 'Dome_SideFloor_B_BaseColor'가 없습니다.

[TIME] 18:39:09 [FILE] LoadManager.cpp [FUNC] LoadManager::GetTexture [LINE] 227
[ ERROR ][ Engine ][ GetTexture ] 'Dome_SideFloor_B_Normal'가 없습니다.

[TIME] 18:39:09 [FILE] LoadManager.cpp [FUNC] LoadManager::GetTexture [LINE] 227
[ ERROR ][ Engine ][ GetTexture ] '0'가 없습니다.

[TIME] 18:39:09 [FILE] LoadManager.cpp [FUNC] LoadManager::GetTexture [LINE] 227
[ ERROR ][ Engine ][ GetTexture ] 'Dome_SideFloor_B_ORM'가 없습니다.

[TIME] 18:39:09 [FILE] LoadManager.cpp [FUNC] LoadManager::GetTexture [LINE] 227
[ ERROR ][ Engine ][ GetTexture ] '0'가 없습니다.

[TIME] 18:39:09 [FILE] LoadManager.cpp [FUNC] LoadManager::GetTexture [LINE] 227
[ ERROR ][ Engine ][ GetTexture ] 'Dome_Ceiling_BaseColor'가 없습니다.

[TIME] 18:39:09 [FILE] LoadManager.cpp [FUNC] LoadManager::GetTexture [LINE] 227
[ ERROR ][ Engine ][ GetTexture ] 'Dome_Ceiling_Normal'가 없습니다.

[TIME] 18:39:09 [FILE] LoadManager.cpp [FUNC] LoadManager::GetTexture [LINE] 227
[ ERROR ][ Engine ][ GetTexture ] '0'가 없습니다.

[TIME] 18:39:09 [FILE] LoadManager.cpp [FUNC] LoadManager::GetTexture [LINE] 227
[ ERROR ][ Engine ][ GetTexture ] 'Dome_Ceiling_ORM'가 없습니다.

[TIME] 18:39:09 [FILE] LoadManager.cpp [FUNC] LoadManager::GetTexture [LINE] 227
[ ERROR ][ Engine ][ GetTexture ] 'Dome_Pillar_BaseColor'가 없습니다.

[TIME] 18:39:09 [FILE] LoadManager.cpp [FUNC] LoadManager::GetTexture [LINE] 227
[ ERROR ][ Engine ][ GetTexture ] 'Dome_Pillar_Normal'가 없습니다.

[TIME] 18:39:09 [FILE] LoadManager.cpp [FUNC] LoadManager::GetTexture [LINE] 227
[ ERROR ][ Engine ][ GetTexture ] '0'가 없습니다.

[TIME] 18:39:09 [FILE] LoadManager.cpp [FUNC] LoadManager::GetTexture [LINE] 227
[ ERROR ][ Engine ][ GetTexture ] 'Dome_Pillar_ORM'가 없습니다.

[TIME] 18:39:09 [FILE] LoadManager.cpp [FUNC] LoadManager::GetTexture [LINE] 227
[ ERROR ][ Engine ][ GetTexture ] '0'가 없습니다.

[TIME] 18:39:09 [FILE] LoadManager.cpp [FUNC] LoadManager::GetTexture [LINE] 227
[ ERROR ][ Engine ][ GetTexture ] 'Dome_Wall_BaseColor'가 없습니다.

[TIME] 18:39:09 [FILE] LoadManager.cpp [FUNC] LoadManager::GetTexture [LINE] 227
[ ERROR ][ Engine ][ GetTexture ] 'Dome_Wall_Normal'가 없습니다.

[TIME] 18:39:09 [FILE] LoadManager.cpp [FUNC] LoadManager::GetTexture [LINE] 227
[ ERROR ][ Engine ][ GetTexture ] '0'가 없습니다.

[TIME] 18:39:09 [FILE] LoadManager.cpp [FUNC] LoadManager::GetTexture [LINE] 227
[ ERROR ][ Engine ][ GetTexture ] 'Dome_Wall_ORM'가 없습니다.

[TIME] 18:39:09 [FILE] LoadManager.cpp [FUNC] LoadManager::GetTexture [LINE] 227
[ ERROR ][ Engine ][ GetTexture ] 'Dome_UpperWall_BaseColor'가 없습니다.

[TIME] 18:39:09 [FILE] LoadManager.cpp [FUNC] LoadManager::GetTexture [LINE] 227
[ ERROR ][ Engine ][ GetTexture ] 'Dome_UpperWall_Normal'가 없습니다.

[TIME] 18:39:09 [FILE] LoadManager.cpp [FUNC] LoadManager::GetTexture [LINE] 227
[ ERROR ][ Engine ][ GetTexture ] '0'가 없습니다.

[TIME] 18:39:09 [FILE] LoadManager.cpp [FUNC] LoadManager::GetTexture [LINE] 227
[ ERROR ][ Engine ][ GetTexture ] 'Dome_UpperWall_ORM'가 없습니다.

[TIME] 18:39:09 [FILE] LoadManager.cpp [FUNC] LoadManager::GetTexture [LINE] 227
[ ERROR ][ Engine ][ GetTexture ] '0'가 없습니다.

[TIME] 18:39:09 [FILE] LoadManager.cpp [FUNC] LoadManager::GetTexture [LINE] 227
[ ERROR ][ Engine ][ GetTexture ] '0'가 없습니다.

[TIME] 18:39:09 [FILE] LoadManager.cpp [FUNC] LoadManager::GetTexture [LINE] 227
[ ERROR ][ Engine ][ GetTexture ] '0'가 없습니다.

[TIME] 18:39:09 [FILE] LoadManager.cpp [FUNC] LoadManager::GetTexture [LINE] 227
[ ERROR ][ Engine ][ GetTexture ] '0'가 없습니다.

[TIME] 18:39:09 [FILE] LoadManager.cpp [FUNC] LoadManager::GetTexture [LINE] 227
[ ERROR ][ Engine ][ GetTexture ] '0'가 없습니다.

[TIME] 18:39:09 [FILE] LoadManager.cpp [FUNC] LoadManager::GetTexture [LINE] 227
[ ERROR ][ Engine ][ GetTexture ] '0'가 없습니다.

[TIME] 18:39:09 [FILE] LoadManager.cpp [FUNC] LoadManager::GetTexture [LINE] 227
[ ERROR ][ Engine ][ GetTexture ] '0'가 없습니다.

[TIME] 18:39:09 [FILE] LoadManager.cpp [FUNC] LoadManager::GetTexture [LINE] 227
[ ERROR ][ Engine ][ GetTexture ] '0'가 없습니다.

[TIME] 18:39:09 [FILE] LoadManager.cpp [FUNC] LoadManager::GetTexture [LINE] 227
[ ERROR ][ Engine ][ GetTexture ] '0'가 없습니다.

[TIME] 18:39:09 [FILE] LoadManager.cpp [FUNC] LoadManager::GetTexture [LINE] 227
[ ERROR ][ Engine ][ GetTexture ] '0'가 없습니다.

[TIME] 18:39:09 [FILE] LoadManager.cpp [FUNC] LoadManager::GetTexture [LINE] 227
[ ERROR ][ Engine ][ GetTexture ] '0'가 없습니다.

[TIME] 18:39:09 [FILE] LoadManager.cpp [FUNC] LoadManager::GetTexture [LINE] 227
[ ERROR ][ Engine ][ GetTexture ] '0'가 없습니다.

[TIME] 18:39:09 [FILE] LoadManager.cpp [FUNC] LoadManager::GetTexture [LINE] 227
[ ERROR ][ Engine ][ GetTexture ] 'Player_BaseColor'가 없습니다.

[TIME] 18:39:09 [FILE] LoadManager.cpp [FUNC] LoadManager::GetTexture [LINE] 227
[ ERROR ][ Engine ][ GetTexture ] 'Player_Normal'가 없습니다.

[TIME] 18:39:09 [FILE] LoadManager.cpp [FUNC] LoadManager::GetTexture [LINE] 227
[ ERROR ][ Engine ][ GetTexture ] '0'가 없습니다.

[TIME] 18:39:09 [FILE] LoadManager.cpp [FUNC] LoadManager::GetTexture [LINE] 227
[ ERROR ][ Engine ][ GetTexture ] 'Player_Emissive'가 없습니다.

[TIME] 18:39:09 [FILE] LoadManager.cpp [FUNC] LoadManager::GetTexture [LINE] 227
[ ERROR ][ Engine ][ GetTexture ] '0'가 없습니다.

[TIME] 18:39:09 [FILE] LoadManager.cpp [FUNC] LoadManager::GetTexture [LINE] 227
[ ERROR ][ Engine ][ GetTexture ] '0'가 없습니다.

[TIME] 18:39:09 [FILE] LoadManager.cpp [FUNC] LoadManager::GetTexture [LINE] 227
[ ERROR ][ Engine ][ GetTexture ] '0'가 없습니다.

[TIME] 18:39:09 [FILE] LoadManager.cpp [FUNC] LoadManager::GetTexture [LINE] 227
[ ERROR ][ Engine ][ GetTexture ] '0'가 없습니다.

[TIME] 18:39:09 [FILE] LoadManager.cpp [FUNC] LoadManager::GetTexture [LINE] 227
[ ERROR ][ Engine ][ GetTexture ] '0'가 없습니다.

[TIME] 18:39:09 [FILE] LoadManager.cpp [FUNC] LoadManager::GetTexture [LINE] 227
[ ERROR ][ Engine ][ GetTexture ] '0'가 없습니다.

[TIME] 18:39:09 [FILE] LoadManager.cpp [FUNC] LoadManager::GetTexture [LINE] 227
[ ERROR ][ Engine ][ GetTexture ] '0'가 없습니다.

[TIME] 18:39:09 [FILE] LoadManager.cpp [FUNC] LoadManager::GetTexture [LINE] 227
[ ERROR ][ Engine ][ GetTexture ] '0'가 없습니다.

[TIME] 18:39:35 [FILE] LoadManager.cpp [FUNC] LoadManager::GetSkyLight [LINE] 243
[ ERROR ][ Engine ][ GetSkyLight ] 'SkyLight_0'가 없습니다.

[TIME] 18:39:35 [FILE] LoadManager.cpp [FUNC] LoadManager::GetSkyLight [LINE] 243
[ ERROR ][ Engine ][ GetSkyLight ] 'SkyLight_1'가 없습니다.

[TIME] 18:40:22 [FILE] LoadManager.cpp [FUNC] LoadManager::GetMaterial [LINE] 259
[ ERROR ][ Engine ][ GetMaterial ] ''가 없습니다.

[TIME] 18:41:25 [FILE] LoadManager.cpp [FUNC] LoadManager::GetTexture [LINE] 227
[ ERROR ][ Engine ][ GetTexture ] '0'가 없습니다.

[TIME] 18:41:25 [FILE] LoadManager.cpp [FUNC] LoadManager::GetTexture [LINE] 227
[ ERROR ][ Engine ][ GetTexture ] '0'가 없습니다.

[TIME] 18:41:25 [FILE] LoadManager.cpp [FUNC] LoadManager::GetTexture [LINE] 227
[ ERROR ][ Engine ][ GetTexture ] '0'가 없습니다.

[TIME] 18:41:25 [FILE] LoadManager.cpp [FUNC] LoadManager::GetTexture [LINE] 227
[ ERROR ][ Engine ][ GetTexture ] '0'가 없습니다.

[TIME] 18:41:25 [FILE] LoadManager.cpp [FUNC] LoadManager::GetTexture [LINE] 227
[ ERROR ][ Engine ][ GetTexture ] '0'가 없습니다.

[TIME] 18:41:25 [FILE] LoadManager.cpp [FUNC] LoadManager::GetTexture [LINE] 227
[ ERROR ][ Engine ][ GetTexture ] '0'가 없습니다.

[TIME] 18:41:25 [FILE] LoadManager.cpp [FUNC] LoadManager::GetTexture [LINE] 227
[ ERROR ][ Engine ][ GetTexture ] '0'가 없습니다.

[TIME] 18:41:25 [FILE] LoadManager.cpp [FUNC] LoadManager::GetTexture [LINE] 227
[ ERROR ][ Engine ][ GetTexture ] '0'가 없습니다.

[TIME] 18:41:25 [FILE] LoadManager.cpp [FUNC] LoadManager::GetTexture [LINE] 227
[ ERROR ][ Engine ][ GetTexture ] '0'가 없습니다.

[TIME] 18:41:25 [FILE] LoadManager.cpp [FUNC] LoadManager::GetTexture [LINE] 227
[ ERROR ][ Engine ][ GetTexture ] '0'가 없습니다.

[TIME] 18:41:25 [FILE] LoadManager.cpp [FUNC] LoadManager::GetTexture [LINE] 227
[ ERROR ][ Engine ][ GetTexture ] '0'가 없습니다.

[TIME] 18:41:25 [FILE] LoadManager.cpp [FUNC] LoadManager::GetTexture [LINE] 227
[ ERROR ][ Engine ][ GetTexture ] 'Dome_Ceiling_BaseColor'가 없습니다.

[TIME] 18:41:25 [FILE] LoadManager.cpp [FUNC] LoadManager::GetTexture [LINE] 227
[ ERROR ][ Engine ][ GetTexture ] 'Dome_Ceiling_Normal'가 없습니다.

[TIME] 18:41:25 [FILE] LoadManager.cpp [FUNC] LoadManager::GetTexture [LINE] 227
[ ERROR ][ Engine ][ GetTexture ] '0'가 없습니다.

[TIME] 18:41:25 [FILE] LoadManager.cpp [FUNC] LoadManager::GetTexture [LINE] 227
[ ERROR ][ Engine ][ GetTexture ] 'Dome_Ceiling_ORM'가 없습니다.

[TIME] 18:41:25 [FILE] LoadManager.cpp [FUNC] LoadManager::GetTexture [LINE] 227
[ ERROR ][ Engine ][ GetTexture ] 'Dome_CeilingHolder_BaseColor'가 없습니다.

[TIME] 18:41:25 [FILE] LoadManager.cpp [FUNC] LoadManager::GetTexture [LINE] 227
[ ERROR ][ Engine ][ GetTexture ] 'Dome_CeilingHolder_Normal'가 없습니다.

[TIME] 18:41:25 [FILE] LoadManager.cpp [FUNC] LoadManager::GetTexture [LINE] 227
[ ERROR ][ Engine ][ GetTexture ] '0'가 없습니다.

[TIME] 18:41:25 [FILE] LoadManager.cpp [FUNC] LoadManager::GetTexture [LINE] 227
[ ERROR ][ Engine ][ GetTexture ] 'Dome_CeilingHolder_ORM'가 없습니다.

[TIME] 18:41:25 [FILE] LoadManager.cpp [FUNC] LoadManager::GetTexture [LINE] 227
[ ERROR ][ Engine ][ GetTexture ] '0'가 없습니다.

[TIME] 18:41:25 [FILE] LoadManager.cpp [FUNC] LoadManager::GetTexture [LINE] 227
[ ERROR ][ Engine ][ GetTexture ] '0'가 없습니다.

[TIME] 18:41:25 [FILE] LoadManager.cpp [FUNC] LoadManager::GetTexture [LINE] 227
[ ERROR ][ Engine ][ GetTexture ] 'Dome_centerGlass_BaseColor'가 없습니다.

[TIME] 18:41:25 [FILE] LoadManager.cpp [FUNC] LoadManager::GetTexture [LINE] 227
[ ERROR ][ Engine ][ GetTexture ] '0'가 없습니다.

[TIME] 18:41:25 [FILE] LoadManager.cpp [FUNC] LoadManager::GetTexture [LINE] 227
[ ERROR ][ Engine ][ GetTexture ] '0'가 없습니다.

[TIME] 18:41:25 [FILE] LoadManager.cpp [FUNC] LoadManager::GetTexture [LINE] 227
[ ERROR ][ Engine ][ GetTexture ] 'Dome_InsideBridge_BaseColor'가 없습니다.

[TIME] 18:41:25 [FILE] LoadManager.cpp [FUNC] LoadManager::GetTexture [LINE] 227
[ ERROR ][ Engine ][ GetTexture ] 'Dome_InsideBridge_Normal'가 없습니다.

[TIME] 18:41:25 [FILE] LoadManager.cpp [FUNC] LoadManager::GetTexture [LINE] 227
[ ERROR ][ Engine ][ GetTexture ] '0'가 없습니다.

[TIME] 18:41:25 [FILE] LoadManager.cpp [FUNC] LoadManager::GetTexture [LINE] 227
[ ERROR ][ Engine ][ GetTexture ] 'Dome_InsideBridge_ORM'가 없습니다.

[TIME] 18:41:25 [FILE] LoadManager.cpp [FUNC] LoadManager::GetTexture [LINE] 227
[ ERROR ][ Engine ][ GetTexture ] 'Dome_InsideWall_Emissive'가 없습니다.

[TIME] 18:41:25 [FILE] LoadManager.cpp [FUNC] LoadManager::GetTexture [LINE] 227
[ ERROR ][ Engine ][ GetTexture ] '0'가 없습니다.

[TIME] 18:41:25 [FILE] LoadManager.cpp [FUNC] LoadManager::GetTexture [LINE] 227
[ ERROR ][ Engine ][ GetTexture ] 'Dome_SideFloor_A_BaseColor'가 없습니다.

[TIME] 18:41:25 [FILE] LoadManager.cpp [FUNC] LoadManager::GetTexture [LINE] 227
[ ERROR ][ Engine ][ GetTexture ] 'Dome_SideFloor_A_Normal'가 없습니다.

[TIME] 18:41:25 [FILE] LoadManager.cpp [FUNC] LoadManager::GetTexture [LINE] 227
[ ERROR ][ Engine ][ GetTexture ] '0'가 없습니다.

[TIME] 18:41:25 [FILE] LoadManager.cpp [FUNC] LoadManager::GetTexture [LINE] 227
[ ERROR ][ Engine ][ GetTexture ] 'Dome_SideFloor_A_ORM'가 없습니다.

[TIME] 18:41:25 [FILE] LoadManager.cpp [FUNC] LoadManager::GetTexture [LINE] 227
[ ERROR ][ Engine ][ GetTexture ] 'Dome_SideFloor_B_BaseColor'가 없습니다.

[TIME] 18:41:25 [FILE] LoadManager.cpp [FUNC] LoadManager::GetTexture [LINE] 227
[ ERROR ][ Engine ][ GetTexture ] 'Dome_SideFloor_B_Normal'가 없습니다.

[TIME] 18:41:25 [FILE] LoadManager.cpp [FUNC] LoadManager::GetTexture [LINE] 227
[ ERROR ][ Engine ][ GetTexture ] '0'가 없습니다.

[TIME] 18:41:25 [FILE] LoadManager.cpp [FUNC] LoadManager::GetTexture [LINE] 227
[ ERROR ][ Engine ][ GetTexture ] 'Dome_SideFloor_B_ORM'가 없습니다.

[TIME] 18:41:25 [FILE] LoadManager.cpp [FUNC] LoadManager::GetTexture [LINE] 227
[ ERROR ][ Engine ][ GetTexture ] '0'가 없습니다.

[TIME] 18:41:25 [FILE] LoadManager.cpp [FUNC] LoadManager::GetTexture [LINE] 227
[ ERROR ][ Engine ][ GetTexture ] 'Dome_Ceiling_BaseColor'가 없습니다.

[TIME] 18:41:25 [FILE] LoadManager.cpp [FUNC] LoadManager::GetTexture [LINE] 227
[ ERROR ][ Engine ][ GetTexture ] 'Dome_Ceiling_Normal'가 없습니다.

[TIME] 18:41:25 [FILE] LoadManager.cpp [FUNC] LoadManager::GetTexture [LINE] 227
[ ERROR ][ Engine ][ GetTexture ] '0'가 없습니다.

[TIME] 18:41:25 [FILE] LoadManager.cpp [FUNC] LoadManager::GetTexture [LINE] 227
[ ERROR ][ Engine ][ GetTexture ] 'Dome_Ceiling_ORM'가 없습니다.

[TIME] 18:41:25 [FILE] LoadManager.cpp [FUNC] LoadManager::GetTexture [LINE] 227
[ ERROR ][ Engine ][ GetTexture ] 'Dome_Pillar_BaseColor'가 없습니다.

[TIME] 18:41:25 [FILE] LoadManager.cpp [FUNC] LoadManager::GetTexture [LINE] 227
[ ERROR ][ Engine ][ GetTexture ] 'Dome_Pillar_Normal'가 없습니다.

[TIME] 18:41:25 [FILE] LoadManager.cpp [FUNC] LoadManager::GetTexture [LINE] 227
[ ERROR ][ Engine ][ GetTexture ] '0'가 없습니다.

[TIME] 18:41:25 [FILE] LoadManager.cpp [FUNC] LoadManager::GetTexture [LINE] 227
[ ERROR ][ Engine ][ GetTexture ] 'Dome_Pillar_ORM'가 없습니다.

[TIME] 18:41:25 [FILE] LoadManager.cpp [FUNC] LoadManager::GetTexture [LINE] 227
[ ERROR ][ Engine ][ GetTexture ] '0'가 없습니다.

[TIME] 18:41:25 [FILE] LoadManager.cpp [FUNC] LoadManager::GetTexture [LINE] 227
[ ERROR ][ Engine ][ GetTexture ] 'Dome_Wall_BaseColor'가 없습니다.

[TIME] 18:41:25 [FILE] LoadManager.cpp [FUNC] LoadManager::GetTexture [LINE] 227
[ ERROR ][ Engine ][ GetTexture ] 'Dome_Wall_Normal'가 없습니다.

[TIME] 18:41:25 [FILE] LoadManager.cpp [FUNC] LoadManager::GetTexture [LINE] 227
[ ERROR ][ Engine ][ GetTexture ] '0'가 없습니다.

[TIME] 18:41:25 [FILE] LoadManager.cpp [FUNC] LoadManager::GetTexture [LINE] 227
[ ERROR ][ Engine ][ GetTexture ] 'Dome_Wall_ORM'가 없습니다.

[TIME] 18:41:25 [FILE] LoadManager.cpp [FUNC] LoadManager::GetTexture [LINE] 227
[ ERROR ][ Engine ][ GetTexture ] 'Dome_UpperWall_BaseColor'가 없습니다.

[TIME] 18:41:25 [FILE] LoadManager.cpp [FUNC] LoadManager::GetTexture [LINE] 227
[ ERROR ][ Engine ][ GetTexture ] 'Dome_UpperWall_Normal'가 없습니다.

[TIME] 18:41:25 [FILE] LoadManager.cpp [FUNC] LoadManager::GetTexture [LINE] 227
[ ERROR ][ Engine ][ GetTexture ] '0'가 없습니다.

[TIME] 18:41:25 [FILE] LoadManager.cpp [FUNC] LoadManager::GetTexture [LINE] 227
[ ERROR ][ Engine ][ GetTexture ] 'Dome_UpperWall_ORM'가 없습니다.

[TIME] 18:41:25 [FILE] LoadManager.cpp [FUNC] LoadManager::GetTexture [LINE] 227
[ ERROR ][ Engine ][ GetTexture ] '0'가 없습니다.

[TIME] 18:41:25 [FILE] LoadManager.cpp [FUNC] LoadManager::GetTexture [LINE] 227
[ [TIME] 18:43:45 [FILE] LoadManager.cpp [FUNC] LoadManager::GetTexture [LINE] 227
[ ERROR ][ Engine ][ GetTexture ] '0'가 없습니다.

[TIME] 18:43:45 [FILE] LoadManager.cpp [FUNC] LoadManager::GetTexture [LINE] 227
[ ERROR ][ Engine ][ GetTexture ] '0'가 없습니다.

[TIME] 18:43:45 [FILE] LoadManager.cpp [FUNC] LoadManager::GetTexture [LINE] 227
[ ERROR ][ Engine ][ GetTexture ] '0'가 없습니다.

[TIME] 18:43:45 [FILE] LoadManager.cpp [FUNC] LoadManager::GetTexture [LINE] 227
[ ERROR ][ Engine ][ GetTexture ] '0'가 없습니다.

[TIME] 18:43:45 [FILE] LoadManager.cpp [FUNC] LoadManager::GetTexture [LINE] 227
[ ERROR ][ Engine ][ GetTexture ] '0'가 없습니다.

[TIME] 18:43:45 [FILE] LoadManager.cpp [FUNC] LoadManager::GetTexture [LINE] 227
[ ERROR ][ Engine ][ GetTexture ] '0'가 없습니다.

[TIME] 18:43:45 [FILE] LoadManager.cpp [FUNC] LoadManager::GetTexture [LINE] 227
[ ERROR ][ Engine ][ GetTexture ] '0'가 없습니다.

[TIME] 18:43:45 [FILE] LoadManager.cpp [FUNC] LoadManager::GetTexture [LINE] 227
[ ERROR ][ Engine ][ GetTexture ] '0'가 없습니다.

[TIME] 18:43:45 [FILE] LoadManager.cpp [FUNC] LoadManager::GetTexture [LINE] 227
[ ERROR ][ Engine ][ GetTexture ] '0'가 없습니다.

[TIME] 18:43:45 [FILE] LoadManager.cpp [FUNC] LoadManager::GetTexture [LINE] 227
[ ERROR ][ Engine ][ GetTexture ] '0'가 없습니다.

[TIME] 18:43:45 [FILE] LoadManager.cpp [FUNC] LoadManager::GetTexture [LINE] 227
[ ERROR ][ Engine ][ GetTexture ] '0'가 없습니다.

[TIME] 18:43:45 [FILE] LoadManager.cpp [FUNC] LoadManager::GetTexture [LINE] 227
[ ERROR ][ Engine ][ GetTexture ] 'Dome_Ceiling_BaseColor'가 없습니다.

[TIME] 18:43:45 [FILE] LoadManager.cpp [FUNC] LoadManager::GetTexture [LINE] 227
[ ERROR ][ Engine ][ GetTexture ] 'Dome_Ceiling_Normal'가 없습니다.

[TIME] 18:43:45 [FILE] LoadManager.cpp [FUNC] LoadManager::GetTexture [LINE] 227
[ ERROR ][ Engine ][ GetTexture ] '0'가 없습니다.

[TIME] 18:43:45 [FILE] LoadManager.cpp [FUNC] LoadManager::GetTexture [LINE] 227
[ ERROR ][ Engine ][ GetTexture ] 'Dome_Ceiling_ORM'가 없습니다.

[TIME] 18:43:45 [FILE] LoadManager.cpp [FUNC] LoadManager::GetTexture [LINE] 227
[ ERROR ][ Engine ][ GetTexture ] 'Dome_CeilingHolder_BaseColor'가 없습니다.

[TIME] 18:43:45 [FILE] LoadManager.cpp [FUNC] LoadManager::GetTexture [LINE] 227
[ ERROR ][ Engine ][ GetTexture ] 'Dome_CeilingHolder_Normal'가 없습니다.

[TIME] 18:43:45 [FILE] LoadManager.cpp [FUNC] LoadManager::GetTexture [LINE] 227
[ ERROR ][ Engine ][ GetTexture ] '0'가 없습니다.

[TIME] 18:43:45 [FILE] LoadManager.cpp [FUNC] LoadManager::GetTexture [LINE] 227
[ ERROR ][ Engine ][ GetTexture ] 'Dome_CeilingHolder_ORM'가 없습니다.

[TIME] 18:43:45 [FILE] LoadManager.cpp [FUNC] LoadManager::GetTexture [LINE] 227
[ ERROR ][ Engine ][ GetTexture ] '0'가 없습니다.

[TIME] 18:43:45 [FILE] LoadManager.cpp [FUNC] LoadManager::GetTexture [LINE] 227
[ ERROR ][ Engine ][ GetTexture ] '0'가 없습니다.

[TIME] 18:43:45 [FILE] LoadManager.cpp [FUNC] LoadManager::GetTexture [LINE] 227
[ ERROR ][ Engine ][ GetTexture ] 'Dome_centerGlass_BaseColor'가 없습니다.

[TIME] 18:43:45 [FILE] LoadManager.cpp [FUNC] LoadManager::GetTexture [LINE] 227
[ ERROR ][ Engine ][ GetTexture ] '0'가 없습니다.

[TIME] 18:43:45 [FILE] LoadManager.cpp [FUNC] LoadManager::GetTexture [LINE] 227
[ ERROR ][ Engine ][ GetTexture ] '0'가 없습니다.

[TIME] 18:43:45 [FILE] LoadManager.cpp [FUNC] LoadManager::GetTexture [LINE] 227
[ ERROR ][ Engine ][ GetTexture ] 'Dome_InsideBridge_BaseColor'가 없습니다.

[TIME] 18:43:45 [FILE] LoadManager.cpp [FUNC] LoadManager::GetTexture [LINE] 227
[ ERROR ][ Engine ][ GetTexture ] 'Dome_InsideBridge_Normal'가 없습니다.

[TIME] 18:43:45 [FILE] LoadManager.cpp [FUNC] LoadManager::GetTexture [LINE] 227
[ ERROR ][ Engine ][ GetTexture ] '0'가 없습니다.

[TIME] 18:43:45 [FILE] LoadManager.cpp [FUNC] LoadManager::GetTexture [LINE] 227
[ ERROR ][ Engine ][ GetTexture ] 'Dome_InsideBridge_ORM'가 없습니다.

[TIME] 18:43:45 [FILE] LoadManager.cpp [FUNC] LoadManager::GetTexture [LINE] 227
[ ERROR ][ Engine ][ GetTexture ] 'Dome_InsideWall_Emissive'가 없습니다.

[TIME] 18:43:45 [FILE] LoadManager.cpp [FUNC] LoadManager::GetTexture [LINE] 227
[ ERROR ][ Engine ][ GetTexture ] '0'가 없습니다.

[TIME] 18:43:45 [FILE] LoadManager.cpp [FUNC] LoadManager::GetTexture [LINE] 227
[ ERROR ][ Engine ][ GetTexture ] 'Dome_SideFloor_A_BaseColor'가 없습니다.

[TIME] 18:43:45 [FILE] LoadManager.cpp [FUNC] LoadManager::GetTexture [LINE] 227
[ ERROR ][ Engine ][ GetTexture ] 'Dome_SideFloor_A_Normal'가 없습니다.

[TIME] 18:43:45 [FILE] LoadManager.cpp [FUNC] LoadManager::GetTexture [LINE] 227
[ ERROR ][ Engine ][ GetTexture ] '0'가 없습니다.

[TIME] 18:43:45 [FILE] LoadManager.cpp [FUNC] LoadManager::GetTexture [LINE] 227
[ ERROR ][ Engine ][ GetTexture ] 'Dome_SideFloor_A_ORM'가 없습니다.

[TIME] 18:43:45 [FILE] LoadManager.cpp [FUNC] LoadManager::GetTexture [LINE] 227
[ ERROR ][ Engine ][ GetTexture ] 'Dome_SideFloor_B_BaseColor'가 없습니다.

[TIME] 18:43:45 [FILE] LoadManager.cpp [FUNC] LoadManager::GetTexture [LINE] 227
[ ERROR ][ Engine ][ GetTexture ] 'Dome_SideFloor_B_Normal'가 없습니다.

[TIME] 18:43:45 [FILE] LoadManager.cpp [FUNC] LoadManager::GetTexture [LINE] 227
[ ERROR ][ Engine ][ GetTexture ] '0'가 없습니다.

[TIME] 18:43:45 [FILE] LoadManager.cpp [FUNC] LoadManager::GetTexture [LINE] 227
[ ERROR ][ Engine ][ GetTexture ] 'Dome_SideFloor_B_ORM'가 없습니다.

[TIME] 18:43:45 [FILE] LoadManager.cpp [FUNC] LoadManager::GetTexture [LINE] 227
[ ERROR ][ Engine ][ GetTexture ] '0'가 없습니다.

[TIME] 18:43:45 [FILE] LoadManager.cpp [FUNC] LoadManager::GetTexture [LINE] 227
[ ERROR ][ Engine ][ GetTexture ] 'Dome_Ceiling_BaseColor'가 없습니다.

[TIME] 18:43:45 [FILE] LoadManager.cpp [FUNC] LoadManager::GetTexture [LINE] 227
[ ERROR ][ Engine ][ GetTexture ] 'Dome_Ceiling_Normal'가 없습니다.

[TIME] 18:43:45 [FILE] LoadManager.cpp [FUNC] LoadManager::GetTexture [LINE] 227
[ ERROR ][ Engine ][ GetTexture ] '0'가 없습니다.

[TIME] 18:43:45 [FILE] LoadManager.cpp [FUNC] LoadManager::GetTexture [LINE] 227
[ ERROR ][ Engine ][ GetTexture ] 'Dome_Ceiling_ORM'가 없습니다.

[TIME] 18:43:45 [FILE] LoadManager.cpp [FUNC] LoadManager::GetTexture [LINE] 227
[ ERROR ][ Engine ][ GetTexture ] 'Dome_Pillar_BaseColor'가 없습니다.

[TIME] 18:43:45 [FILE] LoadManager.cpp [FUNC] LoadManager::GetTexture [LINE] 227
[ ERROR ][ Engine ][ GetTexture ] 'Dome_Pillar_Normal'가 없습니다.

[TIME] 18:43:45 [FILE] LoadManager.cpp [FUNC] LoadManager::GetTexture [LINE] 227
[ ERROR ][ Engine ][ GetTexture ] '0'가 없습니다.

[TIME] 18:43:45 [FILE] LoadManager.cpp [FUNC] LoadManager::GetTexture [LINE] 227
[ ERROR ][ Engine ][ GetTexture ] 'Dome_Pillar_ORM'가 없습니다.

[TIME] 18:43:45 [FILE] LoadManager.cpp [FUNC] LoadManager::GetTexture [LINE] 227
[ ERROR ][ Engine ][ GetTexture ] '0'가 없습니다.

[TIME] 18:43:45 [FILE] LoadManager.cpp [FUNC] LoadManager::GetTexture [LINE] 227
[ ERROR ][ Engine ][ GetTexture ] 'Dome_Wall_BaseColor'가 없습니다.

[TIME] 18:43:45 [FILE] LoadManager.cpp [FUNC] LoadManager::GetTexture [LINE] 227
[ ERROR ][ Engine ][ GetTexture ] 'Dome_Wall_Normal'가 없습니다.

[TIME] 18:43:45 [FILE] LoadManager.cpp [FUNC] LoadManager::GetTexture [LINE] 227
[ ERROR ][ Engine ][ GetTexture ] '0'가 없습니다.

[TIME] 18:43:45 [FILE] LoadManager.cpp [FUNC] LoadManager::GetTexture [LINE] 227
[ ERROR ][ Engine ][ GetTexture ] 'Dome_Wall_ORM'가 없습니다.

[TIME] 18:43:45 [FILE] LoadManager.cpp [FUNC] LoadManager::GetTexture [LINE] 227
[ ERROR ][ Engine ][ GetTexture ] 'Dome_UpperWall_BaseColor'가 없습니다.

[TIME] 18:43:45 [FILE] LoadManager.cpp [FUNC] LoadManager::GetTexture [LINE] 227
[ ERROR ][ Engine ][ GetTexture ] 'Dome_UpperWall_Normal'가 없습니다.

[TIME] 18:43:45 [FILE] LoadManager.cpp [FUNC] LoadManager::GetTexture [LINE] 227
[ ERROR ][ Engine ][ GetTexture ] '0'가 없습니다.

[TIME] 18:43:45 [FILE] LoadManager.cpp [FUNC] LoadManager::GetTexture [LINE] 227
[ ERROR ][ Engine ][ GetTexture ] 'Dome_UpperWall_ORM'가 없습니다.

[TIME] 18:43:45 [FILE] LoadManager.cpp [FUNC] LoadManager::GetTexture [LINE] 227
[ ERROR ][ Engine ][ GetTexture ] '0'가 없습니다.

[TIME] 18:43:45 [FILE] LoadManager.cpp [FUNC] LoadManager::GetTexture [LINE] 227
[ ERROR ][ Engine ][ GetTexture ] '0'가 없습니다.

[TIME] 18:43:45 [FILE] LoadManager.cpp [FUNC] LoadManager::GetTexture [LINE] 227
[ ERROR ][ Engine ][ GetTexture ] '0'가 없습니다.

[TIME] 18:43:45 [FILE] LoadManager.cpp [FUNC] LoadManager::GetTexture [LINE] 227
[ ERROR ][ Engine ][ GetTexture ] '0'가 없습니다.

[TIME] 18:43:45 [FILE] LoadManager.cpp [FUNC] LoadManager::GetTexture [LINE] 227
[ ERROR ][ Engine ][ GetTexture ] '0'가 없습니다.

[TIME] 18:43:45 [FILE] LoadManager.cpp [FUNC] LoadManager::GetTexture [LINE] 227
[ ERROR ][ Engine ][ GetTexture ] '0'가 없습니다.

[TIME] 18:43:45 [FILE] LoadManager.cpp [FUNC] LoadManager::GetTexture [LINE] 227
[ ERROR ][ Engine ][ GetTexture ] '0'가 없습니다.

[TIME] 18:43:45 [FILE] LoadManager.cpp [FUNC] LoadManager::GetTexture [LINE] 227
[ ERROR ][ Engine ][ GetTexture ] '0'가 없습니다.

[TIME] 18:43:45 [FILE] LoadManager.cpp [FUNC] LoadManager::GetTexture [LINE] 227
[ ERROR ][ Engine ][ GetTexture ] '0'가 없습니다.

[TIME] 18:43:45 [FILE] LoadManager.cpp [FUNC] LoadManager::GetTexture [LINE] 227
[ ERROR ][ Engine ][ GetTexture ] '0'가 없습니다.

[TIME] 18:43:45 [FILE] LoadManager.cpp [FUNC] LoadManager::GetTexture [LINE] 227
[ ERROR ][ Engine ][ GetTexture ] '0'가 없습니다.

[TIME] 18:43:45 [FILE] LoadManager.cpp [FUNC] LoadManager::GetTexture [LINE] 227
[ ERROR ][ Engine ][ GetTexture ] '0'가 없습니다.

[TIME] 18:43:45 [FILE] LoadManager.cpp [FUNC] LoadManager::GetTexture [LINE] 227
[ ERROR ][ Engine ][ GetTexture ] 'Player_BaseColor'가 없습니다.

[TIME] 18:43:45 [FILE] LoadManager.cpp [FUNC] LoadManager::GetTexture [LINE] 227
[ ERROR ][ Engine ][ GetTexture ] 'Player_Normal'가 없습니다.

[TIME] 18:43:45 [FILE] LoadManager.cpp [FUNC] LoadManager::GetTexture [LINE] 227
[ ERROR ][ Engine ][ GetTexture ] '0'가 없습니다.

[TIME] 18:43:45 [FILE] LoadManager.cpp [FUNC] LoadManager::GetTexture [LINE] 227
[ ERROR ][ Engine ][ GetTexture ] 'Player_Emissive'가 없습니다.

[TIME] 18:43:45 [FILE] LoadManager.cpp [FUNC] LoadManager::GetTexture [LINE] 227
[ ERROR ][ Engine ][ GetTexture ] '0'가 없습니다.

[TIME] 18:43:45 [FILE] LoadManager.cpp [FUNC] LoadManager::GetTexture [LINE] 227
[ ERROR ][ Engine ][ GetTexture ] '0'가 없습니다.

[TIME] 18:43:45 [FILE] LoadManager.cpp [FUNC] LoadManager::GetTexture [LINE] 227
[ ERROR ][ Engine ][ GetTexture ] '0'가 없습니다.

[TIME] 18:43:45 [FILE] LoadManager.cpp [FUNC] LoadManager::GetTexture [LINE] 227
[ ERROR ][ Engine ][ GetTexture ] '0'가 없습니다.

[TIME] 18:43:45 [FILE] LoadManager.cpp [FUNC] LoadManager::GetTexture [LINE] 227
[ ERROR ][ Engine ][ GetTexture ] '0'가 없습니다.

[TIME] 18:43:45 [FILE] LoadManager.cpp [FUNC] LoadManager::GetTexture [LINE] 227
[ ERROR ][ Engine ][ GetTexture ] '0'가 없습니다.

[TIME] 18:43:45 [FILE] LoadManager.cpp [FUNC] LoadManager::GetTexture [LINE] 227
[ ERROR ][ Engine ][ GetTexture ] '0'가 없습니다.

[TIME] 18:43:45 [FILE] LoadManager.cpp [FUNC] LoadManager::GetTexture [LINE] 227
[ ERROR ][ Engine ][ GetTexture ] '0'가 없습니다.

[TIME] 18:44:10 [FILE] LoadManager.cpp [FUNC] LoadManager::GetSkyLight [LINE] 243
[ ERROR ][ Engine ][ GetSkyLight ] 'SkyLight_0'가 없습니다.

[TIME] 18:44:10 [FILE] LoadManager.cpp [FUNC] LoadManager::GetSkyLight [LINE] 243
[ ERROR ][ Engine ][ GetSkyLight ] 'SkyLight_1'가 없습니다.

[TIME] 18:44:20 [FILE] LoadManager.cpp [FUNC] LoadManager::GetMaterial [LINE] 259
[ ERROR ][ Engine ][ GetMaterial ] ''가 없습니다.

[TIME] 18:44:22 [FILE] LoadManager.cpp [FUNC] LoadManager::GetMaterial [LINE] 259
[ ERROR ][ Engine ][ GetMaterial ] ''가 없습니다.

