[TIME] 00:45:06 [FILE] D3D11Graphic.cpp [FUNC] D3D11Graphic::CreateTextureBuffer [LINE] 210
[ Graphic ][ Create ][ ShaderResourceView ] '../Assets/Texture/Particle/Glow_Particle.png' FAILED!!
[ERROR] 구성 요소를 찾을 수 없습니다.

[TIME] 00:45:06 [FILE] TextureManager.cpp [FUNC] TextureManager::LoadTexture [LINE] 34
[ Engine ][ Create ][ Texture Buffer ] '../Assets/Texture/Particle/Glow_Particle.png' FAILED!!

[TIME] 01:47:07 [FILE] D3D11Graphic.cpp [FUNC] D3D11Graphic::CreateTextureBuffer [LINE] 210
[ Graphic ][ Create ][ ShaderResourceView ] '../Assets/Texture/Particle/Glow_Particle.png' FAILED!!
[ERROR] 구성 요소를 찾을 수 없습니다.

[TIME] 01:47:07 [FILE] TextureManager.cpp [FUNC] TextureManager::LoadTexture [LINE] 34
[ Engine ][ Create ][ Texture Buffer ] '../Assets/Texture/Particle/Glow_Particle.png' FAILED!!

[TIME] 02:44:17 [FILE] D3D11Graphic.cpp [FUNC] D3D11Graphic::CreateTextureBuffer [LINE] 210
[ Graphic ][ Create ][ ShaderResourceView ] '../Assets/Texture/Particle/Glow_Particle.png' FAILED!!
[ERROR] 구성 요소를 찾을 수 없습니다.

[TIME] 02:44:17 [FILE] TextureManager.cpp [FUNC] TextureManager::LoadTexture [LINE] 34
[ Engine ][ Create ][ Texture Buffer ] '../Assets/Texture/Particle/Glow_Particle.png' FAILED!!

[TIME] 03:31:25 [FILE] D3D11Graphic.cpp [FUNC] D3D11Graphic::CreateTextureBuffer [LINE] 210
[ Graphic ][ Create ][ ShaderResourceView ] '../Assets/Texture/Particle/Glow_Particle.png' FAILED!!
[ERROR] 구성 요소를 찾을 수 없습니다.

[TIME] 03:31:25 [FILE] TextureManager.cpp [FUNC] TextureManager::LoadTexture [LINE] 34
[ Engine ][ Create ][ Texture Buffer ] '../Assets/Texture/Particle/Glow_Particle.png' FAILED!!

[TIME] 03:45:55 [FILE] D3D11Graphic.cpp [FUNC] D3D11Graphic::CreateTextureBuffer [LINE] 210
[ Graphic ][ Create ][ ShaderResourceView ] '../Assets/Texture/Particle/Glow_Particle.png' FAILED!!
[ERROR] 구성 요소를 찾을 수 없습니다.

[TIME] 03:45:55 [FILE] TextureManager.cpp [FUNC] TextureManager::LoadTexture [LINE] 34
[ Engine ][ Create ][ Texture Buffer ] '../Assets/Texture/Particle/Glow_Particle.png' FAILED!!

[TIME] 04:19:44 [FILE] D3D11Graphic.cpp [FUNC] D3D11Graphic::CreateTextureBuffer [LINE] 210
[ Graphic ][ Create ][ ShaderResourceView ] '../Assets/Texture/Particle/Glow_Particle.png' FAILED!!
[ERROR] 구성 요소를 찾을 수 없습니다.

[TIME] 04:19:44 [FILE] TextureManager.cpp [FUNC] TextureManager::LoadTexture [LINE] 34
[ Engine ][ Create ][ Texture Buffer ] '../Assets/Texture/Particle/Glow_Particle.png' FAILED!!

[TIME] 23:38:53 [FILE] D3D11Graphic.cpp [FUNC] D3D11Graphic::CreateTextureBuffer [LINE] 210
[ Graphic ][ Create ][ ShaderResourceView ] '../Assets/Texture/Particle/Glow_Particle.png' FAILED!!
[ERROR] 구성 요소를 찾을 수 없습니다.

[TIME] 23:38:53 [FILE] TextureManager.cpp [FUNC] TextureManager::LoadTexture [LINE] 34
[ Engine ][ Create ][ Texture Buffer ] '../Assets/Texture/Particle/Glow_Particle.png' FAILED!!

