[TIME] 01:15:51 [FILE] D3D11Graphic.cpp [FUNC] D3D11Graphic::CreateTextureBuffer [LINE] 210
[ Graphic ][ Create ][ ShaderResourceView ] '../Assets/Texture/Particle/Glow_Particle.png' FAILED!!
[ERROR] 구성 요소를 찾을 수 없습니다.

[TIME] 01:15:51 [FILE] TextureManager.cpp [FUNC] TextureManager::LoadTexture [LINE] 34
[ Engine ][ Create ][ Texture Buffer ] '../Assets/Texture/Particle/Glow_Particle.png' FAILED!!

[TIME] 01:23:21 [FILE] D3D11Graphic.cpp [FUNC] D3D11Graphic::CreateTextureBuffer [LINE] 210
[ Graphic ][ Create ][ ShaderResourceView ] '../Assets/Texture/Particle/Glow_Particle.png' FAILED!!
[ERROR] 구성 요소를 찾을 수 없습니다.

[TIME] 01:23:21 [FILE] TextureManager.cpp [FUNC] TextureManager::LoadTexture [LINE] 34
[ Engine ][ Create ][ Texture Buffer ] '../Assets/Texture/Particle/Glow_Particle.png' FAILED!!

[TIME] 01:31:10 [FILE] D3D11Graphic.cpp [FUNC] D3D11Graphic::CreateTextureBuffer [LINE] 210
[ Graphic ][ Create ][ ShaderResourceView ] '../Assets/Texture/Particle/Glow_Particle.png' FAILED!!
[ERROR] 구성 요소를 찾을 수 없습니다.

[TIME] 01:31:10 [FILE] TextureManager.cpp [FUNC] TextureManager::LoadTexture [LINE] 34
[ Engine ][ Create ][ Texture Buffer ] '../Assets/Texture/Particle/Glow_Particle.png' FAILED!!

[TIME] 02:34:34 [FILE] D3D11Graphic.cpp [FUNC] D3D11Graphic::CreateTextureBuffer [LINE] 210
[ Graphic ][ Create ][ ShaderResourceView ] '../Assets/Texture/Particle/Glow_Particle.png' FAILED!!
[ERROR] 구성 요소를 찾을 수 없습니다.

[TIME] 02:34:34 [FILE] TextureManager.cpp [FUNC] TextureManager::LoadTexture [LINE] 34
[ Engine ][ Create ][ Texture Buffer ] '../Assets/Texture/Particle/Glow_Particle.png' FAILED!!

[TIME] 02:36:50 [FILE] D3D11Graphic.cpp [FUNC] D3D11Graphic::CreateTextureBuffer [LINE] 210
[ Graphic ][ Create ][ ShaderResourceView ] '../Assets/Texture/Particle/Glow_Particle.png' FAILED!!
[ERROR] 구성 요소를 찾을 수 없습니다.

[TIME] 02:36:50 [FILE] TextureManager.cpp [FUNC] TextureManager::LoadTexture [LINE] 34
[ Engine ][ Create ][ Texture Buffer ] '../Assets/Texture/Particle/Glow_Particle.png' FAILED!!

[TIME] 14:43:20 [FILE] LoadManager.cpp [FUNC] LoadManager::GetTexture [LINE] 222
[ ERROR ][ Engine ][ GetTexture ] '0'가 없습니다.

[TIME] 14:43:20 [FILE] LoadManager.cpp [FUNC] LoadManager::GetTexture [LINE] 222
[ ERROR ][ Engine ][ GetTexture ] '0'가 없습니다.

[TIME] 14:43:20 [FILE] LoadManager.cpp [FUNC] LoadManager::GetTexture [LINE] 222
[ ERROR ][ Engine ][ GetTexture ] '0'가 없습니다.

[TIME] 14:43:20 [FILE] LoadManager.cpp [FUNC] LoadManager::GetTexture [LINE] 222
[ ERROR ][ Engine ][ GetTexture ] '0'가 없습니다.

[TIME] 14:43:20 [FILE] LoadManager.cpp [FUNC] LoadManager::GetTexture [LINE] 222
[ ERROR ][ Engine ][ GetTexture ] '0'가 없습니다.

[TIME] 14:43:20 [FILE] LoadManager.cpp [FUNC] LoadManager::GetTexture [LINE] 222
[ ERROR ][ Engine ][ GetTexture ] '0'가 없습니다.

[TIME] 14:43:20 [FILE] LoadManager.cpp [FUNC] LoadManager::GetTexture [LINE] 222
[ ERROR ][ Engine ][ GetTexture ] '0'가 없습니다.

[TIME] 14:43:20 [FILE] LoadManager.cpp [FUNC] LoadManager::GetTexture [LINE] 222
[ ERROR ][ Engine ][ GetTexture ] '0'가 없습니다.

[TIME] 14:43:20 [FILE] LoadManager.cpp [FUNC] LoadManager::GetTexture [LINE] 222
[ ERROR ][ Engine ][ GetTexture ] '0'가 없습니다.

[TIME] 14:43:20 [FILE] LoadManager.cpp [FUNC] LoadManager::GetTexture [LINE] 222
[ ERROR ][ Engine ][ GetTexture ] '0'가 없습니다.

[TIME] 14:43:20 [FILE] LoadManager.cpp [FUNC] LoadManager::GetTexture [LINE] 222
[ ERROR ][ Engine ][ GetTexture ] '0'가 없습니다.

[TIME] 14:43:20 [FILE] LoadManager.cpp [FUNC] LoadManager::GetTexture [LINE] 222
[ ERROR ][ Engine ][ GetTexture ] '0'가 없습니다.

[TIME] 14:43:20 [FILE] LoadManager.cpp [FUNC] LoadManager::GetTexture [LINE] 222
[ ERROR ][ Engine ][ GetTexture ] '0'가 없습니다.

[TIME] 14:43:20 [FILE] LoadManager.cpp [FUNC] LoadManager::GetTexture [LINE] 222
[ ERROR ][ Engine ][ GetTexture ] '0'가 없습니다.

[TIME] 14:43:20 [FILE] LoadManager.cpp [FUNC] LoadManager::GetTexture [LINE] 222
[ ERROR ][ Engine ][ GetTexture ] '0'가 없습니다.

[TIME] 14:43:20 [FILE] LoadManager.cpp [FUNC] LoadManager::GetTexture [LINE] 222
[ ERROR ][ Engine ][ GetTexture ] '0'가 없습니다.

[TIME] 14:43:20 [FILE] LoadManager.cpp [FUNC] LoadManager::GetTexture [LINE] 222
[ ERROR ][ Engine ][ GetTexture ] '0'가 없습니다.

[TIME] 14:43:20 [FILE] LoadManager.cpp [FUNC] LoadManager::GetTexture [LINE] 222
[ ERROR ][ Engine ][ GetTexture ] '0'가 없습니다.

[TIME] 14:43:20 [FILE] LoadManager.cpp [FUNC] LoadManager::GetTexture [LINE] 222
[ ERROR ][ Engine ][ GetTexture ] 'organic_manatree_BaseColor'가 없습니다.

[TIME] 14:43:20 [FILE] LoadManager.cpp [FUNC] LoadManager::GetTexture [LINE] 222
[ ERROR ][ Engine ][ GetTexture ] 'organic_manatree_Normal'가 없습니다.

[TIME] 14:43:20 [FILE] LoadManager.cpp [FUNC] LoadManager::GetTexture [LINE] 222
[ ERROR ][ Engine ][ GetTexture ] '0'가 없습니다.

[TIME] 14:43:20 [FILE] LoadManager.cpp [FUNC] LoadManager::GetTexture [LINE] 222
[ ERROR ][ Engine ][ GetTexture ] 'organic_manatree_ORM'가 없습니다.

[TIME] 14:43:20 [FILE] LoadManager.cpp [FUNC] LoadManager::GetTexture [LINE] 222
[ ERROR ][ Engine ][ GetTexture ] '0'가 없습니다.

[TIME] 14:43:20 [FILE] LoadManager.cpp [FUNC] LoadManager::GetTexture [LINE] 222
[ ERROR ][ Engine ][ GetTexture ] '0'가 없습니다.

[TIME] 14:43:20 [FILE] LoadManager.cpp [FUNC] LoadManager::GetTexture [LINE] 222
[ ERROR ][ Engine ][ GetTexture ] '0'가 없습니다.

[TIME] 14:43:20 [FILE] LoadManager.cpp [FUNC] LoadManager::GetTexture [LINE] 222
[ ERROR ][ Engine ][ GetTexture ] '0'가 없습니다.

[TIME] 14:43:20 [FILE] LoadManager.cpp [FUNC] LoadManager::GetTexture [LINE] 222
[ ERROR ][ Engine ][ GetTexture ] '0'가 없습니다.

[TIME] 14:43:20 [FILE] LoadManager.cpp [FUNC] LoadManager::GetTexture [LINE] 222
[ ERROR ][ Engine ][ GetTexture ] '0'가 없습니다.

[TIME] 14:43:20 [FILE] LoadManager.cpp [FUNC] LoadManager::GetTexture [LINE] 222
[ ERROR ][ Engine ][ GetTexture ] '0'가 없습니다.

[TIME] 14:43:20 [FILE] LoadManager.cpp [FUNC] LoadManager::GetTexture [LINE] 222
[ ERROR ][ Engine ][ GetTexture ] '0'가 없습니다.

[TIME] 14:43:20 [FILE] LoadManager.cpp [FUNC] LoadManager::GetTexture [TIME] 15:35:38 [FILE] LoadManager.cpp [FUNC] LoadManager::GetTexture [LINE] 222
[ ERROR ][ Engine ][ GetTexture ] '0'가 없습니다.

[TIME] 15:35:38 [FILE] LoadManager.cpp [FUNC] LoadManager::GetTexture [LINE] 222
[ ERROR ][ Engine ][ GetTexture ] '0'가 없습니다.

[TIME] 15:35:38 [FILE] LoadManager.cpp [FUNC] LoadManager::GetTexture [LINE] 222
[ ERROR ][ Engine ][ GetTexture ] '0'가 없습니다.

[TIME] 15:35:38 [FILE] LoadManager.cpp [FUNC] LoadManager::GetTexture [LINE] 222
[ ERROR ][ Engine ][ GetTexture ] '0'가 없습니다.

[TIME] 15:35:38 [FILE] LoadManager.cpp [FUNC] LoadManager::GetTexture [LINE] 222
[ ERROR ][ Engine ][ GetTexture ] '0'가 없습니다.

[TIME] 15:35:38 [FILE] LoadManager.cpp [FUNC] LoadManager::GetTexture [LINE] 222
[ ERROR ][ Engine ][ GetTexture ] '0'가 없습니다.

[TIME] 15:35:38 [FILE] LoadManager.cpp [FUNC] LoadManager::GetTexture [LINE] 222
[ ERROR ][ Engine ][ GetTexture ] '0'가 없습니다.

[TIME] 15:35:38 [FILE] LoadManager.cpp [FUNC] LoadManager::GetTexture [LINE] 222
[ ERROR ][ Engine ][ GetTexture ] '0'가 없습니다.

[TIME] 15:35:38 [FILE] LoadManager.cpp [FUNC] LoadManager::GetTexture [LINE] 222
[ ERROR ][ Engine ][ GetTexture ] '0'가 없습니다.

[TIME] 15:35:38 [FILE] LoadManager.cpp [FUNC] LoadManager::GetTexture [LINE] 222
[ ERROR ][ Engine ][ GetTexture ] '0'가 없습니다.

[TIME] 15:35:38 [FILE] LoadManager.cpp [FUNC] LoadManager::GetTexture [LINE] 222
[ ERROR ][ Engine ][ GetTexture ] '0'가 없습니다.

[TIME] 15:35:38 [FILE] LoadManager.cpp [FUNC] LoadManager::GetTexture [LINE] 222
[ ERROR ][ Engine ][ GetTexture ] '0'가 없습니다.

[TIME] 15:35:38 [FILE] LoadManager.cpp [FUNC] LoadManager::GetTexture [LINE] 222
[ ERROR ][ Engine ][ GetTexture ] '0'가 없습니다.

[TIME] 15:35:38 [FILE] LoadManager.cpp [FUNC] LoadManager::GetTexture [LINE] 222
[ ERROR ][ Engine ][ GetTexture ] '0'가 없습니다.

[TIME] 15:35:38 [FILE] LoadManager.cpp [FUNC] LoadManager::GetTexture [LINE] 222
[ ERROR ][ Engine ][ GetTexture ] '0'가 없습니다.

[TIME] 15:35:38 [FILE] LoadManager.cpp [FUNC] LoadManager::GetTexture [LINE] 222
[ ERROR ][ Engine ][ GetTexture ] '0'가 없습니다.

[TIME] 15:35:38 [FILE] LoadManager.cpp [FUNC] LoadManager::GetTexture [LINE] 222
[ ERROR ][ Engine ][ GetTexture ] '0'가 없습니다.

[TIME] 15:35:38 [FILE] LoadManager.cpp [FUNC] LoadManager::GetTexture [LINE] 222
[ ERROR ][ Engine ][ GetTexture ] '0'가 없습니다.

[TIME] 15:35:38 [FILE] LoadManager.cpp [FUNC] LoadManager::GetTexture [LINE] 222
[ ERROR ][ Engine ][ GetTexture ] 'organic_manatree_BaseColor'가 없습니다.

[TIME] 15:35:38 [FILE] LoadManager.cpp [FUNC] LoadManager::GetTexture [LINE] 222
[ ERROR ][ Engine ][ GetTexture ] 'organic_manatree_Normal'가 없습니다.

[TIME] 15:35:38 [FILE] LoadManager.cpp [FUNC] LoadManager::GetTexture [LINE] 222
[ ERROR ][ Engine ][ GetTexture ] '0'가 없습니다.

[TIME] 15:35:38 [FILE] LoadManager.cpp [FUNC] LoadManager::GetTexture [LINE] 222
[ ERROR ][ Engine ][ GetTexture ] 'organic_manatree_ORM'가 없습니다.

[TIME] 15:35:38 [FILE] LoadManager.cpp [FUNC] LoadManager::GetTexture [LINE] 222
[ ERROR ][ Engine ][ GetTexture ] '0'가 없습니다.

[TIME] 15:35:38 [FILE] LoadManager.cpp [FUNC] LoadManager::GetTexture [LINE] 222
[ ERROR ][ Engine ][ GetTexture ] '0'가 없습니다.

[TIME] 15:35:38 [FILE] LoadManager.cpp [FUNC] LoadManager::GetTexture [LINE] 222
[ ERROR ][ Engine ][ GetTexture ] '0'가 없습니다.

[TIME] 15:35:38 [FILE] LoadManager.cpp [FUNC] LoadManager::GetTexture [LINE] 222
[ ERROR ][ Engine ][ GetTexture ] '0'가 없습니다.

[TIME] 15:35:38 [FILE] LoadManager.cpp [FUNC] LoadManager::GetTexture [LINE] 222
[ ERROR ][ Engine ][ GetTexture ] '0'가 없습니다.

[TIME] 15:35:38 [FILE] LoadManager.cpp [FUNC] LoadManager::GetTexture [LINE] 222
[ ERROR ][ Engine ][ GetTexture ] '0'가 없습니다.

[TIME] 15:35:38 [FILE] LoadManager.cpp [FUNC] LoadManager::GetTexture [LINE] 222
[ ERROR ][ Engine ][ GetTexture ] '0'가 없습니다.

[TIME] 15:35:38 [FILE] LoadManager.cpp [FUNC] LoadManager::GetTexture [LINE] 222
[ ERROR ][ Engine ][ GetTexture ] '0'가 없습니다.

[TIME] 15:35:38 [FILE] LoadManager.cpp [FUNC] LoadManager::GetTexture [LINE] 222
[ ERROR ][ Engine ][ GetTexture ] '0'가 없습니다.

[TIME] 15:35:38 [FILE] LoadManager.cpp [FUNC] LoadManager::GetTexture [LINE] 222
[ ERROR ][ Engine ][ GetTexture ] '0'가 없습니다.

[TIME] 15:35:38 [FILE] LoadManager.cpp [FUNC] LoadManager::GetTexture [LINE] 222
[ ERROR ][ Engine ][ GetTexture ] '0'가 없습니다.

[TIME] 15:35:38 [FILE] LoadManager.cpp [FUNC] LoadManager::GetTexture [LINE] 222
[ ERROR ][ Engine ][ GetTexture ] '0'가 없습니다.

[TIME] 15:35:38 [FILE] LoadManager.cpp [FUNC] LoadManager::GetTexture [LINE] 222
[ ERROR ][ Engine ][ GetTexture ] '0'가 없습니다.

[TIME] 15:35:38 [FILE] LoadManager.cpp [FUNC] LoadManager::GetTexture [LINE] 222
[ ERROR ][ Engine ][ GetTexture ] '0'가 없습니다.

[TIME] 15:35:38 [FILE] LoadManager.cpp [FUNC] LoadManager::GetTexture [LINE] 222
[ ERROR ][ Engine ][ GetTexture ] '0'가 없습니다.

[TIME] 15:35:38 [FILE] LoadManager.cpp [FUNC] LoadManager::GetTexture [LINE] 222
[ ERROR ][ Engine ][ GetTexture ] '0'가 없습니다.

[TIME] 15:35:38 [FILE] LoadManager.cpp [FUNC] LoadManager::GetTexture [LINE] 222
[ ERROR ][ Engine ][ GetTexture ] '0'가 없습니다.

[TIME] 15:35:38 [FILE] LoadManager.cpp [FUNC] LoadManager::GetTexture [LINE] 222
[ ERROR ][ Engine ][ GetTexture ] '0'가 없습니다.

[TIME] 15:35:38 [FILE] LoadManager.cpp [FUNC] LoadManager::GetTexture [LINE] 222
[ ERROR ][ Engine ][ GetTexture ] '0'가 없습니다.

[TIME] 15:35:38 [FILE] LoadManager.cpp [FUNC] LoadManager::GetTexture [LINE] 222
[ ERROR ][ Engine ][ GetTexture ] '0'가 없습니다.

[TIME] 15:35:38 [FILE] LoadManager.cpp [FUNC] LoadManager::GetTexture [LINE] 222
[ ERROR ][ Engine ][ GetTexture ] 'Player_BaseColor'가 없습니다.

[TIME] 15:35:38 [FILE] LoadManager.cpp [FUNC] LoadManager::GetTexture [LINE] 222
[ ERROR ][ Engine ][ GetTexture ] 'Player_Normal'가 없습니다.

[TIME] 15:35:38 [FILE] LoadManager.cpp [FUNC] LoadManager::GetTexture [LINE] 222
[ ERROR ][ Engine ][ GetTexture ] '0'가 없습니다.

[TIME] 15:35:38 [FILE] LoadManager.cpp [FUNC] LoadManager::GetTexture [LINE] 222
[ ERROR ][ Engine ][ GetTexture ] 'Player_Emissive'가 없습니다.

[TIME] 15:35:38 [FILE] LoadManager.cpp [FUNC] LoadManager::GetTexture [LINE] 222
[ ERROR ][ Engine ][ GetTexture ] '0'가 없습니다.

[TIME] 15:35:38 [FILE] LoadManager.cpp [FUNC] LoadManager::GetTexture [LINE] 222
[ ERROR ][ Engine ][ GetTexture ] '0'가 없습니다.

[TIME] 15:35:38 [FILE] LoadManager.cpp [FUNC] LoadManager::GetTexture [LINE] 222
[ ERROR ][ Engine ][ GetTexture ] '0'가 없습니다.

[TIME] 15:35:38 [FILE] LoadManager.cpp [FUNC] LoadManager::GetTexture [LINE] 222
[ ERROR ][ Engine ][ GetTexture ] '0'가 없습니다.

[TIME] 15:35:38 [FILE] LoadManager.cpp [FUNC] LoadManager::GetTexture [LINE] 222
[ ERROR ][ Engine ][ GetTexture ] '0'가 없습니다.

[TIME] 15:35:38 [FILE] LoadManager.cpp [FUNC] LoadManager::GetTexture [LINE] 222
[ ERROR ][ Engine ][ GetTexture ] '0'가 없습니다.

[TIME] 15:35:38 [FILE] LoadManager.cpp [FUNC] LoadManager::GetTexture [LINE] 222
[ ERROR ][ Engine ][ GetTexture ] '0'가 없습니다.

[TIME] 15:35:38 [FILE] LoadManager.cpp [FUNC] LoadManager::GetTexture [LINE] 222
[ ERROR ][ Engine ][ GetTexture ] '0'가 없습니다.

[TIME] 15:35:39 [FILE] D3D11Graphic.cpp [FUNC] D3D11Graphic::CreateTextureBuffer [LINE] 210
[ Graphic ][ Create ][ ShaderResourceView ] '../Assets/Texture/Particle/Glow_Particle.png' FAILED!!
[ERROR] 구성 요소를 찾을 수 없습니다.

[TIME] 15:35:39 [FILE] TextureManager.cpp [FUNC] TextureManager::LoadTexture [LINE] 34
[ Engine ][ Create ][ Texture Buffer ] '../Assets/Texture/Particle/Glow_Particle.png' FAILED!!

[TIME] 15:36:05 [FILE] LoadManager.cpp [FUNC] LoadManager::GetSkyLight [LINE] 238
[ ERROR ][ Engine ][ GetSkyLight ] 'SkyLight_0'가 없습니다.

[TIME] 15:36:05 [FILE] LoadManager.cpp [FUNC] LoadManager::GetSkyLight [LINE] 238
[ ERROR ][ Engine ][ GetSkyLight ] 'SkyLight_1'가 없습니다.

[TIME] 15:36:13 [FILE] LoadManager.cpp [FUNC] LoadManager::GetMaterial [LINE] 254
[ ERROR ][ Engine ][ GetMaterial ] ''가 없습니다.

[TIME] 15:56:35 [FILE] LoadManager.cpp [FUNC] LoadManager::GetTexture [LINE] 222
[ ERROR ][ Engine ][ GetTexture ] '0'가 없습니다.

[TIME] 15:56:35 [FILE] LoadManager.cpp [FUNC] LoadManager::GetTexture [LINE] 222
[ ERROR ][ Engine ][ GetTexture ] '0'가 없습니다.

[TIME] 15:56:35 [FILE] LoadManager.cpp [FUNC] LoadManager::GetTexture [LINE] 222
[ ERROR ][ Engine ][ GetTexture ] '0'가 없습니다.

[TIME] 15:56:35 [FILE] LoadManager.cpp [FUNC] LoadManager::GetTexture [LINE] 222
[ ERROR ][ Engine ][ GetTexture ] '0'가 없습니다.

[TIME] 15:56:35 [FILE] LoadManager.cpp [FUNC] LoadManager::GetTexture [LINE] 222
[ ERROR ][ Engine ][ GetTexture ] '0'가 없습니다.

[TIME] 15:56:35 [FILE] LoadManager.cpp [FUNC] LoadManager::GetTexture [LINE] 222
[ ERROR ][ Engine ][ GetTexture ] '0'가 없습니다.

[TIME] 15:56:35 [FILE] LoadManager.cpp [FUNC] LoadManager::GetTexture [LINE] 222
[ ERROR ][ Engine ][ GetTexture ] '0'가 없습니다.

[TIME] 15:56:35 [FILE] LoadManager.cpp [FUNC] LoadManager::GetTexture [LINE] 222
[ ERROR ][ Engine ][ GetTexture ] '0'가 없습니다.

[TIME] 15:56:35 [FILE] LoadManager.cpp [FUNC] LoadManager::GetTexture [LINE] 222
[ ERROR ][ Engine ][ GetTexture ] '0'가 없습니다.

[TIME] 15:56:35 [FILE] LoadManager.cpp [FUNC] LoadManager::GetTexture [LINE] 222
[ ERROR ][ Engine ][ GetTexture ] '0'가 없습니다.

[TIME] 15:56:35 [FILE] LoadManager.cpp [FUNC] LoadManager::GetTexture [LINE] 222
[ ERROR ][ Engine ][ GetTexture ] '0'가 없습니다.

[TIME] 15:56:35 [FILE] LoadManager.cpp [FUNC] LoadManager::GetTexture [LINE] 222
[ ERROR ][ Engine ][ GetTexture ] '0'가 없습니다.

[TIME] 15:56:35 [FILE] LoadManager.cpp [FUNC] LoadManager::GetTexture [LINE] 222
[ ERROR ][ Engine ][ GetTexture ] '0'가 없습니다.

[TIME] 15:56:35 [FILE] LoadManager.cpp [FUNC] LoadManager::GetTexture [LINE] 222
[ ERROR ][ Engine ][ GetTexture ] '0'가 없습니다.

[TIME] 15:56:35 [FILE] LoadManager.cpp [FUNC] LoadManager::GetTexture [LINE] 222
[ ERROR ][ Engine ][ GetTexture ] '0'가 없습니다.

[TIME] 15:56:35 [FILE] LoadManager.cpp [FUNC] LoadManager::GetTexture [LINE] 222
[ ERROR ][ Engine ][ GetTexture ] '0'가 없습니다.

[TIME] 15:56:35 [FILE] LoadManager.cpp [FUNC] LoadManager::GetTexture [LINE] 222
[ ERROR ][ Engine ][ GetTexture ] '0'가 없습니다.

[TIME] 15:56:35 [FILE] LoadManager.cpp [FUNC] LoadManager::GetTexture [LINE] 222
[ ERROR ][ Engine ][ GetTexture ] '0'가 없습니다.

[TIME] 15:56:35 [FILE] LoadManager.cpp [FUNC] LoadManager::GetTexture [LINE] 222
[ ERROR ][ Engine ][ GetTexture ] 'organic_manatree_BaseColor'가 없습니다.

[TIME] 15:56:35 [FILE] LoadManager.cpp [FUNC] LoadManager::GetTexture [LINE] 222
[ ERROR ][ Engine ][ GetTexture ] 'organic_manatree_Normal'가 없습니다.

[TIME] 15:56:35 [FILE] LoadManager.cpp [FUNC] LoadManager::GetTexture [LINE] 222
[ ERROR ][ Engine ][ GetTexture ] '0'가 없습니다.

[TIME] 15:56:35 [FILE] LoadManager.cpp [FUNC] LoadManager::GetTexture [LINE] 222
[ ERROR ][ Engine ][ GetTexture ] 'organic_manatree_ORM'가 없습니다.

[TIME] 15:56:35 [FILE] LoadManager.cpp [FUNC] LoadManager::GetTexture [LINE] 222
[ ERROR ][ Engine ][ GetTexture ] '0'가 없습니다.

[TIME] 15:56:35 [FILE] LoadManager.cpp [FUNC] LoadManager::GetTexture [LINE] 222
[ ERROR ][ Engine ][ GetTexture ] '0'가 없습니다.

[TIME] 15:56:35 [FILE] LoadManager.cpp [FUNC] LoadManager::GetTexture [LINE] 222
[ ERROR ][ Engine ][ GetTexture ] '0'가 없습니다.

[TIME] 15:56:35 [FILE] LoadManager.cpp [FUNC] LoadManager::GetTexture [LINE] 222
[ ERROR ][ Engine ][ GetTexture ] '0'가 없습니다.

[TIME] 15:56:35 [FILE] LoadManager.cpp [FUNC] LoadManager::GetTexture [LINE] 222
[ ERROR ][ Engine ][ GetTexture ] '0'가 없습니다.

[TIME] 15:56:35 [FILE] LoadManager.cpp [FUNC] LoadManager::GetTexture [LINE] 222
[ ERROR ][ Engine ][ GetTexture ] '0'가 없습니다.

[TIME] 15:56:35 [FILE] LoadManager.cpp [FUNC] LoadManager::GetTexture [LINE] 222
[ ERROR ][ Engine ][ GetTexture ] '0'가 없습니다.

[TIME] 15:56:35 [FILE] LoadManager.cpp [FUNC] LoadManager::GetTexture [LINE] 222
[ ERROR ][ Engine ][ GetTexture ] '0'가 없습니다.

[TIME] 15:56:35 [FILE] LoadManager.cpp [FUNC] LoadManager::GetTexture [LINE] 222
[ ERROR ][ Engine ][ GetTexture ] '0'가 없습니다.

[TIME] 15:56:35 [FILE] LoadManager.cpp [FUNC] LoadManager::GetTexture [LINE] 222
[ ERROR ][ Engine ][ GetTexture ] '0'가 없습니다.

[TIME] 15:56:35 [FILE] LoadManager.cpp [FUNC] LoadManager::GetTexture [LINE] 222
[ ERROR ][ Engine ][ GetTexture ] '0'가 없습니다.

[TIME] 15:56:35 [FILE] LoadManager.cpp [FUNC] LoadManager::GetTexture [LINE] 222
[ ERROR ][ Engine ][ GetTexture ] '0'가 없습니다.

[TIME] 15:56:35 [FILE] LoadManager.cpp [FUNC] LoadManager::GetTexture [LINE] 222
[ ERROR ][ Engine ][ GetTexture ] '0'가 없습니다.

[TIME] 15:56:35 [FILE] LoadManager.cpp [FUNC] LoadManager::GetTexture [LINE] 222
[ ERROR ][ Engine ][ GetTexture ] '0'가 없습니다.

[TIME] 15:56:35 [FILE] LoadManager.cpp [FUNC] LoadManager::GetTexture [LINE] 222
[ ERROR ][ Engine ][ GetTexture ] '0'가 없습니다.

[TIME] 15:56:35 [FILE] LoadManager.cpp [FUNC] LoadManager::GetTexture [LINE] 222
[ ERROR ][ Engine ][ GetTexture ] '0'가 없습니다.

[TIME] 15:56:35 [FILE] LoadManager.cpp [FUNC] LoadManager::GetTexture [LINE] 222
[ ERROR ][ Engine ][ GetTexture ] '0'가 없습니다.

[TIME] 15:56:35 [FILE] LoadManager.cpp [FUNC] LoadManager::GetTexture [LINE] 222
[ ERROR ][ Engine ][ GetTexture ] '0'가 없습니다.

[TIME] 15:56:35 [FILE] LoadManager.cpp [FUNC] LoadManager::GetTexture [LINE] 222
[ ERROR ][ Engine ][ GetTexture ] '0'가 없습니다.

[TIME] 15:56:35 [FILE] LoadManager.cpp [FUNC] LoadManager::GetTexture [LINE] 222
[ ERROR ][ Engine ][ GetTexture ] '0'가 없습니다.

[TIME] 15:56:35 [FILE] LoadManager.cpp [FUNC] LoadManager::GetTexture [LINE] 222
[ ERROR ][ Engine ][ GetTexture ] 'Player_BaseColor'가 없습니다.

[TIME] 15:56:35 [FILE] LoadManager.cpp [FUNC] LoadManager::GetTexture [LINE] 222
[ ERROR ][ Engine ][ GetTexture ] 'Player_Normal'가 없습니다.

[TIME] 15:56:35 [FILE] LoadManager.cpp [FUNC] LoadManager::GetTexture [LINE] 222
[ ERROR ][ Engine ][ GetTexture ] '0'가 없습니다.

[TIME] 15:56:35 [FILE] LoadManager.cpp [FUNC] LoadManager::GetTexture [LINE] 222
[ ERROR ][ Engine ][ GetTexture ] 'Player_Emissive'가 없습니다.

[TIME] 15:56:35 [FILE] LoadManager.cpp [FUNC] LoadManager::GetTexture [LINE] 222
[ ERROR ][ Engine ][ GetTexture ] '0'가 없습니다.

[TIME] 15:56:35 [FILE] LoadManager.cpp [FUNC] LoadManager::GetTexture [LINE] 222
[ ERROR ][ Engine ][ GetTexture ] '0'가 없습니다.

[TIME] 15:56:35 [FILE] LoadManager.cpp [FUNC] LoadManager::GetTexture [LINE] 222
[ ERROR ][ Engine ][ GetTexture ] '0'가 없습니다.

[TIME] 15:56:35 [FILE] LoadManager.cpp [FUNC] LoadManager::GetTexture [LINE] 222
[ ERROR ][ Engine ][ GetTexture ] '0'가 없습니다.

[TIME] 15:56:35 [FILE] LoadManager.cpp [FUNC] LoadManager::GetTexture [LINE] 222
[ ERROR ][ Engine ][ GetTexture ] '0'가 없습니다.

[TIME] 15:56:35 [FILE] LoadManager.cpp [FUNC] LoadManager::GetTexture [LINE] 222
[ ERROR ][ Engine ][ GetTexture ] '0'가 없습니다.

[TIME] 15:56:35 [FILE] LoadManager.cpp [FUNC] LoadManager::GetTexture [LINE] 222
[ ERROR ][ Engine ][ GetTexture ] '0'가 없습니다.

[TIME] 15:56:35 [FILE] LoadManager.cpp [FUNC] LoadManager::GetTexture [LINE] 222
[ ERROR ][ Engine ][ GetTexture ] '0'가 없습니다.

[TIME] 15:56:35 [FILE] D3D11Graphic.cpp [FUNC] D3D11Graphic::CreateTextureBuffer [LINE] 210
[ Graphic ][ Create ][ ShaderResourceView ] '../Assets/Texture/Particle/Glow_Particle.png' FAILED!!
[ERROR] 구성 요소를 찾을 수 없습니다.

[TIME] 15:56:35 [FILE] TextureManager.cpp [FUNC] TextureManager::LoadTexture [LINE] 34
[ Engine ][ Create ][ Texture Buffer ] '../Assets/Texture/Particle/Glow_Particle.png' FAILED!!

[TIME] 15:57:02 [FILE] LoadManager.cpp [FUNC] LoadManager::GetSkyLight [LINE] 238
[ ERROR ][ Engine ][ GetSkyLight ] 'SkyLight_0'가 없습니다.

[TIME] 15:57:02 [FILE] LoadManager.cpp [FUNC] LoadManager::GetSkyLight [LINE] 238
[ ERROR ][ Engine ][ GetSkyLight ] 'SkyLight_1'가 없습니다.

[TIME] 15:57:12 [FILE] LoadManager.cpp [FUNC] LoadManager::GetMaterial [LINE] 254
[ ERROR ][ Engine ][ GetMaterial ] ''가 없습니다.

[TIME] 17:36:15 [FILE] LoadManager.cpp [FUNC] LoadManager::GetTexture [LINE] 222
[ ERROR ][ Engine ][ GetTexture ] '0'가 없습니다.

[TIME] 17:36:15 [FILE] LoadManager.cpp [FUNC] LoadManager::GetTexture [LINE] 222
[ ERROR ][ Engine ][ GetTexture ] '0'가 없습니다.

[TIME] 17:36:15 [FILE] LoadManager.cpp [FUNC] LoadManager::GetTexture [LINE] 222
[ ERROR ][ Engine ][ GetTexture ] '0'가 없습니다.

[TIME] 17:36:15 [FILE] LoadManager.cpp [FUNC] LoadManager::GetTexture [LINE] 222
[ ERROR ][ Engine ][ GetTexture ] '0'가 없습니다.

[TIME] 17:36:15 [FILE] LoadManager.cpp [FUNC] LoadManager::GetTexture [LINE] 222
[ ERROR ][ Engine ][ GetTexture ] '0'가 없습니다.

[TIME] 17:36:15 [FILE] LoadManager.cpp [FUNC] LoadManager::GetTexture [LINE] 222
[ ERROR ][ Engine ][ GetTexture ] '0'가 없습니다.

[TIME] 17:36:15 [FILE] LoadManager.cpp [FUNC] LoadManager::GetTexture [LINE] 222
[ ERROR ][ Engine ][ GetTexture ] '0'가 없습니다.

[TIME] 17:36:15 [FILE] LoadManager.cpp [FUNC] LoadManager::GetTexture [LINE] 222
[ ERROR ][ Engine ][ GetTexture ] '0'가 없습니다.

[TIME] 17:36:15 [FILE] LoadManager.cpp [FUNC] LoadManager::GetTexture [LINE] 222
[ ERROR ][ Engine ][ GetTexture ] '0'가 없습니다.

[TIME] 17:36:15 [FILE] LoadManager.cpp [FUNC] LoadManager::GetTexture [LINE] 222
[ ERROR ][ Engine ][ GetTexture ] '0'가 없습니다.

[TIME] 17:36:15 [FILE] LoadManager.cpp [FUNC] LoadManager::GetTexture [LINE] 222
[ ERROR ][ Engine ][ GetTexture ] '0'가 없습니다.

[TIME] 17:36:15 [FILE] LoadManager.cpp [FUNC] LoadManager::GetTexture [LINE] 222
[ ERROR ][ Engine ][ GetTexture ] '0'가 없습니다.

[TIME] 17:36:15 [FILE] LoadManager.cpp [FUNC] LoadManager::GetTexture [LINE] 222
[ ERROR ][ Engine ][ GetTexture ] '0'가 없습니다.

[TIME] 17:36:15 [FILE] LoadManager.cpp [FUNC] LoadManager::GetTexture [LINE] 222
[ ERROR ][ Engine ][ GetTexture ] '0'가 없습니다.

[TIME] 17:36:15 [FILE] LoadManager.cpp [FUNC] LoadManager::GetTexture [LINE] 222
[ ERROR ][ Engine ][ GetTexture ] '0'가 없습니다.

[TIME] 17:36:15 [FILE] LoadManager.cpp [FUNC] LoadManager::GetTexture [LINE] 222
[ ERROR ][ Engine ][ GetTexture ] '0'가 없습니다.

[TIME] 17:36:15 [FILE] LoadManager.cpp [FUNC] LoadManager::GetTexture [LINE] 222
[ ERROR ][ Engine ][ GetTexture ] '0'가 없습니다.

[TIME] 17:36:15 [FILE] LoadManager.cpp [FUNC] LoadManager::GetTexture [LINE] 222
[ ERROR ][ Engine ][ GetTexture ] '0'가 없습니다.

[TIME] 17:36:15 [FILE] LoadManager.cpp [FUNC] LoadManager::GetTexture [LINE] 222
[ ERROR ][ Engine ][ GetTexture ] 'organic_manatree_BaseColor'가 없습니다.

[TIME] 17:36:15 [FILE] LoadManager.cpp [FUNC] LoadManager::GetTexture [LINE] 222
[ ERROR ][ Engine ][ GetTexture ] 'organic_manatree_Normal'가 없습니다.

[TIME] 17:36:15 [FILE] LoadManager.cpp [FUNC] LoadManager::GetTexture [LINE] 222
[ ERROR ][ Engine ][ GetTexture ] '0'가 없습니다.

[TIME] 17:36:15 [FILE] LoadManager.cpp [FUNC] LoadManager::GetTexture [LINE] 222
[ ERROR ][ Engine ][ GetTexture ] 'organic_manatree_ORM'가 없습니다.

[TIME] 17:36:15 [FILE] LoadManager.cpp [FUNC] LoadManager::GetTexture [LINE] 222
[ ERROR ][ Engine ][ GetTexture ] '0'가 없습니다.

[TIME] 17:36:15 [FILE] LoadManager.cpp [FUNC] LoadManager::GetTexture [LINE] 222
[ ERROR ][ Engine ][ GetTexture ] '0'가 없습니다.

[TIME] 17:36:15 [FILE] LoadManager.cpp [FUNC] LoadManager::GetTexture [LINE] 222
[ ERROR ][ Engine ][ GetTexture ] '0'가 없습니다.

[TIME] 17:36:15 [FILE] LoadManager.cpp [FUNC] LoadManager::GetTexture [LINE] 222
[ ERROR ][ Engine ][ GetTexture ] '0'가 없습니다.

[TIME] 17:36:15 [FILE] LoadManager.cpp [FUNC] LoadManager::GetTexture [LINE] 222
[ ERROR ][ Engine ][ GetTexture ] '0'가 없습니다.

[TIME] 17:36:15 [FILE] LoadManager.cpp [FUNC] LoadManager::GetTexture [LINE] 222
[ ERROR ][ Engine ][ GetTexture ] '0'가 없습니다.

[TIME] 17:36:15 [FILE] LoadManager.cpp [FUNC] LoadManager::GetTexture [LINE] 222
[ ERROR ][ Engine ][ GetTexture ] '0'가 없습니다.

[TIME] 17:36:15 [FILE] LoadManager.cpp [FUNC] LoadManager::GetTexture [LINE] 222
[ ERROR ][ Engine ][ GetTexture ] '0'가 없습니다.

[TIME] 17:36:15 [FILE] LoadManager.cpp [FUNC] LoadManager::GetTexture [LINE] 222
[ ERROR ][ Engine ][ GetTexture ] '0'가 없습니다.

[TIME] 17:36:15 [FILE] LoadManager.cpp [FUNC] LoadManager::GetTexture [LINE] 222
[ ERROR ][ Engine ][ GetTexture ] '0'가 없습니다.

[TIME] 17:36:15 [FILE] LoadManager.cpp [FUNC] LoadManager::GetTexture [LINE] 222
[ ERROR ][ Engine ][ GetTexture ] '0'가 없습니다.

[TIME] 17:36:15 [FILE] LoadManager.cpp [FUNC] LoadManager::GetTexture [LINE] 222
[ ERROR ][ Engine ][ GetTexture ] '0'가 없습니다.

[TIME] 17:36:15 [FILE] LoadManager.cpp [FUNC] LoadManager::GetTexture [LINE] 222
[ ERROR ][ Engine ][ GetTexture ] '0'가 없습니다.

[TIME] 17:36:15 [FILE] LoadManager.cpp [FUNC] LoadManager::GetTexture [LINE] 222
[ ERROR ][ Engine ][ GetTexture ] '0'가 없습니다.

[TIME] 17:36:15 [FILE] LoadManager.cpp [FUNC] LoadManager::GetTexture [LINE] 222
[ ERROR ][ Engine ][ GetTexture ] '0'가 없습니다.

[TIME] 17:36:15 [FILE] LoadManager.cpp [FUNC] LoadManager::GetTexture [LINE] 222
[ ERROR ][ Engine ][ GetTexture ] '0'가 없습니다.

[TIME] 17:36:15 [FILE] LoadManager.cpp [FUNC] LoadManager::GetTexture [LINE] 222
[ ERROR ][ Engine ][ GetTexture ] '0'가 없습니다.

[TIME] 17:36:15 [FILE] LoadManager.cpp [FUNC] LoadManager::GetTexture [LINE] 222
[ ERROR ][ Engine ][ GetTexture ] '0'가 없습니다.

[TIME] 17:36:15 [FILE] LoadManager.cpp [FUNC] LoadManager::GetTexture [LINE] 222
[ ERROR ][ Engine ][ GetTexture ] '0'가 없습니다.

[TIME] 17:36:15 [FILE] LoadManager.cpp [FUNC] LoadManager::GetTexture [LINE] 222
[ ERROR ][ Engine ][ GetTexture ] '0'가 없습니다.

[TIME] 17:36:15 [FILE] LoadManager.cpp [FUNC] LoadManager::GetTexture [LINE] 222
[ ERROR ][ Engine ][ GetTexture ] 'Player_BaseColor'가 없습니다.

[TIME] 17:36:15 [FILE] LoadManager.cpp [FUNC] LoadManager::GetTexture [LINE] 222
[ ERROR ][ Engine ][ GetTexture ] 'Player_Normal'가 없습니다.

[TIME] 17:36:15 [FILE] LoadManager.cpp [FUNC] LoadManager::GetTexture [LINE] 222
[ ERROR ][ Engine ][ GetTexture ] '0'가 없습니다.

[TIME] 17:36:15 [FILE] LoadManager.cpp [FUNC] LoadManager::GetTexture [LINE] 222
[ ERROR ][ Engine ][ GetTexture ] 'Player_Emissive'가 없습니다.

[TIME] 17:36:15 [FILE] LoadManager.cpp [FUNC] LoadManager::GetTexture [LINE] 222
[ ERROR ][ Engine ][ GetTexture ] '0'가 없습니다.

[TIME] 17:36:15 [FILE] LoadManager.cpp [FUNC] LoadManager::GetTexture [LINE] 222
[ ERROR ][ Engine ][ GetTexture ] '0'가 없습니다.

[TIME] 17:36:15 [FILE] LoadManager.cpp [FUNC] LoadManager::GetTexture [LINE] 222
[ ERROR ][ Engine ][ GetTexture ] '0'가 없습니다.

[TIME] 17:36:15 [FILE] LoadManager.cpp [FUNC] LoadManager::GetTexture [LINE] 222
[ ERROR ][ Engine ][ GetTexture ] '0'가 없습니다.

[TIME] 17:36:15 [FILE] LoadManager.cpp [FUNC] LoadManager::GetTexture [LINE] 222
[ ERROR ][ Engine ][ GetTexture ] '0'가 없습니다.

[TIME] 17:36:15 [FILE] LoadManager.cpp [FUNC] LoadManager::GetTexture [LINE] 222
[ ERROR ][ Engine ][ GetTexture ] '0'가 없습니다.

[TIME] 17:36:15 [FILE] LoadManager.cpp [FUNC] LoadManager::GetTexture [LINE] 222
[ ERROR ][ Engine ][ GetTexture ] '0'가 없습니다.

[TIME] 17:36:15 [FILE] LoadManager.cpp [FUNC] LoadManager::GetTexture [LINE] 222
[ ERROR ][ Engine ][ GetTexture ] '0'가 없습니다.

[TIME] 17:36:15 [FILE] D3D11Graphic.cpp [FUNC] D3D11Graphic::CreateTextureBuffer [LINE] 210
[ Graphic ][ Create ][ ShaderResourceView ] '../Assets/Texture/Particle/Glow_Particle.png' FAILED!!
[ERROR] 구성 요소를 찾을 수 없습니다.

[TIME] 17:36:15 [FILE] TextureManager.cpp [FUNC] TextureManager::LoadTexture [LINE] 34
[ Engine ][ Create ][ Texture Buffer ] '../Assets/Texture/Particle/Glow_Particle.png' FAILED!!

[TIME] 17:36:42 [FILE] LoadManager.cpp [FUNC] LoadManager::GetSkyLight [LINE] 238
[ ERROR ][ Engine ][ GetSkyLight ] 'SkyLight_0'가 없습니다.

[TIME] 17:36:42 [FILE] LoadManager.cpp [FUNC] LoadManager::GetSkyLight [LINE] 238
[ ERROR ][ Engine ][ GetSkyLight ] 'SkyLight_1'가 없습니다.

