[TIME] 10:33:30 [FILE] LoadManager.cpp [FUNC] LoadManager::GetTexture [LINE] 222
[ ERROR ][ Engine ][ GetTexture ] '0'가 없습니다.

[TIME] 10:33:30 [FILE] LoadManager.cpp [FUNC] LoadManager::GetTexture [LINE] 222
[ ERROR ][ Engine ][ GetTexture ] '0'가 없습니다.

[TIME] 10:33:30 [FILE] LoadManager.cpp [FUNC] LoadManager::GetTexture [LINE] 222
[ ERROR ][ Engine ][ GetTexture ] '0'가 없습니다.

[TIME] 10:33:30 [FILE] LoadManager.cpp [FUNC] LoadManager::GetTexture [LINE] 222
[ ERROR ][ Engine ][ GetTexture ] '0'가 없습니다.

[TIME] 10:33:30 [FILE] LoadManager.cpp [FUNC] LoadManager::GetTexture [LINE] 222
[ ERROR ][ Engine ][ GetTexture ] '0'가 없습니다.

[TIME] 10:33:30 [FILE] LoadManager.cpp [FUNC] LoadManager::GetTexture [LINE] 222
[ ERROR ][ Engine ][ GetTexture ] '0'가 없습니다.

[TIME] 10:33:30 [FILE] LoadManager.cpp [FUNC] LoadManager::GetTexture [LINE] 222
[ ERROR ][ Engine ][ GetTexture ] '0'가 없습니다.

[TIME] 10:33:30 [FILE] LoadManager.cpp [FUNC] LoadManager::GetTexture [LINE] 222
[ ERROR ][ Engine ][ GetTexture ] '0'가 없습니다.

[TIME] 10:33:30 [FILE] LoadManager.cpp [FUNC] LoadManager::GetTexture [LINE] 222
[ ERROR ][ Engine ][ GetTexture ] '0'가 없습니다.

[TIME] 10:33:30 [FILE] LoadManager.cpp [FUNC] LoadManager::GetTexture [LINE] 222
[ ERROR ][ Engine ][ GetTexture ] '0'가 없습니다.

[TIME] 10:33:30 [FILE] LoadManager.cpp [FUNC] LoadManager::GetTexture [LINE] 222
[ ERROR ][ Engine ][ GetTexture ] '0'가 없습니다.

[TIME] 10:33:30 [FILE] LoadManager.cpp [FUNC] LoadManager::GetTexture [LINE] 222
[ ERROR ][ Engine ][ GetTexture ] '0'가 없습니다.

[TIME] 10:33:30 [FILE] LoadManager.cpp [FUNC] LoadManager::GetTexture [LINE] 222
[ ERROR ][ Engine ][ GetTexture ] '0'가 없습니다.

[TIME] 10:33:30 [FILE] LoadManager.cpp [FUNC] LoadManager::GetTexture [LINE] 222
[ ERROR ][ Engine ][ GetTexture ] '0'가 없습니다.

[TIME] 10:33:30 [FILE] LoadManager.cpp [FUNC] LoadManager::GetTexture [LINE] 222
[ ERROR ][ Engine ][ GetTexture ] '0'가 없습니다.

[TIME] 10:33:30 [FILE] LoadManager.cpp [FUNC] LoadManager::GetTexture [LINE] 222
[ ERROR ][ Engine ][ GetTexture ] '0'가 없습니다.

[TIME] 10:33:30 [FILE] LoadManager.cpp [FUNC] LoadManager::GetTexture [LINE] 222
[ ERROR ][ Engine ][ GetTexture ] '0'가 없습니다.

[TIME] 10:33:30 [FILE] LoadManager.cpp [FUNC] LoadManager::GetTexture [LINE] 222
[ ERROR ][ Engine ][ GetTexture ] '0'가 없습니다.

[TIME] 10:33:30 [FILE] LoadManager.cpp [FUNC] LoadManager::GetTexture [LINE] 222
[ ERROR ][ Engine ][ GetTexture ] '0'가 없습니다.

[TIME] 10:33:30 [FILE] LoadManager.cpp [FUNC] LoadManager::GetTexture [LINE] 222
[ ERROR ][ Engine ][ GetTexture ] '0'가 없습니다.

[TIME] 10:33:30 [FILE] LoadManager.cpp [FUNC] LoadManager::GetTexture [LINE] 222
[ ERROR ][ Engine ][ GetTexture ] '0'가 없습니다.

[TIME] 10:33:30 [FILE] LoadManager.cpp [FUNC] LoadManager::GetTexture [LINE] 222
[ ERROR ][ Engine ][ GetTexture ] '0'가 없습니다.

[TIME] 10:33:30 [FILE] LoadManager.cpp [FUNC] LoadManager::GetTexture [LINE] 222
[ ERROR ][ Engine ][ GetTexture ] '0'가 없습니다.

[TIME] 10:33:30 [FILE] LoadManager.cpp [FUNC] LoadManager::GetTexture [LINE] 222
[ ERROR ][ Engine ][ GetTexture ] '0'가 없습니다.

[TIME] 10:33:30 [FILE] LoadManager.cpp [FUNC] LoadManager::GetTexture [LINE] 222
[ ERROR ][ Engine ][ GetTexture ] '0'가 없습니다.

[TIME] 10:33:30 [FILE] LoadManager.cpp [FUNC] LoadManager::GetTexture [LINE] 222
[ ERROR ][ Engine ][ GetTexture ] '0'가 없습니다.

[TIME] 10:33:30 [FILE] LoadManager.cpp [FUNC] LoadManager::GetTexture [LINE] 222
[ ERROR ][ Engine ][ GetTexture ] '0'가 없습니다.

[TIME] 10:33:30 [FILE] LoadManager.cpp [FUNC] LoadManager::GetTexture [LINE] 222
[ ERROR ][ Engine ][ GetTexture ] '0'가 없습니다.

[TIME] 10:33:30 [FILE] LoadManager.cpp [FUNC] LoadManager::GetTexture [LINE] 222
[ ERROR ][ Engine ][ GetTexture ] '0'가 없습니다.

[TIME] 10:33:30 [FILE] LoadManager.cpp [FUNC] LoadManager::GetTexture [LINE] 222
[ ERROR ][ Engine ][ GetTexture ] '0'가 없습니다.

[TIME] 10:33:30 [FILE] LoadManager.cpp [FUNC] LoadManager::GetTexture [LINE] 222
[ ERROR ][ Engine ][ GetTexture ] '0'가 없습니다.

[TIME] 10:33:30 [FILE] LoadManager.cpp [FUNC] LoadManager::GetTexture [LINE] 222
[ ERROR ][ Engine ][ GetTexture ] '0'가 없습니다.

[TIME] 10:33:30 [FILE] LoadManager.cpp [FUNC] LoadManager::GetTexture [LINE] 222
[ ERROR ][ Engine ][ GetTexture ] '0'가 없습니다.

[TIME] 10:33:30 [FILE] LoadManager.cpp [FUNC] LoadManager::GetTexture [LINE] 222
[ ERROR ][ Engine ][ GetTexture ] '0'가 없습니다.

[TIME] 10:33:30 [FILE] LoadManager.cpp [FUNC] LoadManager::GetTexture [LINE] 222
[ ERROR ][ Engine ][ GetTexture ] '0'가 없습니다.

[TIME] 10:33:30 [FILE] LoadManager.cpp [FUNC] LoadManager::GetTexture [LINE] 222
[ ERROR ][ Engine ][ GetTexture ] '0'가 없습니다.

[TIME] 10:33:30 [FILE] LoadManager.cpp [FUNC] LoadManager::GetTexture [LINE] 222
[ ERROR ][ Engine ][ GetTexture ] '0'가 없습니다.

[TIME] 10:33:30 [FILE] LoadManager.cpp [FUNC] LoadManager::GetTexture [LINE] 222
[ ERROR ][ Engine ][ GetTexture ] '0'가 없습니다.

[TIME] 10:33:30 [FILE] LoadManager.cpp [FUNC] LoadManager::GetTexture [LINE] 222
[ ERROR ][ Engine ][ GetTexture ] '0'가 없습니다.

[TIME] 10:33:30 [FILE] LoadManager.cpp [FUNC] LoadManager::GetTexture [LINE] 222
[ ERROR ][ Engine ][ GetTexture ] '0'가 없습니다.

[TIME] 10:33:30 [FILE] LoadManager.cpp [FUNC] LoadManager::GetTexture [LINE] 222
[ ERROR ][ Engine ][ GetTexture ] '0'가 없습니다.

[TIME] 10:33:30 [FILE] LoadManager.cpp [FUNC] LoadManager::GetTexture [LINE] 222
[ ERROR ][ Engine ][ GetTexture ] '0'가 없습니다.

[TIME] 10:33:30 [FILE] LoadManager.cpp [FUNC] LoadManager::GetTexture [LINE] 222
[ ERROR ][ Engine ][ GetTexture ] '0'가 없습니다.

[TIME] 10:33:30 [FILE] LoadManager.cpp [FUNC] LoadManager::GetTexture [LINE] 222
[ ERROR ][ Engine ][ GetTexture ] '0'가 없습니다.

[TIME] 10:33:30 [FILE] LoadManager.cpp [FUNC] LoadManager::GetTexture [LINE] 222
[ ERROR ][ Engine ][ GetTexture ] 'gate00_etcsign_low_uv_checker_material_uv_grid_512x512_Normal'가 없습니다.

[TIME] 10:33:30 [FILE] LoadManager.cpp [FUNC] LoadManager::GetTexture [LINE] 222
[ ERROR ][ Engine ][ GetTexture ] '0'가 없습니다.

[TIME] 10:33:30 [FILE] LoadManager.cpp [FUNC] LoadManager::GetTexture [LINE] 222
[ ERROR ][ Engine ][ GetTexture ] '0'가 없습니다.

[TIME] 10:33:30 [FILE] LoadManager.cpp [FUNC] LoadManager::GetTexture [LINE] 222
[ ERROR ][ Engine ][ GetTexture ] '0'가 없습니다.

[TIME] 10:33:30 [FILE] LoadManager.cpp [FUNC] LoadManager::GetTexture [LINE] 222
[ ERROR ][ Engine ][ GetTexture ] '0'가 없습니다.

[TIME] 10:33:30 [FILE] LoadManager.cpp [FUNC] LoadManager::GetTexture [LINE] 222
[ ERROR ][ Engine ][ GetTexture ] '0'가 없습니다.

[TIME] 10:33:30 [FILE] LoadManager.cpp [FUNC] LoadManager::GetTexture [LINE] 222
[ ERROR ][ Engine ][ GetTexture ] '0'가 없습니다.

[TIME] 10:33:30 [FILE] LoadManager.cpp [FUNC] LoadManager::GetTexture [LINE] 222
[ ERROR ][ Engine ][ GetTexture ] '0'가 없습니다.

[TIME] 10:33:30 [FILE] LoadManager.cpp [FUNC] LoadManager::GetTexture [LINE] 222
[ ERROR ][ Engine ][ GetTexture ] '0'가 없습니다.

[TIME] 10:33:30 [FILE] LoadManager.cpp [FUNC] LoadManager::GetTexture [LINE] 222
[ ERROR ][ Engine ][ GetTexture ] '0'가 없습니다.

[TIME] 10:33:30 [FILE] LoadManager.cpp [FUNC] LoadManager::GetTexture [LINE] 222
[ ERROR ][ Engine ][ GetTexture ] '0'가 없습니다.

[TIME] 10:33:30 [FILE] LoadManager.cpp [FUNC] LoadManager::GetTexture [LINE] 222
[ ERROR ][ Engine ][ GetTexture ] '0'가 없습니다.

[TIME] 10:33:30 [FILE] LoadManager.cpp [FUNC] LoadManager::GetTexture [LINE] 222
[ ERROR ][ Engine ][ GetTexture ] '0'가 없습니다.

[TIME] 10:33:30 [FILE] LoadManager.cpp [FUNC] LoadManager::GetTexture [LINE] 222
[ ERROR ][ Engine ][ GetTexture ] '0'가 없습니다.

[TIME] 10:33:30 [FILE] LoadManager.cpp [FUNC] LoadManager::GetTexture [LINE] 222
[ ERROR ][ Engine ][ GetTexture ] '0'가 없습니다.

[TIME] 10:33:30 [FILE] LoadManager.cpp [FUNC] LoadManager::GetTexture [LINE] 222
[ ERROR ][ Engine ][ GetTexture ] '0'가 없습니다.

[TIME] 10:33:30 [FILE] LoadManager.cpp [FUNC] LoadManager::GetTexture [LINE] 222
[ ERROR ][ Engine ][ GetTexture ] '0'가 없습니다.

[TIME] 10:33:30 [FILE] LoadManager.cpp [FUNC] LoadManager::GetTexture [LINE] 222
[ ERROR ][ Engine ][ GetTexture ] '0'가 없습니다.

[TIME] 10:33:30 [FILE] LoadManager.cpp [FUNC] LoadManager::GetTexture [LINE] 222
[ ERROR ][ Engine ][ GetTexture ] '0'가 없습니다.

[TIME] 10:33:30 [FILE] LoadManager.cpp [FUNC] LoadManager::GetTexture [LINE] 222
[ ERROR ][ Engine ][ GetTexture ] '0'가 없습니다.

[TIME] 10:33:30 [FILE] LoadManager.cpp [FUNC] LoadManager::GetTexture [LINE] 222
[ ERROR ][ Engine ][ GetTexture ] '0'가 없습니다.

[TIME] 10:33:30 [FILE] LoadManager.cpp [FUNC] LoadManager::GetTexture [LINE] 222
[ ERROR ][ Engine ][ GetTexture ] '0'가 없습니다.

[TIME] 10:33:30 [FILE] LoadManager.cpp [FUNC] LoadManager::GetTexture [LINE] 222
[ ERROR ][ Engine ][ GetTexture ] '0'가 없습니다.

[TIME] 10:33:30 [FILE] LoadManager.cpp [FUNC] LoadManager::GetTexture [LINE] 222
[ ERROR ][ Engine ][ GetTexture ] '0'가 없습니다.

[TIME] 10:33:30 [FILE] LoadManager.cpp [FUNC] LoadManager::GetTexture [LINE] 222
[ ERROR ][ Engine ][ GetTexture ] '0'가 없습니다.

[TIME] 10:33:30 [FILE] LoadManager.cpp [FUNC] LoadManager::GetTexture [LINE] 222
[ ERROR ][ Engine ][ GetTexture ] '0'가 없습니다.

[TIME] 10:33:30 [FILE] LoadManager.cpp [FUNC] LoadManager::GetTexture [LINE] 222
[ ERROR ][ Engine ][ GetTexture ] '0'가 없습니다.

[TIME] 10:33:30 [FILE] LoadManager.cpp [FUNC] LoadManager::GetTexture [LINE] 222
[ ERROR ][ Engine ][ GetTexture ] 'gate04_tank_low_uv_checker_material_uv_grid_512x512_Normal'가 없습니다.

[TIME] 10:33:30 [FILE] LoadManager.cpp [FUNC] LoadManager::GetTexture [LINE] 222
[ ERROR ][ Engine ][ GetTexture ] '0'가 없습니다.

[TIME] 10:33:30 [FILE] LoadManager.cpp [FUNC] LoadManager::GetTexture [LINE] 222
[ ERROR ][ Engine ][ GetTexture ] '0'가 없습니다.

[TIME] 10:33:30 [FILE] LoadManager.cpp [FUNC] LoadManager::GetTexture [LINE] 222
[ ERROR ][ Engine ][ GetTexture ] '0'가 없습니다.

[TIME] 10:33:30 [FILE] LoadManager.cpp [FUNC] LoadManager::GetTexture [LINE] 222
[ ERROR ][ Engine ][ GetTexture ] '0'가 없습니다.

[TIME] 10:33:30 [FILE] LoadManager.cpp [FUNC] LoadManager::GetTexture [LINE] 222
[ ERROR ][ Engine ][ GetTexture ] '0'가 없습니다.

[TIME] 10:33:30 [FILE] LoadManager.cpp [FUNC] LoadManager::GetTexture [LINE] 222
[ ERROR ][ Engine ][ GetTexture ] '0'가 없습니다.

[TIME] 10:33:30 [FILE] LoadManager.cpp [FUNC] LoadManager::GetTexture [LINE] 222
[ ERROR ][ Engine ][ GetTexture ] '0'가 없습니다.

[TIME] 10:33:30 [FILE] LoadManager.cpp [FUNC] LoadManager::GetTexture [LINE] 222
[ ERROR ][ Engine ][ GetTexture ] '0'가 없습니다.

[TIME] 10:33:30 [FILE] LoadManager.cpp [FUNC] LoadManager::GetTexture [LINE] 222
[ ERROR ][ Engine ][ GetTexture ] '0'가 없습니다.

[TIME] 10:33:30 [FILE] LoadManager.cpp [FUNC] LoadManager::GetTexture [LINE] 222
[ ERROR ][ Engine ][ GetTexture ] '0'가 없습니다.

[TIME] 10:33:30 [FILE] LoadManager.cpp [FUNC] LoadManager::GetTexture [LINE] 222
[ ERROR ][ Engine ][ GetTexture ] '0'가 없습니다.

[TIME] 10:33:30 [FILE] LoadManager.cpp [FUNC] LoadManager::GetTexture [LINE] 222
[ ERROR ][ Engine ][ GetTexture ] '0'가 없습니다.

[TIME] 10:33:30 [FILE] LoadManager.cpp [FUNC] LoadManager::GetTexture [LINE] 222
[ ERROR ][ Engine ][ GetTexture ] '0'가 없습니다.

[TIME] 10:33:30 [FILE] LoadManager.cpp [FUNC] LoadManager::GetTexture [LINE] 222
[ ERROR ][ Engine ][ GetTexture ] '0'가 없습니다.

[TIME] 10:33:30 [FILE] LoadManager.cpp [FUNC] LoadManager::GetTexture [LINE] 222
[ ERROR ][ Engine ][ GetTexture ] '0'가 없습니다.

[TIME] 10:33:30 [FILE] LoadManager.cpp [FUNC] LoadManager::GetTexture [LINE] 222
[ ERROR ][ Engine ][ GetTexture ] 'Player_BaseColor'가 없습니다.

[TIME] 10:33:30 [FILE] LoadManager.cpp [FUNC] LoadManager::GetTexture [LINE] 222
[ ERROR ][ Engine ][ GetTexture ] 'Player_Normal'가 없습니다.

[TIME] 10:33:30 [FILE] LoadManager.cpp [FUNC] LoadManager::GetTexture [LINE] 222
[ ERROR ][ Engine ][ GetTexture ] '0'가 없습니다.

[TIME] 10:33:30 [FILE] LoadManager.cpp [FUNC] LoadManager::GetTexture [LINE] 222
[ ERROR ][ Engine ][ GetTexture ] 'Player_Emissive'가 없습니다.

[TIME] 10:33:30 [FILE] LoadManager.cpp [FUNC] LoadManager::GetTexture [LINE] 222
[ ERROR ][ Engine ][ GetTexture ] '0'