[TIME] 04:46:06 [FILE] LoadManager.cpp [FUNC] LoadManager::GetTexture [LINE] 227
[ ERROR ][ Engine ][ GetTexture ] '0'가 없습니다.

[TIME] 04:46:06 [FILE] LoadManager.cpp [FUNC] LoadManager::GetTexture [LINE] 227
[ ERROR ][ Engine ][ GetTexture ] '0'가 없습니다.

[TIME] 04:46:06 [FILE] LoadManager.cpp [FUNC] LoadManager::GetTexture [LINE] 227
[ ERROR ][ Engine ][ GetTexture ] '0'가 없습니다.

[TIME] 04:46:06 [FILE] LoadManager.cpp [FUNC] LoadManager::GetTexture [LINE] 227
[ ERROR ][ Engine ][ GetTexture ] '0'가 없습니다.

[TIME] 04:46:06 [FILE] LoadManager.cpp [FUNC] LoadManager::GetTexture [LINE] 227
[ ERROR ][ Engine ][ GetTexture ] '0'가 없습니다.

[TIME] 04:46:06 [FILE] LoadManager.cpp [FUNC] LoadManager::GetTexture [LINE] 227
[ ERROR ][ Engine ][ GetTexture ] '0'가 없습니다.

[TIME] 04:46:06 [FILE] LoadManager.cpp [FUNC] LoadManager::GetTexture [LINE] 227
[ ERROR ][ Engine ][ GetTexture ] '0'가 없습니다.

[TIME] 04:46:06 [FILE] LoadManager.cpp [FUNC] LoadManager::GetTexture [LINE] 227
[ ERROR ][ Engine ][ GetTexture ] '0'가 없습니다.

[TIME] 04:46:06 [FILE] LoadManager.cpp [FUNC] LoadManager::GetTexture [LINE] 227
[ ERROR ][ Engine ][ GetTexture ] '0'가 없습니다.

[TIME] 04:46:06 [FILE] LoadManager.cpp [FUNC] LoadManager::GetTexture [LINE] 227
[ ERROR ][ Engine ][ GetTexture ] '0'가 없습니다.

[TIME] 04:46:06 [FILE] LoadManager.cpp [FUNC] LoadManager::GetTexture [LINE] 227
[ ERROR ][ Engine ][ GetTexture ] '0'가 없습니다.

[TIME] 04:46:06 [FILE] LoadManager.cpp [FUNC] LoadManager::GetTexture [LINE] 227
[ ERROR ][ Engine ][ GetTexture ] '0'가 없습니다.

[TIME] 04:46:06 [FILE] LoadManager.cpp [FUNC] LoadManager::GetTexture [LINE] 227
[ ERROR ][ Engine ][ GetTexture ] '0'가 없습니다.

[TIME] 04:46:06 [FILE] LoadManager.cpp [FUNC] LoadManager::GetTexture [LINE] 227
[ ERROR ][ Engine ][ GetTexture ] '0'가 없습니다.

[TIME] 04:46:06 [FILE] LoadManager.cpp [FUNC] LoadManager::GetTexture [LINE] 227
[ ERROR ][ Engine ][ GetTexture ] '0'가 없습니다.

[TIME] 04:46:06 [FILE] LoadManager.cpp [FUNC] LoadManager::GetTexture [LINE] 227
[ ERROR ][ Engine ][ GetTexture ] '0'가 없습니다.

[TIME] 04:46:06 [FILE] LoadManager.cpp [FUNC] LoadManager::GetTexture [LINE] 227
[ ERROR ][ Engine ][ GetTexture ] '0'가 없습니다.

[TIME] 04:46:06 [FILE] LoadManager.cpp [FUNC] LoadManager::GetTexture [LINE] 227
[ ERROR ][ Engine ][ GetTexture ] '0'가 없습니다.

[TIME] 04:46:06 [FILE] LoadManager.cpp [FUNC] LoadManager::GetTexture [LINE] 227
[ ERROR ][ Engine ][ GetTexture ] '0'가 없습니다.

[TIME] 04:46:06 [FILE] LoadManager.cpp [FUNC] LoadManager::GetTexture [LINE] 227
[ ERROR ][ Engine ][ GetTexture ] '0'가 없습니다.

[TIME] 04:46:06 [FILE] LoadManager.cpp [FUNC] LoadManager::GetTexture [LINE] 227
[ ERROR ][ Engine ][ GetTexture ] 'organic_manatree_BaseColor'가 없습니다.

[TIME] 04:46:06 [FILE] LoadManager.cpp [FUNC] LoadManager::GetTexture [LINE] 227
[ ERROR ][ Engine ][ GetTexture ] 'organic_manatree_Normal'가 없습니다.

[TIME] 04:46:06 [FILE] LoadManager.cpp [FUNC] LoadManager::GetTexture [LINE] 227
[ ERROR ][ Engine ][ GetTexture ] '0'가 없습니다.

[TIME] 04:46:06 [FILE] LoadManager.cpp [FUNC] LoadManager::GetTexture [LINE] 227
[ ERROR ][ Engine ][ GetTexture ] 'organic_manatree_ORM'가 없습니다.

[TIME] 04:46:06 [FILE] LoadManager.cpp [FUNC] LoadManager::GetTexture [LINE] 227
[ ERROR ][ Engine ][ GetTexture ] '0'가 없습니다.

[TIME] 04:46:06 [FILE] LoadManager.cpp [FUNC] LoadManager::GetTexture [LINE] 227
[ ERROR ][ Engine ][ GetTexture ] '0'가 없습니다.

[TIME] 04:46:06 [FILE] LoadManager.cpp [FUNC] LoadManager::GetTexture [LINE] 227
[ ERROR ][ Engine ][ GetTexture ] '0'가 없습니다.

[TIME] 04:46:06 [FILE] LoadManager.cpp [FUNC] LoadManager::GetTexture [LINE] 227
[ ERROR ][ Engine ][ GetTexture ] '0'가 없습니다.

[TIME] 04:46:06 [FILE] LoadManager.cpp [FUNC] LoadManager::GetTexture [LINE] 227
[ ERROR ][ Engine ][ GetTexture ] '0'가 없습니다.

[TIME] 04:46:06 [FILE] LoadManager.cpp [FUNC] LoadManager::GetTexture [LINE] 227
[ ERROR ][ Engine ][ GetTexture ] '0'가 없습니다.

[TIME] 04:46:06 [FILE] LoadManager.cpp [FUNC] LoadManager::GetTexture [LINE] 227
[ ERROR ][ Engine ][ GetTexture ] '0'가 없습니다.

[TIME] 04:46:06 [FILE] LoadManager.cpp [FUNC] LoadManager::GetTexture [LINE] 227
[ ERROR ][ Engine ][ GetTexture ] '0'가 없습니다.

[TIME] 04:46:06 [FILE] LoadManager.cpp [FUNC] LoadManager::GetTexture [LINE] 227
[ ERROR ][ Engine ][ GetTexture ] '0'가 없습니다.

[TIME] 04:46:06 [FILE] LoadManager.cpp [FUNC] LoadManager::GetTexture [LINE] 227
[ ERROR ][ Engine ][ GetTexture ] '0'가 없습니다.

[TIME] 04:46:06 [FILE] LoadManager.cpp [FUNC] LoadManager::GetTexture [LINE] 227
[ ERROR ][ Engine ][ GetTexture ] '0'가 없습니다.

[TIME] 04:46:06 [FILE] LoadManager.cpp [FUNC] LoadManager::GetTexture [LINE] 227
[ ERROR ][ Engine ][ GetTexture ] '0'가 없습니다.

[TIME] 04:46:06 [FILE] LoadManager.cpp [FUNC] LoadManager::GetTexture [LINE] 227
[ ERROR ][ Engine ][ GetTexture ] '0'가 없습니다.

[TIME] 04:46:06 [FILE] LoadManager.cpp [FUNC] LoadManager::GetTexture [LINE] 227
[ ERROR ][ Engine ][ GetTexture ] '0'가 없습니다.

[TIME] 04:46:06 [FILE] LoadManager.cpp [FUNC] LoadManager::GetTexture [LINE] 227
[ ERROR ][ Engine ][ GetTexture ] 'organic_mana_BaseColor'가 없습니다.

[TIME] 04:46:06 [FILE] LoadManager.cpp [FUNC] LoadManager::GetTexture [LINE] 227
[ ERROR ][ Engine ][ GetTexture ] 'organic_mana_Normal'가 없습니다.

[TIME] 04:46:06 [FILE] LoadManager.cpp [FUNC] LoadManager::GetTexture [LINE] 227
[ ERROR ][ Engine ][ GetTexture ] '0'가 없습니다.

[TIME] 04:46:06 [FILE] LoadManager.cpp [FUNC] LoadManager::GetTexture [LINE] 227
[ ERROR ][ Engine ][ GetTexture ] 'organic_mana_ORM'가 없습니다.

[TIME] 04:46:06 [FILE] LoadManager.cpp [FUNC] LoadManager::GetTexture [LINE] 227
[ ERROR ][ Engine ][ GetTexture ] '0'가 없습니다.

[TIME] 04:46:06 [FILE] LoadManager.cpp [FUNC] LoadManager::GetTexture [LINE] 227
[ ERROR ][ Engine ][ GetTexture ] '0'가 없습니다.

[TIME] 04:46:06 [FILE] LoadManager.cpp [FUNC] LoadManager::GetTexture [LINE] 227
[ ERROR ][ Engine ][ GetTexture ] '0'가 없습니다.

[TIME] 04:46:06 [FILE] LoadManager.cpp [FUNC] LoadManager::GetTexture [LINE] 227
[ ERROR ][ Engine ][ GetTexture ] '0'가 없습니다.

[TIME] 04:46:06 [FILE] LoadManager.cpp [FUNC] LoadManager::GetTexture [LINE] 227
[ ERROR ][ Engine ][ GetTexture ] '0'가 없습니다.

[TIME] 04:46:06 [FILE] LoadManager.cpp [FUNC] LoadManager::GetTexture [LINE] 227
[ ERROR ][ Engine ][ GetTexture ] 'Player_BaseColor'가 없습니다.

[TIME] 04:46:06 [FILE] LoadManager.cpp [FUNC] LoadManager::GetTexture [LINE] 227
[ ERROR ][ Engine ][ GetTexture ] 'Player_Normal'가 없습니다.

[TIME] 04:46:06 [FILE] LoadManager.cpp [FUNC] LoadManager::GetTexture [LINE] 227
[ ERROR ][ Engine ][ GetTexture ] '0'가 없습니다.

[TIME] 04:46:06 [FILE] LoadManager.cpp [FUNC] LoadManager::GetTexture [LINE] 227
[ ERROR ][ Engine ][ GetTexture ] 'Player_Emissive'가 없습니다.

[TIME] 04:46:06 [FILE] LoadManager.cpp [FUNC] LoadManager::GetTexture [LINE] 227
[ ERROR ][ Engine ][ GetTexture ] '0'가 없습니다.

[TIME] 04:46:06 [FILE] LoadManager.cpp [FUNC] LoadManager::GetTexture [LINE] 227
[ ERROR ][ Engine ][ GetTexture ] '0'가 없습니다.

[TIME] 04:46:06 [FILE] LoadManager.cpp [FUNC] LoadManager::GetTexture [LINE] 227
[ ERROR ][ Engine ][ GetTexture ] '0'가 없습니다.

[TIME] 04:46:06 [FILE] LoadManager.cpp [FUNC] LoadManager::GetTexture [LINE] 227
[ ERROR ][ Engine ][ GetTexture ] '0'가 없습니다.

[TIME] 04:46:23 [FILE] LoadManager.cpp [FUNC] LoadManager::GetSkyLight [LINE] 243
[ ERROR ][ Engine ][ GetSkyLight ] 'SkyLight_0'가 없습니다.

[TIME] 04:46:23 [FILE] LoadManager.cpp [FUNC] LoadManager::GetSkyLight [LINE] 243
[ ERROR ][ Engine ][ GetSkyLight ] 'SkyLight_1'가 없습니다.

[TIME] 04:47:42 [FILE] LoadManager.cpp [FUNC] LoadManager::GetTexture [LINE] 227
[ ERROR ][ Engine ][ GetTexture ] 'SkyLight_Convert_SkyLight_0'가 없습니다.

[TIME] 04:47:42 [FILE] LoadManager.cpp [FUNC] LoadManager::GetSkyLight [LINE] 243
[ ERROR ][ Engine ][ GetSkyLight ] 'SkyLight_Convert_SkyLight_0'가 없습니다.

[TIME] 04:47:46 [FILE] LoadManager.cpp [FUNC] LoadManager::GetTexture [LINE] 227
[ ERROR ][ Engine ][ GetTexture ] 'SkyLight_Convert_SkyLight_1'가 없습니다.

[TIME] 04:47:46 [FILE] LoadManager.cpp [FUNC] LoadManager::GetSkyLight [LINE] 243
[ ERROR ][ Engine ][ GetSkyLight ] 'SkyLight_Convert_SkyLight_1'가 없습니다.

[TIME] 04:48:06 [FILE] LoadManager.cpp [FUNC] LoadManager::GetMesh [LINE] 306
[ ERROR ][ Engine ][ GetMesh ] '_0'가 없습니다.

[TIME] 04:48:06 [FILE] LoadManager.cpp [FUNC] LoadManager::GetMaterial [LINE] 259
[ ERROR ][ Engine ][ GetMaterial ] ''가 없습니다.

