[TIME] 11:08:12 [FILE] LoadManager.cpp [FUNC] LoadManager::GetTexture [LINE] 227
[ ERROR ][ Engine ][ GetTexture ] '0'가 없습니다.

[TIME] 11:08:12 [FILE] LoadManager.cpp [FUNC] LoadManager::GetTexture [LINE] 227
[ ERROR ][ Engine ][ GetTexture ] '0'가 없습니다.

[TIME] 11:08:12 [FILE] LoadManager.cpp [FUNC] LoadManager::GetTexture [LINE] 227
[ ERROR ][ Engine ][ GetTexture ] '0'가 없습니다.

[TIME] 11:08:12 [FILE] LoadManager.cpp [FUNC] LoadManager::GetTexture [LINE] 227
[ ERROR ][ Engine ][ GetTexture ] '0'가 없습니다.

[TIME] 11:08:12 [FILE] LoadManager.cpp [FUNC] LoadManager::GetTexture [LINE] 227
[ ERROR ][ Engine ][ GetTexture ] '0'가 없습니다.

[TIME] 11:08:12 [FILE] LoadManager.cpp [FUNC] LoadManager::GetTexture [LINE] 227
[ ERROR ][ Engine ][ GetTexture ] '0'가 없습니다.

[TIME] 11:08:12 [FILE] LoadManager.cpp [FUNC] LoadManager::GetTexture [LINE] 227
[ ERROR ][ Engine ][ GetTexture ] '0'가 없습니다.

[TIME] 11:08:12 [FILE] LoadManager.cpp [FUNC] LoadManager::GetTexture [LINE] 227
[ ERROR ][ Engine ][ GetTexture ] '0'가 없습니다.

[TIME] 11:08:12 [FILE] LoadManager.cpp [FUNC] LoadManager::GetTexture [LINE] 227
[ ERROR ][ Engine ][ GetTexture ] '0'가 없습니다.

[TIME] 11:08:12 [FILE] LoadManager.cpp [FUNC] LoadManager::GetTexture [LINE] 227
[ ERROR ][ Engine ][ GetTexture ] '0'가 없습니다.

[TIME] 11:08:12 [FILE] LoadManager.cpp [FUNC] LoadManager::GetTexture [LINE] 227
[ ERROR ][ Engine ][ GetTexture ] '0'가 없습니다.

[TIME] 11:08:12 [FILE] LoadManager.cpp [FUNC] LoadManager::GetTexture [LINE] 227
[ ERROR ][ Engine ][ GetTexture ] '0'가 없습니다.

[TIME] 11:08:12 [FILE] LoadManager.cpp [FUNC] LoadManager::GetTexture [LINE] 227
[ ERROR ][ Engine ][ GetTexture ] '0'가 없습니다.

[TIME] 11:08:12 [FILE] LoadManager.cpp [FUNC] LoadManager::GetTexture [LINE] 227
[ ERROR ][ Engine ][ GetTexture ] '0'가 없습니다.

[TIME] 11:08:12 [FILE] LoadManager.cpp [FUNC] LoadManager::GetTexture [LINE] 227
[ ERROR ][ Engine ][ GetTexture ] '0'가 없습니다.

[TIME] 11:08:12 [FILE] LoadManager.cpp [FUNC] LoadManager::GetTexture [LINE] 227
[ ERROR ][ Engine ][ GetTexture ] '0'가 없습니다.

[TIME] 11:08:12 [FILE] LoadManager.cpp [FUNC] LoadManager::GetTexture [LINE] 227
[ ERROR ][ Engine ][ GetTexture ] '0'가 없습니다.

[TIME] 11:08:12 [FILE] LoadManager.cpp [FUNC] LoadManager::GetTexture [LINE] 227
[ ERROR ][ Engine ][ GetTexture ] '0'가 없습니다.

[TIME] 11:08:12 [FILE] LoadManager.cpp [FUNC] LoadManager::GetTexture [LINE] 227
[ ERROR ][ Engine ][ GetTexture ] '0'가 없습니다.

[TIME] 11:08:12 [FILE] LoadManager.cpp [FUNC] LoadManager::GetTexture [LINE] 227
[ ERROR ][ Engine ][ GetTexture ] '0'가 없습니다.

[TIME] 11:08:12 [FILE] LoadManager.cpp [FUNC] LoadManager::GetTexture [LINE] 227
[ ERROR ][ Engine ][ GetTexture ] 'organic_manatree_BaseColor'가 없습니다.

[TIME] 11:08:12 [FILE] LoadManager.cpp [FUNC] LoadManager::GetTexture [LINE] 227
[ ERROR ][ Engine ][ GetTexture ] 'organic_manatree_Normal'가 없습니다.

[TIME] 11:08:12 [FILE] LoadManager.cpp [FUNC] LoadManager::GetTexture [LINE] 227
[ ERROR ][ Engine ][ GetTexture ] '0'가 없습니다.

[TIME] 11:08:12 [FILE] LoadManager.cpp [FUNC] LoadManager::GetTexture [LINE] 227
[ ERROR ][ Engine ][ GetTexture ] 'organic_manatree_ORM'가 없습니다.

[TIME] 11:08:12 [FILE] LoadManager.cpp [FUNC] LoadManager::GetTexture [LINE] 227
[ ERROR ][ Engine ][ GetTexture ] '0'가 없습니다.

[TIME] 11:08:12 [FILE] LoadManager.cpp [FUNC] LoadManager::GetTexture [LINE] 227
[ ERROR ][ Engine ][ GetTexture ] '0'가 없습니다.

[TIME] 11:08:12 [FILE] LoadManager.cpp [FUNC] LoadManager::GetTexture [LINE] 227
[ ERROR ][ Engine ][ GetTexture ] '0'가 없습니다.

[TIME] 11:08:12 [FILE] LoadManager.cpp [FUNC] LoadManager::GetTexture [LINE] 227
[ ERROR ][ Engine ][ GetTexture ] '0'가 없습니다.

[TIME] 11:08:12 [FILE] LoadManager.cpp [FUNC] LoadManager::GetTexture [LINE] 227
[ ERROR ][ Engine ][ GetTexture ] '0'가 없습니다.

[TIME] 11:08:12 [FILE] LoadManager.cpp [FUNC] LoadManager::GetTexture [LINE] 227
[ ERROR ][ Engine ][ GetTexture ] '0'가 없습니다.

[TIME] 11:08:12 [FILE] LoadManager.cpp [FUNC] LoadManager::GetTexture [LINE] 227
[ ERROR ][ Engine ][ GetTexture ] '0'가 없습니다.

[TIME] 11:08:12 [FILE] LoadManager.cpp [FUNC] LoadManager::GetTexture [LINE] 227
[ ERROR ][ Engine ][ GetTexture ] '0'가 없습니다.

[TIME] 11:08:12 [FILE] LoadManager.cpp [FUNC] LoadManager::GetTexture [LINE] 227
[ ERROR ][ Engine ][ GetTexture ] '0'가 없습니다.

[TIME] 11:08:12 [FILE] LoadManager.cpp [FUNC] LoadManager::GetTexture [LINE] 227
[ ERROR ][ Engine ][ GetTexture ] '0'가 없습니다.

[TIME] 11:08:12 [FILE] LoadManager.cpp [FUNC] LoadManager::GetTexture [LINE] 227
[ ERROR ][ Engine ][ GetTexture ] '0'가 없습니다.

[TIME] 11:08:12 [FILE] LoadManager.cpp [FUNC] LoadManager::GetTexture [LINE] 227
[ ERROR ][ Engine ][ GetTexture ] '0'가 없습니다.

[TIME] 11:08:12 [FILE] LoadManager.cpp [FUNC] LoadManager::GetTexture [LINE] 227
[ ERROR ][ Engine ][ GetTexture ] '0'가 없습니다.

[TIME] 11:08:12 [FILE] LoadManager.cpp [FUNC] LoadManager::GetTexture [LINE] 227
[ ERROR ][ Engine ][ GetTexture ] '0'가 없습니다.

[TIME] 11:08:12 [FILE] LoadManager.cpp [FUNC] LoadManager::GetTexture [LINE] 227
[ ERROR ][ Engine ][ GetTexture ] 'organic_mana_BaseColor'가 없습니다.

[TIME] 11:08:12 [FILE] LoadManager.cpp [FUNC] LoadManager::GetTexture [LINE] 227
[ ERROR ][ Engine ][ GetTexture ] 'organic_mana_Normal'가 없습니다.

[TIME] 11:08:12 [FILE] LoadManager.cpp [FUNC] LoadManager::GetTexture [LINE] 227
[ ERROR ][ Engine ][ GetTexture ] '0'가 없습니다.

[TIME] 11:08:12 [FILE] LoadManager.cpp [FUNC] LoadManager::GetTexture [LINE] 227
[ ERROR ][ Engine ][ GetTexture ] 'organic_mana_ORM'가 없습니다.

[TIME] 11:08:12 [FILE] LoadManager.cpp [FUNC] LoadManager::GetTexture [LINE] 227
[ ERROR ][ Engine ][ GetTexture ] '0'가 없습니다.

[TIME] 11:08:12 [FILE] LoadManager.cpp [FUNC] LoadManager::GetTexture [LINE] 227
[ ERROR ][ Engine ][ GetTexture ] '0'가 없습니다.

[TIME] 11:08:12 [FILE] LoadManager.cpp [FUNC] LoadManager::GetTexture [LINE] 227
[ ERROR ][ Engine ][ GetTexture ] '0'가 없습니다.

[TIME] 11:08:12 [FILE] LoadManager.cpp [FUNC] LoadManager::GetTexture [LINE] 227
[ ERROR ][ Engine ][ GetTexture ] '0'가 없습니다.

[TIME] 11:08:12 [FILE] LoadManager.cpp [FUNC] LoadManager::GetTexture [LINE] 227
[ ERROR ][ Engine ][ GetTexture ] '0'가 없습니다.

[TIME] 11:08:12 [FILE] LoadManager.cpp [FUNC] LoadManager::GetTexture [LINE] 227
[ ERROR ][ Engine ][ GetTexture ] 'Player_BaseColor'가 없습니다.

[TIME] 11:08:12 [FILE] LoadManager.cpp [FUNC] LoadManager::GetTexture [LINE] 227
[ ERROR ][ Engine ][ GetTexture ] 'Player_Normal'가 없습니다.

[TIME] 11:08:12 [FILE] LoadManager.cpp [FUNC] LoadManager::GetTexture [LINE] 227
[ ERROR ][ Engine ][ GetTexture ] '0'가 없습니다.

[TIME] 11:08:12 [FILE] LoadManager.cpp [FUNC] LoadManager::GetTexture [LINE] 227
[ ERROR ][ Engine ][ GetTexture ] 'Player_Emissive'가 없습니다.

[TIME] 11:08:12 [FILE] LoadManager.cpp [FUNC] LoadManager::GetTexture [LINE] 227
[ ERROR ][ Engine ][ GetTexture ] '0'가 없습니다.

[TIME] 11:08:12 [FILE] LoadManager.cpp [FUNC] LoadManager::GetTexture [LINE] 227
[ ERROR ][ Engine ][ GetTexture ] '0'가 없습니다.

[TIME] 11:08:12 [FILE] LoadManager.cpp [FUNC] LoadManager::GetTexture [LINE] 227
[ ERROR ][ Engine ][ GetTexture ] '0'가 없습니다.

[TIME] 11:08:12 [FILE] LoadManager.cpp [FUNC] LoadManager::GetTexture [LINE] 227
[ ERROR ][ Engine ][ GetTexture ] '0'가 없습니다.

[TIME] 11:08:33 [FILE] LoadManager.cpp [FUNC] LoadManager::GetSkyLight [LINE] 243
[ ERROR ][ Engine ][ GetSkyLight ] 'SkyLight_0'가 없습니다.

[TIME] 11:08:33 [FILE] LoadManager.cpp [FUNC] LoadManager::GetSkyLight [LINE] 243
[ ERROR ][ Engine ][ GetSkyLight ] 'SkyLight_1'가 없습니다.

[TIME] 11:09:27 [FILE] LoadManager.cpp [FUNC] LoadManager::GetMaterial [LINE] 259
[ ERROR ][ Engine ][ GetMaterial ] ''가 없습니다.

[TIME] 11:09:27 [FILE] LoadManager.cpp [FUNC] LoadManager::GetTexture [LINE] 227
[ ERROR ][ Engine ][ GetTexture ] 'particle_hotCloud'가 없습니다.

[TIME] 15:57:35 [FILE] LoadManager.cpp [FUNC] LoadManager::GetTexture [LINE] 227
[ ERROR ][ Engine ][ GetTexture ] '0'가 없습니다.

[TIME] 15:57:35 [FILE] LoadManager.cpp [FUNC] LoadManager::GetTexture [LINE] 227
[ ERROR ][ Engine ][ GetTexture ] '0'가 없습니다.

[TIME] 15:57:35 [FILE] LoadManager.cpp [FUNC] LoadManager::GetTexture [LINE] 227
[ ERROR ][ Engine ][ GetTexture ] '0'가 없습니다.

[TIME] 15:57:35 [FILE] LoadManager.cpp [FUNC] LoadManager::GetTexture [LINE] 227
[ ERROR ][ Engine ][ GetTexture ] '0'가 없습니다.

[TIME] 15:57:35 [FILE] LoadManager.cpp [FUNC] LoadManager::GetTexture [LINE] 227
[ ERROR ][ Engine ][ GetTexture ] '0'가 없습니다.

[TIME] 15:57:35 [FILE] LoadManager.cpp [FUNC] LoadManager::GetTexture [LINE] 227
[ ERROR ][ Engine ][ GetTexture ] '0'가 없습니다.

[TIME] 15:57:35 [FILE] LoadManager.cpp [FUNC] LoadManager::GetTexture [LINE] 227
[ ERROR ][ Engine ][ GetTexture ] '0'가 없습니다.

[TIME] 15:57:35 [FILE] LoadManager.cpp [FUNC] LoadManager::GetTexture [LINE] 227
[ ERROR ][ Engine ][ GetTexture ] '0'가 없습니다.

[TIME] 15:57:35 [FILE] LoadManager.cpp [FUNC] LoadManager::GetTexture [LINE] 227
[ ERROR ][ Engine ][ GetTexture ] '0'가 없습니다.

[TIME] 15:57:35 [FILE] LoadManager.cpp [FUNC] LoadManager::GetTexture [LINE] 227
[ ERROR ][ Engine ][ GetTexture ] '0'가 없습니다.

[TIME] 15:57:35 [FILE] LoadManager.cpp [FUNC] LoadManager::GetTexture [LINE] 227
[ ERROR ][ Engine ][ GetTexture ] '0'가 없습니다.

[TIME] 15:57:35 [FILE] LoadManager.cpp [FUNC] LoadManager::GetTexture [LINE] 227
[ ERROR ][ Engine ][ GetTexture ] '0'가 없습니다.

[TIME] 15:57:35 [FILE] LoadManager.cpp [FUNC] LoadManager::GetTexture [LINE] 227
[ ERROR ][ Engine ][ GetTexture ] '0'가 없습니다.

[TIME] 15:57:35 [FILE] LoadManager.cpp [FUNC] LoadManager::GetTexture [LINE] 227
[ ERROR ][ Engine ][ GetTexture ] '0'가 없습니다.

[TIME] 15:57:35 [FILE] LoadManager.cpp [FUNC] LoadManager::GetTexture [LINE] 227
[ ERROR ][ Engine ][ GetTexture ] '0'가 없습니다.

[TIME] 15:57:35 [FILE] LoadManager.cpp [FUNC] LoadManager::GetTexture [LINE] 227
[ ERROR ][ Engine ][ GetTexture ] '0'가 없습니다.

[TIME] 15:57:35 [FILE] LoadManager.cpp [FUNC] LoadManager::GetTexture [LINE] 227
[ ERROR ][ Engine ][ GetTexture ] '0'가 없습니다.

[TIME] 15:57:35 [FILE] LoadManager.cpp [FUNC] LoadManager::GetTexture [LINE] 227
[ ERROR ][ Engine ][ GetTexture ] '0'가 없습니다.

[TIME] 15:57:35 [FILE] LoadManager.cpp [FUNC] LoadManager::GetTexture [LINE] 227
[ ERROR ][ Engine ][ GetTexture ] '0'가 없습니다.

[TIME] 15:57:35 [FILE] LoadManager.cpp [FUNC] LoadManager::GetTexture [LINE] 227
[ ERROR ][ Engine ][ GetTexture ] '0'가 없습니다.

[TIME] 15:57:35 [FILE] LoadManager.cpp [FUNC] LoadManager::GetTexture [LINE] 227
[ ERROR ][ Engine ][ GetTexture ] 'organic_manatree_BaseColor'가 없습니다.

[TIME] 15:57:35 [FILE] LoadManager.cpp [FUNC] LoadManager::GetTexture [LINE] 227
[ ERROR ][ Engine ][ GetTexture ] 'organic_manatree_Normal'가 없습니다.

[TIME] 15:57:35 [FILE] LoadManager.cpp [FUNC] LoadManager::GetTexture [LINE] 227
[ ERROR ][ Engine ][ GetTexture ] '0'가 없습니다.

[TIME] 15:57:35 [FILE] LoadManager.cpp [FUNC] LoadManager::GetTexture [LINE] 227
[ ERROR ][ Engine ][ GetTexture ] 'organic_manatree_ORM'가 없습니다.

[TIME] 15:57:35 [FILE] LoadManager.cpp [FUNC] LoadManager::GetTexture [LINE] 227
[ ERROR ][ Engine ][ GetTexture ] '0'가 없습니다.

[TIME] 15:57:35 [FILE] LoadManager.cpp [FUNC] LoadManager::GetTexture [LINE] 227
[ ERROR ][ Engine ][ GetTexture ] '0'가 없습니다.

[TIME] 15:57:35 [FILE] LoadManager.cpp [FUNC] LoadManager::GetTexture [LINE] 227
[ ERROR ][ Engine ][ GetTexture ] '0'가 없습니다.

[TIME] 15:57:35 [FILE] LoadManager.cpp [FUNC] LoadManager::GetTexture [LINE] 227
[ ERROR ][ Engine ][ GetTexture ] '0'가 없습니다.

[TIME] 15:57:35 [FILE] LoadManager.cpp [FUNC] LoadManager::GetTexture [LINE] 227
[ ERROR ][ Engine ][ GetTexture ] '0'가 없습니다.

[TIME] 15:57:35 [FILE] LoadManager.cpp [FUNC] LoadManager::GetTexture [LINE] 227
[ ERROR ][ Engine ][ GetTexture ] '0'가 없습니다.

[TIME] 15:57:35 [FILE] LoadManager.cpp [FUNC] LoadManager::GetTexture [LINE] 227
[ ERROR ][ Engine ][ GetTexture ] '0'가 없습니다.

[TIME] 15:57:35 [FILE] LoadManager.cpp [FUNC] LoadManager::GetTexture [LINE] 227
[ ERROR ][ Engine ][ GetTexture ] '0'가 없습니다.

[TIME] 15:57:35 [FILE] LoadManager.cpp [FUNC] LoadManager::GetTexture [LINE] 227
[ ERROR ][ Engine ][ GetTexture ] '0'가 없습니다.

[TIME] 15:57:35 [FILE] LoadManager.cpp [FUNC] LoadManager::GetTexture [LINE] 227
[ ERROR ][ Engine ][ GetTexture ] '0'가 없습니다.

[TIME] 15:57:35 [FILE] LoadManager.cpp [FUNC] LoadManager::GetTexture [LINE] 227
[ ERROR ][ Engine ][ GetTexture ] '0'가 없습니다.

[TIME] 15:57:35 [FILE] LoadManager.cpp [FUNC] LoadManager::GetTexture [LINE] 227
[ ERROR ][ Engine ][ GetTexture ] '0'가 없습니다.

[TIME] 15:57:35 [FILE] LoadManager.cpp [FUNC] LoadManager::GetTexture [LINE] 227
[ ERROR ][ Engine ][ GetTexture ] '0'가 없습니다.

[TIME] 15:57:35 [FILE] LoadManager.cpp [FUNC] LoadManager::GetTexture [LINE] 227
[ ERROR ][ Engine ][ GetTexture ] '0'가 없습니다.

[TIME] 15:57:35 [FILE] LoadManager.cpp [FUNC] LoadManager::GetTexture [LINE] 227
[ ERROR ][ Engine ][ GetTexture ] 'organic_mana_BaseColor'가 없습니다.

[TIME] 15:57:35 [FILE] LoadManager.cpp [FUNC] LoadManager::GetTexture [LINE] 227
[ ERROR ][ Engine ][ GetTexture ] 'organic_mana_Normal'가 없습니다.

[TIME] 15:57:35 [FILE] LoadManager.cpp [FUNC] LoadManager::GetTexture [LINE] 227
[ ERROR ][ Engine ][ GetTexture ] '0'가 없습니다.

[TIME] 15:57:35 [FILE] LoadManager.cpp [FUNC] LoadManager::GetTexture [LINE] 227
[ ERROR ][ Engine ][ GetTexture ] 'organic_mana_ORM'가 없습니다.

[TIME] 15:57:35 [FILE] LoadManager.cpp [FUNC] LoadManager::GetTexture [LINE] 227
[ ERROR ][ Engine ][ GetTexture ] '0'가 없습니다.

[TIME] 15:57:35 [FILE] LoadManager.cpp [FUNC] LoadManager::GetTexture [LINE] 227
[ ERROR ][ Engine ][ GetTexture ] '0'가 없습니다.

[TIME] 15:57:35 [FILE] LoadManager.cpp [FUNC] LoadManager::GetTexture [LINE] 227
[ ERROR ][ Engine ][ GetTexture ] '0'가 없습니다.

[TIME] 15:57:35 [FILE] LoadManager.cpp [FUNC] LoadManager::GetTexture [LINE] 227
[ ERROR ][ Engine ][ GetTexture ] '0'가 없습니다.

[TIME] 15:57:35 [FILE] LoadManager.cpp [FUNC] LoadManager::GetTexture [LINE] 227
[ ERROR ][ Engine ][ GetTexture ] '0'가 없습니다.

[TIME] 15:57:35 [FILE] LoadManager.cpp [FUNC] LoadManager::GetTexture [LINE] 227
[ ERROR ][ Engine ][ GetTexture ] 'Player_BaseColor'가 없습니다.

[TIME] 15:57:35 [FILE] LoadManager.cpp [FUNC] LoadManager::GetTexture [LINE] 227
[ ERROR ][ Engine ][ GetTexture ] 'Player_Normal'가 없습니다.

[TIME] 15:57:35 [FILE] LoadManager.cpp [FUNC] LoadManager::GetTexture [LINE] 227
[ ERROR ][ Engine ][ GetTexture ] '0'가 없습니다.

[TIME] 15:57:35 [FILE] LoadManager.cpp [FUNC] LoadManager::GetTexture [LINE] 227
[ ERROR ][ Engine ][ GetTexture ] 'Player_Emissive'가 없습니다.

[TIME] 15:57:35 [FILE] LoadManager.cpp [FUNC] LoadManager::GetTexture [LINE] 227
[ ERROR ][ Engine ][ GetTexture ] '0'가 없습니다.

[TIME] 15:57:35 [FILE] LoadManager.cpp [FUNC] LoadManager::GetTexture [LINE] 227
[ ERROR ][ Engine ][ GetTexture ] '0'가 없습니다.

[TIME] 15:57:35 [FILE] LoadManager.cpp [FUNC] LoadManager::GetTexture [LINE] 227
[ ERROR ][ Engine ][ GetTexture ] '0'가 없습니다.

[TIME] 15:57:35 [FILE] LoadManager.cpp [FUNC] LoadManager::GetTexture [LINE] 227
[ ERROR ][ Engine ][ GetTexture ] '0'가 없습니다.

[TIME] 15:57:56 [FILE] LoadManager.cpp [FUNC] LoadManager::GetSkyLight [LINE] 243
[ ERROR ][ Engine ][ GetSkyLight ] 'SkyLight_0'가 없습니다.

[TIME] 15:57:56 [FILE] LoadManager.cpp [FUNC] LoadManager::GetSkyLight [LINE] 243
[ ERROR ][ Engine ][ GetSkyLight ] 'SkyLight_1'가 없습니다.

[TIME] 16:23:29 [FILE] LoadManager.cpp [FUNC] LoadManager::GetTexture [LINE] 227
[ ERROR ][ Engine ][ GetTexture ] '0'가 없습니다.

[TIME] 16:23:29 [FILE] LoadManager.cpp [FUNC] LoadManager::GetTexture [LINE] 227
[ ERROR ][ Engine ][ GetTexture ] '0'가 없습니다.

[TIME] 16:23:29 [FILE] LoadManager.cpp [FUNC] LoadManager::GetTexture [LINE] 227
[ ERROR ][ Engine ][ GetTexture ] '0'가 없습니다.

[TIME] 16:23:29 [FILE] LoadManager.cpp [FUNC] LoadManager::GetTexture [LINE] 227
[ ERROR ][ Engine ][ GetTexture ] '0'가 없습니다.

[TIME] 16:23:29 [FILE] LoadManager.cpp [FUNC] LoadManager::GetTexture [LINE] 227
[ ERROR ][ Engine ][ GetTexture ] '0'가 없습니다.

[TIME] 16:23:29 [FILE] LoadManager.cpp [FUNC] LoadManager::GetTexture [LINE] 227
[ ERROR ][ Engine ][ GetTexture ] '0'가 없습니다.

[TIME] 16:23:29 [FILE] LoadManager.cpp [FUNC] LoadManager::GetTexture [LINE] 227
[ ERROR ][ Engine ][ GetTexture ] '0'가 없습니다.

[TIME] 16:23:29 [FILE] LoadManager.cpp [FUNC] LoadManager::GetTexture [LINE] 227
[ ERROR ][ Engine ][ GetTexture ] '0'가 없습니다.

[TIME] 16:23:29 [FILE] LoadManager.cpp [FUNC] LoadManager::GetTexture [LINE] 227
[ ERROR ][ Engine ][ GetTexture ] '0'가 없습니다.

[TIME] 16:23:29 [FILE] LoadManager.cpp [FUNC] LoadManager::GetTexture [LINE] 227
[ ERROR ][ Engine ][ GetTexture ] '0'가 없습니다.

[TIME] 16:23:29 [FILE] LoadManager.cpp [FUNC] LoadManager::GetTexture [LINE] 227
[ ERROR ][ Engine ][ GetTexture ] '0'가 없습니다.

[TIME] 16:23:29 [FILE] LoadManager.cpp [FUNC] LoadManager::GetTexture [LINE] 227
[ ERROR ][ Engine ][ GetTexture ] '0'가 없습니다.

[TIME] 16:23:29 [FILE] LoadManager.cpp [FUNC] LoadManager::GetTexture [LINE] 227
[ ERROR ][ Engine ][ GetTexture ] '0'가 없습니다.

[TIME] 16:23:29 [FILE] LoadManager.cpp [FUNC] LoadManager::GetTexture [LINE] 227
[ ERROR ][ Engine ][ GetTexture ] '0'가 없습니다.

[TIME] 16:23:29 [FILE] LoadManager.cpp [FUNC] LoadManager::GetTexture [LINE] 227
[ ERROR ][ Engine ][ GetTexture ] '0'가 없습니다.

[TIME] 16:23:29 [FILE] LoadManager.cpp [FUNC] LoadManager::GetTexture [LINE] 227
[ ERROR ][ Engine ][ GetTexture ] '0'가 없습니다.

[TIME] 16:23:29 [FILE] LoadManager.cpp [FUNC] LoadManager::GetTexture [LINE] 227
[ ERROR ][ Engine ][ GetTexture ] '0'가 없습니다.

[TIME] 16:23:29 [FILE] LoadManager.cpp [FUNC] LoadManager::GetTexture [LINE] 227
[ ERROR ][ Engine ][ GetTexture ] '0'가 없습니다.

[TIME] 16:23:29 [FILE] LoadManager.cpp [FUNC] LoadManager::GetTexture [LINE] 227
[ ERROR ][ Engine ][ GetTexture ] '0'가 없습니다.

[TIME] 16:23:29 [FILE] LoadManager.cpp [FUNC] LoadManager::GetTexture [LINE] 227
[ ERROR ][ Engine ][ GetTexture ] '0'가 없습니다.

[TIME] 16:23:29 [FILE] LoadManager.cpp [FUNC] LoadManager::GetTexture [LINE] 227
[ ERROR ][ Engine ][ GetTexture ] 'organic_manatree_BaseColor'가 없습니다.

[TIME] 16:23:29 [FILE] LoadManager.cpp [FUNC] LoadManager::GetTexture [LINE] 227
[ ERROR ][ Engine ][ GetTexture ] 'organic_manatree_Normal'가 없습니다.

[TIME] 16:23:29 [FILE] LoadManager.cpp [FUNC] LoadManager::GetTexture [LINE] 227
[ ERROR ][ Engine ][ GetTexture ] '0'가 없습니다.

[TIME] 16:23:29 [FILE] LoadManager.cpp [FUNC] LoadManager::GetTexture [LINE] 227
[ ERROR ][ Engine ][ GetTexture ] 'organic_manatree_ORM'가 없습니다.

[TIME] 16:23:29 [FILE] LoadManager.cpp [FUNC] LoadManager::GetTexture [LINE] 227
[ ERROR ][ Engine ][ GetTexture ] '0'가 없습니다.

[TIME] 16:23:29 [FILE] LoadManager.cpp [FUNC] LoadManager::GetTexture [LINE] 227
[ ERROR ][ Engine ][ GetTexture ] '0'가 없습니다.

[TIME] 16:23:29 [FILE] LoadManager.cpp [FUNC] LoadManager::GetTexture [LINE] 227
[ ERROR ][ Engine ][ GetTexture ] '0'가 없습니다.

[TIME] 16:23:29 [FILE] LoadManager.cpp [FUNC] LoadManager::GetTexture [LINE] 227
[ ERROR ][ Engine ][ GetTexture ] '0'가 없습니다.

[TIME] 16:23:29 [FILE] LoadManager.cpp [FUNC] LoadManager::GetTexture [LINE] 227
[ ERROR ][ Engine ][ GetTexture ] '0'가 없습니다.

[TIME] 16:23:29 [FILE] LoadManager.cpp [FUNC] LoadManager::GetTexture [LINE] 227
[ ERROR ][ Engine ][ GetTexture ] '0'가 없습니다.

[TIME] 16:23:29 [FILE] LoadManager.cpp [FUNC] LoadManager::GetTexture [TIME] 16:29:25 [FILE] LoadManager.cpp [FUNC] LoadManager::GetTexture [LINE] 227
[ ERROR ][ Engine ][ GetTexture ] '0'가 없습니다.

[TIME] 16:29:25 [FILE] LoadManager.cpp [FUNC] LoadManager::GetTexture [LINE] 227
[ ERROR ][ Engine ][ GetTexture ] '0'가 없습니다.

[TIME] 16:29:25 [FILE] LoadManager.cpp [FUNC] LoadManager::GetTexture [LINE] 227
[ ERROR ][ Engine ][ GetTexture ] '0'가 없습니다.

[TIME] 16:29:25 [FILE] LoadManager.cpp [FUNC] LoadManager::GetTexture [LINE] 227
[ ERROR ][ Engine ][ GetTexture ] '0'가 없습니다.

[TIME] 16:29:25 [FILE] LoadManager.cpp [FUNC] LoadManager::GetTexture [LINE] 227
[ ERROR ][ Engine ][ GetTexture ] '0'가 없습니다.

[TIME] 16:29:25 [FILE] LoadManager.cpp [FUNC] LoadManager::GetTexture [LINE] 227
[ ERROR ][ Engine ][ GetTexture ] '0'가 없습니다.

[TIME] 16:29:25 [FILE] LoadManager.cpp [FUNC] LoadManager::GetTexture [LINE] 227
[ ERROR ][ Engine ][ GetTexture ] '0'가 없습니다.

[TIME] 16:29:25 [FILE] LoadManager.cpp [FUNC] LoadManager::GetTexture [LINE] 227
[ ERROR ][ Engine ][ GetTexture ] '0'가 없습니다.

[TIME] 16:29:25 [FILE] LoadManager.cpp [FUNC] LoadManager::GetTexture [LINE] 227
[ ERROR ][ Engine ][ GetTexture ] '0'가 없습니다.

[TIME] 16:29:25 [FILE] LoadManager.cpp [FUNC] LoadManager::GetTexture [LINE] 227
[ ERROR ][ Engine ][ GetTexture ] '0'가 없습니다.

[TIME] 16:29:25 [FILE] LoadManager.cpp [FUNC] LoadManager::GetTexture [LINE] 227
[ ERROR ][ Engine ][ GetTexture ] '0'가 없습니다.

[TIME] 16:29:25 [FILE] LoadManager.cpp [FUNC] LoadManager::GetTexture [LINE] 227
[ ERROR ][ Engine ][ GetTexture ] '0'가 없습니다.

[TIME] 16:29:25 [FILE] LoadManager.cpp [FUNC] LoadManager::GetTexture [LINE] 227
[ ERROR ][ Engine ][ GetTexture ] '0'가 없습니다.

[TIME] 16:29:25 [FILE] LoadManager.cpp [FUNC] LoadManager::GetTexture [LINE] 227
[ ERROR ][ Engine ][ GetTexture ] '0'가 없습니다.

[TIME] 16:29:25 [FILE] LoadManager.cpp [FUNC] LoadManager::GetTexture [LINE] 227
[ ERROR ][ Engine ][ GetTexture ] '0'가 없습니다.

[TIME] 16:29:25 [FILE] LoadManager.cpp [FUNC] LoadManager::GetTexture [LINE] 227
[ ERROR ][ Engine ][ GetTexture ] '0'가 없습니다.

[TIME] 16:29:25 [FILE] LoadManager.cpp [FUNC] LoadManager::GetTexture [LINE] 227
[ ERROR ][ Engine ][ GetTexture ] '0'가 없습니다.

[TIME] 16:29:25 [FILE] LoadManager.cpp [FUNC] LoadManager::GetTexture [LINE] 227
[ ERROR ][ Engine ][ GetTexture ] '0'가 없습니다.

[TIME] 16:29:25 [FILE] LoadManager.cpp [FUNC] LoadManager::GetTexture [LINE] 227
[ ERROR ][ Engine ][ GetTexture ] '0'가 없습니다.

[TIME] 16:29:25 [FILE] LoadManager.cpp [FUNC] LoadManager::GetTexture [LINE] 227
[ ERROR ][ Engine ][ GetTexture ] '0'가 없습니다.

[TIME] 16:29:25 [FILE] LoadManager.cpp [FUNC] LoadManager::GetTexture [LINE] 227
[ ERROR ][ Engine ][ GetTexture ] 'organic_manatree_BaseColor'가 없습니다.

[TIME] 16:29:25 [FILE] LoadManager.cpp [FUNC] LoadManager::GetTexture [LINE] 227
[ ERROR ][ Engine ][ GetTexture ] 'organic_manatree_Normal'가 없습니다.

[TIME] 16:29:25 [FILE] LoadManager.cpp [FUNC] LoadManager::GetTexture [LINE] 227
[ ERROR ][ Engine ][ GetTexture ] '0'가 없습니다.

[TIME] 16:29:25 [FILE] LoadManager.cpp [FUNC] LoadManager::GetTexture [LINE] 227
[ ERROR ][ Engine ][ GetTexture ] 'organic_manatree_ORM'가 없습니다.

[TIME] 16:29:25 [FILE] LoadManager.cpp [FUNC] LoadManager::GetTexture [LINE] 227
[ ERROR ][ Engine ][ GetTexture ] '0'가 없습니다.

[TIME] 16:29:25 [FILE] LoadManager.cpp [FUNC] LoadManager::GetTexture [LINE] 227
[ ERROR ][ Engine ][ GetTexture ] '0'가 없습니다.

[TIME] 16:29:25 [FILE] LoadManager.cpp [FUNC] LoadManager::GetTexture [LINE] 227
[ ERROR ][ Engine ][ GetTexture ] '0'가 없습니다.

[TIME] 16:29:25 [FILE] LoadManager.cpp [FUNC] LoadManager::GetTexture [LINE] 227
[ ERROR ][ Engine ][ GetTexture ] '0'가 없습니다.

[TIME] 16:29:25 [FILE] LoadManager.cpp [FUNC] LoadManager::GetTexture [LINE] 227
[ ERROR ][ Engine ][ GetTexture ] '0'가 없습니다.

[TIME] 16:29:25 [FILE] LoadManager.cpp [FUNC] LoadManager::GetTexture [LINE] 227
[ ERROR ][ Engine ][ GetTexture ] '0'가 없습니다.

[TIME] 16:29:25 [FILE] LoadManager.cpp [FUNC] LoadManager::GetTexture [LINE] 227
[ ERROR ][ Engine ][ GetTexture ] '0'가 없습니다.

[TIME] 16:29:25 [FILE] LoadManager.cpp [FUNC] LoadManager::GetTexture [LINE] 227
[ ERROR ][ Engine ][ GetTexture ] '0'가 없습니다.

[TIME] 16:29:25 [FILE] LoadManager.cpp [FUNC] LoadManager::GetTexture [LINE] 227
[ ERROR ][ Engine ][ GetTexture ] '0'가 없습니다.

[TIME] 16:29:25 [FILE] LoadManager.cpp [FUNC] LoadManager::GetTexture [LINE] 227
[ ERROR ][ Engine ][ GetTexture ] '0'가 없습니다.

[TIME] 16:29:25 [FILE] LoadManager.cpp [FUNC] LoadManager::GetTexture [LINE] 227
[ ERROR ][ Engine ][ GetTexture ] '0'가 없습니다.

[TIME] 16:29:25 [FILE] LoadManager.cpp [FUNC] LoadManager::GetTexture [LINE] 227
[ ERROR ][ Engine ][ GetTexture ] '0'가 없습니다.

[TIME] 16:29:25 [FILE] LoadManager.cpp [FUNC] LoadManager::GetTexture [LINE] 227
[ ERROR ][ Engine ][ GetTexture ] '0'가 없습니다.

[TIME] 16:29:25 [FILE] LoadManager.cpp [FUNC] LoadManager::GetTexture [LINE] 227
[ ERROR ][ Engine ][ GetTexture ] '0'가 없습니다.

[TIME] 16:29:25 [FILE] LoadManager.cpp [FUNC] LoadManager::GetTexture [LINE] 227
[ ERROR ][ Engine ][ GetTexture ] 'organic_mana_BaseColor'가 없습니다.

[TIME] 16:29:25 [FILE] LoadManager.cpp [FUNC] LoadManager::GetTexture [LINE] 227
[ ERROR ][ Engine ][ GetTexture ] 'organic_mana_Normal'가 없습니다.

[TIME] 16:29:25 [FILE] LoadManager.cpp [FUNC] LoadManager::GetTexture [LINE] 227
[ ERROR ][ Engine ][ GetTexture ] '0'가 없습니다.

[TIME] 16:29:25 [FILE] LoadManager.cpp [FUNC] LoadManager::GetTexture [LINE] 227
[ ERROR ][ Engine ][ GetTexture ] 'organic_mana_ORM'가 없습니다.

[TIME] 16:29:25 [FILE] LoadManager.cpp [FUNC] LoadManager::GetTexture [LINE] 227
[ ERROR ][ Engine ][ GetTexture ] '0'가 없습니다.

[TIME] 16:29:25 [FILE] LoadManager.cpp [FUNC] LoadManager::GetTexture [LINE] 227
[ ERROR ][ Engine ][ GetTexture ] '0'가 없습니다.

[TIME] 16:29:25 [FILE] LoadManager.cpp [FUNC] LoadManager::GetTexture [LINE] 227
[ ERROR ][ Engine ][ GetTexture ] '0'가 없습니다.

[TIME] 16:29:25 [FILE] LoadManager.cpp [FUNC] LoadManager::GetTexture [LINE] 227
[ ERROR ][ Engine ][ GetTexture ] '0'가 없습니다.

[TIME] 16:29:25 [FILE] LoadManager.cpp [FUNC] LoadManager::GetTexture [LINE] 227
[ ERROR ][ Engine ][ GetTexture ] '0'가 없습니다.

[TIME] 16:29:25 [FILE] LoadManager.cpp [FUNC] LoadManager::GetTexture [LINE] 227
[ ERROR ][ Engine ][ GetTexture ] 'Player_BaseColor'가 없습니다.

[TIME] 16:29:25 [FILE] LoadManager.cpp [FUNC] LoadManager::GetTexture [LINE] 227
[ ERROR ][ Engine ][ GetTexture ] 'Player_Normal'가 없습니다.

[TIME] 16:29:25 [FILE] LoadManager.cpp [FUNC] LoadManager::GetTexture [LINE] 227
[ ERROR ][ Engine ][ GetTexture ] '0'가 없습니다.

[TIME] 16:29:25 [FILE] LoadManager.cpp [FUNC] LoadManager::GetTexture [LINE] 227
[ ERROR ][ Engine ][ GetTexture ] 'Player_Emissive'가 없습니다.

[TIME] 16:29:25 [FILE] LoadManager.cpp [FUNC] LoadManager::GetTexture [LINE] 227
[ ERROR ][ Engine ][ GetTexture ] '0'가 없습니다.

[TIME] 16:29:25 [FILE] LoadManager.cpp [FUNC] LoadManager::GetTexture [LINE] 227
[ ERROR ][ Engine ][ GetTexture ] '0'가 없습니다.

[TIME] 16:29:25 [FILE] LoadManager.cpp [FUNC] LoadManager::GetTexture [LINE] 227
[ ERROR ][ Engine ][ GetTexture ] '0'가 없습니다.

[TIME] 16:29:25 [FILE] LoadManager.cpp [FUNC] LoadManager::GetTexture [LINE] 227
[ ERROR ][ Engine ][ GetTexture ] '0'가 없습니다.

[TIME] 16:29:46 [FILE] LoadManager.cpp [FUNC] LoadManager::GetSkyLight [LINE] 243
[ ERROR ][ Engine ][ GetSkyLight ] 'SkyLight_0'가 없습니다.

[TIME] 16:29:46 [FILE] LoadManager.cpp [FUNC] LoadManager::GetSkyLight [LINE] 243
[ ERROR ][ Engine ][ GetSkyLight ] 'SkyLight_1'가 없습니다.

[TIME] 16:37:25 [FILE] LoadManager.cpp [FUNC] LoadManager::GetTexture [LINE] 227
[ ERROR ][ Engine ][ GetTexture ] '0'가 없습니다.

[TIME] 16:37:25 [FILE] LoadManager.cpp [FUNC] LoadManager::GetTexture [LINE] 227
[ ERROR ][ Engine ][ GetTexture ] '0'가 없습니다.

[TIME] 16:37:25 [FILE] LoadManager.cpp [FUNC] LoadManager::GetTexture [LINE] 227
[ ERROR ][ Engine ][ GetTexture ] '0'가 없습니다.

[TIME] 16:37:25 [FILE] LoadManager.cpp [FUNC] LoadManager::GetTexture [LINE] 227
[ ERROR ][ Engine ][ GetTexture ] '0'가 없습니다.

[TIME] 16:37:25 [FILE] LoadManager.cpp [FUNC] LoadManager::GetTexture [LINE] 227
[ ERROR ][ Engine ][ GetTexture ] '0'가 없습니다.

[TIME] 16:37:25 [FILE] LoadManager.cpp [FUNC] LoadManager::GetTexture [LINE] 227
[ ERROR ][ Engine ][ GetTexture ] '0'가 없습니다.

[TIME] 16:37:25 [FILE] LoadManager.cpp [FUNC] LoadManager::GetTexture [LINE] 227
[ ERROR ][ Engine ][ GetTexture ] '0'가 없습니다.

[TIME] 16:37:25 [FILE] LoadManager.cpp [FUNC] LoadManager::GetTexture [LINE] 227
[ ERROR ][ Engine ][ GetTexture ] '0'가 없습니다.

[TIME] 16:37:25 [FILE] LoadManager.cpp [FUNC] LoadManager::GetTexture [LINE] 227
[ ERROR ][ Engine ][ GetTexture ] '0'가 없습니다.

[TIME] 16:37:25 [FILE] LoadManager.cpp [FUNC] LoadManager::GetTexture [LINE] 227
[ ERROR ][ Engine ][ GetTexture ] '0'가 없습니다.

[TIME] 16:37:25 [FILE] LoadManager.cpp [FUNC] LoadManager::GetTexture [LINE] 227
[ ERROR ][ Engine ][ GetTexture ] '0'가 없습니다.

[TIME] 16:37:25 [FILE] LoadManager.cpp [FUNC] LoadManager::GetTexture [LINE] 227
[ ERROR ][ Engine ][ GetTexture ] '0'가 없습니다.

[TIME] 16:37:25 [FILE] LoadManager.cpp [FUNC] LoadManager::GetTexture [LINE] 227
[ ERROR ][ Engine ][ GetTexture ] '0'가 없습니다.

[TIME] 16:37:25 [FILE] LoadManager.cpp [FUNC] LoadManager::GetTexture [LINE] 227
[ ERROR ][ Engine ][ GetTexture ] '0'가 없습니다.

[TIME] 16:37:25 [FILE] LoadManager.cpp [FUNC] LoadManager::GetTexture [LINE] 227
[ ERROR ][ Engine ][ GetTexture ] '0'가 없습니다.

[TIME] 16:37:25 [FILE] LoadManager.cpp [FUNC] LoadManager::GetTexture [LINE] 227
[ ERROR ][ Engine ][ GetTexture ] '0'가 없습니다.

[TIME] 16:37:25 [FILE] LoadManager.cpp [FUNC] LoadManager::GetTexture [LINE] 227
[ ERROR ][ Engine ][ GetTexture ] '0'가 없습니다.

[TIME] 16:37:25 [FILE] LoadManager.cpp [FUNC] LoadManager::GetTexture [LINE] 227
[ ERROR ][ Engine ][ GetTexture ] '0'가 없습니다.

[TIME] 16:37:25 [FILE] LoadManager.cpp [FUNC] LoadManager::GetTexture [LINE] 227
[ ERROR ][ Engine ][ GetTexture ] '0'가 없습니다.

[TIME] 16:37:25 [FILE] LoadManager.cpp [FUNC] LoadManager::GetTexture [LINE] 227
[ ERROR ][ Engine ][ GetTexture ] '0'가 없습니다.

[TIME] 16:37:25 [FILE] LoadManager.cpp [FUNC] LoadManager::GetTexture [LINE] 227
[ ERROR ][ Engine ][ GetTexture ] 'organic_manatree_BaseColor'가 없습니다.

[TIME] 16:37:25 [FILE] LoadManager.cpp [FUNC] LoadManager::GetTexture [LINE] 227
[ ERROR ][ Engine ][ GetTexture ] 'organic_manatree_Normal'가 없습니다.

[TIME] 16:37:25 [FILE] LoadManager.cpp [FUNC] LoadManager::GetTexture [LINE] 227
[ ERROR ][ Engine ][ GetTexture ] '0'가 없습니다.

[TIME] 16:37:25 [FILE] LoadManager.cpp [FUNC] LoadManager::GetTexture [LINE] 227
[ ERROR ][ Engine ][ GetTexture ] 'organic_manatree_ORM'가 없습니다.

[TIME] 16:37:25 [FILE] LoadManager.cpp [FUNC] LoadManager::GetTexture [LINE] 227
[ ERROR ][ Engine ][ GetTexture ] '0'가 없습니다.

[TIME] 16:37:25 [FILE] LoadManager.cpp [FUNC] LoadManager::GetTexture [LINE] 227
[ ERROR ][ Engine ][ GetTexture ] '0'가 없습니다.

[TIME] 16:37:25 [FILE] LoadManager.cpp [FUNC] LoadManager::GetTexture [LINE] 227
[ ERROR ][ Engine ][ GetTexture ] '0'가 없습니다.

[TIME] 16:37:25 [FILE] LoadManager.cpp [FUNC] LoadManager::GetTexture [LINE] 227
[ ERROR ][ Engine ][ GetTexture ] '0'가 없습니다.

[TIME] 16:37:25 [FILE] LoadManager.cpp [FUNC] LoadManager::GetTexture [LINE] 227
[ ERROR ][ Engine ][ GetTexture ] '0'가 없습니다.

[TIME] 16:37:25 [FILE] LoadManager.cpp [FUNC] LoadManager::GetTexture [LINE] 227
[ ERROR ][ Engine ][ GetTexture ] '0'가 없습니다.

[TIME] 16:37:25 [FILE] LoadManager.cpp [FUNC] LoadManager::GetTexture [LINE] 227
[ ERROR ][ Engine ][ GetTexture ] '0'가 없습니다.

[TIME] 16:37:25 [FILE] LoadManager.cpp [FUNC] LoadManager::GetTexture [LINE] 227
[ ERROR ][ Engine ][ GetTexture ] '0'가 없습니다.

[TIME] 16:37:25 [FILE] LoadManager.cpp [FUNC] LoadManager::GetTexture [LINE] 227
[ ERROR ][ Engine ][ GetTexture ] '0'가 없습니다.

[TIME] 16:37:25 [FILE] LoadManager.cpp [FUNC] LoadManager::GetTexture [LINE] 227
[ ERROR ][ Engine ][ GetTexture ] '0'가 없습니다.

[TIME] 16:37:25 [FILE] LoadManager.cpp [FUNC] LoadManager::GetTexture [LINE] 227
[ ERROR ][ Engine ][ GetTexture ] '0'가 없습니다.

[TIME] 16:37:25 [FILE] LoadManager.cpp [FUNC] LoadManager::GetTexture [LINE] 227
[ ERROR ][ Engine ][ GetTexture ] '0'가 없습니다.

[TIME] 16:37:25 [FILE] LoadManager.cpp [FUNC] LoadManager::GetTexture [LINE] 227
[ ERROR ][ Engine ][ GetTexture ] '0'가 없습니다.

[TIME] 16:37:25 [FILE] LoadManager.cpp [FUNC] LoadManager::GetTexture [LINE] 227
[ ERROR ][ Engine ][ GetTexture ] '0'가 없습니다.

[TIME] 16:37:25 [FILE] LoadManager.cpp [FUNC] LoadManager::GetTexture [LINE] 227
[ ERROR ][ Engine ][ GetTexture ] 'organic_mana_BaseColor'가 없습니다.

[TIME] 16:37:25 [FILE] LoadManager.cpp [FUNC] LoadManager::GetTexture [LINE] 227
[ ERROR ][ Engine ][ GetTexture ] 'organic_mana_Normal'가 없습니다.

[TIME] 16:37:25 [FILE] LoadManager.cpp [FUNC] LoadManager::GetTexture [LINE] 227
[ ERROR ][ Engine ][ GetTexture ] '0'가 없습니다.

[TIME] 16:37:25 [FILE] LoadManager.cpp [FUNC] LoadManager::GetTexture [LINE] 227
[ ERROR ][ Engine ][ GetTexture ] 'organic_mana_ORM'가 없습니다.

[TIME] 16:37:25 [FILE] LoadManager.cpp [FUNC] LoadManager::GetTexture [LINE] 227
[ ERROR ][ Engine ][ GetTexture ] '0'가 없습니다.

[TIME] 16:37:25 [FILE] LoadManager.cpp [FUNC] LoadManager::GetTexture [LINE] 227
[ ERROR ][ Engine ][ GetTexture ] '0'가 없습니다.

[TIME] 16:37:25 [FILE] LoadManager.cpp [FUNC] LoadManager::GetTexture [LINE] 227
[ ERROR ][ Engine ][ GetTexture ] '0'가 없습니다.

[TIME] 16:37:25 [FILE] LoadManager.cpp [FUNC] LoadManager::GetTexture [LINE] 227
[ ERROR ][ Engine ][ GetTexture ] '0'가 없습니다.

[TIME] 16:37:25 [FILE] LoadManager.cpp [FUNC] LoadManager::GetTexture [LINE] 227
[ ERROR ][ Engine ][ GetTexture ] '0'가 없습니다.

[TIME] 16:37:25 [FILE] LoadManager.cpp [FUNC] LoadManager::GetTexture [LINE] 227
[ ERROR ][ Engine ][ GetTexture ] 'Player_BaseColor'가 없습니다.

[TIME] 16:37:25 [FILE] LoadManager.cpp [FUNC] LoadManager::GetTexture [LINE] 227
[ ERROR ][ Engine ][ GetTexture ] 'Player_Normal'가 없습니다.

[TIME] 16:37:25 [FILE] LoadManager.cpp [FUNC] LoadManager::GetTexture [LINE] 227
[ ERROR ][ Engine ][ GetTexture ] '0'가 없습니다.

[TIME] 16:37:25 [FILE] LoadManager.cpp [FUNC] LoadManager::GetTexture [LINE] 227
[ ERROR ][ Engine ][ GetTexture ] 'Player_Emissive'가 없습니다.

[TIME] 16:37:25 [FILE] LoadManager.cpp [FUNC] LoadManager::GetTexture [LINE] 227
[ ERROR ][ Engine ][ GetTexture ] '0'가 없습니다.

[TIME] 16:37:25 [FILE] LoadManager.cpp [FUNC] LoadManager::GetTexture [LINE] 227
[ ERROR ][ Engine ][ GetTexture ] '0'가 없습니다.

[TIME] 16:37:25 [FILE] LoadManager.cpp [FUNC] LoadManager::GetTexture [LINE] 227
[ ERROR ][ Engine ][ GetTexture ] '0'가 없습니다.

[TIME] 16:37:25 [FILE] LoadManager.cpp [FUNC] LoadManager::GetTexture [LINE] 227
[ ERROR ][ Engine ][ GetTexture ] '0'가 없습니다.

[TIME] 16:37:46 [FILE] LoadManager.cpp [FUNC] LoadManager::GetSkyLight [LINE] 243
[ ERROR ][ Engine ][ GetSkyLight ] 'SkyLight_0'가 없습니다.

[TIME] 16:37:46 [FILE] LoadManager.cpp [FUNC] LoadManager::GetSkyLight [LINE] 243
[ ERROR ][ Engine ][ GetSkyLight ] 'SkyLight_1'가 없습니다.

[TIME] 17:56:34 [FILE] LoadManager.cpp [FUNC] LoadManager::GetTexture [LINE] 227
[ ERROR ][ Engine ][ GetTexture ] '0'가 없습니다.

[TIME] 17:56:34 [FILE] LoadManager.cpp [FUNC] LoadManager::GetTexture [LINE] 227
[ ERROR ][ Engine ][ GetTexture ] '0'가 없습니다.

[TIME] 17:56:34 [FILE] LoadManager.cpp [FUNC] LoadManager::GetTexture [LINE] 227
[ ERROR ][ Engine ][ GetTexture ] '0'가 없습니다.

[TIME] 17:56:34 [FILE] LoadManager.cpp [FUNC] LoadManager::GetTexture [LINE] 227
[ ERROR ][ Engine ][ GetTexture ] '0'가 없습니다.

[TIME] 17:56:34 [FILE] LoadManager.cpp [FUNC] LoadManager::GetTexture [LINE] 227
[ ERROR ][ Engine ][ GetTexture ] '0'가 없습니다.

[TIME] 17:56:34 [FILE] LoadManager.cpp [FUNC] LoadManager::GetTexture [LINE] 227
[ ERROR ][ Engine ][ GetTexture ] '0'가 없습니다.

[TIME] 17:56:34 [FILE] LoadManager.cpp [FUNC] LoadManager::GetTexture [LINE] 227
[ ERROR ][ Engine ][ GetTexture ] '0'가 없습니다.

[TIME] 17:56:34 [FILE] LoadManager.cpp [FUNC] LoadManager::GetTexture [LINE] 227
[ ERROR ][ Engine ][ GetTexture ] '0'가 없습니다.

[TIME] 17:56:34 [FILE] LoadManager.cpp [FUNC] LoadManager::GetTexture [LINE] 227
[ ERROR ][ Engine ][ GetTexture ] '0'가 없습니다.

[TIME] 17:56:34 [FILE] LoadManager.cpp [FUNC] LoadManager::GetTexture [LINE] 227
[ ERROR ][ Engine ][ GetTexture ] '0'가 없습니다.

[TIME] 17:56:34 [FILE] LoadManager.cpp [FUNC] LoadManager::GetTexture [LINE] 227
[ ERROR ][ Engine ][ GetTexture ] '0'가 없습니다.

[TIME] 17:56:34 [FILE] LoadManager.cpp [FUNC] LoadManager::GetTexture [LINE] 227
[ ERROR ][ Engine ][ GetTexture ] '0'가 없습니다.

[TIME] 17:56:34 [FILE] LoadManager.cpp [FUNC] LoadManager::GetTexture [LINE] 227
[ ERROR ][ Engine ][ GetTexture ] '0'가 없습니다.

[TIME] 17:56:34 [FILE] LoadManager.cpp [FUNC] LoadManager::GetTexture [LINE] 227
[ ERROR ][ Engine ][ GetTexture ] '0'가 없습니다.

[TIME] 17:56:34 [FILE] LoadManager.cpp [FUNC] LoadManager::GetTexture [LINE] 227
[ ERROR ][ Engine ][ GetTexture ] '0'가 없습니다.

[TIME] 17:56:34 [FILE] LoadManager.cpp [FUNC] LoadManager::GetTexture [LINE] 227
[ ERROR ][ Engine ][ GetTexture ] '0'가 없습니다.

[TIME] 17:56:34 [FILE] LoadManager.cpp [FUNC] LoadManager::GetTexture [LINE] 227
[ ERROR ][ Engine ][ GetTexture ] '0'가 없습니다.

[TIME] 17:56:34 [FILE] LoadManager.cpp [FUNC] LoadManager::GetTexture [LINE] 227
[ ERROR ][ Engine ][ GetTexture ] '0'가 없습니다.

[TIME] 17:56:34 [FILE] LoadManager.cpp [FUNC] LoadManager::GetTexture [LINE] 227
[ ERROR ][ Engine ][ GetTexture ] '0'가 없습니다.

[TIME] 17:56:34 [FILE] LoadManager.cpp [FUNC] LoadManager::GetTexture [LINE] 227
[ ERROR ][ Engine ][ GetTexture ] '0'가 없습니다.

[TIME] 17:56:34 [FILE] LoadManager.cpp [FUNC] LoadManager::GetTexture [LINE] 227
[ ERROR ][ Engine ][ GetTexture ] 'organic_manatree_BaseColor'가 없습니다.

[TIME] 17:56:34 [FILE] LoadManager.cpp [FUNC] LoadManager::GetTexture [LINE] 227
[ ERROR ][ Engine ][ GetTexture ] 'organic_manatree_Normal'가 없습니다.

[TIME] 17:56:34 [FILE] LoadManager.cpp [FUNC] LoadManager::GetTexture [LINE] 227
[ ERROR ][ Engine ][ GetTexture ] '0'가 없습니다.

[TIME] 17:56:34 [FILE] LoadManager.cpp [FUNC] LoadManager::GetTexture [LINE] 227
[ ERROR ][ Engine ][ GetTexture ] 'organic_manatree_ORM'가 없습니다.

[TIME] 17:56:34 [FILE] LoadManager.cpp [FUNC] LoadManager::GetTexture [LINE] 227
[ ERROR ][ Engine ][ GetTexture ] '0'가 없습니다.

[TIME] 17:56:34 [FILE] LoadManager.cpp [FUNC] LoadManager::GetTexture [LINE] 227
[ ERROR ][ Engine ][ GetTexture ] '0'가 없습니다.

[TIME] 17:56:34 [FILE] LoadManager.cpp [FUNC] LoadManager::GetTexture [LINE] 227
[ ERROR ][ Engine ][ GetTexture ] '0'가 없습니다.

[TIME] 17:56:34 [FILE] LoadManager.cpp [FUNC] LoadManager::GetTexture [LINE] 227
[ ERROR ][ Engine ][ GetTexture ] '0'가 없습니다.

[TIME] 17:56:34 [FILE] LoadManager.cpp [FUNC] LoadManager::GetTexture [LINE] 227
[ ERROR ][ Engine ][ GetTexture ] '0'가 없습니다.

[TIME] 17:56:34 [FILE] LoadManager.cpp [FUNC] LoadManager::GetTexture [LINE] 227
[ ERROR ][ Engine ][ GetTexture ] '0'가 없습니다.

[TIME] 17:56:34 [FILE] LoadManager.cpp [FUNC] LoadManager::GetTexture [TIME] 20:54:18 [FILE] LoadManager.cpp [FUNC] LoadManager::GetTexture [LINE] 227
[ ERROR ][ Engine ][ GetTexture ] '0'가 없습니다.

[TIME] 20:54:18 [FILE] LoadManager.cpp [FUNC] LoadManager::GetTexture [LINE] 227
[ ERROR ][ Engine ][ GetTexture ] '0'가 없습니다.

[TIME] 20:54:18 [FILE] LoadManager.cpp [FUNC] LoadManager::GetTexture [LINE] 227
[ ERROR ][ Engine ][ GetTexture ] '0'가 없습니다.

[TIME] 20:54:18 [FILE] LoadManager.cpp [FUNC] LoadManager::GetTexture [LINE] 227
[ ERROR ][ Engine ][ GetTexture ] '0'가 없습니다.

[TIME] 20:54:18 [FILE] LoadManager.cpp [FUNC] LoadManager::GetTexture [LINE] 227
[ ERROR ][ Engine ][ GetTexture ] '0'가 없습니다.

[TIME] 20:54:18 [FILE] LoadManager.cpp [FUNC] LoadManager::GetTexture [LINE] 227
[ ERROR ][ Engine ][ GetTexture ] '0'가 없습니다.

[TIME] 20:54:18 [FILE] LoadManager.cpp [FUNC] LoadManager::GetTexture [LINE] 227
[ ERROR ][ Engine ][ GetTexture ] '0'가 없습니다.

[TIME] 20:54:18 [FILE] LoadManager.cpp [FUNC] LoadManager::GetTexture [LINE] 227
[ ERROR ][ Engine ][ GetTexture ] '0'가 없습니다.

[TIME] 20:54:18 [FILE] LoadManager.cpp [FUNC] LoadManager::GetTexture [LINE] 227
[ ERROR ][ Engine ][ GetTexture ] '0'가 없습니다.

[TIME] 20:54:18 [FILE] LoadManager.cpp [FUNC] LoadManager::GetTexture [LINE] 227
[ ERROR ][ Engine ][ GetTexture ] '0'가 없습니다.

[TIME] 20:54:18 [FILE] LoadManager.cpp [FUNC] LoadManager::GetTexture [LINE] 227
[ ERROR ][ Engine ][ GetTexture ] '0'가 없습니다.

[TIME] 20:54:18 [FILE] LoadManager.cpp [FUNC] LoadManager::GetTexture [LINE] 227
[ ERROR ][ Engine ][ GetTexture ] '0'가 없습니다.

[TIME] 20:54:18 [FILE] LoadManager.cpp [FUNC] LoadManager::GetTexture [LINE] 227
[ ERROR ][ Engine ][ GetTexture ] '0'가 없습니다.

[TIME] 20:54:18 [FILE] LoadManager.cpp [FUNC] LoadManager::GetTexture [LINE] 227
[ ERROR ][ Engine ][ GetTexture ] '0'가 없습니다.

[TIME] 20:54:18 [FILE] LoadManager.cpp [FUNC] LoadManager::GetTexture [LINE] 227
[ ERROR ][ Engine ][ GetTexture ] '0'가 없습니다.

[TIME] 20:54:18 [FILE] LoadManager.cpp [FUNC] LoadManager::GetTexture [LINE] 227
[ ERROR ][ Engine ][ GetTexture ] '0'가 없습니다.

[TIME] 20:54:18 [FILE] LoadManager.cpp [FUNC] LoadManager::GetTexture [LINE] 227
[ ERROR ][ Engine ][ GetTexture ] '0'가 없습니다.

[TIME] 20:54:18 [FILE] LoadManager.cpp [FUNC] LoadManager::GetTexture [LINE] 227
[ ERROR ][ Engine ][ GetTexture ] '0'가 없습니다.

[TIME] 20:54:18 [FILE] LoadManager.cpp [FUNC] LoadManager::GetTexture [LINE] 227
[ ERROR ][ Engine ][ GetTexture ] '0'가 없습니다.

[TIME] 20:54:18 [FILE] LoadManager.cpp [FUNC] LoadManager::GetTexture [LINE] 227
[ ERROR ][ Engine ][ GetTexture ] '0'가 없습니다.

[TIME] 20:54:18 [FILE] LoadManager.cpp [FUNC] LoadManager::GetTexture [LINE] 227
[ ERROR ][ Engine ][ GetTexture ] 'organic_manatree_BaseColor'가 없습니다.

[TIME] 20:54:18 [FILE] LoadManager.cpp [FUNC] LoadManager::GetTexture [LINE] 227
[ ERROR ][ Engine ][ GetTexture ] 'organic_manatree_Normal'가 없습니다.

[TIME] 20:54:18 [FILE] LoadManager.cpp [FUNC] LoadManager::GetTexture [LINE] 227
[ ERROR ][ Engine ][ GetTexture ] '0'가 없습니다.

[TIME] 20:54:18 [FILE] LoadManager.cpp [FUNC] LoadManager::GetTexture [LINE] 227
[ ERROR ][ Engine ][ GetTexture ] 'organic_manatree_ORM'가 없습니다.

[TIME] 20:54:18 [FILE] LoadManager.cpp [FUNC] LoadManager::GetTexture [LINE] 227
[ ERROR ][ Engine ][ GetTexture ] '0'가 없습니다.

[TIME] 20:54:18 [FILE] LoadManager.cpp [FUNC] LoadManager::GetTexture [LINE] 227
[ ERROR ][ Engine ][ GetTexture ] '0'가 없습니다.

[TIME] 20:54:18 [FILE] LoadManager.cpp [FUNC] LoadManager::GetTexture [LINE] 227
[ ERROR ][ Engine ][ GetTexture ] '0'가 없습니다.

[TIME] 20:54:18 [FILE] LoadManager.cpp [FUNC] LoadManager::GetTexture [LINE] 227
[ ERROR ][ Engine ][ GetTexture ] '0'가 없습니다.

[TIME] 20:54:18 [FILE] LoadManager.cpp [FUNC] LoadManager::GetTexture [LINE] 227
[ ERROR ][ Engine ][ GetTexture ] '0'가 없습니다.

[TIME] 20:54:18 [FILE] LoadManager.cpp [FUNC] LoadManager::GetTexture [LINE] 227
[ ERROR ][ Engine ][ GetTexture ] '0'가 없습니다.

[TIME] 20:54:18 [FILE] LoadManager.cpp [FUNC] LoadManager::GetTexture [LINE] 227
[ ERROR ][ Engine ][ GetTexture ] '0'가 없습니다.

[TIME] 20:54:18 [FILE] LoadManager.cpp [FUNC] LoadManager::GetTexture [LINE] 227
[ ERROR ][ Engine ][ GetTexture ] '0'가 없습니다.

[TIME] 20:54:18 [FILE] LoadManager.cpp [FUNC] LoadManager::GetTexture [LINE] 227
[ ERROR ][ Engine ][ GetTexture ] '0'가 없습니다.

[TIME] 20:54:18 [FILE] LoadManager.cpp [FUNC] LoadManager::GetTexture [LINE] 227
[ ERROR ][ Engine ][ GetTexture ] '0'가 없습니다.

[TIME] 20:54:18 [FILE] LoadManager.cpp [FUNC] LoadManager::GetTexture [LINE] 227
[ ERROR ][ Engine ][ GetTexture ] '0'가 없습니다.

[TIME] 20:54:18 [FILE] LoadManager.cpp [FUNC] LoadManager::GetTexture [LINE] 227
[ ERROR ][ Engine ][ GetTexture ] '0'가 없습니다.

[TIME] 20:54:18 [FILE] LoadManager.cpp [FUNC] LoadManager::GetTexture [LINE] 227
[ ERROR ][ Engine ][ GetTexture ] '0'가 없습니다.

[TIME] 20:54:18 [FILE] LoadManager.cpp [FUNC] LoadManager::GetTexture [LINE] 227
[ ERROR ][ Engine ][ GetTexture ] '0'가 없습니다.

[TIME] 20:54:18 [FILE] LoadManager.cpp [FUNC] LoadManager::GetTexture [LINE] 227
[ ERROR ][ Engine ][ GetTexture ] 'organic_mana_BaseColor'가 없습니다.

[TIME] 20:54:18 [FILE] LoadManager.cpp [FUNC] LoadManager::GetTexture [LINE] 227
[ ERROR ][ Engine ][ GetTexture ] 'organic_mana_Normal'가 없습니다.

[TIME] 20:54:18 [FILE] LoadManager.cpp [FUNC] LoadManager::GetTexture [LINE] 227
[ ERROR ][ Engine ][ GetTexture ] '0'가 없습니다.

[TIME] 20:54:18 [FILE] LoadManager.cpp [FUNC] LoadManager::GetTexture [LINE] 227
[ ERROR ][ Engine ][ GetTexture ] 'organic_mana_ORM'가 없습니다.

[TIME] 20:54:18 [FILE] LoadManager.cpp [FUNC] LoadManager::GetTexture [LINE] 227
[ ERROR ][ Engine ][ GetTexture ] '0'가 없습니다.

[TIME] 20:54:18 [FILE] LoadManager.cpp [FUNC] LoadManager::GetTexture [LINE] 227
[ ERROR ][ Engine ][ GetTexture ] '0'가 없습니다.

[TIME] 20:54:18 [FILE] LoadManager.cpp [FUNC] LoadManager::GetTexture [LINE] 227
[ ERROR ][ Engine ][ GetTexture ] '0'가 없습니다.

[TIME] 20:54:18 [FILE] LoadManager.cpp [FUNC] LoadManager::GetTexture [LINE] 227
[ ERROR ][ Engine ][ GetTexture ] '0'가 없습니다.

[TIME] 20:54:18 [FILE] LoadManager.cpp [FUNC] LoadManager::GetTexture [LINE] 227
[ ERROR ][ Engine ][ GetTexture ] '0'가 없습니다.

[TIME] 20:54:18 [FILE] LoadManager.cpp [FUNC] LoadManager::GetTexture [LINE] 227
[ ERROR ][ Engine ][ GetTexture ] 'Player_BaseColor'가 없습니다.

[TIME] 20:54:18 [FILE] LoadManager.cpp [FUNC] LoadManager::GetTexture [LINE] 227
[ ERROR ][ Engine ][ GetTexture ] 'Player_Normal'가 없습니다.

[TIME] 20:54:18 [FILE] LoadManager.cpp [FUNC] LoadManager::GetTexture [LINE] 227
[ ERROR ][ Engine ][ GetTexture ] '0'가 없습니다.

[TIME] 20:54:18 [FILE] LoadManager.cpp [FUNC] LoadManager::GetTexture [LINE] 227
[ ERROR ][ Engine ][ GetTexture ] 'Player_Emissive'가 없습니다.

[TIME] 20:54:18 [FILE] LoadManager.cpp [FUNC] LoadManager::GetTexture [LINE] 227
[ ERROR ][ Engine ][ GetTexture ] '0'가 없습니다.

[TIME] 20:54:18 [FILE] LoadManager.cpp [FUNC] LoadManager::GetTexture [LINE] 227
[ ERROR ][ Engine ][ GetTexture ] '0'가 없습니다.

[TIME] 20:54:18 [FILE] LoadManager.cpp [FUNC] LoadManager::GetTexture [LINE] 227
[ ERROR ][ Engine ][ GetTexture ] '0'가 없습니다.

[TIME] 20:54:18 [FILE] LoadManager.cpp [FUNC] LoadManager::GetTexture [LINE] 227
[ ERROR ][ Engine ][ GetTexture ] '0'가 없습니다.

[TIME] 20:54:39 [FILE] LoadManager.cpp [FUNC] LoadManager::GetSkyLight [LINE] 243
[ ERROR ][ Engine ][ GetSkyLight ] 'SkyLight_0'가 없습니다.

[TIME] 20:54:39 [FILE] LoadManager.cpp [FUNC] LoadManager::GetSkyLight [LINE] 243
[ ERROR ][ Engine ][ GetSkyLight ] 'SkyLight_1'가 없습니다.

