[TIME] 04:20:45 [FILE] D3D11Graphic.cpp [FUNC] D3D11Graphic::CreateTextureBuffer [LINE] 210
[ Graphic ][ Create ][ ShaderResourceView ] '../Assets/Texture/Particle/Glow_Particle.png' FAILED!!
[ERROR] 구성 요소를 찾을 수 없습니다.

[TIME] 04:20:45 [FILE] TextureManager.cpp [FUNC] TextureManager::LoadTexture [LINE] 34
[ Engine ][ Create ][ Texture Buffer ] '../Assets/Texture/Particle/Glow_Particle.png' FAILED!!

[TIME] 04:50:24 [FILE] D3D11Graphic.cpp [FUNC] D3D11Graphic::CreateTextureBuffer [LINE] 210
[ Graphic ][ Create ][ ShaderResourceView ] '../Assets/Texture/Particle/Glow_Particle.png' FAILED!!
[ERROR] 구성 요소를 찾을 수 없습니다.

[TIME] 04:50:24 [FILE] TextureManager.cpp [FUNC] TextureManager::LoadTexture [LINE] 34
[ Engine ][ Create ][ Texture Buffer ] '../Assets/Texture/Particle/Glow_Particle.png' FAILED!!

[TIME] 04:54:02 [FILE] D3D11Graphic.cpp [FUNC] D3D11Graphic::CreateTextureBuffer [LINE] 210
[ Graphic ][ Create ][ ShaderResourceView ] '../Assets/Texture/Particle/Glow_Particle.png' FAILED!!
[ERROR] 구성 요소를 찾을 수 없습니다.

[TIME] 04:54:02 [FILE] TextureManager.cpp [FUNC] TextureManager::LoadTexture [LINE] 34
[ Engine ][ Create ][ Texture Buffer ] '../Assets/Texture/Particle/Glow_Particle.png' FAILED!!

[TIME] 14:05:48 [FILE] D3D11Graphic.cpp [FUNC] D3D11Graphic::CreateTextureBuffer [LINE] 210
[ Graphic ][ Create ][ ShaderResourceView ] '../Assets/Texture/Particle/Glow_Particle.png' FAILED!!
[ERROR] 구성 요소를 찾을 수 없습니다.

[TIME] 14:05:48 [FILE] TextureManager.cpp [FUNC] TextureManager::LoadTexture [LINE] 34
[ Engine ][ Create ][ Texture Buffer ] '../Assets/Texture/Particle/Glow_Particle.png' FAILED!!

[TIME] 16:38:38 [FILE] D3D11Graphic.cpp [FUNC] D3D11Graphic::CreateTextureBuffer [LINE] 210
[ Graphic ][ Create ][ ShaderResourceView ] '../Assets/Texture/Particle/Glow_Particle.png' FAILED!!
[ERROR] 구성 요소를 찾을 수 없습니다.

[TIME] 16:38:38 [FILE] TextureManager.cpp [FUNC] TextureManager::LoadTexture [LINE] 34
[ Engine ][ Create ][ Texture Buffer ] '../Assets/Texture/Particle/Glow_Particle.png' FAILED!!

[TIME] 16:42:27 [FILE] D3D11Graphic.cpp [FUNC] D3D11Graphic::CreateTextureBuffer [LINE] 210
[ Graphic ][ Create ][ ShaderResourceView ] '../Assets/Texture/Particle/Glow_Particle.png' FAILED!!
[ERROR] 구성 요소를 찾을 수 없습니다.

[TIME] 16:42:27 [FILE] TextureManager.cpp [FUNC] TextureManager::LoadTexture [LINE] 34
[ Engine ][ Create ][ Texture Buffer ] '../Assets/Texture/Particle/Glow_Particle.png' FAILED!!

